2023-01-07 22:14:52.673 | INFO     | __main__:<module>:251 - Analysis date: 2022-10-12
2023-01-07 22:14:57.705 | INFO     | __main__:<module>:258 - get unique operators to loop over: 0:00:05.031497
2023-01-07 22:15:31.672 | INFO     | __main__:compute_and_export:235 - exported 110: 0:00:27.040670
2023-01-07 22:15:31.673 | INFO     | __main__:<module>:292 - 110: 0:00:33.966363
2023-01-07 22:16:02.395 | INFO     | __main__:compute_and_export:235 - exported 126: 0:00:25.841691
2023-01-07 22:16:02.395 | INFO     | __main__:<module>:292 - 126: 0:00:30.722149
2023-01-07 22:16:33.622 | INFO     | __main__:compute_and_export:235 - exported 127: 0:00:26.240636
2023-01-07 22:16:33.624 | INFO     | __main__:<module>:292 - 127: 0:00:31.227949
2023-01-07 22:17:00.374 | INFO     | __main__:compute_and_export:235 - exported 135: 0:00:22.950260
2023-01-07 22:17:00.375 | INFO     | __main__:<module>:292 - 135: 0:00:26.750682
2023-01-07 22:17:26.021 | INFO     | __main__:compute_and_export:235 - exported 148: 0:00:22.732718
2023-01-07 22:17:26.023 | INFO     | __main__:<module>:292 - 148: 0:00:25.648206
2023-01-07 22:17:52.582 | INFO     | __main__:compute_and_export:235 - exported 159: 0:00:23.417255
2023-01-07 22:17:52.584 | INFO     | __main__:<module>:292 - 159: 0:00:26.560043
2023-01-07 22:18:30.041 | INFO     | __main__:compute_and_export:235 - exported 167: 0:00:31.303068
2023-01-07 22:18:30.042 | INFO     | __main__:<module>:292 - 167: 0:00:37.457113
2023-01-07 22:23:54.286 | INFO     | __main__:compute_and_export:235 - exported 182: 0:04:57.849919
2023-01-07 22:23:54.288 | INFO     | __main__:<module>:292 - 182: 0:05:24.245255
2023-01-07 22:24:17.465 | INFO     | __main__:compute_and_export:235 - exported 188: 0:00:20.489675
2023-01-07 22:24:17.466 | INFO     | __main__:<module>:292 - 188: 0:00:23.177308
2023-01-07 22:25:11.279 | INFO     | __main__:compute_and_export:235 - exported 194: 0:00:44.031151
2023-01-07 22:25:11.280 | INFO     | __main__:<module>:292 - 194: 0:00:53.813076
2023-01-07 22:25:38.200 | INFO     | __main__:compute_and_export:235 - exported 218: 0:00:23.555035
2023-01-07 22:25:38.202 | INFO     | __main__:<module>:292 - 218: 0:00:26.922387
2023-01-07 22:26:02.470 | INFO     | __main__:compute_and_export:235 - exported 221: 0:00:21.340338
2023-01-07 22:26:02.471 | INFO     | __main__:<module>:292 - 221: 0:00:24.267763
2023-01-07 22:26:53.492 | INFO     | __main__:compute_and_export:235 - exported 226: 0:00:41.300930
2023-01-07 22:26:53.494 | INFO     | __main__:<module>:292 - 226: 0:00:51.022958
2023-01-07 22:28:24.871 | INFO     | __main__:compute_and_export:235 - exported 235: 0:01:18.532265
2023-01-07 22:28:24.871 | INFO     | __main__:<module>:292 - 235: 0:01:31.377099
2023-01-07 22:28:53.004 | INFO     | __main__:compute_and_export:235 - exported 243: 0:00:24.742501
2023-01-07 22:28:53.005 | INFO     | __main__:<module>:292 - 243: 0:00:28.132996
2023-01-07 22:29:20.868 | INFO     | __main__:compute_and_export:235 - exported 246: 0:00:24.365094
2023-01-07 22:29:20.869 | INFO     | __main__:<module>:292 - 246: 0:00:27.864177
2023-01-07 22:29:49.289 | INFO     | __main__:compute_and_export:235 - exported 247: 0:00:24.303036
2023-01-07 22:29:49.289 | INFO     | __main__:<module>:292 - 247: 0:00:28.419194
2023-01-07 22:30:27.756 | INFO     | __main__:compute_and_export:235 - exported 259: 0:00:32.998218
2023-01-07 22:30:27.757 | INFO     | __main__:<module>:292 - 259: 0:00:38.467366
2023-01-07 22:31:16.668 | INFO     | __main__:compute_and_export:235 - exported 269: 0:00:38.477077
2023-01-07 22:31:16.669 | INFO     | __main__:<module>:292 - 269: 0:00:48.911548
2023-01-07 22:33:00.886 | INFO     | __main__:compute_and_export:235 - exported 282: 0:01:30.101210
2023-01-07 22:33:00.887 | INFO     | __main__:<module>:292 - 282: 0:01:44.218062
2023-01-07 22:33:46.855 | INFO     | __main__:compute_and_export:235 - exported 284: 0:00:36.818696
2023-01-07 22:33:46.857 | INFO     | __main__:<module>:292 - 284: 0:00:45.968922
2023-01-07 22:35:09.202 | INFO     | __main__:compute_and_export:235 - exported 290: 0:01:02.020413
2023-01-07 22:35:09.204 | INFO     | __main__:<module>:292 - 290: 0:01:22.346059
2023-01-07 22:35:49.085 | INFO     | __main__:compute_and_export:235 - exported 293: 0:00:31.973294
2023-01-07 22:35:49.086 | INFO     | __main__:<module>:292 - 293: 0:00:39.882077
2023-01-07 22:37:38.493 | INFO     | __main__:compute_and_export:235 - exported 294: 0:01:27.801394
2023-01-07 22:37:38.494 | INFO     | __main__:<module>:292 - 294: 0:01:49.407541
2023-01-07 22:38:18.846 | INFO     | __main__:compute_and_export:235 - exported 295: 0:00:32.832070
2023-01-07 22:38:18.847 | INFO     | __main__:<module>:292 - 295: 0:00:40.353178
2023-01-07 22:38:56.841 | INFO     | __main__:compute_and_export:235 - exported 300: 0:00:32.687109
2023-01-07 22:38:56.843 | INFO     | __main__:<module>:292 - 300: 0:00:37.994643
2023-01-07 22:39:23.916 | INFO     | __main__:compute_and_export:235 - exported 301: 0:00:23.768876
2023-01-07 22:39:23.917 | INFO     | __main__:<module>:292 - 301: 0:00:27.073104
2023-01-07 22:39:46.341 | INFO     | __main__:compute_and_export:235 - exported 30: 0:00:19.837180
2023-01-07 22:39:46.342 | INFO     | __main__:<module>:292 - 30: 0:00:22.424765
2023-01-07 22:40:20.290 | INFO     | __main__:compute_and_export:235 - exported 310: 0:00:29.052329
2023-01-07 22:40:20.290 | INFO     | __main__:<module>:292 - 310: 0:00:33.948416
2023-01-07 22:40:59.304 | INFO     | __main__:compute_and_export:235 - exported 314: 0:00:30.466857
2023-01-07 22:40:59.305 | INFO     | __main__:<module>:292 - 314: 0:00:39.014498
2023-01-07 22:41:21.937 | INFO     | __main__:compute_and_export:235 - exported 315: 0:00:20.381318
2023-01-07 22:41:21.937 | INFO     | __main__:<module>:292 - 315: 0:00:22.631693
2023-01-07 22:41:53.752 | INFO     | __main__:compute_and_export:235 - exported 336: 0:00:26.976434
2023-01-07 22:41:53.753 | INFO     | __main__:<module>:292 - 336: 0:00:31.815357
2023-01-07 22:42:18.626 | INFO     | __main__:compute_and_export:235 - exported 349: 0:00:22.005686
2023-01-07 22:42:18.627 | INFO     | __main__:<module>:292 - 349: 0:00:24.873862
2023-01-07 22:42:59.886 | INFO     | __main__:compute_and_export:235 - exported 350: 0:00:36.496100
2023-01-07 22:42:59.887 | INFO     | __main__:<module>:292 - 350: 0:00:41.258994
2023-01-07 22:43:31.780 | INFO     | __main__:compute_and_export:235 - exported 361: 0:00:27.291951
2023-01-07 22:43:31.781 | INFO     | __main__:<module>:292 - 361: 0:00:31.893904
2023-01-07 22:44:01.682 | INFO     | __main__:compute_and_export:235 - exported 372: 0:00:25.886334
2023-01-07 22:44:01.684 | INFO     | __main__:<module>:292 - 372: 0:00:29.902839
2023-01-07 22:44:24.482 | INFO     | __main__:compute_and_export:235 - exported 45: 0:00:20.515926
2023-01-07 22:44:24.483 | INFO     | __main__:<module>:292 - 45: 0:00:22.798768
2023-01-07 22:47:15.806 | INFO     | __main__:compute_and_export:235 - exported 4: 0:02:23.734048
2023-01-07 22:47:15.808 | INFO     | __main__:<module>:292 - 4: 0:02:51.324381
2023-01-07 22:47:39.441 | INFO     | __main__:compute_and_export:235 - exported 75: 0:00:21.239106
2023-01-07 22:47:39.442 | INFO     | __main__:<module>:292 - 75: 0:00:23.633449
2023-01-07 22:47:39.442 | INFO     | __main__:<module>:295 - execution time: 0:32:46.768594
2023-01-10 16:30:39.756 | INFO     | __main__:<module>:229 - Analysis date: 2022-10-12
2023-01-10 16:30:44.948 | INFO     | __main__:<module>:236 - get unique operators to loop over: 0:00:05.148442
2023-01-10 16:33:51.406 | INFO     | __main__:<module>:229 - Analysis date: 2022-10-12
2023-01-10 16:33:56.976 | INFO     | __main__:<module>:236 - get unique operators to loop over: 0:00:05.569562
2023-01-10 16:37:51.805 | INFO     | __main__:<module>:229 - Analysis date: 2022-10-12
2023-01-10 16:37:56.683 | INFO     | __main__:<module>:236 - get unique operators to loop over: 0:00:04.878255
2023-01-10 16:38:21.771 | INFO     | __main__:<module>:276 - 110: 0:00:25.086319
2023-01-10 16:38:47.097 | INFO     | __main__:<module>:276 - 126: 0:00:25.324465
2023-01-10 16:38:47.097 | INFO     | __main__:<module>:279 - execution time: 0:00:55.292320
2023-01-10 16:41:25.711 | INFO     | __main__:<module>:229 - Analysis date: 2022-10-12
2023-01-10 16:41:30.791 | INFO     | __main__:<module>:236 - get unique operators to loop over: 0:00:05.077763
2023-01-10 16:42:02.094 | INFO     | __main__:<module>:276 - 110: 0:00:31.300723
2023-01-10 16:42:33.665 | INFO     | __main__:<module>:276 - 126: 0:00:31.570437
2023-01-10 16:43:00.439 | INFO     | __main__:<module>:276 - 127: 0:00:26.771740
2023-01-10 16:43:20.927 | INFO     | __main__:<module>:276 - 135: 0:00:20.486447
2023-01-10 16:43:49.134 | INFO     | __main__:<module>:276 - 148: 0:00:28.206094
2023-01-10 16:44:09.708 | INFO     | __main__:<module>:276 - 159: 0:00:20.574076
2023-01-10 16:44:40.772 | INFO     | __main__:<module>:276 - 167: 0:00:31.061109
2023-01-10 16:48:53.823 | INFO     | __main__:<module>:276 - 182: 0:04:13.050599
2023-01-10 16:49:13.052 | INFO     | __main__:<module>:276 - 188: 0:00:19.228211
2023-01-10 16:49:55.229 | INFO     | __main__:<module>:276 - 194: 0:00:42.176460
2023-01-10 16:50:17.054 | INFO     | __main__:<module>:276 - 218: 0:00:21.824165
2023-01-10 16:50:36.537 | INFO     | __main__:<module>:276 - 221: 0:00:19.482938
2023-01-10 16:51:18.017 | INFO     | __main__:<module>:276 - 226: 0:00:41.478946
2023-01-10 16:52:41.686 | INFO     | __main__:<module>:276 - 235: 0:01:23.668528
2023-01-10 16:53:04.147 | INFO     | __main__:<module>:276 - 243: 0:00:22.460065
2023-01-10 16:53:26.085 | INFO     | __main__:<module>:276 - 246: 0:00:21.935803
2023-01-10 16:53:50.366 | INFO     | __main__:<module>:276 - 247: 0:00:24.279540
2023-01-10 16:54:15.986 | INFO     | __main__:<module>:276 - 259: 0:00:25.619674
2023-01-10 16:54:54.567 | INFO     | __main__:<module>:276 - 269: 0:00:38.580881
2023-01-10 16:56:15.568 | INFO     | __main__:<module>:276 - 282: 0:01:20.998230
2023-01-10 16:56:53.530 | INFO     | __main__:<module>:276 - 284: 0:00:37.961917
2023-01-10 16:58:00.127 | INFO     | __main__:<module>:276 - 290: 0:01:06.596406
2023-01-10 16:58:33.224 | INFO     | __main__:<module>:276 - 293: 0:00:33.092525
2023-01-10 17:00:01.865 | INFO     | __main__:<module>:276 - 294: 0:01:28.639597
2023-01-10 17:00:46.232 | INFO     | __main__:<module>:276 - 295: 0:00:44.363549
2023-01-10 17:01:17.515 | INFO     | __main__:<module>:276 - 300: 0:00:31.282114
2023-01-10 17:01:41.962 | INFO     | __main__:<module>:276 - 301: 0:00:24.446876
2023-01-10 17:02:02.106 | INFO     | __main__:<module>:276 - 30: 0:00:20.141867
2023-01-10 17:02:36.297 | INFO     | __main__:<module>:276 - 310: 0:00:34.182131
2023-01-10 17:03:13.241 | INFO     | __main__:<module>:276 - 314: 0:00:36.942048
2023-01-10 17:03:37.295 | INFO     | __main__:<module>:276 - 315: 0:00:24.051572
2023-01-10 17:04:19.471 | INFO     | __main__:<module>:276 - 336: 0:00:42.168281
2023-01-10 17:04:52.190 | INFO     | __main__:<module>:276 - 349: 0:00:32.706532
2023-01-10 17:05:23.589 | INFO     | __main__:<module>:276 - 350: 0:00:31.397957
2023-01-10 17:05:53.810 | INFO     | __main__:<module>:276 - 361: 0:00:30.220169
2023-01-10 17:06:16.768 | INFO     | __main__:<module>:276 - 372: 0:00:22.956382
2023-01-10 17:06:35.742 | INFO     | __main__:<module>:276 - 45: 0:00:18.974126
2023-01-10 17:08:52.066 | INFO     | __main__:<module>:276 - 4: 0:02:16.323434
2023-01-10 17:09:10.348 | INFO     | __main__:<module>:276 - 75: 0:00:18.280647
2023-01-10 17:09:10.348 | INFO     | __main__:<module>:279 - execution time: 0:27:44.635243
2023-02-02 09:39:30.561 | INFO     | __main__:<module>:211 - Analysis date: 2022-10-12
2023-02-02 09:39:41.575 | INFO     | __main__:<module>:218 - get unique operators to loop over: 0:00:10.975913
2023-02-02 09:40:35.777 | INFO     | __main__:<module>:258 - 110: 0:00:54.193733
2023-02-02 09:41:35.407 | INFO     | __main__:<module>:258 - 126: 0:00:59.628667
2023-02-02 09:42:37.294 | INFO     | __main__:<module>:258 - 127: 0:01:01.886569
2023-02-02 09:43:13.220 | INFO     | __main__:<module>:258 - 135: 0:00:35.924498
2023-02-02 09:43:41.595 | INFO     | __main__:<module>:258 - 148: 0:00:28.372565
2023-02-02 09:44:07.143 | INFO     | __main__:<module>:258 - 159: 0:00:25.545681
2023-02-02 09:44:51.608 | INFO     | __main__:<module>:258 - 167: 0:00:44.460632
2023-02-02 09:51:20.178 | INFO     | __main__:<module>:258 - 182: 0:06:28.568438
2023-02-02 09:51:43.126 | INFO     | __main__:<module>:258 - 188: 0:00:22.947518
2023-02-02 09:52:43.490 | INFO     | __main__:<module>:258 - 194: 0:01:00.363460
2023-02-02 09:53:11.706 | INFO     | __main__:<module>:258 - 218: 0:00:28.214078
2023-02-02 09:53:35.204 | INFO     | __main__:<module>:258 - 221: 0:00:23.496957
2023-02-02 09:54:34.049 | INFO     | __main__:<module>:258 - 226: 0:00:58.843458
2023-02-02 09:56:25.531 | INFO     | __main__:<module>:258 - 235: 0:01:51.479562
2023-02-02 09:56:52.017 | INFO     | __main__:<module>:258 - 243: 0:00:26.484268
2023-02-02 09:57:19.952 | INFO     | __main__:<module>:258 - 246: 0:00:27.933882
2023-02-02 09:57:46.600 | INFO     | __main__:<module>:258 - 247: 0:00:26.645593
2023-02-02 09:58:14.640 | INFO     | __main__:<module>:258 - 259: 0:00:28.038243
2023-02-02 09:59:08.608 | INFO     | __main__:<module>:258 - 269: 0:00:53.966348
2023-02-02 10:01:23.413 | INFO     | __main__:<module>:258 - 282: 0:02:14.804016
2023-02-02 10:02:26.005 | INFO     | __main__:<module>:258 - 284: 0:01:02.586548
2023-02-02 10:04:03.609 | INFO     | __main__:<module>:258 - 290: 0:01:37.603053
2023-02-02 10:04:57.671 | INFO     | __main__:<module>:258 - 293: 0:00:54.059883
2023-02-02 10:07:15.296 | INFO     | __main__:<module>:258 - 294: 0:02:17.625008
2023-02-02 10:07:57.894 | INFO     | __main__:<module>:258 - 295: 0:00:42.595914
2023-02-02 10:08:34.827 | INFO     | __main__:<module>:258 - 300: 0:00:36.930957
2023-02-02 10:09:03.394 | INFO     | __main__:<module>:258 - 301: 0:00:28.564476
2023-02-02 10:09:25.665 | INFO     | __main__:<module>:258 - 30: 0:00:22.268458
2023-02-02 10:09:58.356 | INFO     | __main__:<module>:258 - 310: 0:00:32.689041
2023-02-02 10:10:41.679 | INFO     | __main__:<module>:258 - 314: 0:00:43.320557
2023-02-02 10:11:02.492 | INFO     | __main__:<module>:258 - 315: 0:00:20.811892
2023-02-02 10:11:39.246 | INFO     | __main__:<module>:258 - 336: 0:00:36.751949
2023-02-02 10:12:03.714 | INFO     | __main__:<module>:258 - 349: 0:00:24.467585
2023-02-02 10:12:35.974 | INFO     | __main__:<module>:258 - 350: 0:00:32.257126
2023-02-02 10:13:06.935 | INFO     | __main__:<module>:258 - 361: 0:00:30.960125
2023-02-02 10:13:35.063 | INFO     | __main__:<module>:258 - 372: 0:00:28.124808
2023-02-02 10:13:57.584 | INFO     | __main__:<module>:258 - 45: 0:00:22.519329
2023-02-02 10:17:43.713 | INFO     | __main__:<module>:258 - 4: 0:03:46.126866
2023-02-02 10:18:07.869 | INFO     | __main__:<module>:258 - 75: 0:00:24.154116
2023-02-02 10:18:07.870 | INFO     | __main__:<module>:261 - execution time: 0:38:37.270750
