2025-02-17 16:14:49.090 | INFO     | __main__:segment_averages:187 - stop_segments segment averaging for ['2025-01-15'] execution time: 0:04:09.190074
2025-02-17 17:06:27.731 | INFO     | __main__:summary_average_speeds:120 - trip avg 0:00:42.397680
2025-02-17 17:06:41.442 | INFO     | __main__:summary_average_speeds:154 - rt_stop_times summary speed averaging for ['2025-01-15'] execution time: 0:00:56.108740
2025-02-17 17:29:14.232 | INFO     | average_segment_speeds:segment_averages_detail:251 - speedmap_segments detailed segment averaging for ['2025-01-15'] execution time: 0:07:18.566542
2025-02-17 17:35:34.968 | INFO     | average_segment_speeds:segment_averages:187 - speedmap_segments segment averaging for ['2025-01-15'] execution time: 0:06:20.571001
2025-02-17 17:40:44.506 | INFO     | average_segment_speeds:segment_averages:187 - speedmap_segments segment averaging for ['2025-01-15'] execution time: 0:05:09.226820
2025-02-17 22:05:29.348 | INFO     | __main__:segment_averages:187 - stop_segments segment averaging for ['2025-02-12'] execution time: 0:04:02.158209
2025-02-17 23:05:24.574 | INFO     | __main__:summary_average_speeds:120 - trip avg 0:00:43.132005
2025-02-17 23:05:36.715 | INFO     | __main__:summary_average_speeds:154 - rt_stop_times summary speed averaging for ['2025-02-12'] execution time: 0:00:55.273592
2025-02-17 23:29:04.650 | INFO     | average_segment_speeds:segment_averages_detail:251 - speedmap_segments detailed segment averaging for ['2025-02-12'] execution time: 0:07:29.215576
2025-02-17 23:35:28.372 | INFO     | average_segment_speeds:segment_averages:187 - speedmap_segments segment averaging for ['2025-02-12'] execution time: 0:06:23.467524
2025-02-17 23:40:36.520 | INFO     | average_segment_speeds:segment_averages:187 - speedmap_segments segment averaging for ['2025-02-12'] execution time: 0:05:07.934255
2025-01-21 16:31:27.163 | INFO     | __main__:summary_average_speeds:120 - trip avg 0:00:17.106380
2025-01-21 16:31:41.624 | INFO     | __main__:summary_average_speeds:154 - rt_stop_times summary speed averaging for ['2024-12-11'] execution time: 0:00:31.567351
2025-01-21 16:32:04.052 | INFO     | __main__:summary_average_speeds:120 - trip avg 0:00:22.327037
2025-01-21 16:32:17.670 | INFO     | __main__:summary_average_speeds:154 - rt_stop_times summary speed averaging for ['2024-11-13'] execution time: 0:00:35.944913
2025-03-03 13:43:41.503 | INFO     | __main__:trip_summary_speeds_by_time_of_day:92 - rt_stop_times summary speed averaging by time-of-day 2025-02-12 execution time: 0:00:11.285079
2025-03-03 13:43:54.606 | INFO     | __main__:summary_speeds_by_peak_offpeak:158 - rt_stop_times summary speed averaging by peak/offpeak for 2025-02-12 execution time: 0:00:13.043791
2025-03-03 13:44:02.598 | INFO     | __main__:trip_summary_speeds_by_time_of_day:92 - rt_stop_times summary speed averaging by time-of-day 2025-01-15 execution time: 0:00:07.986208
2025-03-03 13:44:15.279 | INFO     | __main__:summary_speeds_by_peak_offpeak:158 - rt_stop_times summary speed averaging by peak/offpeak for 2025-01-15 execution time: 0:00:12.679323
2025-03-13 15:22:54.951 | INFO     | __main__:trip_summary_speeds_by_time_of_day:92 - rt_stop_times summary speed averaging by time-of-day 2025-02-12 execution time: 0:00:08.268174
2025-03-13 15:23:07.604 | INFO     | __main__:summary_speeds_by_peak_offpeak:158 - rt_stop_times summary speed averaging by peak/offpeak for 2025-02-12 execution time: 0:00:12.640105
2025-03-17 16:05:36.463 | INFO     | __main__:trip_summary_speeds_by_time_of_day:92 - rt_stop_times summary speed averaging by time-of-day 2025-02-12 execution time: 0:00:08.271797
2025-03-17 16:05:51.212 | INFO     | __main__:summary_speeds_by_peak_offpeak:158 - rt_stop_times summary speed averaging by peak/offpeak for 2025-02-12 execution time: 0:00:14.721241
2025-03-20 12:11:48.593 | INFO     | __main__:trip_summary_speeds_by_time_of_day:92 - rt_stop_times summary speed averaging by time-of-day 2025-03-12 execution time: 0:00:08.908916
2025-03-20 12:12:03.382 | INFO     | __main__:summary_speeds_by_peak_offpeak:158 - rt_stop_times summary speed averaging by peak/offpeak for 2025-03-12 execution time: 0:00:14.755391
2025-03-14 13:34:30.155 | INFO     | __main__:annual_time_of_day_averages:171 - rt_stop_times: weekday/time-of-day averages for 2023 execution time: 0:02:23.782640
2025-03-14 13:36:37.069 | INFO     | __main__:annual_time_of_day_averages:171 - rt_stop_times: weekday/time-of-day averages for 2024 execution time: 0:02:06.806331
2025-03-14 13:36:50.516 | INFO     | __main__:annual_time_of_day_averages:171 - rt_stop_times: weekday/time-of-day averages for 2025 execution time: 0:00:13.404898
2025-04-17 16:17:31.355 | INFO     | __main__:trip_summary_speeds_by_time_of_day:92 - rt_stop_times summary speed averaging by time-of-day 2025-03-12 execution time: 0:00:07.235142
2025-04-17 16:17:42.946 | INFO     | __main__:summary_speeds_by_peak_offpeak:158 - rt_stop_times summary speed averaging by peak/offpeak for 2025-03-12 execution time: 0:00:11.549204
2025-04-21 16:54:35.114 | INFO     | __main__:trip_summary_speeds_by_time_of_day:92 - rt_stop_times summary speed averaging by time-of-day 2025-04-16 execution time: 0:00:08.807911
2025-04-21 16:54:48.219 | INFO     | __main__:summary_speeds_by_peak_offpeak:158 - rt_stop_times summary speed averaging by peak/offpeak for 2025-04-16 execution time: 0:00:13.094640
2025-05-19 18:52:07.640 | INFO     | __main__:trip_summary_speeds_by_time_of_day:92 - rt_stop_times summary speed averaging by time-of-day 2025-04-16 execution time: 0:00:08.159056
2025-05-19 18:52:20.090 | INFO     | __main__:summary_speeds_by_peak_offpeak:158 - rt_stop_times summary speed averaging by peak/offpeak for 2025-04-16 execution time: 0:00:12.424393
2025-05-30 14:18:41.762 | INFO     | __main__:trip_summary_speeds_by_time_of_day:92 - rt_stop_times summary speed averaging by time-of-day 2025-05-14 execution time: 0:00:07.871082
2025-05-30 14:19:21.083 | INFO     | __main__:summary_speeds_by_peak_offpeak:158 - rt_stop_times summary speed averaging by peak/offpeak for 2025-05-14 execution time: 0:00:39.300663
2025-06-30 19:30:40.522 | INFO     | __main__:trip_summary_speeds_by_time_of_day:92 - rt_stop_times summary speed averaging by time-of-day 2025-06-11 execution time: 0:00:09.172980
2025-06-30 19:30:54.618 | INFO     | __main__:summary_speeds_by_peak_offpeak:158 - rt_stop_times summary speed averaging by peak/offpeak for 2025-06-11 execution time: 0:00:14.068681
2025-07-17 14:09:10.896 | INFO     | __main__:trip_summary_speeds_by_time_of_day:92 - rt_stop_times summary speed averaging by time-of-day 2025-07-16 execution time: 0:00:07.250878
2025-07-17 14:09:22.989 | INFO     | __main__:summary_speeds_by_peak_offpeak:158 - rt_stop_times summary speed averaging by peak/offpeak for 2025-07-16 execution time: 0:00:12.075517
2025-10-02 12:19:57.641 | INFO     | __main__:trip_summary_speeds_by_time_of_day:92 - rt_stop_times summary speed averaging by time-of-day 2025-09-24 execution time: 0:00:07.722966
2025-10-02 12:20:10.065 | INFO     | __main__:summary_speeds_by_peak_offpeak:158 - rt_stop_times summary speed averaging by peak/offpeak for 2025-09-24 execution time: 0:00:12.400388
2025-10-07 13:51:28.051 | INFO     | __main__:trip_summary_speeds_by_time_of_day:92 - rt_stop_times summary speed averaging by time-of-day 2025-09-24 execution time: 0:00:09.188121
2025-10-07 13:51:43.959 | INFO     | __main__:summary_speeds_by_peak_offpeak:161 - rt_stop_times summary speed averaging by peak/offpeak for 2025-09-24 execution time: 0:00:15.879254
2025-10-12 21:56:30.885 | INFO     | __main__:trip_summary_speeds_by_time_of_day:92 - rt_stop_times summary speed averaging by time-of-day 2025-08-20 execution time: 0:00:06.903237
2025-10-12 21:56:45.216 | INFO     | __main__:summary_speeds_by_peak_offpeak:161 - rt_stop_times summary speed averaging by peak/offpeak for 2025-08-20 execution time: 0:00:14.309292
2025-10-19 19:00:35.874 | INFO     | __main__:trip_summary_speeds_by_time_of_day:92 - rt_stop_times summary speed averaging by time-of-day 2025-09-23 execution time: 0:00:08.887894
2025-10-19 19:00:51.797 | INFO     | __main__:summary_speeds_by_peak_offpeak:161 - rt_stop_times summary speed averaging by peak/offpeak for 2025-09-23 execution time: 0:00:15.906525
2025-10-19 22:08:41.476 | INFO     | __main__:trip_summary_speeds_by_time_of_day:92 - rt_stop_times summary speed averaging by time-of-day 2025-09-25 execution time: 0:00:08.234356
2025-10-19 22:08:56.446 | INFO     | __main__:summary_speeds_by_peak_offpeak:161 - rt_stop_times summary speed averaging by peak/offpeak for 2025-09-25 execution time: 0:00:14.968983
2025-10-20 10:39:50.766 | INFO     | __main__:trip_summary_speeds_by_time_of_day:92 - rt_stop_times summary speed averaging by time-of-day 2025-10-15 execution time: 0:00:08.414853
2025-10-20 10:40:06.147 | INFO     | __main__:summary_speeds_by_peak_offpeak:161 - rt_stop_times summary speed averaging by peak/offpeak for 2025-10-15 execution time: 0:00:15.360855
2025-10-21 12:32:15.358 | INFO     | __main__:trip_summary_speeds_by_time_of_day:92 - rt_stop_times summary speed averaging by time-of-day 2025-10-16 execution time: 0:00:08.884535
2025-10-21 12:32:31.477 | INFO     | __main__:summary_speeds_by_peak_offpeak:161 - rt_stop_times summary speed averaging by peak/offpeak for 2025-10-16 execution time: 0:00:16.103266
2025-11-03 11:19:26.122 | INFO     | __main__:trip_summary_speeds_by_time_of_day:92 - rt_stop_times summary speed averaging by time-of-day 2025-09-30 execution time: 0:00:06.596946
2025-11-03 11:19:39.447 | INFO     | __main__:summary_speeds_by_peak_offpeak:161 - rt_stop_times summary speed averaging by peak/offpeak for 2025-09-30 execution time: 0:00:13.312419
2025-11-03 13:53:38.930 | INFO     | __main__:trip_summary_speeds_by_time_of_day:92 - rt_stop_times summary speed averaging by time-of-day 2025-10-01 execution time: 0:00:06.002497
2025-11-03 13:53:51.623 | INFO     | __main__:summary_speeds_by_peak_offpeak:161 - rt_stop_times summary speed averaging by peak/offpeak for 2025-10-01 execution time: 0:00:12.666574
2025-11-04 11:18:46.592 | INFO     | __main__:trip_summary_speeds_by_time_of_day:92 - rt_stop_times summary speed averaging by time-of-day 2025-10-02 execution time: 0:00:06.879205
2025-11-04 11:19:00.591 | INFO     | __main__:summary_speeds_by_peak_offpeak:161 - rt_stop_times summary speed averaging by peak/offpeak for 2025-10-02 execution time: 0:00:13.975907
2025-11-04 20:13:48.563 | INFO     | __main__:trip_summary_speeds_by_time_of_day:92 - rt_stop_times summary speed averaging by time-of-day 2025-10-07 execution time: 0:00:07.047481
2025-11-04 20:14:02.824 | INFO     | __main__:summary_speeds_by_peak_offpeak:161 - rt_stop_times summary speed averaging by peak/offpeak for 2025-10-07 execution time: 0:00:14.243034
2025-11-04 22:40:27.504 | INFO     | __main__:trip_summary_speeds_by_time_of_day:92 - rt_stop_times summary speed averaging by time-of-day 2025-10-08 execution time: 0:00:07.458416
2025-11-04 22:40:41.416 | INFO     | __main__:summary_speeds_by_peak_offpeak:161 - rt_stop_times summary speed averaging by peak/offpeak for 2025-10-08 execution time: 0:00:13.871816
2025-11-10 11:05:41.015 | INFO     | __main__:trip_summary_speeds_by_time_of_day:92 - rt_stop_times summary speed averaging by time-of-day 2025-10-09 execution time: 0:00:08.019120
2025-11-10 11:05:56.984 | INFO     | __main__:summary_speeds_by_peak_offpeak:161 - rt_stop_times summary speed averaging by peak/offpeak for 2025-10-09 execution time: 0:00:15.947577
2025-11-10 15:46:20.851 | INFO     | __main__:trip_summary_speeds_by_time_of_day:92 - rt_stop_times summary speed averaging by time-of-day 2025-10-02 execution time: 0:00:08.151398
2025-11-10 15:46:35.681 | INFO     | __main__:summary_speeds_by_peak_offpeak:161 - rt_stop_times summary speed averaging by peak/offpeak for 2025-10-02 execution time: 0:00:14.817005
2025-11-12 10:45:09.772 | INFO     | __main__:trip_summary_speeds_by_time_of_day:92 - rt_stop_times summary speed averaging by time-of-day 2025-09-16 execution time: 0:00:08.179186
2025-11-12 10:45:24.864 | INFO     | __main__:summary_speeds_by_peak_offpeak:161 - rt_stop_times summary speed averaging by peak/offpeak for 2025-09-16 execution time: 0:00:15.069554
2025-11-12 14:13:58.607 | INFO     | __main__:trip_summary_speeds_by_time_of_day:92 - rt_stop_times summary speed averaging by time-of-day 2025-09-17 execution time: 0:00:08.138494
2025-11-12 14:14:13.552 | INFO     | __main__:summary_speeds_by_peak_offpeak:161 - rt_stop_times summary speed averaging by peak/offpeak for 2025-09-17 execution time: 0:00:14.912569
2025-11-12 20:43:31.417 | INFO     | __main__:trip_summary_speeds_by_time_of_day:92 - rt_stop_times summary speed averaging by time-of-day 2025-09-18 execution time: 0:00:08.453807
2025-11-12 20:43:46.919 | INFO     | __main__:summary_speeds_by_peak_offpeak:161 - rt_stop_times summary speed averaging by peak/offpeak for 2025-09-18 execution time: 0:00:15.482597
2025-11-17 13:02:04.066 | INFO     | __main__:trip_summary_speeds_by_time_of_day:92 - rt_stop_times summary speed averaging by time-of-day 2025-11-05 execution time: 0:00:08.686730
2025-11-17 13:02:18.627 | INFO     | __main__:summary_speeds_by_peak_offpeak:161 - rt_stop_times summary speed averaging by peak/offpeak for 2025-11-05 execution time: 0:00:14.538236
2025-11-17 15:31:09.297 | INFO     | __main__:trip_summary_speeds_by_time_of_day:92 - rt_stop_times summary speed averaging by time-of-day 2025-11-05 execution time: 0:00:07.154874
2025-11-17 15:31:23.477 | INFO     | __main__:summary_speeds_by_peak_offpeak:161 - rt_stop_times summary speed averaging by peak/offpeak for 2025-11-05 execution time: 0:00:14.178745
