2023-01-11 15:55:49.163 | INFO     | __main__:<module>:86 - Analysis date: 2022-10-12
2023-01-11 15:55:49.211 | INFO     | __main__:<module>:97 - start file: gs://calitp-analytics-data/data-analyses/dask_test/vp_sjoin/vp_segment_110_2022-10-12.parquet
2023-01-11 15:55:49.212 | INFO     | __main__:<module>:97 - start file: gs://calitp-analytics-data/data-analyses/dask_test/vp_sjoin/vp_segment_126_2022-10-12.parquet
2023-01-11 15:55:49.212 | INFO     | __main__:<module>:97 - start file: gs://calitp-analytics-data/data-analyses/dask_test/vp_sjoin/vp_segment_127_2022-10-12.parquet
2023-01-11 15:55:49.213 | INFO     | __main__:<module>:97 - start file: gs://calitp-analytics-data/data-analyses/dask_test/vp_sjoin/vp_segment_135_2022-10-12.parquet
2023-01-11 15:55:49.214 | INFO     | __main__:<module>:97 - start file: gs://calitp-analytics-data/data-analyses/dask_test/vp_sjoin/vp_segment_148_2022-10-12.parquet
2023-01-11 15:55:49.214 | INFO     | __main__:<module>:97 - start file: gs://calitp-analytics-data/data-analyses/dask_test/vp_sjoin/vp_segment_159_2022-10-12.parquet
2023-01-11 15:55:49.215 | INFO     | __main__:<module>:97 - start file: gs://calitp-analytics-data/data-analyses/dask_test/vp_sjoin/vp_segment_167_2022-10-12.parquet
2023-01-11 15:55:49.216 | INFO     | __main__:<module>:97 - start file: gs://calitp-analytics-data/data-analyses/dask_test/vp_sjoin/vp_segment_182_2022-10-12.parquet
2023-01-11 15:55:49.216 | INFO     | __main__:<module>:97 - start file: gs://calitp-analytics-data/data-analyses/dask_test/vp_sjoin/vp_segment_188_2022-10-12.parquet
2023-01-11 15:55:49.217 | INFO     | __main__:<module>:97 - start file: gs://calitp-analytics-data/data-analyses/dask_test/vp_sjoin/vp_segment_194_2022-10-12.parquet
2023-01-11 15:55:49.218 | INFO     | __main__:<module>:97 - start file: gs://calitp-analytics-data/data-analyses/dask_test/vp_sjoin/vp_segment_218_2022-10-12.parquet
2023-01-11 15:55:49.218 | INFO     | __main__:<module>:97 - start file: gs://calitp-analytics-data/data-analyses/dask_test/vp_sjoin/vp_segment_221_2022-10-12.parquet
2023-01-11 15:55:49.219 | INFO     | __main__:<module>:97 - start file: gs://calitp-analytics-data/data-analyses/dask_test/vp_sjoin/vp_segment_226_2022-10-12.parquet
2023-01-11 15:55:49.220 | INFO     | __main__:<module>:97 - start file: gs://calitp-analytics-data/data-analyses/dask_test/vp_sjoin/vp_segment_235_2022-10-12.parquet
2023-01-11 15:55:49.220 | INFO     | __main__:<module>:97 - start file: gs://calitp-analytics-data/data-analyses/dask_test/vp_sjoin/vp_segment_243_2022-10-12.parquet
2023-01-11 15:55:49.221 | INFO     | __main__:<module>:97 - start file: gs://calitp-analytics-data/data-analyses/dask_test/vp_sjoin/vp_segment_246_2022-10-12.parquet
2023-01-11 15:55:49.222 | INFO     | __main__:<module>:97 - start file: gs://calitp-analytics-data/data-analyses/dask_test/vp_sjoin/vp_segment_247_2022-10-12.parquet
2023-01-11 15:55:49.222 | INFO     | __main__:<module>:97 - start file: gs://calitp-analytics-data/data-analyses/dask_test/vp_sjoin/vp_segment_259_2022-10-12.parquet
2023-01-11 15:55:49.223 | INFO     | __main__:<module>:97 - start file: gs://calitp-analytics-data/data-analyses/dask_test/vp_sjoin/vp_segment_269_2022-10-12.parquet
2023-01-11 15:55:49.224 | INFO     | __main__:<module>:97 - start file: gs://calitp-analytics-data/data-analyses/dask_test/vp_sjoin/vp_segment_273_2022-10-12.parquet
2023-01-11 15:55:49.224 | INFO     | __main__:<module>:97 - start file: gs://calitp-analytics-data/data-analyses/dask_test/vp_sjoin/vp_segment_282_2022-10-12.parquet
2023-01-11 15:55:49.225 | INFO     | __main__:<module>:97 - start file: gs://calitp-analytics-data/data-analyses/dask_test/vp_sjoin/vp_segment_284_2022-10-12.parquet
2023-01-11 15:55:49.225 | INFO     | __main__:<module>:97 - start file: gs://calitp-analytics-data/data-analyses/dask_test/vp_sjoin/vp_segment_290_2022-10-12.parquet
2023-01-11 15:55:49.226 | INFO     | __main__:<module>:97 - start file: gs://calitp-analytics-data/data-analyses/dask_test/vp_sjoin/vp_segment_293_2022-10-12.parquet
2023-01-11 15:55:49.227 | INFO     | __main__:<module>:97 - start file: gs://calitp-analytics-data/data-analyses/dask_test/vp_sjoin/vp_segment_294_2022-10-12.parquet
2023-01-11 15:55:49.228 | INFO     | __main__:<module>:97 - start file: gs://calitp-analytics-data/data-analyses/dask_test/vp_sjoin/vp_segment_295_2022-10-12.parquet
2023-01-11 15:55:49.228 | INFO     | __main__:<module>:97 - start file: gs://calitp-analytics-data/data-analyses/dask_test/vp_sjoin/vp_segment_300_2022-10-12.parquet
2023-01-11 15:55:49.229 | INFO     | __main__:<module>:97 - start file: gs://calitp-analytics-data/data-analyses/dask_test/vp_sjoin/vp_segment_301_2022-10-12.parquet
2023-01-11 15:55:49.229 | INFO     | __main__:<module>:97 - start file: gs://calitp-analytics-data/data-analyses/dask_test/vp_sjoin/vp_segment_30_2022-10-12.parquet
2023-01-11 15:55:49.230 | INFO     | __main__:<module>:97 - start file: gs://calitp-analytics-data/data-analyses/dask_test/vp_sjoin/vp_segment_310_2022-10-12.parquet
2023-01-11 15:55:49.231 | INFO     | __main__:<module>:97 - start file: gs://calitp-analytics-data/data-analyses/dask_test/vp_sjoin/vp_segment_314_2022-10-12.parquet
2023-01-11 15:55:49.231 | INFO     | __main__:<module>:97 - start file: gs://calitp-analytics-data/data-analyses/dask_test/vp_sjoin/vp_segment_315_2022-10-12.parquet
2023-01-11 15:55:49.232 | INFO     | __main__:<module>:97 - start file: gs://calitp-analytics-data/data-analyses/dask_test/vp_sjoin/vp_segment_336_2022-10-12.parquet
2023-01-11 15:55:49.233 | INFO     | __main__:<module>:97 - start file: gs://calitp-analytics-data/data-analyses/dask_test/vp_sjoin/vp_segment_349_2022-10-12.parquet
2023-01-11 15:55:49.233 | INFO     | __main__:<module>:97 - start file: gs://calitp-analytics-data/data-analyses/dask_test/vp_sjoin/vp_segment_350_2022-10-12.parquet
2023-01-11 15:55:49.234 | INFO     | __main__:<module>:97 - start file: gs://calitp-analytics-data/data-analyses/dask_test/vp_sjoin/vp_segment_361_2022-10-12.parquet
2023-01-11 15:55:49.234 | INFO     | __main__:<module>:97 - start file: gs://calitp-analytics-data/data-analyses/dask_test/vp_sjoin/vp_segment_372_2022-10-12.parquet
2023-01-11 15:55:49.235 | INFO     | __main__:<module>:97 - start file: gs://calitp-analytics-data/data-analyses/dask_test/vp_sjoin/vp_segment_45_2022-10-12.parquet
2023-01-11 15:55:49.236 | INFO     | __main__:<module>:97 - start file: gs://calitp-analytics-data/data-analyses/dask_test/vp_sjoin/vp_segment_4_2022-10-12.parquet
2023-01-11 15:55:49.236 | INFO     | __main__:<module>:97 - start file: gs://calitp-analytics-data/data-analyses/dask_test/vp_sjoin/vp_segment_75_2022-10-12.parquet
2023-01-11 15:55:49.237 | INFO     | __main__:<module>:104 - start compute and export of results
2023-01-11 17:59:19.929 | INFO     | __main__:<module>:114 - computed and exported trip_diagnostics: 2:03:30.692313
2023-01-11 17:59:19.942 | INFO     | __main__:<module>:117 - execution time: 2:03:30.778821
2023-01-12 09:01:10.442 | INFO     | __main__:<module>:83 - Analysis date: 2022-10-12
2023-01-12 09:01:44.257 | INFO     | __main__:<module>:109 - execution time: 0:00:33.814446
2023-02-02 13:02:05.777 | INFO     | __main__:<module>:80 - Analysis date: 2022-10-12
2023-02-02 13:02:38.293 | INFO     | __main__:<module>:106 - execution time: 0:00:32.474747
2023-02-04 10:41:43.314 | INFO     | __main__:<module>:78 - Analysis date: 2023-01-18
2023-02-04 10:42:46.460 | INFO     | __main__:<module>:78 - Analysis date: 2023-01-18
2023-02-04 10:43:19.736 | INFO     | __main__:<module>:107 - execution time: 0:00:33.274819
2023-02-28 10:24:13.457 | INFO     | __main__:<module>:75 - Analysis date: 2023-01-18
2023-02-28 10:25:50.602 | INFO     | __main__:<module>:78 - Analysis date: 2023-01-18
2023-02-28 10:27:33.297 | INFO     | __main__:<module>:118 - execution time: 0:01:42.693663
2023-02-28 10:32:14.473 | INFO     | __main__:<module>:113 - Analysis date: 2023-01-18
2023-02-28 10:33:56.329 | INFO     | __main__:<module>:127 - execution time: 0:01:41.854886
