2023-02-15 13:11:35.071 | INFO     | __main__:<module>:33 - Analysis date: 2023-01-18
2023-02-15 13:11:35.203 | INFO     | __main__:<module>:67 - imported data: 0:00:00.003619
2023-02-15 13:11:35.208 | INFO     | __main__:<module>:78 - merge in segment shapes and do linear referencing: 0:00:00.005444
2023-02-15 13:11:35.211 | INFO     | __main__:<module>:67 - imported data: 0:00:00.000958
2023-02-15 13:11:35.217 | INFO     | __main__:<module>:78 - merge in segment shapes and do linear referencing: 0:00:00.006199
2023-02-15 13:11:35.223 | INFO     | __main__:<module>:67 - imported data: 0:00:00.001396
2023-02-15 13:11:35.228 | INFO     | __main__:<module>:78 - merge in segment shapes and do linear referencing: 0:00:00.005443
2023-02-15 13:11:35.234 | INFO     | __main__:<module>:67 - imported data: 0:00:00.000832
2023-02-15 13:11:35.237 | INFO     | __main__:<module>:78 - merge in segment shapes and do linear referencing: 0:00:00.003323
2023-02-15 13:11:35.239 | INFO     | __main__:<module>:67 - imported data: 0:00:00.001041
2023-02-15 13:11:35.241 | INFO     | __main__:<module>:78 - merge in segment shapes and do linear referencing: 0:00:00.001455
2023-02-15 13:11:35.242 | INFO     | __main__:<module>:67 - imported data: 0:00:00.000888
2023-02-15 13:11:35.244 | INFO     | __main__:<module>:78 - merge in segment shapes and do linear referencing: 0:00:00.001377
2023-02-15 13:11:35.250 | INFO     | __main__:<module>:67 - imported data: 0:00:00.005971
2023-02-15 13:11:35.252 | INFO     | __main__:<module>:78 - merge in segment shapes and do linear referencing: 0:00:00.001878
2023-02-15 13:11:35.257 | INFO     | __main__:<module>:67 - imported data: 0:00:00.000684
2023-02-15 13:11:35.259 | INFO     | __main__:<module>:78 - merge in segment shapes and do linear referencing: 0:00:00.002158
2023-02-15 13:11:35.262 | INFO     | __main__:<module>:67 - imported data: 0:00:00.000771
2023-02-15 13:11:35.265 | INFO     | __main__:<module>:78 - merge in segment shapes and do linear referencing: 0:00:00.003058
2023-02-15 13:11:35.269 | INFO     | __main__:<module>:67 - imported data: 0:00:00.000589
2023-02-15 13:11:35.269 | INFO     | __main__:<module>:78 - merge in segment shapes and do linear referencing: 0:00:00.000790
2023-02-15 13:11:35.270 | INFO     | __main__:<module>:67 - imported data: 0:00:00.000465
2023-02-15 13:11:35.275 | INFO     | __main__:<module>:78 - merge in segment shapes and do linear referencing: 0:00:00.004669
2023-02-15 13:11:35.278 | INFO     | __main__:<module>:67 - imported data: 0:00:00.000599
2023-02-15 13:11:35.279 | INFO     | __main__:<module>:78 - merge in segment shapes and do linear referencing: 0:00:00.000729
2023-02-15 13:11:35.280 | INFO     | __main__:<module>:67 - imported data: 0:00:00.000460
2023-02-15 13:11:35.284 | INFO     | __main__:<module>:78 - merge in segment shapes and do linear referencing: 0:00:00.004797
2023-02-15 13:11:35.286 | INFO     | __main__:<module>:67 - imported data: 0:00:00.000550
2023-02-15 13:11:35.286 | INFO     | __main__:<module>:78 - merge in segment shapes and do linear referencing: 0:00:00.000780
2023-02-15 13:11:35.291 | INFO     | __main__:<module>:67 - imported data: 0:00:00.000518
2023-02-15 13:11:35.292 | INFO     | __main__:<module>:78 - merge in segment shapes and do linear referencing: 0:00:00.000945
2023-02-15 13:11:35.293 | INFO     | __main__:<module>:67 - imported data: 0:00:00.000628
2023-02-15 13:11:35.297 | INFO     | __main__:<module>:78 - merge in segment shapes and do linear referencing: 0:00:00.003866
2023-02-15 13:11:35.298 | INFO     | __main__:<module>:67 - imported data: 0:00:00.000530
2023-02-15 13:11:35.299 | INFO     | __main__:<module>:78 - merge in segment shapes and do linear referencing: 0:00:00.000825
2023-02-15 13:11:35.303 | INFO     | __main__:<module>:67 - imported data: 0:00:00.000574
2023-02-15 13:11:35.304 | INFO     | __main__:<module>:78 - merge in segment shapes and do linear referencing: 0:00:00.000680
2023-02-15 13:11:35.307 | INFO     | __main__:<module>:67 - imported data: 0:00:00.002170
2023-02-15 13:11:35.314 | INFO     | __main__:<module>:78 - merge in segment shapes and do linear referencing: 0:00:00.007067
2023-02-15 13:11:35.319 | INFO     | __main__:<module>:67 - imported data: 0:00:00.003707
2023-02-15 13:11:35.321 | INFO     | __main__:<module>:78 - merge in segment shapes and do linear referencing: 0:00:00.002028
2023-02-15 13:11:35.324 | INFO     | __main__:<module>:67 - imported data: 0:00:00.000543
2023-02-15 13:11:35.327 | INFO     | __main__:<module>:78 - merge in segment shapes and do linear referencing: 0:00:00.002863
2023-02-15 13:11:35.333 | INFO     | __main__:<module>:67 - imported data: 0:00:00.000733
2023-02-15 13:11:35.334 | INFO     | __main__:<module>:78 - merge in segment shapes and do linear referencing: 0:00:00.000800
2023-02-15 13:11:35.336 | INFO     | __main__:<module>:67 - imported data: 0:00:00.000636
2023-02-15 13:11:35.336 | INFO     | __main__:<module>:78 - merge in segment shapes and do linear referencing: 0:00:00.000778
2023-02-15 13:11:35.339 | INFO     | __main__:<module>:67 - imported data: 0:00:00.000543
2023-02-15 13:11:35.340 | INFO     | __main__:<module>:78 - merge in segment shapes and do linear referencing: 0:00:00.000679
2023-02-15 13:11:35.341 | INFO     | __main__:<module>:67 - imported data: 0:00:00.000540
2023-02-15 13:11:35.346 | INFO     | __main__:<module>:78 - merge in segment shapes and do linear referencing: 0:00:00.004852
2023-02-15 13:11:35.347 | INFO     | __main__:<module>:67 - imported data: 0:00:00.000547
2023-02-15 13:11:35.351 | INFO     | __main__:<module>:78 - merge in segment shapes and do linear referencing: 0:00:00.003736
2023-02-15 13:11:35.352 | INFO     | __main__:<module>:67 - imported data: 0:00:00.000471
2023-02-15 13:11:35.352 | INFO     | __main__:<module>:78 - merge in segment shapes and do linear referencing: 0:00:00.000597
2023-02-15 13:11:35.364 | INFO     | __main__:<module>:67 - imported data: 0:00:00.011206
2023-02-15 13:11:35.365 | INFO     | __main__:<module>:78 - merge in segment shapes and do linear referencing: 0:00:00.000793
2023-02-15 13:11:35.366 | INFO     | __main__:<module>:67 - imported data: 0:00:00.000601
2023-02-15 13:11:35.366 | INFO     | __main__:<module>:78 - merge in segment shapes and do linear referencing: 0:00:00.000641
2023-02-15 13:11:35.368 | INFO     | __main__:<module>:67 - imported data: 0:00:00.000545
2023-02-15 13:11:35.368 | INFO     | __main__:<module>:78 - merge in segment shapes and do linear referencing: 0:00:00.000569
2023-02-15 13:11:35.372 | INFO     | __main__:<module>:67 - imported data: 0:00:00.003758
2023-02-15 13:11:35.373 | INFO     | __main__:<module>:78 - merge in segment shapes and do linear referencing: 0:00:00.000790
2023-02-15 13:11:35.374 | INFO     | __main__:<module>:67 - imported data: 0:00:00.000515
2023-02-15 13:11:35.375 | INFO     | __main__:<module>:78 - merge in segment shapes and do linear referencing: 0:00:00.000605
2023-02-15 13:11:35.376 | INFO     | __main__:<module>:67 - imported data: 0:00:00.000541
2023-02-15 13:11:35.376 | INFO     | __main__:<module>:78 - merge in segment shapes and do linear referencing: 0:00:00.000679
2023-02-15 13:11:35.377 | INFO     | __main__:<module>:67 - imported data: 0:00:00.000450
2023-02-15 13:11:35.378 | INFO     | __main__:<module>:78 - merge in segment shapes and do linear referencing: 0:00:00.000657
2023-02-15 13:11:35.379 | INFO     | __main__:<module>:67 - imported data: 0:00:00.000437
2023-02-15 13:11:35.380 | INFO     | __main__:<module>:78 - merge in segment shapes and do linear referencing: 0:00:00.000588
2023-02-15 13:11:35.380 | INFO     | __main__:<module>:67 - imported data: 0:00:00.000504
2023-02-15 13:11:35.381 | INFO     | __main__:<module>:78 - merge in segment shapes and do linear referencing: 0:00:00.000667
2023-02-15 13:11:35.382 | INFO     | __main__:<module>:67 - imported data: 0:00:00.000498
2023-02-15 13:11:35.386 | INFO     | __main__:<module>:78 - merge in segment shapes and do linear referencing: 0:00:00.003903
2023-02-15 13:11:35.387 | INFO     | __main__:<module>:67 - imported data: 0:00:00.000619
2023-02-15 13:11:35.389 | INFO     | __main__:<module>:78 - merge in segment shapes and do linear referencing: 0:00:00.001482
2023-02-15 13:11:35.390 | INFO     | __main__:<module>:67 - imported data: 0:00:00.000597
2023-02-15 13:11:35.391 | INFO     | __main__:<module>:78 - merge in segment shapes and do linear referencing: 0:00:00.000766
2023-02-15 13:11:35.392 | INFO     | __main__:<module>:67 - imported data: 0:00:00.000473
2023-02-15 13:11:35.393 | INFO     | __main__:<module>:78 - merge in segment shapes and do linear referencing: 0:00:00.000795
2023-02-15 13:11:35.394 | INFO     | __main__:<module>:67 - imported data: 0:00:00.000570
2023-02-15 13:11:35.395 | INFO     | __main__:<module>:78 - merge in segment shapes and do linear referencing: 0:00:00.000806
2023-02-15 13:11:35.396 | INFO     | __main__:<module>:67 - imported data: 0:00:00.000564
2023-02-15 13:11:35.402 | INFO     | __main__:<module>:78 - merge in segment shapes and do linear referencing: 0:00:00.006428
2023-02-15 13:11:35.404 | INFO     | __main__:<module>:67 - imported data: 0:00:00.000544
2023-02-15 13:11:35.406 | INFO     | __main__:<module>:78 - merge in segment shapes and do linear referencing: 0:00:00.001742
2023-02-15 13:11:35.408 | INFO     | __main__:<module>:67 - imported data: 0:00:00.000554
2023-02-15 13:11:35.409 | INFO     | __main__:<module>:78 - merge in segment shapes and do linear referencing: 0:00:00.001637
2023-02-15 13:11:35.415 | INFO     | __main__:<module>:67 - imported data: 0:00:00.000956
2023-02-15 13:11:35.419 | INFO     | __main__:<module>:78 - merge in segment shapes and do linear referencing: 0:00:00.004263
2023-02-15 13:11:35.422 | INFO     | __main__:<module>:67 - imported data: 0:00:00.000547
2023-02-15 13:11:35.423 | INFO     | __main__:<module>:78 - merge in segment shapes and do linear referencing: 0:00:00.001542
2023-02-15 13:11:35.425 | INFO     | __main__:<module>:67 - imported data: 0:00:00.000579
2023-02-15 13:11:35.426 | INFO     | __main__:<module>:78 - merge in segment shapes and do linear referencing: 0:00:00.001407
2023-02-15 13:11:35.428 | INFO     | __main__:<module>:67 - imported data: 0:00:00.000523
2023-02-15 13:11:35.431 | INFO     | __main__:<module>:78 - merge in segment shapes and do linear referencing: 0:00:00.002863
2023-02-15 13:11:35.432 | INFO     | __main__:<module>:67 - imported data: 0:00:00.000493
2023-02-15 13:11:35.433 | INFO     | __main__:<module>:78 - merge in segment shapes and do linear referencing: 0:00:00.000659
2023-02-15 13:11:35.433 | INFO     | __main__:<module>:67 - imported data: 0:00:00.000523
2023-02-15 13:11:35.434 | INFO     | __main__:<module>:78 - merge in segment shapes and do linear referencing: 0:00:00.000632
2023-02-15 13:11:35.435 | INFO     | __main__:<module>:67 - imported data: 0:00:00.000678
2023-02-15 13:11:35.438 | INFO     | __main__:<module>:78 - merge in segment shapes and do linear referencing: 0:00:00.002811
2023-02-15 13:11:35.443 | INFO     | __main__:<module>:67 - imported data: 0:00:00.004671
2023-02-15 13:11:35.444 | INFO     | __main__:<module>:78 - merge in segment shapes and do linear referencing: 0:00:00.000882
2023-02-15 13:11:35.445 | INFO     | __main__:<module>:67 - imported data: 0:00:00.000515
2023-02-15 13:11:35.445 | INFO     | __main__:<module>:78 - merge in segment shapes and do linear referencing: 0:00:00.000597
2023-02-15 13:11:35.446 | INFO     | __main__:<module>:67 - imported data: 0:00:00.000517
2023-02-15 13:11:35.451 | INFO     | __main__:<module>:78 - merge in segment shapes and do linear referencing: 0:00:00.004799
2023-02-15 13:11:35.452 | INFO     | __main__:<module>:67 - imported data: 0:00:00.000646
2023-02-15 13:11:35.453 | INFO     | __main__:<module>:78 - merge in segment shapes and do linear referencing: 0:00:00.000676
2023-02-15 13:11:35.454 | INFO     | __main__:<module>:67 - imported data: 0:00:00.000520
2023-02-15 13:11:35.455 | INFO     | __main__:<module>:78 - merge in segment shapes and do linear referencing: 0:00:00.000660
2023-02-15 13:11:35.455 | INFO     | __main__:<module>:67 - imported data: 0:00:00.000517
2023-02-15 13:11:35.461 | INFO     | __main__:<module>:78 - merge in segment shapes and do linear referencing: 0:00:00.005045
2023-02-15 13:11:35.462 | INFO     | __main__:<module>:67 - imported data: 0:00:00.000529
2023-02-15 13:11:35.462 | INFO     | __main__:<module>:78 - merge in segment shapes and do linear referencing: 0:00:00.000573
2023-02-15 13:11:35.463 | INFO     | __main__:<module>:67 - imported data: 0:00:00.000478
2023-02-15 13:11:35.464 | INFO     | __main__:<module>:78 - merge in segment shapes and do linear referencing: 0:00:00.000666
2023-02-15 13:11:35.468 | INFO     | __main__:<module>:67 - imported data: 0:00:00.003663
2023-02-15 13:11:35.468 | INFO     | __main__:<module>:78 - merge in segment shapes and do linear referencing: 0:00:00.000707
2023-02-15 13:11:35.469 | INFO     | __main__:<module>:67 - imported data: 0:00:00.000511
2023-02-15 13:11:35.473 | INFO     | __main__:<module>:78 - merge in segment shapes and do linear referencing: 0:00:00.003871
2023-02-15 13:11:35.474 | INFO     | __main__:<module>:67 - imported data: 0:00:00.000537
2023-02-15 13:11:35.476 | INFO     | __main__:<module>:78 - merge in segment shapes and do linear referencing: 0:00:00.001945
2023-02-15 13:11:35.477 | INFO     | __main__:<module>:67 - imported data: 0:00:00.000505
2023-02-15 13:11:35.478 | INFO     | __main__:<module>:78 - merge in segment shapes and do linear referencing: 0:00:00.000625
2023-02-15 13:11:35.479 | INFO     | __main__:<module>:67 - imported data: 0:00:00.000481
2023-02-15 13:11:35.479 | INFO     | __main__:<module>:78 - merge in segment shapes and do linear referencing: 0:00:00.000577
2023-02-15 13:11:35.480 | INFO     | __main__:<module>:67 - imported data: 0:00:00.000476
2023-02-15 13:11:35.481 | INFO     | __main__:<module>:78 - merge in segment shapes and do linear referencing: 0:00:00.000582
2023-02-15 13:11:35.484 | INFO     | __main__:<module>:67 - imported data: 0:00:00.003002
2023-02-15 13:11:35.485 | INFO     | __main__:<module>:78 - merge in segment shapes and do linear referencing: 0:00:00.000684
2023-02-15 13:11:35.486 | INFO     | __main__:<module>:67 - imported data: 0:00:00.000474
2023-02-15 13:11:35.486 | INFO     | __main__:<module>:78 - merge in segment shapes and do linear referencing: 0:00:00.000648
2023-02-15 13:11:35.494 | INFO     | __main__:<module>:67 - imported data: 0:00:00.007304
2023-02-15 13:11:35.495 | INFO     | __main__:<module>:78 - merge in segment shapes and do linear referencing: 0:00:00.000823
2023-02-15 13:11:35.496 | INFO     | __main__:<module>:67 - imported data: 0:00:00.000565
2023-02-15 13:11:35.497 | INFO     | __main__:<module>:78 - merge in segment shapes and do linear referencing: 0:00:00.000631
2023-02-15 13:11:35.497 | INFO     | __main__:<module>:67 - imported data: 0:00:00.000469
2023-02-15 13:11:35.498 | INFO     | __main__:<module>:78 - merge in segment shapes and do linear referencing: 0:00:00.000640
2023-02-15 13:11:35.499 | INFO     | __main__:<module>:67 - imported data: 0:00:00.000495
2023-02-15 13:11:35.506 | INFO     | __main__:<module>:78 - merge in segment shapes and do linear referencing: 0:00:00.000580
2023-02-15 13:11:35.507 | INFO     | __main__:<module>:67 - imported data: 0:00:00.000612
2023-02-15 13:11:35.510 | INFO     | __main__:<module>:78 - merge in segment shapes and do linear referencing: 0:00:00.002811
2023-02-15 13:11:35.511 | INFO     | __main__:<module>:67 - imported data: 0:00:00.000555
2023-02-15 13:11:35.511 | INFO     | __main__:<module>:78 - merge in segment shapes and do linear referencing: 0:00:00.000676
2023-02-15 13:11:35.512 | INFO     | __main__:<module>:67 - imported data: 0:00:00.000532
2023-02-15 13:11:35.515 | INFO     | __main__:<module>:78 - merge in segment shapes and do linear referencing: 0:00:00.002681
2023-02-15 13:11:35.515 | INFO     | __main__:<module>:83 - start compute and export of linear referenced results
2023-02-15 13:21:09.900 | INFO     | __main__:<module>:93 - computed and exported linear ref: 0:09:34.384408
2023-02-15 13:21:09.927 | INFO     | __main__:<module>:114 - calculate speed: 0:00:00.000851
2023-02-15 13:21:09.928 | INFO     | __main__:<module>:117 - start compute and export of speed results
2023-02-15 13:25:52.465 | INFO     | __main__:<module>:129 - exported all speeds: 0:04:42.536506
2023-02-15 13:27:06.827 | INFO     | __main__:<module>:146 - exported operator speed parquets: 0:01:14.361936
2023-02-15 13:27:06.829 | INFO     | __main__:<module>:149 - execution time: 0:15:31.756361
