2023-10-04 14:49:11.624 | INFO     | __main__:<module>:337 - cut primary/secondary roads: 0:05:12.326594
2023-10-04 14:57:49.674 | INFO     | __main__:<module>:353 - cut local roads base: 0:08:38.050766
2023-10-04 14:57:49.675 | INFO     | __main__:<module>:356 - execution time: 0:13:50.378197
2023-10-04 15:01:32.642 | INFO     | __main__:<module>:99 - Analysis date: 2023-09-13
2023-10-04 15:03:04.641 | INFO     | __main__:<module>:106 - add local linearids for this month: 0:01:31.998829
2023-10-04 15:03:55.610 | INFO     | __main__:<module>:149 - concatenate road segments: 0:00:50.969056
2023-10-04 15:03:55.611 | INFO     | __main__:<module>:150 - execution time: 0:02:22.967885
2023-10-04 15:04:29.207 | INFO     | __main__:<module>:99 - Analysis date: 2023-08-15
2023-10-04 15:06:03.121 | INFO     | __main__:<module>:106 - add local linearids for this month: 0:01:33.913428
2023-10-04 15:06:53.739 | INFO     | __main__:<module>:149 - concatenate road segments: 0:00:50.618163
2023-10-04 15:06:53.741 | INFO     | __main__:<module>:150 - execution time: 0:02:24.531591
2023-10-04 15:07:31.183 | INFO     | __main__:<module>:99 - Analysis date: 2023-07-12
2023-10-04 15:08:56.917 | INFO     | __main__:<module>:106 - add local linearids for this month: 0:01:25.733453
2023-10-04 15:09:47.263 | INFO     | __main__:<module>:149 - concatenate road segments: 0:00:50.346193
2023-10-04 15:09:47.265 | INFO     | __main__:<module>:150 - execution time: 0:02:16.079646
2023-10-10 13:17:21.899 | INFO     | __main__:<module>:337 - cut primary/secondary roads: 0:02:55.449737
2023-10-10 13:21:41.094 | INFO     | __main__:<module>:353 - cut local roads base: 0:04:19.194981
2023-10-10 13:21:41.094 | INFO     | __main__:<module>:356 - execution time: 0:07:14.645388
2023-10-10 13:26:23.986 | INFO     | __main__:<module>:99 - Analysis date: 2023-09-13
2023-10-10 13:27:20.525 | INFO     | __main__:<module>:106 - add local linearids for this month: 0:00:56.537886
2023-10-10 13:27:49.172 | INFO     | __main__:<module>:149 - concatenate road segments: 0:00:28.647259
2023-10-10 13:27:49.172 | INFO     | __main__:<module>:150 - execution time: 0:01:25.185145
2023-10-10 14:49:09.851 | INFO     | __main__:<module>:99 - Analysis date: 2023-08-15
2023-10-10 14:50:13.055 | INFO     | __main__:<module>:106 - add local linearids for this month: 0:01:03.202748
2023-10-10 14:50:40.658 | INFO     | __main__:<module>:149 - concatenate road segments: 0:00:27.603282
2023-10-10 14:50:40.659 | INFO     | __main__:<module>:150 - execution time: 0:01:30.806030
2023-10-10 15:06:20.252 | INFO     | __main__:<module>:96 - Analysis date: 2023-07-12
2023-10-10 15:07:19.611 | INFO     | __main__:<module>:103 - add local linearids for this month: 0:00:59.359330
2023-10-10 15:07:46.994 | INFO     | __main__:<module>:146 - concatenate road segments: 0:00:27.382778
2023-10-10 15:07:46.995 | INFO     | __main__:<module>:147 - execution time: 0:01:26.742108
2023-10-12 11:09:05.353 | INFO     | __main__:<module>:96 - Analysis date: 2023-10-11
2023-10-12 11:10:33.776 | INFO     | __main__:<module>:103 - add local linearids for this month: 0:01:28.401366
2023-10-12 11:11:07.558 | INFO     | __main__:<module>:146 - concatenate road segments: 0:00:33.781990
2023-10-12 11:11:07.559 | INFO     | __main__:<module>:147 - execution time: 0:02:02.183356
