2025-11-07 21:43:00.217 | INFO     | __main__:<module>:241 - finish up map partitions: 0:02:31.589946
2025-11-07 22:11:29.192 | INFO     | __main__:add_movingpandas_deltas:109 - add distance: 0:28:28.787896
2025-11-07 22:12:05.379 | INFO     | __main__:add_movingpandas_deltas:114 - add timedelta: 0:00:36.187124
2025-11-07 22:14:20.105 | INFO     | __main__:add_movingpandas_deltas:109 - add distance: 0:31:19.701512
2025-11-07 22:14:56.631 | INFO     | __main__:add_movingpandas_deltas:114 - add timedelta: 0:00:36.525746
2025-11-07 22:35:33.617 | INFO     | __main__:add_movingpandas_deltas:122 - add speed: 0:23:28.238188
2025-11-07 22:38:58.894 | INFO     | __main__:add_movingpandas_deltas:122 - add speed: 0:24:02.262901
2025-11-07 22:47:56.100 | INFO     | __main__:add_movingpandas_deltas:128 - add direction: 0:12:22.482585
2025-11-07 22:49:26.496 | INFO     | __main__:add_movingpandas_deltas:139 - save out df: 1:06:26.092174
2025-11-07 22:55:48.871 | INFO     | __main__:add_movingpandas_deltas:128 - add direction: 0:16:49.977509
2025-11-07 22:57:25.283 | INFO     | __main__:add_movingpandas_deltas:139 - save out df: 1:14:24.879146
2025-11-10 10:12:20.971 | INFO     | __main__:<module>:242 - finish up map partitions: 0:00:07.821936
2025-11-10 10:12:44.391 | INFO     | __main__:add_movingpandas_deltas:109 - add distance: 0:00:21.589142
2025-11-10 10:12:44.867 | INFO     | __main__:add_movingpandas_deltas:114 - add timedelta: 0:00:00.476116
2025-11-10 10:12:49.369 | INFO     | __main__:add_movingpandas_deltas:109 - add distance: 0:00:26.557503
2025-11-10 10:12:50.041 | INFO     | __main__:add_movingpandas_deltas:114 - add timedelta: 0:00:00.671448
2025-11-10 10:13:01.899 | INFO     | __main__:add_movingpandas_deltas:122 - add speed: 0:00:17.032150
2025-11-10 10:13:10.926 | INFO     | __main__:add_movingpandas_deltas:128 - add direction: 0:00:09.026711
2025-11-10 10:13:11.978 | INFO     | __main__:add_movingpandas_deltas:122 - add speed: 0:00:21.937838
2025-11-10 10:13:12.811 | INFO     | __main__:add_movingpandas_deltas:139 - save out df: 0:00:50.008661
2025-11-10 10:13:15.637 | INFO     | __main__:add_movingpandas_deltas:128 - add direction: 0:00:03.658492
2025-11-10 10:13:16.601 | INFO     | __main__:add_movingpandas_deltas:139 - save out df: 0:00:53.789256
2025-11-10 10:13:16.615 | INFO     | __main__:<module>:247 - compute: 0:00:55.643614
2025-11-10 10:13:17.184 | INFO     | __main__:<module>:257 - moving pandas with dask: 2025-08-20: 0:01:04.035278
2025-11-10 10:18:46.470 | INFO     | __main__:<module>:243 - finish up map partitions: 0:00:06.588409
2025-11-10 10:19:08.450 | INFO     | __main__:add_movingpandas_deltas:109 - add distance: 0:00:21.725916
2025-11-10 10:19:09.042 | INFO     | __main__:add_movingpandas_deltas:114 - add timedelta: 0:00:00.591774
2025-11-10 10:19:13.744 | INFO     | __main__:add_movingpandas_deltas:109 - add distance: 0:00:27.003250
2025-11-10 10:19:14.342 | INFO     | __main__:add_movingpandas_deltas:114 - add timedelta: 0:00:00.597820
2025-11-10 10:19:27.103 | INFO     | __main__:add_movingpandas_deltas:122 - add speed: 0:00:18.060831
2025-11-10 10:19:35.771 | INFO     | __main__:add_movingpandas_deltas:122 - add speed: 0:00:21.429787
2025-11-10 10:19:36.624 | INFO     | __main__:add_movingpandas_deltas:128 - add direction: 0:00:09.521116
2025-11-10 10:19:38.579 | INFO     | __main__:add_movingpandas_deltas:139 - save out df: 0:00:51.854666
2025-11-10 10:19:41.325 | INFO     | __main__:add_movingpandas_deltas:128 - add direction: 0:00:05.553699
2025-11-10 10:19:42.229 | INFO     | __main__:add_movingpandas_deltas:139 - save out df: 0:00:55.488372
2025-11-10 10:19:42.245 | INFO     | __main__:<module>:248 - compute: 0:00:55.775710
2025-11-10 10:19:42.749 | INFO     | __main__:<module>:258 - moving pandas with dask (2 operators): 2025-08-20: 0:01:02.867817
2025-11-10 10:28:27.202 | INFO     | __main__:<module>:220 - df stats 2025-08-20: # operators: 125; # trips (rows): 96123; # partitions: 8
2025-11-10 10:28:27.213 | INFO     | __main__:<module>:249 - finish up map partitions: 0:03:57.357502
2025-11-10 11:09:35.305 | INFO     | __main__:<module>:220 - df stats 2025-08-20: # operators: 125; # trips (rows): 96123; # partitions: 8
2025-11-10 11:09:35.317 | INFO     | __main__:<module>:249 - finish up map partitions: 0:04:04.170684
2025-11-10 11:19:17.496 | INFO     | __main__:<module>:220 - df stats 2025-08-20: # operators: 125; # trips (rows): 96123; # partitions: 15
2025-11-10 11:35:48.751 | INFO     | __main__:add_movingpandas_deltas:109 - add distance: 0:16:30.773741
2025-11-10 11:36:11.819 | INFO     | __main__:add_movingpandas_deltas:114 - add timedelta: 0:00:23.067888
2025-11-10 11:38:21.113 | INFO     | __main__:add_movingpandas_deltas:109 - add distance: 0:19:03.134951
2025-11-10 11:38:43.944 | INFO     | __main__:add_movingpandas_deltas:114 - add timedelta: 0:00:22.831062
2025-11-10 11:49:19.648 | INFO     | __main__:add_movingpandas_deltas:122 - add speed: 0:13:07.828514
2025-11-10 11:54:49.462 | INFO     | __main__:add_movingpandas_deltas:122 - add speed: 0:16:05.517897
2025-11-10 11:56:34.003 | INFO     | __main__:add_movingpandas_deltas:128 - add direction: 0:07:14.355502
2025-11-10 11:57:33.245 | INFO     | __main__:add_movingpandas_deltas:139 - save out df: 0:38:15.267222
2025-11-10 12:03:58.605 | INFO     | __main__:add_movingpandas_deltas:128 - add direction: 0:09:09.143646
2025-11-10 12:05:07.026 | INFO     | __main__:add_movingpandas_deltas:139 - save out df: 0:45:49.047703
2025-11-10 12:12:07.671 | INFO     | __main__:add_movingpandas_deltas:109 - add distance: 0:14:33.832645
2025-11-10 12:12:26.209 | INFO     | __main__:add_movingpandas_deltas:114 - add timedelta: 0:00:18.537640
2025-11-10 12:19:09.213 | INFO     | __main__:add_movingpandas_deltas:109 - add distance: 0:14:01.544987
2025-11-10 12:19:29.275 | INFO     | __main__:add_movingpandas_deltas:114 - add timedelta: 0:00:20.061578
2025-11-10 12:24:06.995 | INFO     | __main__:add_movingpandas_deltas:122 - add speed: 0:11:40.786421
2025-11-10 12:30:32.373 | INFO     | __main__:add_movingpandas_deltas:122 - add speed: 0:11:03.097980
2025-11-10 12:30:41.215 | INFO     | __main__:add_movingpandas_deltas:128 - add direction: 0:06:34.219882
2025-11-10 12:31:43.193 | INFO     | __main__:add_movingpandas_deltas:139 - save out df: 0:34:09.353986
2025-11-10 12:37:58.047 | INFO     | __main__:add_movingpandas_deltas:128 - add direction: 0:07:25.674149
2025-11-10 12:39:05.570 | INFO     | __main__:add_movingpandas_deltas:139 - save out df: 0:33:57.902012
2025-11-10 12:45:32.322 | INFO     | __main__:add_movingpandas_deltas:109 - add distance: 0:13:48.511651
2025-11-10 12:45:50.864 | INFO     | __main__:add_movingpandas_deltas:114 - add timedelta: 0:00:18.542202
2025-11-10 12:52:07.536 | INFO     | __main__:add_movingpandas_deltas:109 - add distance: 0:13:01.400219
2025-11-10 12:52:26.656 | INFO     | __main__:add_movingpandas_deltas:114 - add timedelta: 0:00:19.119803
2025-11-10 12:57:07.985 | INFO     | __main__:add_movingpandas_deltas:122 - add speed: 0:11:17.121016
2025-11-10 13:02:57.004 | INFO     | __main__:add_movingpandas_deltas:122 - add speed: 0:10:30.347894
2025-11-10 13:03:28.952 | INFO     | __main__:add_movingpandas_deltas:128 - add direction: 0:06:20.966622
2025-11-10 13:04:31.184 | INFO     | __main__:add_movingpandas_deltas:139 - save out df: 0:32:47.373507
2025-11-10 13:10:13.594 | INFO     | __main__:add_movingpandas_deltas:128 - add direction: 0:07:16.589961
2025-11-10 13:11:20.151 | INFO     | __main__:add_movingpandas_deltas:139 - save out df: 0:32:14.015209
2025-11-10 13:18:16.393 | INFO     | __main__:add_movingpandas_deltas:109 - add distance: 0:13:44.544912
2025-11-10 13:18:34.601 | INFO     | __main__:add_movingpandas_deltas:114 - add timedelta: 0:00:18.208498
2025-11-10 13:25:13.881 | INFO     | __main__:add_movingpandas_deltas:109 - add distance: 0:13:53.119025
2025-11-10 13:25:32.658 | INFO     | __main__:add_movingpandas_deltas:114 - add timedelta: 0:00:18.777655
2025-11-10 13:29:39.783 | INFO     | __main__:add_movingpandas_deltas:122 - add speed: 0:11:05.181465
2025-11-10 13:35:46.885 | INFO     | __main__:add_movingpandas_deltas:128 - add direction: 0:06:07.102564
2025-11-10 13:36:46.121 | INFO     | __main__:add_movingpandas_deltas:122 - add speed: 0:11:13.462671
2025-11-10 13:36:53.403 | INFO     | __main__:add_movingpandas_deltas:139 - save out df: 0:32:21.555271
2025-11-10 13:43:44.928 | INFO     | __main__:add_movingpandas_deltas:128 - add direction: 0:06:58.807446
2025-11-10 13:44:53.215 | INFO     | __main__:add_movingpandas_deltas:139 - save out df: 0:33:32.453027
2025-11-10 13:54:31.746 | INFO     | __main__:add_movingpandas_deltas:109 - add distance: 0:17:37.686624
2025-11-10 13:54:51.037 | INFO     | __main__:add_movingpandas_deltas:114 - add timedelta: 0:00:19.290404
2025-11-10 14:03:30.181 | INFO     | __main__:add_movingpandas_deltas:109 - add distance: 0:18:36.367806
2025-11-10 14:03:54.853 | INFO     | __main__:add_movingpandas_deltas:114 - add timedelta: 0:00:24.671956
2025-11-10 14:11:03.301 | INFO     | __main__:add_movingpandas_deltas:122 - add speed: 0:16:12.263750
2025-11-10 14:18:38.127 | INFO     | __main__:add_movingpandas_deltas:122 - add speed: 0:14:43.274816
2025-11-10 14:19:18.620 | INFO     | __main__:add_movingpandas_deltas:128 - add direction: 0:08:15.319663
2025-11-10 14:20:22.736 | INFO     | __main__:add_movingpandas_deltas:139 - save out df: 0:43:28.676092
2025-11-10 14:28:01.818 | INFO     | __main__:add_movingpandas_deltas:128 - add direction: 0:09:23.690660
2025-11-10 14:29:14.352 | INFO     | __main__:add_movingpandas_deltas:139 - save out df: 0:44:20.539519
2025-11-10 14:38:02.339 | INFO     | __main__:add_movingpandas_deltas:109 - add distance: 0:17:38.869291
2025-11-10 14:38:25.197 | INFO     | __main__:add_movingpandas_deltas:114 - add timedelta: 0:00:22.858259
2025-11-10 14:45:56.360 | INFO     | __main__:add_movingpandas_deltas:109 - add distance: 0:16:41.263614
2025-11-10 14:46:20.990 | INFO     | __main__:add_movingpandas_deltas:114 - add timedelta: 0:00:24.630261
2025-11-10 14:53:23.955 | INFO     | __main__:add_movingpandas_deltas:122 - add speed: 0:14:58.758803
2025-11-10 14:59:20.540 | INFO     | __main__:add_movingpandas_deltas:122 - add speed: 0:12:59.549562
2025-11-10 15:01:08.270 | INFO     | __main__:add_movingpandas_deltas:128 - add direction: 0:07:44.314755
2025-11-10 15:02:14.408 | INFO     | __main__:add_movingpandas_deltas:139 - save out df: 0:41:50.939104
2025-11-10 15:08:04.598 | INFO     | __main__:add_movingpandas_deltas:128 - add direction: 0:08:44.058291
2025-11-10 15:09:17.914 | INFO     | __main__:add_movingpandas_deltas:139 - save out df: 0:40:02.817660
2025-11-10 15:17:33.090 | INFO     | __main__:add_movingpandas_deltas:109 - add distance: 0:15:17.909150
2025-11-10 15:17:52.088 | INFO     | __main__:add_movingpandas_deltas:114 - add timedelta: 0:00:18.997446
2025-11-10 15:24:18.482 | INFO     | __main__:add_movingpandas_deltas:109 - add distance: 0:14:59.895463
2025-11-10 15:24:36.284 | INFO     | __main__:add_movingpandas_deltas:114 - add timedelta: 0:00:17.801626
2025-11-10 15:30:12.914 | INFO     | __main__:add_movingpandas_deltas:122 - add speed: 0:12:20.826252
2025-11-10 15:36:33.734 | INFO     | __main__:add_movingpandas_deltas:122 - add speed: 0:11:57.450166
2025-11-10 15:37:05.022 | INFO     | __main__:add_movingpandas_deltas:128 - add direction: 0:06:52.108423
2025-11-10 15:38:16.438 | INFO     | __main__:add_movingpandas_deltas:139 - save out df: 0:36:01.256993
2025-11-10 15:44:17.756 | INFO     | __main__:add_movingpandas_deltas:128 - add direction: 0:07:44.021768
2025-11-10 15:45:23.020 | INFO     | __main__:add_movingpandas_deltas:139 - save out df: 0:36:04.432571
2025-11-10 15:47:47.389 | INFO     | __main__:add_movingpandas_deltas:109 - add distance: 0:09:30.237353
2025-11-10 15:47:58.944 | INFO     | __main__:add_movingpandas_deltas:114 - add timedelta: 0:00:11.554848
2025-11-10 15:52:20.643 | INFO     | __main__:add_movingpandas_deltas:122 - add speed: 0:04:21.698569
2025-11-10 15:54:12.867 | INFO     | __main__:add_movingpandas_deltas:128 - add direction: 0:01:52.224799
2025-11-10 15:54:43.745 | INFO     | __main__:add_movingpandas_deltas:139 - save out df: 0:16:26.592871
2025-11-10 15:54:44.334 | INFO     | __main__:<module>:249 - finish up map partitions: 4:39:16.619974
2025-11-10 15:54:44.399 | INFO     | __main__:<module>:255 - compute: 0:00:00.065069
2025-11-10 15:55:10.227 | INFO     | __main__:<module>:267 - moving pandas with dask: 2025-08-20: 4:39:42.512502
