2024-12-17 17:18:50.557 | INFO     | nearest_vp_to_stop:nearest_neighbor_for_stop:178 - nearest neighbor for stop_segments 2024-12-11: 0:15:15.814696
2024-12-17 17:29:37.837 | INFO     | vp_around_stops:filter_to_nearest_two_vp:248 - nearest 2 vp for stop_segments 2024-12-11: 0:10:45.231077
2024-12-18 10:42:34.461 | INFO     | nearest_vp_to_stop:nearest_neighbor_for_stop:189 - nearest neighbor for stop_segments 2024-12-11: 0:36:50.316084
2024-12-18 14:32:17.520 | INFO     | nearest_vp_to_stop:nearest_neighbor_for_stop:189 - nearest neighbor for rt_stop_times 2024-12-11: 0:40:52.717197
2024-12-18 14:54:17.879 | INFO     | nearest_vp_to_stop:nearest_neighbor_for_stop:189 - nearest neighbor for speedmap_segments 2024-12-11: 0:08:09.784862
2025-01-21 13:27:30.117 | INFO     | nearest_vp_to_stop:nearest_neighbor_for_stop:188 - nearest neighbor for stop_segments 2025-01-15: 0:05:06.574214
2025-01-21 17:11:06.855 | INFO     | nearest_vp_to_stop:nearest_neighbor_for_stop:188 - nearest neighbor for stop_segments 2025-01-15: 0:04:14.577150
2025-01-21 18:22:23.308 | INFO     | nearest_vp_to_stop:nearest_neighbor_for_stop:188 - nearest neighbor for rt_stop_times 2025-01-15: 0:39:52.283432
2025-01-21 18:47:14.614 | INFO     | nearest_vp_to_stop:nearest_neighbor_for_stop:188 - nearest neighbor for speedmap_segments 2025-01-15: 0:08:43.206096
2025-02-12 10:07:05.221 | INFO     | nearest_vp_to_stop:nearest_neighbor_for_stop:188 - nearest neighbor for stop_segments 2025-01-15: 0:04:31.737901
2025-02-17 15:59:08.244 | INFO     | nearest_vp_to_stop:nearest_neighbor_for_stop:188 - nearest neighbor for stop_segments 2025-01-15: 0:38:30.266340
2025-02-17 16:54:03.014 | INFO     | nearest_vp_to_stop:nearest_neighbor_for_stop:188 - nearest neighbor for rt_stop_times 2025-01-15: 0:38:46.207664
2025-02-17 17:15:28.470 | INFO     | nearest_vp_to_stop:nearest_neighbor_for_stop:188 - nearest neighbor for speedmap_segments 2025-01-15: 0:08:28.711118
2025-02-17 21:46:03.502 | INFO     | nearest_vp_to_stop:nearest_neighbor_for_stop:188 - nearest neighbor for stop_segments 2025-02-12: 0:40:51.059342
2025-02-17 22:49:07.879 | INFO     | nearest_vp_to_stop:nearest_neighbor_for_stop:188 - nearest neighbor for rt_stop_times 2025-02-12: 0:43:17.241455
2025-02-17 23:15:34.538 | INFO     | nearest_vp_to_stop:nearest_neighbor_for_stop:188 - nearest neighbor for speedmap_segments 2025-02-12: 0:09:37.952068
2025-03-03 09:59:45.460 | INFO     | nearest_vp_to_stop:nearest_neighbor_for_stop:188 - nearest neighbor for rt_stop_times 2025-02-12: 0:41:52.689125
2025-03-03 12:42:46.885 | INFO     | nearest_vp_to_stop:nearest_neighbor_for_stop:188 - nearest neighbor for speedmap_segments 2025-02-12: 0:09:30.165812
2025-03-03 12:51:33.493 | INFO     | nearest_vp_to_stop:nearest_neighbor_for_stop:188 - nearest neighbor for speedmap_segments 2025-01-15: 0:08:46.595075
2025-03-13 15:02:39.223 | INFO     | nearest_vp_to_stop:nearest_neighbor_for_stop:139 - nearest neighbor for rt_stop_times 2025-02-12: 0:37:23.801809
2025-03-13 15:32:35.941 | INFO     | nearest_vp_to_stop:nearest_neighbor_for_stop:139 - nearest neighbor for speedmap_segments 2025-02-12: 0:09:07.518523
2025-03-17 15:45:26.381 | INFO     | nearest_vp_to_stop:nearest_neighbor_for_stop:139 - nearest neighbor for rt_stop_times 2025-02-12: 0:40:39.468050
2025-03-17 16:15:59.787 | INFO     | nearest_vp_to_stop:nearest_neighbor_for_stop:139 - nearest neighbor for speedmap_segments 2025-02-12: 0:09:48.603213
2025-03-20 10:42:37.056 | INFO     | nearest_vp_to_stop:nearest_neighbor_for_stop:139 - nearest neighbor for rt_stop_times 2025-03-12: 0:36:37.942228
2025-03-20 11:54:52.426 | INFO     | nearest_vp_to_stop:nearest_neighbor_for_stop:139 - nearest neighbor for rt_stop_times 2025-03-12: 0:32:31.577092
2025-03-20 12:20:22.740 | INFO     | nearest_vp_to_stop:nearest_neighbor_for_stop:139 - nearest neighbor for speedmap_segments 2025-03-12: 0:07:59.960183
2025-04-17 16:01:54.487 | INFO     | nearest_vp_to_stop:nearest_neighbor_for_stop:139 - nearest neighbor for rt_stop_times 2025-03-12: 0:30:59.337420
2025-04-17 16:25:55.503 | INFO     | nearest_vp_to_stop:nearest_neighbor_for_stop:139 - nearest neighbor for speedmap_segments 2025-03-12: 0:07:53.659279
2025-04-17 17:46:33.548 | INFO     | nearest_vp_to_stop:nearest_neighbor_for_stop:139 - nearest neighbor for rt_stop_times 2025-04-16: 0:35:38.029389
2025-04-21 14:33:01.567 | INFO     | nearest_vp_to_stop:nearest_neighbor_for_stop:139 - nearest neighbor for rt_stop_times 2025-04-16: 0:41:24.265469
2025-04-21 16:33:39.273 | INFO     | nearest_vp_to_stop:nearest_neighbor_for_stop:139 - nearest neighbor for rt_stop_times 2025-04-16: 0:40:17.519298
2025-04-21 17:04:42.917 | INFO     | nearest_vp_to_stop:nearest_neighbor_for_stop:139 - nearest neighbor for speedmap_segments 2025-04-16: 0:09:32.738418
2025-05-19 18:31:39.621 | INFO     | nearest_vp_to_stop:nearest_neighbor_for_stop:139 - nearest neighbor for rt_stop_times 2025-04-16: 0:37:55.469414
2025-05-19 19:01:36.692 | INFO     | nearest_vp_to_stop:nearest_neighbor_for_stop:139 - nearest neighbor for speedmap_segments 2025-04-16: 0:08:55.907369
2025-05-30 12:49:52.359 | INFO     | nearest_vp_to_stop:nearest_neighbor_for_stop:142 - nearest neighbor for rt_stop_times 2025-05-14: 0:37:34.707282
2025-05-30 13:57:46.312 | INFO     | nearest_vp_to_stop:nearest_neighbor_for_stop:142 - nearest neighbor for rt_stop_times 2025-05-14: 0:38:49.698035
2025-05-30 14:29:26.686 | INFO     | nearest_vp_to_stop:nearest_neighbor_for_stop:142 - nearest neighbor for speedmap_segments 2025-05-14: 0:09:39.250698
2025-06-30 19:08:58.696 | INFO     | nearest_vp_to_stop:nearest_neighbor_for_stop:142 - nearest neighbor for rt_stop_times 2025-06-11: 0:44:00.295692
2025-06-30 19:43:04.128 | INFO     | nearest_vp_to_stop:nearest_neighbor_for_stop:142 - nearest neighbor for speedmap_segments 2025-06-11: 0:11:41.269737
2025-07-17 13:51:07.081 | INFO     | nearest_vp_to_stop:nearest_neighbor_for_stop:142 - nearest neighbor for rt_stop_times 2025-07-16: 0:36:11.741538
2025-07-17 14:17:57.893 | INFO     | nearest_vp_to_stop:nearest_neighbor_for_stop:142 - nearest neighbor for speedmap_segments 2025-07-16: 0:08:08.711024
2025-10-02 12:03:24.220 | INFO     | nearest_vp_to_stop:nearest_neighbor_for_stop:142 - nearest neighbor for rt_stop_times 2025-09-24: 0:38:18.993070
2025-10-02 12:29:44.730 | INFO     | nearest_vp_to_stop:nearest_neighbor_for_stop:142 - nearest neighbor for speedmap_segments 2025-09-24: 0:09:07.977195
2025-10-07 13:50:15.213 | INFO     | speeds_by_time_of_day:aggregate_by_time_of_day:151 - speedmap_segments: time-of-day averages for 2025-09-24 execution time: 0:07:31.813305
2025-10-12 21:40:00.407 | INFO     | nearest_vp_to_stop:nearest_neighbor_for_stop:142 - nearest neighbor for rt_stop_times 2025-08-20: 0:36:27.464417
2025-10-12 22:05:59.717 | INFO     | nearest_vp_to_stop:nearest_neighbor_for_stop:142 - nearest neighbor for speedmap_segments 2025-08-20: 0:08:48.612521
2025-10-19 18:42:19.532 | INFO     | nearest_vp_to_stop:nearest_neighbor_for_stop:142 - nearest neighbor for rt_stop_times 2025-09-23: 0:40:54.155933
2025-10-19 19:11:22.754 | INFO     | nearest_vp_to_stop:nearest_neighbor_for_stop:142 - nearest neighbor for speedmap_segments 2025-09-23: 0:10:01.486645
2025-10-19 21:50:33.193 | INFO     | nearest_vp_to_stop:nearest_neighbor_for_stop:142 - nearest neighbor for rt_stop_times 2025-09-25: 0:41:22.146569
2025-10-19 22:19:12.758 | INFO     | nearest_vp_to_stop:nearest_neighbor_for_stop:142 - nearest neighbor for speedmap_segments 2025-09-25: 0:09:47.852291
2025-10-20 10:20:49.068 | INFO     | nearest_vp_to_stop:nearest_neighbor_for_stop:142 - nearest neighbor for rt_stop_times 2025-10-15: 0:40:28.080549
2025-10-20 10:50:24.024 | INFO     | nearest_vp_to_stop:nearest_neighbor_for_stop:142 - nearest neighbor for speedmap_segments 2025-10-15: 0:09:49.376649
2025-10-21 12:11:05.241 | INFO     | nearest_vp_to_stop:nearest_neighbor_for_stop:142 - nearest neighbor for rt_stop_times 2025-10-16: 0:50:08.194807
2025-10-21 12:44:24.996 | INFO     | nearest_vp_to_stop:nearest_neighbor_for_stop:142 - nearest neighbor for speedmap_segments 2025-10-16: 0:11:21.626609
2025-11-03 11:05:31.759 | INFO     | nearest_vp_to_stop:nearest_neighbor_for_stop:142 - nearest neighbor for rt_stop_times 2025-09-30: 0:29:17.945171
2025-11-03 11:26:54.927 | INFO     | nearest_vp_to_stop:nearest_neighbor_for_stop:142 - nearest neighbor for speedmap_segments 2025-09-30: 0:06:48.074118
2025-11-03 13:40:53.852 | INFO     | nearest_vp_to_stop:nearest_neighbor_for_stop:142 - nearest neighbor for rt_stop_times 2025-10-01: 0:28:08.703855
2025-11-03 14:00:57.024 | INFO     | nearest_vp_to_stop:nearest_neighbor_for_stop:142 - nearest neighbor for speedmap_segments 2025-10-01: 0:06:40.191520
2025-11-04 11:04:22.357 | INFO     | nearest_vp_to_stop:nearest_neighbor_for_stop:142 - nearest neighbor for rt_stop_times 2025-10-02: 0:31:34.155232
2025-11-04 19:59:02.093 | INFO     | nearest_vp_to_stop:nearest_neighbor_for_stop:142 - nearest neighbor for rt_stop_times 2025-10-07: 0:30:25.402776
2025-11-04 20:22:08.217 | INFO     | nearest_vp_to_stop:nearest_neighbor_for_stop:142 - nearest neighbor for speedmap_segments 2025-10-07: 0:07:35.663951
2025-11-04 22:27:04.537 | INFO     | nearest_vp_to_stop:nearest_neighbor_for_stop:142 - nearest neighbor for rt_stop_times 2025-10-08: 0:30:03.517553
2025-11-04 22:47:26.095 | INFO     | nearest_vp_to_stop:nearest_neighbor_for_stop:142 - nearest neighbor for speedmap_segments 2025-10-08: 0:06:21.265355
2025-11-10 10:46:36.928 | INFO     | nearest_vp_to_stop:nearest_neighbor_for_stop:142 - nearest neighbor for rt_stop_times 2025-10-09: 0:45:36.043600
2025-11-10 11:17:13.934 | INFO     | nearest_vp_to_stop:nearest_neighbor_for_stop:142 - nearest neighbor for speedmap_segments 2025-10-09: 0:10:46.056317
2025-11-10 15:27:40.350 | INFO     | nearest_vp_to_stop:nearest_neighbor_for_stop:142 - nearest neighbor for rt_stop_times 2025-10-02: 0:44:33.284834
2025-11-10 15:57:51.634 | INFO     | nearest_vp_to_stop:nearest_neighbor_for_stop:142 - nearest neighbor for speedmap_segments 2025-10-02: 0:10:45.605171
2025-11-12 10:25:56.844 | INFO     | nearest_vp_to_stop:nearest_neighbor_for_stop:142 - nearest neighbor for rt_stop_times 2025-09-16: 0:44:04.771950
2025-11-12 10:55:49.219 | INFO     | nearest_vp_to_stop:nearest_neighbor_for_stop:142 - nearest neighbor for speedmap_segments 2025-09-16: 0:09:54.484356
2025-11-12 13:55:44.952 | INFO     | nearest_vp_to_stop:nearest_neighbor_for_stop:142 - nearest neighbor for rt_stop_times 2025-09-17: 0:44:19.232957
2025-11-12 14:24:45.077 | INFO     | nearest_vp_to_stop:nearest_neighbor_for_stop:142 - nearest neighbor for speedmap_segments 2025-09-17: 0:10:02.571103
2025-11-12 20:23:59.846 | INFO     | nearest_vp_to_stop:nearest_neighbor_for_stop:142 - nearest neighbor for rt_stop_times 2025-09-18: 0:46:19.441481
2025-11-12 20:54:38.090 | INFO     | nearest_vp_to_stop:nearest_neighbor_for_stop:142 - nearest neighbor for speedmap_segments 2025-09-18: 0:10:20.837067
2025-11-17 12:45:01.701 | INFO     | nearest_vp_to_stop:nearest_neighbor_for_stop:142 - nearest neighbor for rt_stop_times 2025-11-05: 0:38:39.106875
2025-11-17 13:12:12.533 | INFO     | nearest_vp_to_stop:nearest_neighbor_for_stop:142 - nearest neighbor for speedmap_segments 2025-11-05: 0:09:28.215720
2025-11-17 15:13:30.778 | INFO     | nearest_vp_to_stop:nearest_neighbor_for_stop:142 - nearest neighbor for rt_stop_times 2025-11-05: 0:39:07.523312
2025-11-17 15:41:02.044 | INFO     | nearest_vp_to_stop:nearest_neighbor_for_stop:142 - nearest neighbor for speedmap_segments 2025-11-05: 0:09:12.863601
2026-01-23 11:57:11.887 | INFO     | nearest_vp_to_stop:nearest_neighbor_for_stop:147 - nearest neighbor for rt_stop_times 2025-12-17: 0:39:47.419228
2026-02-02 16:13:13.661 | INFO     | nearest_vp_to_stop:nearest_neighbor_for_stop:149 - nearest neighbor for rt_stop_times 2025-12-17: 0:41:58.668677
2026-02-02 17:13:09.915 | INFO     | nearest_vp_to_stop:nearest_neighbor_for_stop:149 - nearest neighbor for rt_stop_times 2025-12-17: 0:43:15.982834
2026-02-02 18:03:32.371 | INFO     | nearest_vp_to_stop:nearest_neighbor_for_stop:149 - nearest neighbor for rt_stop_times 2025-12-17: 0:42:34.619619
