2023-08-03 09:00:53.761 | INFO     | __main__:<module>:172 - Analysis date: 2023-06-14
2023-08-03 09:01:13.253 | INFO     | __main__:<module>:198 - get delayed by operator: 0:00:19.490708
2023-08-03 09:41:41.514 | INFO     | __main__:<module>:203 - compute results: 0:40:28.260681
2023-08-03 09:41:42.365 | INFO     | __main__:<module>:214 - export: 0:00:00.850823
2023-08-03 09:41:42.365 | INFO     | __main__:<module>:215 - execution time: 0:40:48.602212
2023-08-03 13:01:15.754 | INFO     | __main__:<module>:196 - Analysis date: 2023-05-17
2023-08-03 13:01:39.246 | INFO     | __main__:<module>:221 - get delayed by operator: 0:00:23.489165
2023-08-03 13:58:20.869 | INFO     | __main__:<module>:226 - compute results: 0:56:41.622821
2023-08-03 13:58:21.706 | INFO     | __main__:<module>:237 - export: 0:00:00.837454
2023-08-03 13:58:21.709 | INFO     | __main__:<module>:238 - execution time: 0:57:05.949440
2023-08-03 14:49:15.922 | INFO     | __main__:<module>:193 - Analysis date: 2023-04-12
2023-08-03 14:49:35.373 | INFO     | __main__:<module>:218 - get delayed by operator: 0:00:19.450492
2023-08-03 15:38:51.126 | INFO     | __main__:<module>:223 - compute results: 0:49:15.752969
2023-08-03 15:38:51.771 | INFO     | __main__:<module>:234 - export: 0:00:00.645042
2023-08-03 15:38:51.772 | INFO     | __main__:<module>:235 - execution time: 0:49:35.848503
2023-08-03 16:04:56.684 | INFO     | __main__:<module>:193 - Analysis date: 2023-03-15
2023-08-03 16:05:26.228 | INFO     | __main__:<module>:218 - get delayed by operator: 0:00:29.542906
2023-08-03 16:52:54.190 | INFO     | __main__:<module>:223 - compute results: 0:47:27.961693
2023-08-03 16:52:54.953 | INFO     | __main__:<module>:234 - export: 0:00:00.763199
2023-08-03 16:52:54.954 | INFO     | __main__:<module>:235 - execution time: 0:47:58.267798
