2024-02-15 14:19:36.965 | INFO     | __main__:calculate_speed_from_stop_arrivals:132 - speeds by segment: 2024-02-14: 0:00:31.989535
2024-02-15 14:45:36.035 | INFO     | __main__:calculate_speed_from_stop_arrivals:132 - speeds by segment: 2024-01-17: 0:00:32.109610
2024-03-28 13:11:29.272 | INFO     | __main__:calculate_speed_from_stop_arrivals:148 - speeds by segment for stop_segments 2024-03-13: 0:01:36.402022
2024-04-18 15:04:52.606 | INFO     | stop_arrivals_to_speed:calculate_speed_from_stop_arrivals:148 - speeds by segment for stop_segments 2024-04-17: 0:01:48.092886
2024-04-18 15:42:16.358 | INFO     | stop_arrivals_to_speed:calculate_speed_from_stop_arrivals:148 - speeds by segment for rt_stop_times 2024-04-17: 0:01:43.666310
2024-05-10 18:17:56.639 | INFO     | stop_arrivals_to_speed:calculate_speed_from_stop_arrivals:166 - speeds by segment for stop_segments 2024-04-15: 0:02:06.481505
2024-05-10 18:51:49.496 | INFO     | stop_arrivals_to_speed:calculate_speed_from_stop_arrivals:166 - speeds by segment for stop_segments 2024-04-16: 0:01:38.536150
2024-05-10 19:24:47.390 | INFO     | stop_arrivals_to_speed:calculate_speed_from_stop_arrivals:166 - speeds by segment for stop_segments 2024-04-18: 0:01:45.282931
2024-05-10 19:54:48.961 | INFO     | stop_arrivals_to_speed:calculate_speed_from_stop_arrivals:166 - speeds by segment for stop_segments 2024-04-19: 0:01:34.127033
2024-05-10 19:54:48.961 | INFO     | stop_arrivals_to_speed:calculate_speed_from_stop_arrivals:166 - speeds by segment for stop_segments 2024-04-19: 0:01:34.127033
2024-05-10 20:15:23.497 | INFO     | stop_arrivals_to_speed:calculate_speed_from_stop_arrivals:166 - speeds by segment for stop_segments 2024-04-20: 0:01:11.476721
2024-05-10 20:36:41.819 | INFO     | stop_arrivals_to_speed:calculate_speed_from_stop_arrivals:166 - speeds by segment for stop_segments 2024-04-21: 0:01:06.212413
2024-05-10 22:00:23.782 | INFO     | stop_arrivals_to_speed:calculate_speed_from_stop_arrivals:166 - speeds by segment for rt_stop_times 2024-04-15: 0:01:43.945987
2024-05-10 22:35:29.458 | INFO     | stop_arrivals_to_speed:calculate_speed_from_stop_arrivals:166 - speeds by segment for rt_stop_times 2024-04-16: 0:01:49.522539
2024-05-10 23:09:32.842 | INFO     | stop_arrivals_to_speed:calculate_speed_from_stop_arrivals:166 - speeds by segment for rt_stop_times 2024-04-18: 0:01:42.506691
2024-05-10 23:41:19.994 | INFO     | stop_arrivals_to_speed:calculate_speed_from_stop_arrivals:166 - speeds by segment for rt_stop_times 2024-04-19: 0:01:41.058834
2024-05-11 00:03:10.695 | INFO     | stop_arrivals_to_speed:calculate_speed_from_stop_arrivals:166 - speeds by segment for rt_stop_times 2024-04-20: 0:01:10.567533
2024-05-11 00:25:37.380 | INFO     | stop_arrivals_to_speed:calculate_speed_from_stop_arrivals:166 - speeds by segment for rt_stop_times 2024-04-21: 0:01:09.572614
2024-05-11 00:25:37.380 | INFO     | stop_arrivals_to_speed:calculate_speed_from_stop_arrivals:166 - speeds by segment for rt_stop_times 2024-04-21: 0:01:09.572614
2024-05-21 13:49:26.158 | INFO     | stop_arrivals_to_speed:calculate_speed_from_stop_arrivals:174 - speeds by segment for speedmap_segments 2024-04-17: 0:02:03.442389
