2022-09-20 09:52:15.050 | INFO     | __main__:grab_cached_results:43 - Not found: 1651146974
2022-09-20 09:52:15.095 | INFO     | __main__:grab_cached_results:43 - Not found: 1951566100
2022-09-20 09:52:22.078 | INFO     | __main__:grab_cached_results:43 - Not found: 2104111948
2022-09-20 09:52:27.567 | INFO     | __main__:grab_cached_results:43 - Not found: 3062230148
2022-09-20 09:52:36.202 | INFO     | __main__:grab_cached_results:43 - Not found: 3590709251
2022-09-20 09:52:36.247 | INFO     | __main__:grab_cached_results:43 - Not found: 4003696335
2022-09-20 09:52:36.296 | INFO     | __main__:grab_cached_results:43 - Not found: 3972579643
2022-09-20 09:52:47.667 | INFO     | __main__:grab_cached_results:43 - Not found: 1869511192
2022-09-20 09:52:48.173 | INFO     | __main__:grab_cached_results:43 - Not found: 694468059
2022-09-20 09:52:48.853 | INFO     | __main__:grab_cached_results:43 - Not found: 2331212190
2022-09-20 09:52:48.999 | INFO     | __main__:grab_cached_results:43 - Not found: 3486323773
2022-09-20 09:53:11.211 | INFO     | __main__:grab_cached_results:43 - Not found: 3952894067
2022-09-20 09:53:13.554 | INFO     | __main__:grab_cached_results:43 - Not found: 3939442583
2022-09-20 09:53:17.953 | INFO     | __main__:grab_cached_results:43 - Not found: 254466145
2022-09-20 09:53:17.997 | INFO     | __main__:grab_cached_results:43 - Not found: 1069497960
2022-09-20 09:53:22.201 | INFO     | __main__:grab_cached_results:43 - Not found: 2154842720
2022-09-20 09:53:22.588 | INFO     | __main__:grab_cached_results:43 - Not found: 1057412995
2022-09-20 09:53:22.637 | INFO     | __main__:grab_cached_results:43 - Not found: 3233758343
2022-09-20 09:53:23.389 | INFO     | __main__:grab_cached_results:43 - Not found: 3766542310
2022-09-20 09:53:23.831 | INFO     | __main__:grab_cached_results:43 - Not found: 400297255
2022-09-20 09:53:55.142 | INFO     | __main__:grab_cached_results:43 - Not found: 856885961
2022-09-20 09:53:55.187 | INFO     | __main__:grab_cached_results:43 - Not found: 323802326
2022-09-20 09:54:04.828 | INFO     | __main__:grab_cached_results:43 - Not found: 3550760345
2022-09-20 09:54:22.165 | INFO     | __main__:grab_cached_results:43 - Not found: 3634971192
2022-09-20 09:54:22.640 | INFO     | __main__:grab_cached_results:43 - Not found: 446418325
2022-09-20 09:54:22.685 | INFO     | __main__:grab_cached_results:43 - Not found: 637344692
2022-09-20 09:54:28.921 | INFO     | __main__:grab_cached_results:43 - Not found: 2668903750
2022-09-20 09:54:28.966 | INFO     | __main__:grab_cached_results:43 - Not found: 3165044125
2022-09-20 09:54:36.532 | INFO     | __main__:grab_cached_results:43 - Not found: 3818318090
2022-09-20 09:54:36.579 | INFO     | __main__:grab_cached_results:43 - Not found: 978867958
2022-09-20 09:54:41.623 | INFO     | __main__:grab_cached_results:43 - Not found: 1390587403
2022-09-20 09:54:41.668 | INFO     | __main__:grab_cached_results:43 - Not found: 1010440335
2022-09-20 09:54:51.547 | INFO     | __main__:grab_cached_results:43 - Not found: 1330733478
2022-09-20 09:55:02.742 | INFO     | __main__:grab_cached_results:43 - Not found: 1876489897
2022-09-20 09:55:05.209 | INFO     | __main__:grab_cached_results:43 - Not found: 3979666828
2022-09-20 09:55:07.565 | INFO     | __main__:grab_cached_results:43 - Not found: 2069030364
2022-09-20 09:55:08.167 | INFO     | __main__:grab_cached_results:43 - Not found: 579992231
2022-09-20 09:55:08.621 | INFO     | __main__:grab_cached_results:43 - Not found: 3105751299
2022-09-20 09:55:09.802 | INFO     | __main__:grab_cached_results:43 - Not found: 4107379479
2022-09-20 09:55:23.294 | INFO     | __main__:grab_cached_results:43 - Not found: 1867808698
2022-09-20 09:55:28.477 | INFO     | __main__:grab_cached_results:43 - Not found: 1021274466
2022-09-20 09:55:31.597 | INFO     | __main__:grab_cached_results:43 - Not found: 1052319008
2022-09-20 09:55:31.643 | INFO     | __main__:grab_cached_results:43 - Not found: 3255365754
2022-09-20 09:55:31.776 | INFO     | __main__:grab_cached_results:43 - Not found: 3759811727
2022-09-20 09:55:31.821 | INFO     | __main__:grab_cached_results:43 - Not found: 3027597241
2022-09-20 09:55:31.867 | INFO     | __main__:grab_cached_results:43 - Not found: 481018325
2022-09-20 09:55:34.302 | INFO     | __main__:<module>:77 - Grabbed cached results
2022-09-20 09:55:34.303 | INFO     | __main__:double_check_lists_match:51 - # results_ids: 1989
2022-09-20 09:55:34.303 | INFO     | __main__:double_check_lists_match:52 - # durations: 1989
2022-09-20 09:55:34.323 | INFO     | __main__:<module>:92 - Compiled results: 0:03:34.480750
2022-09-20 09:55:39.786 | INFO     | __main__:<module>:114 - Total execution: 0:03:39.943337
2022-09-20 10:00:25.861 | INFO     | __main__:grab_cached_results:43 - Not found: 1651146974
2022-09-20 10:00:25.904 | INFO     | __main__:grab_cached_results:43 - Not found: 1951566100
2022-09-20 10:00:30.193 | INFO     | __main__:grab_cached_results:43 - Not found: 2104111948
2022-09-20 10:00:33.588 | INFO     | __main__:grab_cached_results:43 - Not found: 3062230148
2022-09-20 10:00:40.196 | INFO     | __main__:grab_cached_results:43 - Not found: 3590709251
2022-09-20 10:00:40.241 | INFO     | __main__:grab_cached_results:43 - Not found: 4003696335
2022-09-20 10:00:40.287 | INFO     | __main__:grab_cached_results:43 - Not found: 3972579643
2022-09-20 10:00:48.279 | INFO     | __main__:grab_cached_results:43 - Not found: 1869511192
2022-09-20 10:00:48.543 | INFO     | __main__:grab_cached_results:43 - Not found: 694468059
2022-09-20 10:00:49.018 | INFO     | __main__:grab_cached_results:43 - Not found: 2331212190
2022-09-20 10:00:49.141 | INFO     | __main__:grab_cached_results:43 - Not found: 3486323773
2022-09-20 10:01:03.248 | INFO     | __main__:grab_cached_results:43 - Not found: 3952894067
2022-09-20 10:01:04.598 | INFO     | __main__:grab_cached_results:43 - Not found: 3939442583
2022-09-20 10:01:07.476 | INFO     | __main__:grab_cached_results:43 - Not found: 254466145
2022-09-20 10:01:07.520 | INFO     | __main__:grab_cached_results:43 - Not found: 1069497960
2022-09-20 10:01:10.144 | INFO     | __main__:grab_cached_results:43 - Not found: 2154842720
2022-09-20 10:01:10.386 | INFO     | __main__:grab_cached_results:43 - Not found: 1057412995
2022-09-20 10:01:10.431 | INFO     | __main__:grab_cached_results:43 - Not found: 3233758343
2022-09-20 10:01:10.875 | INFO     | __main__:grab_cached_results:43 - Not found: 3766542310
2022-09-20 10:01:11.137 | INFO     | __main__:grab_cached_results:43 - Not found: 400297255
2022-09-20 10:01:32.066 | INFO     | __main__:grab_cached_results:43 - Not found: 856885961
2022-09-20 10:01:32.113 | INFO     | __main__:grab_cached_results:43 - Not found: 323802326
2022-09-20 10:01:38.579 | INFO     | __main__:grab_cached_results:43 - Not found: 3550760345
2022-09-20 10:01:49.585 | INFO     | __main__:grab_cached_results:43 - Not found: 3634971192
2022-09-20 10:01:49.876 | INFO     | __main__:grab_cached_results:43 - Not found: 446418325
2022-09-20 10:01:49.922 | INFO     | __main__:grab_cached_results:43 - Not found: 637344692
2022-09-20 10:01:53.621 | INFO     | __main__:grab_cached_results:43 - Not found: 2668903750
2022-09-20 10:01:53.667 | INFO     | __main__:grab_cached_results:43 - Not found: 3165044125
2022-09-20 10:01:58.613 | INFO     | __main__:grab_cached_results:43 - Not found: 3818318090
2022-09-20 10:01:58.657 | INFO     | __main__:grab_cached_results:43 - Not found: 978867958
2022-09-20 10:02:01.981 | INFO     | __main__:grab_cached_results:43 - Not found: 1390587403
2022-09-20 10:02:02.030 | INFO     | __main__:grab_cached_results:43 - Not found: 1010440335
2022-09-20 10:02:08.984 | INFO     | __main__:grab_cached_results:43 - Not found: 1330733478
2022-09-20 10:02:16.867 | INFO     | __main__:grab_cached_results:43 - Not found: 1876489897
2022-09-20 10:02:18.400 | INFO     | __main__:grab_cached_results:43 - Not found: 3979666828
2022-09-20 10:02:19.904 | INFO     | __main__:grab_cached_results:43 - Not found: 2069030364
2022-09-20 10:02:20.256 | INFO     | __main__:grab_cached_results:43 - Not found: 579992231
2022-09-20 10:02:20.484 | INFO     | __main__:grab_cached_results:43 - Not found: 3105751299
2022-09-20 10:02:21.294 | INFO     | __main__:grab_cached_results:43 - Not found: 4107379479
2022-09-20 10:02:30.565 | INFO     | __main__:grab_cached_results:43 - Not found: 1867808698
2022-09-20 10:02:33.722 | INFO     | __main__:grab_cached_results:43 - Not found: 1021274466
2022-09-20 10:02:35.775 | INFO     | __main__:grab_cached_results:43 - Not found: 1052319008
2022-09-20 10:02:35.819 | INFO     | __main__:grab_cached_results:43 - Not found: 3255365754
2022-09-20 10:02:35.962 | INFO     | __main__:grab_cached_results:43 - Not found: 3759811727
2022-09-20 10:02:36.005 | INFO     | __main__:grab_cached_results:43 - Not found: 3027597241
2022-09-20 10:02:36.048 | INFO     | __main__:grab_cached_results:43 - Not found: 481018325
2022-09-20 10:02:37.901 | INFO     | __main__:<module>:77 - Grabbed cached results
2022-09-20 10:02:37.902 | INFO     | __main__:double_check_lists_match:51 - # results_ids: 1989
2022-09-20 10:02:37.903 | INFO     | __main__:double_check_lists_match:52 - # durations: 1989
2022-09-20 10:02:37.919 | INFO     | __main__:<module>:92 - Compiled results: 0:02:21.576213
2022-09-20 10:02:44.268 | INFO     | __main__:<module>:116 - Total execution: 0:02:27.925428
