2023-12-12 11:13:45.784 | INFO     | __main__:vp_usable_metrics:272 - Rt service min: 0:01:15.314934
2023-12-12 11:15:41.997 | INFO     | __main__:vp_usable_metrics:287 - Pings metric: 0:01:56.212513
2023-12-12 11:18:59.440 | INFO     | __main__:vp_usable_metrics:296 - Buffering: 0:03:17.442711
2023-12-12 11:40:43.281 | INFO     | __main__:vp_usable_metrics:308 - Find vps that fall into shapes: 0:21:43.841980
2023-12-12 11:40:46.512 | INFO     | __main__:vp_usable_metrics:320 - Spatial accuracy metric: 0:00:03.230400
2023-12-12 11:40:48.293 | INFO     | __main__:vp_usable_metrics:336 - Total run time for 2023-11-15: 0:28:17.824052
2023-12-12 16:13:25.283 | INFO     | __main__:vp_usable_metrics:276 - Rt service min: 0:00:00.664245
2023-12-12 16:14:41.098 | INFO     | __main__:vp_usable_metrics:291 - Grouping by each minute: 0:01:15.814686
2023-12-12 16:14:41.115 | INFO     | __main__:vp_usable_metrics:296 - Spatial accuracy metric: 0:00:00.016770
2023-12-12 16:17:52.190 | INFO     | __main__:vp_usable_metrics:305 - Buffering: 0:03:11.075208
2023-12-12 16:20:01.602 | INFO     | __main__:vp_usable_metrics:317 - Find vps that fall into shapes: 0:02:09.412447
2023-12-12 16:20:02.840 | INFO     | __main__:vp_usable_metrics:329 - Spatial accuracy grouping metric: 0:00:01.238068
2023-12-12 16:21:13.139 | INFO     | __main__:vp_usable_metrics:345 - Total run time for metrics on 2023-11-15: 0:07:48.519453
2023-12-12 16:22:58.113 | INFO     | __main__:vp_usable_metrics:277 - Rt service min: 0:00:00.794195
2023-12-12 16:24:44.389 | INFO     | __main__:vp_usable_metrics:292 - Grouping by each minute: 0:01:46.275547
2023-12-12 16:24:44.404 | INFO     | __main__:vp_usable_metrics:297 - Spatial accuracy metric: 0:00:00.015375
2023-12-12 16:26:55.202 | INFO     | __main__:vp_usable_metrics:306 - Buffering: 0:02:10.797704
2023-12-12 16:41:57.960 | INFO     | __main__:vp_usable_metrics:318 - Find vps that fall into shapes: 0:15:02.757893
2023-12-12 16:42:00.587 | INFO     | __main__:vp_usable_metrics:330 - Spatial accuracy grouping metric: 0:00:02.627079
2023-12-12 16:43:04.056 | INFO     | __main__:vp_usable_metrics:346 - Total run time for metrics on 2023-11-15: 0:20:06.736887
2023-12-13 08:46:26.655 | INFO     | __main__:vp_usable_metrics:277 - Rt service min: 0:00:00.771896
2023-12-13 08:48:27.884 | INFO     | __main__:vp_usable_metrics:292 - Grouping by each minute: 0:02:01.228964
2023-12-13 08:48:27.900 | INFO     | __main__:vp_usable_metrics:297 - Spatial accuracy metric: 0:00:00.015826
2023-12-13 08:50:59.111 | INFO     | __main__:vp_usable_metrics:306 - Buffering: 0:02:31.211280
2023-12-13 09:08:21.628 | INFO     | __main__:vp_usable_metrics:318 - Find vps that fall into shapes: 0:17:22.516863
2023-12-13 09:08:25.962 | INFO     | __main__:vp_usable_metrics:330 - Spatial accuracy grouping metric: 0:00:04.333812
2023-12-13 09:09:38.881 | INFO     | __main__:vp_usable_metrics:346 - Total run time for metrics on 2023-11-15: 0:23:12.998400
2023-12-13 11:01:37.852 | INFO     | __main__:vp_usable_metrics:277 - Rt service min: 0:00:01.055862
2023-12-13 11:02:46.643 | INFO     | __main__:vp_usable_metrics:292 - Grouping by each minute: 0:01:08.791268
2023-12-13 11:02:46.703 | INFO     | __main__:vp_usable_metrics:297 - Spatial accuracy metric: 0:00:00.059808
2023-12-13 11:04:51.731 | INFO     | __main__:vp_usable_metrics:306 - Buffering: 0:02:05.027915
2023-12-13 11:06:54.972 | INFO     | __main__:vp_usable_metrics:318 - Find vps that fall into shapes: 0:02:03.240776
2023-12-13 11:06:56.141 | INFO     | __main__:vp_usable_metrics:330 - Spatial accuracy grouping metric: 0:00:01.169613
2023-12-13 11:07:51.818 | INFO     | __main__:vp_usable_metrics:346 - Total run time for metrics on 2023-04-12: 0:06:15.022268
2023-12-13 11:07:52.380 | INFO     | __main__:vp_usable_metrics:277 - Rt service min: 0:00:00.527007
2023-12-13 11:07:52.380 | INFO     | __main__:vp_usable_metrics:277 - Rt service min: 0:00:00.527007
2023-12-13 11:09:05.220 | INFO     | __main__:vp_usable_metrics:292 - Grouping by each minute: 0:01:12.839722
2023-12-13 11:09:05.220 | INFO     | __main__:vp_usable_metrics:292 - Grouping by each minute: 0:01:12.839722
2023-12-13 11:09:05.237 | INFO     | __main__:vp_usable_metrics:297 - Spatial accuracy metric: 0:00:00.017360
2023-12-13 11:09:05.237 | INFO     | __main__:vp_usable_metrics:297 - Spatial accuracy metric: 0:00:00.017360
2023-12-13 11:11:00.176 | INFO     | __main__:vp_usable_metrics:306 - Buffering: 0:01:54.938447
2023-12-13 11:11:00.176 | INFO     | __main__:vp_usable_metrics:306 - Buffering: 0:01:54.938447
2023-12-13 11:13:13.933 | INFO     | __main__:vp_usable_metrics:318 - Find vps that fall into shapes: 0:02:13.757000
2023-12-13 11:13:13.933 | INFO     | __main__:vp_usable_metrics:318 - Find vps that fall into shapes: 0:02:13.757000
2023-12-13 11:13:15.078 | INFO     | __main__:vp_usable_metrics:330 - Spatial accuracy grouping metric: 0:00:01.145267
2023-12-13 11:13:15.078 | INFO     | __main__:vp_usable_metrics:330 - Spatial accuracy grouping metric: 0:00:01.145267
2023-12-13 11:14:16.828 | INFO     | __main__:vp_usable_metrics:346 - Total run time for metrics on 2023-10-11: 0:06:24.974502
2023-12-13 11:14:16.828 | INFO     | __main__:vp_usable_metrics:346 - Total run time for metrics on 2023-10-11: 0:06:24.974502
2023-12-13 11:14:17.370 | INFO     | __main__:vp_usable_metrics:277 - Rt service min: 0:00:00.515846
2023-12-13 11:14:17.370 | INFO     | __main__:vp_usable_metrics:277 - Rt service min: 0:00:00.515846
2023-12-13 11:14:17.370 | INFO     | __main__:vp_usable_metrics:277 - Rt service min: 0:00:00.515846
2023-12-13 11:15:20.325 | INFO     | __main__:vp_usable_metrics:292 - Grouping by each minute: 0:01:02.955035
2023-12-13 11:15:20.325 | INFO     | __main__:vp_usable_metrics:292 - Grouping by each minute: 0:01:02.955035
2023-12-13 11:15:20.325 | INFO     | __main__:vp_usable_metrics:292 - Grouping by each minute: 0:01:02.955035
2023-12-13 11:15:20.347 | INFO     | __main__:vp_usable_metrics:297 - Spatial accuracy metric: 0:00:00.022768
2023-12-13 11:15:20.347 | INFO     | __main__:vp_usable_metrics:297 - Spatial accuracy metric: 0:00:00.022768
2023-12-13 11:15:20.347 | INFO     | __main__:vp_usable_metrics:297 - Spatial accuracy metric: 0:00:00.022768
