2023-08-18 15:19:48.149 | INFO     | __main__:<module>:170 - Analysis date: 2023-08-16
2023-08-18 15:20:17.097 | INFO     | __main__:<module>:201 - use map partitions to find within shape vp: 0:00:28.947016
2023-08-18 15:35:10.084 | INFO     | __main__:<module>:206 - compute results: 0:14:52.986890
2023-08-18 15:35:12.553 | INFO     | __main__:<module>:212 - export: 0:00:02.469004
2023-08-18 15:35:12.553 | INFO     | __main__:<module>:213 - execution time: 0:15:24.402910
2023-08-18 15:38:14.436 | INFO     | __main__:<module>:170 - Analysis date: 2023-07-12
2023-08-18 15:38:42.736 | INFO     | __main__:<module>:201 - use map partitions to find within shape vp: 0:00:28.299803
2023-08-18 15:54:02.728 | INFO     | __main__:<module>:206 - compute results: 0:15:19.991411
2023-08-18 15:54:07.374 | INFO     | __main__:<module>:212 - export: 0:00:04.646622
2023-08-18 15:54:07.375 | INFO     | __main__:<module>:213 - execution time: 0:15:52.937836
2023-08-18 16:02:26.837 | INFO     | __main__:<module>:174 - Analysis date: 2023-06-14
2023-08-18 16:02:56.846 | INFO     | __main__:<module>:205 - use map partitions to find within shape vp: 0:00:30.007969
2023-08-18 16:16:56.154 | INFO     | __main__:<module>:210 - compute results: 0:13:59.308081
2023-08-18 16:16:59.091 | INFO     | __main__:<module>:216 - export: 0:00:02.936990
2023-08-18 16:16:59.092 | INFO     | __main__:<module>:217 - execution time: 0:14:32.253040
2023-08-18 16:25:19.140 | INFO     | __main__:<module>:170 - Analysis date: 2023-05-17
2023-08-18 16:25:51.141 | INFO     | __main__:<module>:201 - use map partitions to find within shape vp: 0:00:32.000681
2023-08-18 16:40:05.284 | INFO     | __main__:<module>:206 - compute results: 0:14:14.142160
2023-08-18 16:40:07.456 | INFO     | __main__:<module>:212 - export: 0:00:02.171959
2023-08-18 16:40:07.456 | INFO     | __main__:<module>:213 - execution time: 0:14:48.314800
2023-08-18 16:47:26.435 | INFO     | __main__:<module>:170 - Analysis date: 2023-04-12
2023-08-18 16:47:57.970 | INFO     | __main__:<module>:201 - use map partitions to find within shape vp: 0:00:31.534692
2023-08-18 17:02:53.602 | INFO     | __main__:<module>:206 - compute results: 0:14:55.631232
2023-08-18 17:02:55.210 | INFO     | __main__:<module>:212 - export: 0:00:01.608266
2023-08-18 17:02:55.210 | INFO     | __main__:<module>:213 - execution time: 0:15:28.774190
2023-08-18 17:51:08.274 | INFO     | __main__:<module>:170 - Analysis date: 2023-03-15
2023-08-18 17:51:45.899 | INFO     | __main__:<module>:201 - use map partitions to find within shape vp: 0:00:37.624322
2023-08-18 18:07:23.039 | INFO     | __main__:<module>:206 - compute results: 0:15:37.139643
2023-08-18 18:07:41.448 | INFO     | __main__:<module>:212 - export: 0:00:18.409078
2023-08-18 18:07:41.449 | INFO     | __main__:<module>:213 - execution time: 0:16:33.173043
2023-08-24 15:39:32.058 | INFO     | __main__:<module>:170 - Analysis date: 2023-08-15
2023-08-24 15:40:07.296 | INFO     | __main__:<module>:201 - use map partitions to find within shape vp: 0:00:35.202698
2023-08-24 15:56:51.631 | INFO     | __main__:<module>:206 - compute results: 0:16:44.334493
2023-08-24 15:56:53.954 | INFO     | __main__:<module>:212 - export: 0:00:02.323612
2023-08-24 15:56:53.955 | INFO     | __main__:<module>:213 - execution time: 0:17:21.860803
2023-09-14 15:06:52.843 | INFO     | __main__:<module>:170 - Analysis date: 2023-09-13
2023-09-14 15:07:23.164 | INFO     | __main__:<module>:201 - use map partitions to find within shape vp: 0:00:30.296347
2023-09-14 15:28:53.077 | INFO     | __main__:<module>:206 - compute results: 0:21:29.912870
2023-09-14 15:28:54.955 | INFO     | __main__:<module>:212 - export: 0:00:01.878703
2023-09-14 15:28:54.956 | INFO     | __main__:<module>:213 - execution time: 0:22:02.087920
2023-10-17 19:30:35.929 | INFO     | __main__:<module>:171 - Analysis date: 2023-10-11
2023-10-17 19:31:00.690 | INFO     | __main__:<module>:202 - use map partitions to find within shape vp: 0:00:24.747995
2023-10-17 19:46:39.904 | INFO     | __main__:<module>:207 - compute results: 0:15:39.213513
2023-10-17 19:46:41.950 | INFO     | __main__:<module>:213 - export: 0:00:02.046481
2023-10-17 19:46:41.951 | INFO     | __main__:<module>:214 - execution time: 0:16:06.007989
2023-10-17 20:13:04.502 | INFO     | __main__:<module>:177 - Analysis date: 2023-03-15
2023-10-17 20:14:31.775 | INFO     | __main__:<module>:214 - use map partitions to find within shape vp: 0:01:27.261365
2023-10-17 20:28:32.235 | INFO     | __main__:<module>:219 - compute results: 0:14:00.459889
2023-10-17 20:28:41.136 | INFO     | __main__:<module>:225 - export: 0:00:08.900656
2023-10-17 20:28:41.136 | INFO     | __main__:<module>:226 - execution time: 0:15:36.621910
