2024-11-15 10:15:33.976 | INFO     | __main__:download_one_day:45 - Analysis date: 2024-11-13
2024-11-15 10:15:36.271 | INFO     | __main__:download_one_day:52 - # operators to run: 224
2024-11-15 10:15:36.272 | INFO     | __main__:download_one_day:56 - *********** Download trips data ***********
2024-11-15 10:16:09.561 | INFO     | __main__:download_one_day:86 - execution time: 0:00:35.584842
2024-11-15 10:16:26.099 | INFO     | __main__:download_one_day:22 - Analysis date: 2024-11-13
2024-11-15 10:16:28.371 | INFO     | __main__:download_one_day:29 - # operators to run: 224
2024-11-15 10:16:28.371 | INFO     | __main__:download_one_day:33 - *********** Download stops data ***********
2024-11-15 10:16:38.819 | INFO     | __main__:download_one_day:64 - execution time: 0:00:12.718796
2024-11-15 10:16:54.858 | INFO     | __main__:download_one_day:22 - Analysis date: 2024-11-13
2024-11-15 10:16:56.781 | INFO     | __main__:download_one_day:29 - # operators to run: 224
2024-11-15 10:16:56.783 | INFO     | __main__:download_one_day:33 - *********** Download routelines data ***********
2024-11-15 10:18:58.461 | INFO     | __main__:download_one_day:63 - execution time: 0:02:03.602633
2024-11-15 10:19:14.465 | INFO     | __main__:download_one_day:21 - Analysis date: 2024-11-13
2024-11-15 10:19:16.119 | INFO     | __main__:download_one_day:29 - # operators to run: 194
2024-11-15 10:19:16.120 | INFO     | __main__:download_one_day:33 - *********** Download st data ***********
2024-11-15 10:21:15.285 | INFO     | __main__:download_one_day:56 - execution time: 0:02:00.819066
2024-12-17 12:59:10.547 | INFO     | __main__:download_one_day:45 - Analysis date: 2024-12-11
2024-12-17 12:59:14.245 | INFO     | __main__:download_one_day:52 - # operators to run: 226
2024-12-17 12:59:14.249 | INFO     | __main__:download_one_day:56 - *********** Download trips data ***********
2024-12-17 12:59:49.103 | INFO     | __main__:download_one_day:86 - execution time: 0:00:38.555174
2024-12-17 13:00:06.712 | INFO     | __main__:download_one_day:22 - Analysis date: 2024-12-11
2024-12-17 13:00:09.087 | INFO     | __main__:download_one_day:29 - # operators to run: 226
2024-12-17 13:00:09.087 | INFO     | __main__:download_one_day:33 - *********** Download stops data ***********
2024-12-17 13:00:20.110 | INFO     | __main__:download_one_day:64 - execution time: 0:00:13.397006
2024-12-17 13:00:36.224 | INFO     | __main__:download_one_day:22 - Analysis date: 2024-12-11
2024-12-17 13:00:38.381 | INFO     | __main__:download_one_day:29 - # operators to run: 226
2024-12-17 13:00:38.382 | INFO     | __main__:download_one_day:33 - *********** Download routelines data ***********
2024-12-17 13:02:42.410 | INFO     | __main__:download_one_day:63 - execution time: 0:02:06.185085
2024-12-17 13:02:59.291 | INFO     | __main__:download_one_day:21 - Analysis date: 2024-12-11
2024-12-17 13:03:01.386 | INFO     | __main__:download_one_day:29 - # operators to run: 194
2024-12-17 13:03:01.387 | INFO     | __main__:download_one_day:33 - *********** Download st data ***********
2024-12-17 13:04:59.321 | INFO     | __main__:download_one_day:56 - execution time: 0:02:00.030094
2025-01-16 13:31:53.693 | INFO     | __main__:download_one_day:45 - Analysis date: 2025-01-15
2025-01-16 13:31:57.110 | INFO     | __main__:download_one_day:52 - # operators to run: 227
2025-01-16 13:31:57.111 | INFO     | __main__:download_one_day:56 - *********** Download trips data ***********
2025-01-16 13:32:29.962 | INFO     | __main__:download_one_day:86 - execution time: 0:00:36.247158
2025-01-16 13:32:48.465 | INFO     | __main__:download_one_day:22 - Analysis date: 2025-01-15
2025-01-16 13:32:50.458 | INFO     | __main__:download_one_day:29 - # operators to run: 227
2025-01-16 13:32:50.459 | INFO     | __main__:download_one_day:33 - *********** Download stops data ***********
2025-01-16 13:33:00.364 | INFO     | __main__:download_one_day:64 - execution time: 0:00:11.898404
2025-01-16 13:33:16.781 | INFO     | __main__:download_one_day:22 - Analysis date: 2025-01-15
2025-01-16 13:33:18.779 | INFO     | __main__:download_one_day:29 - # operators to run: 227
2025-01-16 13:33:18.779 | INFO     | __main__:download_one_day:33 - *********** Download routelines data ***********
2025-01-16 13:35:14.243 | INFO     | __main__:download_one_day:63 - execution time: 0:01:57.461108
2025-01-16 13:35:31.678 | INFO     | __main__:download_one_day:21 - Analysis date: 2025-01-15
2025-01-16 13:35:33.591 | INFO     | __main__:download_one_day:29 - # operators to run: 187
2025-01-16 13:35:33.592 | INFO     | __main__:download_one_day:33 - *********** Download st data ***********
2025-01-16 13:37:29.411 | INFO     | __main__:download_one_day:56 - execution time: 0:01:57.732464
2025-02-13 09:09:47.116 | INFO     | __main__:download_one_day:45 - Analysis date: 2025-01-15
2025-02-13 09:09:48.256 | INFO     | __main__:download_one_day:52 - # operators to run: 227
2025-02-13 09:09:48.256 | INFO     | __main__:download_one_day:56 - *********** Download trips data ***********
2025-02-13 09:10:24.773 | INFO     | __main__:download_one_day:86 - execution time: 0:00:37.657080
2025-02-13 09:10:56.945 | INFO     | __main__:download_one_day:22 - Analysis date: 2025-01-15
2025-02-13 09:10:58.008 | INFO     | __main__:download_one_day:29 - # operators to run: 227
2025-02-13 09:10:58.009 | INFO     | __main__:download_one_day:33 - *********** Download stops data ***********
2025-02-13 09:11:09.514 | INFO     | __main__:download_one_day:64 - execution time: 0:00:12.568576
2025-02-13 09:11:29.026 | INFO     | __main__:download_one_day:22 - Analysis date: 2025-01-15
2025-02-13 09:11:29.910 | INFO     | __main__:download_one_day:29 - # operators to run: 227
2025-02-13 09:11:29.911 | INFO     | __main__:download_one_day:33 - *********** Download routelines data ***********
2025-02-13 09:13:46.663 | INFO     | __main__:download_one_day:63 - execution time: 0:02:17.635778
2025-02-13 09:14:06.610 | INFO     | __main__:download_one_day:21 - Analysis date: 2025-01-15
2025-02-13 09:14:08.345 | INFO     | __main__:download_one_day:29 - # operators to run: 187
2025-02-13 09:14:08.347 | INFO     | __main__:download_one_day:33 - *********** Download st data ***********
2025-02-13 09:16:20.955 | INFO     | __main__:download_one_day:56 - execution time: 0:02:14.344677
2025-02-13 09:31:11.072 | INFO     | __main__:download_one_day:45 - Analysis date: 2025-01-15
2025-02-13 09:31:12.103 | INFO     | __main__:download_one_day:52 - # operators to run: 227
2025-02-13 09:31:12.104 | INFO     | __main__:download_one_day:56 - *********** Download trips data ***********
2025-02-13 09:31:47.391 | INFO     | __main__:download_one_day:86 - execution time: 0:00:36.318819
2025-02-13 09:32:07.382 | INFO     | __main__:download_one_day:22 - Analysis date: 2025-01-15
2025-02-13 09:32:08.214 | INFO     | __main__:download_one_day:29 - # operators to run: 227
2025-02-13 09:32:08.214 | INFO     | __main__:download_one_day:33 - *********** Download stops data ***********
2025-02-13 09:32:18.045 | INFO     | __main__:download_one_day:64 - execution time: 0:00:10.662186
2025-02-13 09:32:37.209 | INFO     | __main__:download_one_day:22 - Analysis date: 2025-01-15
2025-02-13 09:32:38.004 | INFO     | __main__:download_one_day:29 - # operators to run: 227
2025-02-13 09:32:38.005 | INFO     | __main__:download_one_day:33 - *********** Download routelines data ***********
2025-02-13 09:34:46.144 | INFO     | __main__:download_one_day:63 - execution time: 0:02:08.935049
2025-02-13 09:35:06.008 | INFO     | __main__:download_one_day:21 - Analysis date: 2025-01-15
2025-02-13 09:35:07.724 | INFO     | __main__:download_one_day:29 - # operators to run: 187
2025-02-13 09:35:07.725 | INFO     | __main__:download_one_day:33 - *********** Download st data ***********
2025-02-13 09:37:14.671 | INFO     | __main__:download_one_day:56 - execution time: 0:02:08.662570
2025-02-17 13:17:04.939 | INFO     | __main__:download_one_day:45 - Analysis date: 2025-01-15
2025-02-17 13:17:13.630 | INFO     | __main__:download_one_day:52 - # operators to run: 227
2025-02-17 13:17:13.631 | INFO     | __main__:download_one_day:56 - *********** Download trips data ***********
2025-02-17 13:17:48.976 | INFO     | __main__:download_one_day:86 - execution time: 0:00:44.008843
2025-02-17 13:18:07.694 | INFO     | __main__:download_one_day:22 - Analysis date: 2025-01-15
2025-02-17 13:18:09.979 | INFO     | __main__:download_one_day:29 - # operators to run: 227
2025-02-17 13:18:09.980 | INFO     | __main__:download_one_day:33 - *********** Download stops data ***********
2025-02-17 13:18:20.104 | INFO     | __main__:download_one_day:64 - execution time: 0:00:12.409400
2025-02-17 13:18:37.911 | INFO     | __main__:download_one_day:22 - Analysis date: 2025-01-15
2025-02-17 13:18:40.187 | INFO     | __main__:download_one_day:29 - # operators to run: 227
2025-02-17 13:18:40.187 | INFO     | __main__:download_one_day:33 - *********** Download routelines data ***********
2025-02-17 13:20:40.224 | INFO     | __main__:download_one_day:63 - execution time: 0:02:02.311628
2025-02-17 13:20:58.081 | INFO     | __main__:download_one_day:21 - Analysis date: 2025-01-15
2025-02-17 13:20:59.764 | INFO     | __main__:download_one_day:29 - # operators to run: 187
2025-02-17 13:20:59.765 | INFO     | __main__:download_one_day:33 - *********** Download st data ***********
2025-02-17 13:23:03.938 | INFO     | __main__:download_one_day:56 - execution time: 0:02:05.856553
2025-02-17 17:47:08.708 | INFO     | __main__:download_one_day:45 - Analysis date: 2025-01-15
2025-02-17 17:47:10.849 | INFO     | __main__:download_one_day:52 - # operators to run: 227
2025-02-17 17:47:10.849 | INFO     | __main__:download_one_day:56 - *********** Download trips data ***********
2025-02-17 17:47:39.578 | INFO     | __main__:download_one_day:86 - execution time: 0:00:30.869159
2025-02-17 17:47:57.222 | INFO     | __main__:download_one_day:22 - Analysis date: 2025-01-15
2025-02-17 17:47:59.140 | INFO     | __main__:download_one_day:29 - # operators to run: 227
2025-02-17 17:47:59.140 | INFO     | __main__:download_one_day:33 - *********** Download stops data ***********
2025-02-17 17:48:07.709 | INFO     | __main__:download_one_day:64 - execution time: 0:00:10.486164
2025-02-17 17:48:24.942 | INFO     | __main__:download_one_day:22 - Analysis date: 2025-01-15
2025-02-17 17:48:26.612 | INFO     | __main__:download_one_day:29 - # operators to run: 227
2025-02-17 17:48:26.612 | INFO     | __main__:download_one_day:33 - *********** Download routelines data ***********
2025-02-17 17:50:18.535 | INFO     | __main__:download_one_day:63 - execution time: 0:01:53.591849
2025-02-17 17:50:37.536 | INFO     | __main__:download_one_day:21 - Analysis date: 2025-01-15
2025-02-17 17:50:39.443 | INFO     | __main__:download_one_day:29 - # operators to run: 187
2025-02-17 17:50:39.444 | INFO     | __main__:download_one_day:33 - *********** Download st data ***********
2025-02-17 17:52:40.446 | INFO     | __main__:download_one_day:56 - execution time: 0:02:02.909631
2025-02-17 18:13:04.929 | INFO     | __main__:download_one_day:45 - Analysis date: 2025-02-12
2025-02-17 18:13:07.307 | INFO     | __main__:download_one_day:52 - # operators to run: 226
2025-02-17 18:13:07.308 | INFO     | __main__:download_one_day:56 - *********** Download trips data ***********
2025-02-17 18:13:36.338 | INFO     | __main__:download_one_day:86 - execution time: 0:00:31.363677
2025-02-17 18:13:54.052 | INFO     | __main__:download_one_day:22 - Analysis date: 2025-02-12
2025-02-17 18:13:55.985 | INFO     | __main__:download_one_day:29 - # operators to run: 226
2025-02-17 18:13:55.985 | INFO     | __main__:download_one_day:33 - *********** Download stops data ***********
2025-02-17 18:14:06.170 | INFO     | __main__:download_one_day:64 - execution time: 0:00:12.116901
2025-02-17 18:14:24.068 | INFO     | __main__:download_one_day:22 - Analysis date: 2025-02-12
2025-02-17 18:14:25.832 | INFO     | __main__:download_one_day:29 - # operators to run: 226
2025-02-17 18:14:25.833 | INFO     | __main__:download_one_day:33 - *********** Download routelines data ***********
2025-02-17 18:16:29.286 | INFO     | __main__:download_one_day:63 - execution time: 0:02:05.217645
2025-02-17 18:16:47.059 | INFO     | __main__:download_one_day:21 - Analysis date: 2025-02-12
2025-02-17 18:16:48.832 | INFO     | __main__:download_one_day:29 - # operators to run: 188
2025-02-17 18:16:48.833 | INFO     | __main__:download_one_day:33 - *********** Download st data ***********
2025-02-17 18:18:37.182 | INFO     | __main__:download_one_day:56 - execution time: 0:01:50.122063
2025-03-13 13:10:16.213 | INFO     | __main__:download_one_day:45 - Analysis date: 2025-03-13
2025-03-13 13:10:17.742 | INFO     | __main__:download_one_day:52 - # operators to run: 228
2025-03-13 13:10:17.743 | INFO     | __main__:download_one_day:56 - *********** Download trips data ***********
2025-03-13 13:11:00.399 | INFO     | __main__:download_one_day:86 - execution time: 0:00:44.170774
2025-03-13 13:11:20.375 | INFO     | __main__:download_one_day:22 - Analysis date: 2025-03-13
2025-03-13 13:11:21.372 | INFO     | __main__:download_one_day:29 - # operators to run: 228
2025-03-13 13:11:21.373 | INFO     | __main__:download_one_day:33 - *********** Download stops data ***********
2025-03-13 13:11:33.130 | INFO     | __main__:download_one_day:64 - execution time: 0:00:12.754054
2025-03-13 13:11:51.404 | INFO     | __main__:download_one_day:22 - Analysis date: 2025-03-13
2025-03-13 13:11:52.201 | INFO     | __main__:download_one_day:29 - # operators to run: 228
2025-03-13 13:11:52.201 | INFO     | __main__:download_one_day:33 - *********** Download routelines data ***********
2025-03-13 13:14:05.343 | INFO     | __main__:download_one_day:63 - execution time: 0:02:13.938794
2025-03-13 13:14:24.595 | INFO     | __main__:download_one_day:21 - Analysis date: 2025-03-13
2025-03-13 13:14:26.945 | INFO     | __main__:download_one_day:29 - # operators to run: 191
2025-03-13 13:14:26.946 | INFO     | __main__:download_one_day:33 - *********** Download st data ***********
2025-03-13 13:16:18.176 | INFO     | __main__:download_one_day:56 - execution time: 0:01:53.580509
2025-03-17 09:46:48.487 | INFO     | __main__:download_one_day:45 - Analysis date: 2025-03-12
2025-03-17 09:46:49.885 | INFO     | __main__:download_one_day:52 - # operators to run: 230
2025-03-17 09:46:49.885 | INFO     | __main__:download_one_day:56 - *********** Download trips data ***********
2025-03-17 09:47:31.708 | INFO     | __main__:download_one_day:86 - execution time: 0:00:43.171810
2025-03-17 09:47:52.188 | INFO     | __main__:download_one_day:22 - Analysis date: 2025-03-12
2025-03-17 09:47:53.047 | INFO     | __main__:download_one_day:29 - # operators to run: 230
2025-03-17 09:47:53.048 | INFO     | __main__:download_one_day:33 - *********** Download stops data ***********
2025-03-17 09:48:04.654 | INFO     | __main__:download_one_day:64 - execution time: 0:00:12.465441
2025-03-17 09:48:23.370 | INFO     | __main__:download_one_day:22 - Analysis date: 2025-03-12
2025-03-17 09:48:24.135 | INFO     | __main__:download_one_day:29 - # operators to run: 230
2025-03-17 09:48:24.136 | INFO     | __main__:download_one_day:33 - *********** Download routelines data ***********
2025-03-17 09:50:43.262 | INFO     | __main__:download_one_day:63 - execution time: 0:02:19.891097
2025-03-17 09:51:02.299 | INFO     | __main__:download_one_day:21 - Analysis date: 2025-03-12
2025-03-17 09:51:04.589 | INFO     | __main__:download_one_day:29 - # operators to run: 190
2025-03-17 09:51:04.590 | INFO     | __main__:download_one_day:33 - *********** Download st data ***********
2025-03-17 09:52:44.383 | INFO     | __main__:download_one_day:56 - execution time: 0:01:42.083155
2025-03-19 13:18:20.266 | INFO     | __main__:download_one_day:45 - Analysis date: 2025-03-12
2025-03-19 13:18:21.305 | INFO     | __main__:download_one_day:52 - # operators to run: 230
2025-03-19 13:18:21.306 | INFO     | __main__:download_one_day:56 - *********** Download trips data ***********
2025-03-19 13:18:56.998 | INFO     | __main__:download_one_day:86 - execution time: 0:00:36.708964
2025-03-19 13:19:15.367 | INFO     | __main__:download_one_day:22 - Analysis date: 2025-03-12
2025-03-19 13:19:16.122 | INFO     | __main__:download_one_day:29 - # operators to run: 230
2025-03-19 13:19:16.123 | INFO     | __main__:download_one_day:33 - *********** Download stops data ***********
2025-03-19 13:19:26.245 | INFO     | __main__:download_one_day:64 - execution time: 0:00:10.876749
2025-03-19 13:19:45.113 | INFO     | __main__:download_one_day:22 - Analysis date: 2025-03-12
2025-03-19 13:19:45.967 | INFO     | __main__:download_one_day:29 - # operators to run: 230
2025-03-19 13:19:45.968 | INFO     | __main__:download_one_day:33 - *********** Download routelines data ***********
2025-03-19 13:21:57.764 | INFO     | __main__:download_one_day:63 - execution time: 0:02:12.650529
2025-03-19 13:22:17.034 | INFO     | __main__:download_one_day:21 - Analysis date: 2025-03-12
2025-03-19 13:22:18.762 | INFO     | __main__:download_one_day:29 - # operators to run: 190
2025-03-19 13:22:18.763 | INFO     | __main__:download_one_day:33 - *********** Download st data ***********
2025-03-19 13:24:08.905 | INFO     | __main__:download_one_day:56 - execution time: 0:01:51.870292
2025-04-17 10:20:33.160 | INFO     | __main__:download_one_day:45 - Analysis date: 2025-04-16
2025-04-17 10:20:34.307 | INFO     | __main__:download_one_day:52 - # operators to run: 225
2025-04-17 10:20:34.308 | INFO     | __main__:download_one_day:56 - *********** Download trips data ***********
2025-04-17 10:21:18.329 | INFO     | __main__:download_one_day:86 - execution time: 0:00:45.167035
2025-04-17 10:21:36.952 | INFO     | __main__:download_one_day:22 - Analysis date: 2025-04-16
2025-04-17 10:21:37.789 | INFO     | __main__:download_one_day:29 - # operators to run: 225
2025-04-17 10:21:37.790 | INFO     | __main__:download_one_day:33 - *********** Download stops data ***********
2025-04-17 10:21:55.051 | INFO     | __main__:download_one_day:64 - execution time: 0:00:18.099278
2025-04-17 10:22:23.904 | INFO     | __main__:download_one_day:22 - Analysis date: 2025-04-16
2025-04-17 10:22:24.844 | INFO     | __main__:download_one_day:29 - # operators to run: 225
2025-04-17 10:22:24.845 | INFO     | __main__:download_one_day:33 - *********** Download routelines data ***********
2025-04-17 10:24:40.619 | INFO     | __main__:download_one_day:63 - execution time: 0:02:16.714936
2025-04-17 10:25:02.476 | INFO     | __main__:download_one_day:21 - Analysis date: 2025-04-16
2025-04-17 10:25:04.315 | INFO     | __main__:download_one_day:29 - # operators to run: 195
2025-04-17 10:25:04.316 | INFO     | __main__:download_one_day:33 - *********** Download st data ***********
2025-04-17 10:27:05.358 | INFO     | __main__:download_one_day:56 - execution time: 0:02:02.881355
2025-06-25 10:10:16.492 | INFO     | __main__:download_one_day:45 - Analysis date: 2025-06-11
2025-06-25 10:10:17.509 | INFO     | __main__:download_one_day:52 - # operators to run: 226
2025-06-25 10:10:17.510 | INFO     | __main__:download_one_day:56 - *********** Download trips data ***********
2025-06-25 10:11:02.230 | INFO     | __main__:download_one_day:86 - execution time: 0:00:45.722295
2025-06-25 10:11:23.217 | INFO     | __main__:download_one_day:22 - Analysis date: 2025-06-11
2025-06-25 10:11:24.018 | INFO     | __main__:download_one_day:29 - # operators to run: 226
2025-06-25 10:11:24.019 | INFO     | __main__:download_one_day:33 - *********** Download stops data ***********
2025-06-25 10:11:33.932 | INFO     | __main__:download_one_day:64 - execution time: 0:00:10.714718
2025-06-25 10:11:54.053 | INFO     | __main__:download_one_day:22 - Analysis date: 2025-06-11
2025-06-25 10:11:54.891 | INFO     | __main__:download_one_day:29 - # operators to run: 226
2025-06-25 10:11:54.891 | INFO     | __main__:download_one_day:33 - *********** Download routelines data ***********
2025-06-25 10:13:59.898 | INFO     | __main__:download_one_day:63 - execution time: 0:02:05.844431
2025-06-26 15:00:55.889 | INFO     | __main__:download_one_day:45 - Analysis date: 2025-06-11
2025-06-26 15:00:57.042 | INFO     | __main__:download_one_day:52 - # operators to run: 226
2025-06-26 15:00:57.043 | INFO     | __main__:download_one_day:56 - *********** Download trips data ***********
2025-06-26 15:01:42.081 | INFO     | __main__:download_one_day:86 - execution time: 0:00:46.167926
2025-06-26 15:02:05.728 | INFO     | __main__:download_one_day:22 - Analysis date: 2025-06-11
2025-06-26 15:02:06.550 | INFO     | __main__:download_one_day:29 - # operators to run: 226
2025-06-26 15:02:06.550 | INFO     | __main__:download_one_day:33 - *********** Download stops data ***********
2025-06-26 15:02:17.819 | INFO     | __main__:download_one_day:64 - execution time: 0:00:12.090240
2025-06-26 15:02:40.354 | INFO     | __main__:download_one_day:22 - Analysis date: 2025-06-11
2025-06-26 15:02:41.238 | INFO     | __main__:download_one_day:29 - # operators to run: 226
2025-06-26 15:02:41.239 | INFO     | __main__:download_one_day:33 - *********** Download routelines data ***********
2025-06-26 15:05:08.120 | INFO     | __main__:download_one_day:63 - execution time: 0:02:27.764583
2025-06-26 15:05:32.235 | INFO     | __main__:download_one_day:24 - Analysis date: 2025-06-11
2025-06-26 15:05:33.836 | INFO     | __main__:download_one_day:33 - # operators to run: 189
2025-06-26 15:05:33.837 | INFO     | __main__:download_one_day:37 - *********** Download st data ***********
2025-06-26 15:07:54.832 | INFO     | __main__:download_one_day:60 - execution time: 0:02:22.596624
2025-06-26 17:14:02.646 | INFO     | __main__:download_one_day:45 - Analysis date: 2025-06-11
2025-06-26 17:14:03.504 | INFO     | __main__:download_one_day:52 - # operators to run: 226
2025-06-26 17:14:03.505 | INFO     | __main__:download_one_day:56 - *********** Download trips data ***********
2025-06-26 17:14:44.967 | INFO     | __main__:download_one_day:86 - execution time: 0:00:42.295645
2025-06-26 17:15:08.610 | INFO     | __main__:download_one_day:22 - Analysis date: 2025-06-11
2025-06-26 17:15:09.392 | INFO     | __main__:download_one_day:29 - # operators to run: 226
2025-06-26 17:15:09.393 | INFO     | __main__:download_one_day:33 - *********** Download stops data ***********
2025-06-26 17:15:19.208 | INFO     | __main__:download_one_day:64 - execution time: 0:00:10.597883
2025-06-26 17:15:59.017 | INFO     | __main__:download_one_day:22 - Analysis date: 2025-06-11
2025-06-26 17:15:59.870 | INFO     | __main__:download_one_day:29 - # operators to run: 226
2025-06-26 17:15:59.871 | INFO     | __main__:download_one_day:33 - *********** Download routelines data ***********
2025-06-26 17:18:20.281 | INFO     | __main__:download_one_day:63 - execution time: 0:02:21.262734
2025-06-26 17:18:44.812 | INFO     | __main__:download_one_day:24 - Analysis date: 2025-06-11
2025-06-26 17:18:46.622 | INFO     | __main__:download_one_day:33 - # operators to run: 189
2025-06-26 17:18:46.623 | INFO     | __main__:download_one_day:37 - *********** Download st data ***********
2025-06-26 17:20:48.151 | INFO     | __main__:download_one_day:60 - execution time: 0:02:03.338174
2025-07-09 14:17:43.999 | INFO     | __main__:download_one_day:45 - Analysis date: 2025-04-14
2025-07-09 14:17:45.122 | INFO     | __main__:download_one_day:52 - # operators to run: 226
2025-07-09 14:17:45.123 | INFO     | __main__:download_one_day:56 - *********** Download trips data ***********
2025-07-09 14:18:32.072 | INFO     | __main__:download_one_day:86 - execution time: 0:00:48.072349
2025-07-09 14:18:32.235 | INFO     | __main__:download_one_day:45 - Analysis date: 2025-04-15
2025-07-09 14:18:33.428 | INFO     | __main__:download_one_day:52 - # operators to run: 226
2025-07-09 14:18:33.428 | INFO     | __main__:download_one_day:56 - *********** Download trips data ***********
2025-07-09 14:19:21.117 | INFO     | __main__:download_one_day:86 - execution time: 0:00:48.881008
2025-07-09 14:19:21.284 | INFO     | __main__:download_one_day:45 - Analysis date: 2025-04-17
2025-07-09 14:19:22.549 | INFO     | __main__:download_one_day:52 - # operators to run: 225
2025-07-09 14:19:22.549 | INFO     | __main__:download_one_day:56 - *********** Download trips data ***********
2025-07-09 14:20:02.513 | INFO     | __main__:download_one_day:86 - execution time: 0:00:41.228388
2025-07-09 14:20:02.742 | INFO     | __main__:download_one_day:45 - Analysis date: 2025-04-18
2025-07-09 14:20:03.977 | INFO     | __main__:download_one_day:52 - # operators to run: 225
2025-07-09 14:20:03.977 | INFO     | __main__:download_one_day:56 - *********** Download trips data ***********
2025-07-09 14:20:43.518 | INFO     | __main__:download_one_day:86 - execution time: 0:00:40.775364
2025-07-09 14:20:43.684 | INFO     | __main__:download_one_day:45 - Analysis date: 2025-04-19
2025-07-09 14:20:44.744 | INFO     | __main__:download_one_day:52 - # operators to run: 225
2025-07-09 14:20:44.745 | INFO     | __main__:download_one_day:56 - *********** Download trips data ***********
2025-07-09 14:21:16.827 | INFO     | __main__:download_one_day:86 - execution time: 0:00:33.142686
2025-07-09 14:21:16.951 | INFO     | __main__:download_one_day:45 - Analysis date: 2025-04-20
2025-07-09 14:21:17.901 | INFO     | __main__:download_one_day:52 - # operators to run: 225
2025-07-09 14:21:17.901 | INFO     | __main__:download_one_day:56 - *********** Download trips data ***********
2025-07-09 14:21:48.209 | INFO     | __main__:download_one_day:86 - execution time: 0:00:31.257565
2025-07-09 14:22:15.267 | INFO     | __main__:download_one_day:22 - Analysis date: 2025-04-14
2025-07-09 14:22:16.301 | INFO     | __main__:download_one_day:29 - # operators to run: 226
2025-07-09 14:22:16.301 | INFO     | __main__:download_one_day:33 - *********** Download stops data ***********
2025-07-09 14:22:27.449 | INFO     | __main__:download_one_day:64 - execution time: 0:00:12.180839
2025-07-09 14:22:27.495 | INFO     | __main__:download_one_day:22 - Analysis date: 2025-04-15
2025-07-09 14:22:28.430 | INFO     | __main__:download_one_day:29 - # operators to run: 226
2025-07-09 14:22:28.430 | INFO     | __main__:download_one_day:33 - *********** Download stops data ***********
2025-07-09 14:22:39.145 | INFO     | __main__:download_one_day:64 - execution time: 0:00:11.650330
2025-07-09 14:22:39.191 | INFO     | __main__:download_one_day:22 - Analysis date: 2025-04-17
2025-07-09 14:22:40.060 | INFO     | __main__:download_one_day:29 - # operators to run: 225
2025-07-09 14:22:40.061 | INFO     | __main__:download_one_day:33 - *********** Download stops data ***********
2025-07-09 14:22:50.977 | INFO     | __main__:download_one_day:64 - execution time: 0:00:11.785611
2025-07-09 14:22:51.023 | INFO     | __main__:download_one_day:22 - Analysis date: 2025-04-18
2025-07-09 14:22:51.926 | INFO     | __main__:download_one_day:29 - # operators to run: 225
2025-07-09 14:22:51.926 | INFO     | __main__:download_one_day:33 - *********** Download stops data ***********
2025-07-09 14:23:02.025 | INFO     | __main__:download_one_day:64 - execution time: 0:00:11.001250
2025-07-09 14:23:02.068 | INFO     | __main__:download_one_day:22 - Analysis date: 2025-04-19
2025-07-09 14:23:02.992 | INFO     | __main__:download_one_day:29 - # operators to run: 225
2025-07-09 14:23:02.992 | INFO     | __main__:download_one_day:33 - *********** Download stops data ***********
2025-07-09 14:23:11.996 | INFO     | __main__:download_one_day:64 - execution time: 0:00:09.927652
2025-07-09 14:23:12.033 | INFO     | __main__:download_one_day:22 - Analysis date: 2025-04-20
2025-07-09 14:23:12.919 | INFO     | __main__:download_one_day:29 - # operators to run: 225
2025-07-09 14:23:12.920 | INFO     | __main__:download_one_day:33 - *********** Download stops data ***********
2025-07-09 14:23:20.878 | INFO     | __main__:download_one_day:64 - execution time: 0:00:08.845057
2025-07-09 14:23:42.479 | INFO     | __main__:download_one_day:22 - Analysis date: 2025-04-14
2025-07-09 14:23:43.311 | INFO     | __main__:download_one_day:29 - # operators to run: 226
2025-07-09 14:23:43.312 | INFO     | __main__:download_one_day:33 - *********** Download routelines data ***********
2025-07-09 14:26:14.743 | INFO     | __main__:download_one_day:63 - execution time: 0:02:32.262078
2025-07-09 14:26:14.776 | INFO     | __main__:download_one_day:22 - Analysis date: 2025-04-15
2025-07-09 14:26:15.819 | INFO     | __main__:download_one_day:29 - # operators to run: 226
2025-07-09 14:26:15.819 | INFO     | __main__:download_one_day:33 - *********** Download routelines data ***********
2025-07-09 14:28:34.614 | INFO     | __main__:download_one_day:63 - execution time: 0:02:19.836933
2025-07-09 14:28:34.645 | INFO     | __main__:download_one_day:22 - Analysis date: 2025-04-17
2025-07-09 14:28:35.548 | INFO     | __main__:download_one_day:29 - # operators to run: 225
2025-07-09 14:28:35.548 | INFO     | __main__:download_one_day:33 - *********** Download routelines data ***********
2025-07-09 14:50:25.796 | INFO     | __main__:download_one_year:35 - execution time: 0:00:46.780131
2025-07-09 14:51:06.957 | INFO     | __main__:download_one_year:35 - execution time: 0:00:40.775663
2025-07-09 14:51:27.283 | INFO     | __main__:download_one_year:35 - execution time: 0:00:19.699082
2025-07-09 15:04:52.787 | INFO     | __main__:download_one_year:35 - execution time: 0:00:43.906569
2025-07-09 15:05:30.018 | INFO     | __main__:download_one_year:35 - execution time: 0:00:36.835503
2025-07-09 15:05:47.548 | INFO     | __main__:download_one_year:35 - execution time: 0:00:17.116053
2025-07-09 15:25:23.568 | INFO     | __main__:download_one_day:45 - Analysis date: 2025-04-14
2025-07-09 15:25:24.469 | INFO     | __main__:download_one_day:52 - # operators to run: 226
2025-07-09 15:25:24.470 | INFO     | __main__:download_one_day:56 - *********** Download trips data ***********
2025-07-09 15:26:08.374 | INFO     | __main__:download_one_day:86 - execution time: 0:00:44.805439
2025-07-09 15:26:08.607 | INFO     | __main__:download_one_day:45 - Analysis date: 2025-04-15
2025-07-09 15:26:09.418 | INFO     | __main__:download_one_day:52 - # operators to run: 226
2025-07-09 15:26:09.418 | INFO     | __main__:download_one_day:56 - *********** Download trips data ***********
2025-07-09 15:26:46.394 | INFO     | __main__:download_one_day:86 - execution time: 0:00:37.786319
2025-07-09 15:26:46.555 | INFO     | __main__:download_one_day:45 - Analysis date: 2025-04-17
2025-07-09 15:26:47.219 | INFO     | __main__:download_one_day:52 - # operators to run: 225
2025-07-09 15:26:47.220 | INFO     | __main__:download_one_day:56 - *********** Download trips data ***********
2025-07-09 15:27:25.005 | INFO     | __main__:download_one_day:86 - execution time: 0:00:38.448983
2025-07-09 15:27:25.168 | INFO     | __main__:download_one_day:45 - Analysis date: 2025-04-18
2025-07-09 15:27:25.964 | INFO     | __main__:download_one_day:52 - # operators to run: 225
2025-07-09 15:27:25.964 | INFO     | __main__:download_one_day:56 - *********** Download trips data ***********
2025-07-09 15:28:03.340 | INFO     | __main__:download_one_day:86 - execution time: 0:00:38.171782
2025-07-09 15:28:03.522 | INFO     | __main__:download_one_day:45 - Analysis date: 2025-04-19
2025-07-09 15:28:04.177 | INFO     | __main__:download_one_day:52 - # operators to run: 225
2025-07-09 15:28:04.178 | INFO     | __main__:download_one_day:56 - *********** Download trips data ***********
2025-07-09 15:28:34.816 | INFO     | __main__:download_one_day:86 - execution time: 0:00:31.293119
2025-07-09 15:28:34.939 | INFO     | __main__:download_one_day:45 - Analysis date: 2025-04-20
2025-07-09 15:28:35.722 | INFO     | __main__:download_one_day:52 - # operators to run: 225
2025-07-09 15:28:35.723 | INFO     | __main__:download_one_day:56 - *********** Download trips data ***********
2025-07-09 15:29:05.658 | INFO     | __main__:download_one_day:86 - execution time: 0:00:30.718063
2025-07-09 15:29:28.221 | INFO     | __main__:download_one_day:22 - Analysis date: 2025-04-14
2025-07-09 15:29:29.029 | INFO     | __main__:download_one_day:29 - # operators to run: 226
2025-07-09 15:29:29.029 | INFO     | __main__:download_one_day:33 - *********** Download stops data ***********
2025-07-09 15:29:40.153 | INFO     | __main__:download_one_day:64 - execution time: 0:00:11.930777
2025-07-09 15:29:40.218 | INFO     | __main__:download_one_day:22 - Analysis date: 2025-04-15
2025-07-09 15:29:41.024 | INFO     | __main__:download_one_day:29 - # operators to run: 226
2025-07-09 15:29:41.024 | INFO     | __main__:download_one_day:33 - *********** Download stops data ***********
2025-07-09 15:29:52.320 | INFO     | __main__:download_one_day:64 - execution time: 0:00:12.100664
2025-07-09 15:29:52.393 | INFO     | __main__:download_one_day:22 - Analysis date: 2025-04-17
2025-07-09 15:29:53.102 | INFO     | __main__:download_one_day:29 - # operators to run: 225
2025-07-09 15:29:53.102 | INFO     | __main__:download_one_day:33 - *********** Download stops data ***********
2025-07-09 15:30:04.691 | INFO     | __main__:download_one_day:64 - execution time: 0:00:12.297230
2025-07-09 15:30:04.742 | INFO     | __main__:download_one_day:22 - Analysis date: 2025-04-18
2025-07-09 15:30:05.458 | INFO     | __main__:download_one_day:29 - # operators to run: 225
2025-07-09 15:30:05.459 | INFO     | __main__:download_one_day:33 - *********** Download stops data ***********
2025-07-09 15:30:18.643 | INFO     | __main__:download_one_day:64 - execution time: 0:00:13.900215
2025-07-09 15:30:18.702 | INFO     | __main__:download_one_day:22 - Analysis date: 2025-04-19
2025-07-09 15:30:19.566 | INFO     | __main__:download_one_day:29 - # operators to run: 225
2025-07-09 15:30:19.566 | INFO     | __main__:download_one_day:33 - *********** Download stops data ***********
2025-07-09 15:30:30.954 | INFO     | __main__:download_one_day:64 - execution time: 0:00:12.250925
2025-07-09 15:30:31.009 | INFO     | __main__:download_one_day:22 - Analysis date: 2025-04-20
2025-07-09 15:30:31.783 | INFO     | __main__:download_one_day:29 - # operators to run: 225
2025-07-09 15:30:31.784 | INFO     | __main__:download_one_day:33 - *********** Download stops data ***********
2025-07-09 15:30:40.804 | INFO     | __main__:download_one_day:64 - execution time: 0:00:09.794427
2025-07-09 15:31:07.533 | INFO     | __main__:download_one_day:22 - Analysis date: 2025-04-14
2025-07-09 15:31:08.319 | INFO     | __main__:download_one_day:29 - # operators to run: 226
2025-07-09 15:31:08.320 | INFO     | __main__:download_one_day:33 - *********** Download routelines data ***********
2025-07-09 15:34:13.250 | INFO     | __main__:download_one_day:63 - execution time: 0:03:05.716504
2025-07-09 15:34:13.304 | INFO     | __main__:download_one_day:22 - Analysis date: 2025-04-15
2025-07-09 15:34:14.236 | INFO     | __main__:download_one_day:29 - # operators to run: 226
2025-07-09 15:34:14.237 | INFO     | __main__:download_one_day:33 - *********** Download routelines data ***********
2025-07-09 15:37:23.738 | INFO     | __main__:download_one_day:63 - execution time: 0:03:10.432992
2025-07-09 15:37:23.782 | INFO     | __main__:download_one_day:22 - Analysis date: 2025-04-17
2025-07-09 15:37:24.633 | INFO     | __main__:download_one_day:29 - # operators to run: 225
2025-07-09 15:37:24.634 | INFO     | __main__:download_one_day:33 - *********** Download routelines data ***********
2025-07-09 15:40:28.832 | INFO     | __main__:download_one_day:63 - execution time: 0:03:05.050044
2025-07-09 15:40:28.863 | INFO     | __main__:download_one_day:22 - Analysis date: 2025-04-18
2025-07-09 15:40:29.704 | INFO     | __main__:download_one_day:29 - # operators to run: 225
2025-07-09 15:40:29.705 | INFO     | __main__:download_one_day:33 - *********** Download routelines data ***********
2025-07-09 15:43:45.742 | INFO     | __main__:download_one_day:63 - execution time: 0:03:16.877881
2025-07-09 15:43:45.783 | INFO     | __main__:download_one_day:22 - Analysis date: 2025-04-19
2025-07-09 15:43:46.704 | INFO     | __main__:download_one_day:29 - # operators to run: 225
2025-07-09 15:43:46.704 | INFO     | __main__:download_one_day:33 - *********** Download routelines data ***********
2025-07-09 15:46:00.002 | INFO     | __main__:download_one_day:63 - execution time: 0:02:14.218091
2025-07-09 15:46:00.023 | INFO     | __main__:download_one_day:22 - Analysis date: 2025-04-20
2025-07-09 15:46:00.963 | INFO     | __main__:download_one_day:29 - # operators to run: 225
2025-07-09 15:46:00.963 | INFO     | __main__:download_one_day:33 - *********** Download routelines data ***********
2025-07-09 15:47:32.705 | INFO     | __main__:download_one_day:63 - execution time: 0:01:32.681244
2025-07-09 15:48:07.912 | INFO     | __main__:download_one_day:24 - Analysis date: 2025-04-14
2025-07-09 15:48:09.762 | INFO     | __main__:download_one_day:33 - # operators to run: 192
2025-07-09 15:48:09.763 | INFO     | __main__:download_one_day:37 - *********** Download st data ***********
2025-07-09 15:50:21.120 | INFO     | __main__:download_one_day:60 - execution time: 0:02:13.206865
2025-07-09 15:50:22.058 | INFO     | __main__:download_one_day:24 - Analysis date: 2025-04-15
2025-07-09 15:50:24.573 | INFO     | __main__:download_one_day:33 - # operators to run: 194
2025-07-09 15:50:24.574 | INFO     | __main__:download_one_day:37 - *********** Download st data ***********
2025-07-09 15:52:27.538 | INFO     | __main__:download_one_day:60 - execution time: 0:02:05.479221
2025-07-09 15:52:28.462 | INFO     | __main__:download_one_day:24 - Analysis date: 2025-04-17
2025-07-09 15:52:30.119 | INFO     | __main__:download_one_day:33 - # operators to run: 198
2025-07-09 15:52:30.120 | INFO     | __main__:download_one_day:37 - *********** Download st data ***********
2025-07-09 15:54:48.893 | INFO     | __main__:download_one_day:60 - execution time: 0:02:20.430077
2025-07-09 15:54:50.049 | INFO     | __main__:download_one_day:24 - Analysis date: 2025-04-18
2025-07-09 15:54:51.695 | INFO     | __main__:download_one_day:33 - # operators to run: 194
2025-07-09 15:54:51.695 | INFO     | __main__:download_one_day:37 - *********** Download st data ***********
2025-07-09 15:57:06.026 | INFO     | __main__:download_one_day:60 - execution time: 0:02:15.975389
2025-07-09 15:57:07.163 | INFO     | __main__:download_one_day:24 - Analysis date: 2025-04-19
2025-07-09 15:57:08.787 | INFO     | __main__:download_one_day:33 - # operators to run: 164
2025-07-09 15:57:08.788 | INFO     | __main__:download_one_day:37 - *********** Download st data ***********
2025-07-09 15:58:49.849 | INFO     | __main__:download_one_day:60 - execution time: 0:01:42.685468
2025-07-09 15:58:50.698 | INFO     | __main__:download_one_day:24 - Analysis date: 2025-04-20
2025-07-09 15:58:52.146 | INFO     | __main__:download_one_day:33 - # operators to run: 113
2025-07-09 15:58:52.147 | INFO     | __main__:download_one_day:37 - *********** Download st data ***********
2025-07-09 16:00:16.995 | INFO     | __main__:download_one_day:60 - execution time: 0:01:26.295512
2025-07-10 15:31:54.718 | INFO     | __main__:download_one_day:45 - Analysis date: 2025-04-14
2025-07-10 15:31:55.955 | INFO     | __main__:download_one_day:52 - # operators to run: 226
2025-07-10 15:31:55.956 | INFO     | __main__:download_one_day:56 - *********** Download trips data ***********
2025-07-10 15:32:42.301 | INFO     | __main__:download_one_day:86 - execution time: 0:00:47.554643
2025-07-10 15:32:42.465 | INFO     | __main__:download_one_day:45 - Analysis date: 2025-04-15
2025-07-10 15:32:43.452 | INFO     | __main__:download_one_day:52 - # operators to run: 226
2025-07-10 15:32:43.453 | INFO     | __main__:download_one_day:56 - *********** Download trips data ***********
2025-07-10 15:33:24.245 | INFO     | __main__:download_one_day:86 - execution time: 0:00:41.779824
2025-07-10 15:33:24.402 | INFO     | __main__:download_one_day:45 - Analysis date: 2025-04-17
2025-07-10 15:33:25.271 | INFO     | __main__:download_one_day:52 - # operators to run: 225
2025-07-10 15:33:25.272 | INFO     | __main__:download_one_day:56 - *********** Download trips data ***********
2025-07-10 15:34:06.605 | INFO     | __main__:download_one_day:86 - execution time: 0:00:42.202728
2025-07-10 15:34:06.817 | INFO     | __main__:download_one_day:45 - Analysis date: 2025-04-18
2025-07-10 15:34:07.982 | INFO     | __main__:download_one_day:52 - # operators to run: 225
2025-07-10 15:34:07.983 | INFO     | __main__:download_one_day:56 - *********** Download trips data ***********
2025-07-10 15:34:47.987 | INFO     | __main__:download_one_day:86 - execution time: 0:00:41.169282
2025-07-10 15:34:48.202 | INFO     | __main__:download_one_day:45 - Analysis date: 2025-04-19
2025-07-10 15:34:49.087 | INFO     | __main__:download_one_day:52 - # operators to run: 225
2025-07-10 15:34:49.087 | INFO     | __main__:download_one_day:56 - *********** Download trips data ***********
2025-07-10 15:35:22.464 | INFO     | __main__:download_one_day:86 - execution time: 0:00:34.261941
2025-07-10 15:35:22.590 | INFO     | __main__:download_one_day:45 - Analysis date: 2025-04-20
2025-07-10 15:35:23.502 | INFO     | __main__:download_one_day:52 - # operators to run: 225
2025-07-10 15:35:23.503 | INFO     | __main__:download_one_day:56 - *********** Download trips data ***********
2025-07-10 15:35:54.992 | INFO     | __main__:download_one_day:86 - execution time: 0:00:32.401007
2025-07-10 15:36:17.061 | INFO     | __main__:download_one_day:22 - Analysis date: 2025-04-14
2025-07-10 15:36:17.866 | INFO     | __main__:download_one_day:29 - # operators to run: 226
2025-07-10 15:36:17.867 | INFO     | __main__:download_one_day:33 - *********** Download stops data ***********
2025-07-10 15:36:28.480 | INFO     | __main__:download_one_day:64 - execution time: 0:00:11.418035
2025-07-10 15:36:28.533 | INFO     | __main__:download_one_day:22 - Analysis date: 2025-04-15
2025-07-10 15:36:29.246 | INFO     | __main__:download_one_day:29 - # operators to run: 226
2025-07-10 15:36:29.247 | INFO     | __main__:download_one_day:33 - *********** Download stops data ***********
2025-07-10 15:36:39.940 | INFO     | __main__:download_one_day:64 - execution time: 0:00:11.406330
2025-07-10 15:36:39.990 | INFO     | __main__:download_one_day:22 - Analysis date: 2025-04-17
2025-07-10 15:36:40.694 | INFO     | __main__:download_one_day:29 - # operators to run: 225
2025-07-10 15:36:40.694 | INFO     | __main__:download_one_day:33 - *********** Download stops data ***********
2025-07-10 15:36:51.130 | INFO     | __main__:download_one_day:64 - execution time: 0:00:11.138962
2025-07-10 15:36:51.171 | INFO     | __main__:download_one_day:22 - Analysis date: 2025-04-18
2025-07-10 15:37:56.097 | INFO     | __main__:download_one_day:29 - # operators to run: 225
2025-07-10 15:37:56.098 | INFO     | __main__:download_one_day:33 - *********** Download stops data ***********
2025-07-10 15:38:06.202 | INFO     | __main__:download_one_day:64 - execution time: 0:01:15.031198
2025-07-10 15:38:06.244 | INFO     | __main__:download_one_day:22 - Analysis date: 2025-04-19
2025-07-10 15:38:06.947 | INFO     | __main__:download_one_day:29 - # operators to run: 225
2025-07-10 15:38:06.947 | INFO     | __main__:download_one_day:33 - *********** Download stops data ***********
2025-07-10 15:38:15.921 | INFO     | __main__:download_one_day:64 - execution time: 0:00:09.676488
2025-07-10 15:38:15.954 | INFO     | __main__:download_one_day:22 - Analysis date: 2025-04-20
2025-07-10 15:38:16.597 | INFO     | __main__:download_one_day:29 - # operators to run: 225
2025-07-10 15:38:16.598 | INFO     | __main__:download_one_day:33 - *********** Download stops data ***********
2025-07-10 15:38:24.890 | INFO     | __main__:download_one_day:64 - execution time: 0:00:08.935817
2025-07-10 15:38:46.331 | INFO     | __main__:download_one_day:22 - Analysis date: 2025-04-14
2025-07-10 15:38:47.095 | INFO     | __main__:download_one_day:29 - # operators to run: 226
2025-07-10 15:38:47.096 | INFO     | __main__:download_one_day:33 - *********** Download routelines data ***********
2025-07-10 15:41:18.148 | INFO     | __main__:download_one_day:63 - execution time: 0:02:31.816179
2025-07-10 15:41:18.182 | INFO     | __main__:download_one_day:22 - Analysis date: 2025-04-15
2025-07-10 15:41:18.948 | INFO     | __main__:download_one_day:29 - # operators to run: 226
2025-07-10 15:41:18.949 | INFO     | __main__:download_one_day:33 - *********** Download routelines data ***********
2025-07-10 15:43:43.267 | INFO     | __main__:download_one_day:63 - execution time: 0:02:25.084223
2025-07-10 15:43:43.295 | INFO     | __main__:download_one_day:22 - Analysis date: 2025-04-17
2025-07-10 15:43:44.241 | INFO     | __main__:download_one_day:29 - # operators to run: 225
2025-07-10 15:43:44.242 | INFO     | __main__:download_one_day:33 - *********** Download routelines data ***********
2025-07-10 15:46:13.707 | INFO     | __main__:download_one_day:63 - execution time: 0:02:30.411599
2025-07-10 15:46:13.740 | INFO     | __main__:download_one_day:22 - Analysis date: 2025-04-18
2025-07-10 15:46:14.564 | INFO     | __main__:download_one_day:29 - # operators to run: 225
2025-07-10 15:46:14.565 | INFO     | __main__:download_one_day:33 - *********** Download routelines data ***********
2025-07-10 15:48:44.790 | INFO     | __main__:download_one_day:63 - execution time: 0:02:31.048918
2025-07-10 15:48:44.821 | INFO     | __main__:download_one_day:22 - Analysis date: 2025-04-19
2025-07-10 15:48:45.538 | INFO     | __main__:download_one_day:29 - # operators to run: 225
2025-07-10 15:48:45.539 | INFO     | __main__:download_one_day:33 - *********** Download routelines data ***********
2025-07-10 15:50:28.883 | INFO     | __main__:download_one_day:63 - execution time: 0:01:44.061308
2025-07-10 15:50:28.913 | INFO     | __main__:download_one_day:22 - Analysis date: 2025-04-20
2025-07-10 15:50:29.752 | INFO     | __main__:download_one_day:29 - # operators to run: 225
2025-07-10 15:50:29.753 | INFO     | __main__:download_one_day:33 - *********** Download routelines data ***********
2025-07-10 15:51:59.861 | INFO     | __main__:download_one_day:63 - execution time: 0:01:30.945384
2025-07-10 15:52:36.697 | INFO     | __main__:download_one_day:24 - Analysis date: 2025-04-14
2025-07-10 15:52:38.543 | INFO     | __main__:download_one_day:33 - # operators to run: 192
2025-07-10 15:52:38.543 | INFO     | __main__:download_one_day:37 - *********** Download st data ***********
2025-07-10 15:54:53.850 | INFO     | __main__:download_one_day:60 - execution time: 0:02:17.152152
2025-07-10 15:54:54.890 | INFO     | __main__:download_one_day:24 - Analysis date: 2025-04-15
2025-07-10 15:54:56.473 | INFO     | __main__:download_one_day:33 - # operators to run: 194
2025-07-10 15:54:56.474 | INFO     | __main__:download_one_day:37 - *********** Download st data ***********
2025-07-10 15:56:47.434 | INFO     | __main__:download_one_day:60 - execution time: 0:01:52.542788
2025-07-10 15:56:48.366 | INFO     | __main__:download_one_day:24 - Analysis date: 2025-04-17
2025-07-10 15:56:49.966 | INFO     | __main__:download_one_day:33 - # operators to run: 198
2025-07-10 15:56:49.966 | INFO     | __main__:download_one_day:37 - *********** Download st data ***********
2025-07-10 15:58:44.098 | INFO     | __main__:download_one_day:60 - execution time: 0:01:55.731358
2025-07-10 15:58:45.193 | INFO     | __main__:download_one_day:24 - Analysis date: 2025-04-18
2025-07-10 15:58:46.816 | INFO     | __main__:download_one_day:33 - # operators to run: 194
2025-07-10 15:58:46.817 | INFO     | __main__:download_one_day:37 - *********** Download st data ***********
2025-07-10 16:00:37.409 | INFO     | __main__:download_one_day:60 - execution time: 0:01:52.215798
2025-07-10 16:00:38.370 | INFO     | __main__:download_one_day:24 - Analysis date: 2025-04-19
2025-07-10 16:00:39.946 | INFO     | __main__:download_one_day:33 - # operators to run: 164
2025-07-10 16:00:39.947 | INFO     | __main__:download_one_day:37 - *********** Download st data ***********
2025-07-10 16:01:52.227 | INFO     | __main__:download_one_day:60 - execution time: 0:01:13.856793
2025-07-10 16:01:53.102 | INFO     | __main__:download_one_day:24 - Analysis date: 2025-04-20
2025-07-10 16:01:54.685 | INFO     | __main__:download_one_day:33 - # operators to run: 113
2025-07-10 16:01:54.686 | INFO     | __main__:download_one_day:37 - *********** Download st data ***********
2025-07-11 09:28:29.963 | INFO     | __main__:download_one_day:45 - Analysis date: 2025-04-14
2025-07-11 09:28:31.050 | INFO     | __main__:download_one_day:52 - # operators to run: 226
2025-07-11 09:28:31.051 | INFO     | __main__:download_one_day:56 - *********** Download trips data ***********
2025-07-11 09:29:21.224 | INFO     | __main__:download_one_day:86 - execution time: 0:00:51.260181
2025-07-11 09:29:21.449 | INFO     | __main__:download_one_day:45 - Analysis date: 2025-04-15
2025-07-11 09:29:22.517 | INFO     | __main__:download_one_day:52 - # operators to run: 226
2025-07-11 09:29:22.518 | INFO     | __main__:download_one_day:56 - *********** Download trips data ***********
2025-07-11 09:30:05.901 | INFO     | __main__:download_one_day:86 - execution time: 0:00:44.451025
2025-07-11 09:30:06.131 | INFO     | __main__:download_one_day:45 - Analysis date: 2025-04-17
2025-07-11 09:30:07.303 | INFO     | __main__:download_one_day:52 - # operators to run: 225
2025-07-11 09:30:07.303 | INFO     | __main__:download_one_day:56 - *********** Download trips data ***********
2025-07-11 09:30:50.047 | INFO     | __main__:download_one_day:86 - execution time: 0:00:43.915804
2025-07-11 09:30:50.223 | INFO     | __main__:download_one_day:45 - Analysis date: 2025-04-18
2025-07-11 09:30:51.149 | INFO     | __main__:download_one_day:52 - # operators to run: 225
2025-07-11 09:30:51.150 | INFO     | __main__:download_one_day:56 - *********** Download trips data ***********
2025-07-11 09:31:33.140 | INFO     | __main__:download_one_day:86 - execution time: 0:00:42.915739
2025-07-11 09:31:33.311 | INFO     | __main__:download_one_day:45 - Analysis date: 2025-04-19
2025-07-11 09:31:34.519 | INFO     | __main__:download_one_day:52 - # operators to run: 225
2025-07-11 09:31:34.520 | INFO     | __main__:download_one_day:56 - *********** Download trips data ***********
2025-07-11 09:32:07.644 | INFO     | __main__:download_one_day:86 - execution time: 0:00:34.332921
2025-07-11 09:32:07.791 | INFO     | __main__:download_one_day:45 - Analysis date: 2025-04-20
2025-07-11 09:32:08.737 | INFO     | __main__:download_one_day:52 - # operators to run: 225
2025-07-11 09:32:08.738 | INFO     | __main__:download_one_day:56 - *********** Download trips data ***********
2025-07-11 09:32:43.901 | INFO     | __main__:download_one_day:86 - execution time: 0:00:36.108725
2025-07-11 09:33:18.551 | INFO     | __main__:download_one_day:22 - Analysis date: 2025-04-14
2025-07-11 09:33:19.317 | INFO     | __main__:download_one_day:29 - # operators to run: 226
2025-07-11 09:33:19.318 | INFO     | __main__:download_one_day:33 - *********** Download stops data ***********
2025-07-11 09:33:31.167 | INFO     | __main__:download_one_day:64 - execution time: 0:00:12.615205
2025-07-11 09:33:31.220 | INFO     | __main__:download_one_day:22 - Analysis date: 2025-04-15
2025-07-11 09:33:31.889 | INFO     | __main__:download_one_day:29 - # operators to run: 226
2025-07-11 09:33:31.890 | INFO     | __main__:download_one_day:33 - *********** Download stops data ***********
2025-07-11 09:33:43.153 | INFO     | __main__:download_one_day:64 - execution time: 0:00:11.933059
2025-07-11 09:33:43.197 | INFO     | __main__:download_one_day:22 - Analysis date: 2025-04-17
2025-07-11 09:33:43.837 | INFO     | __main__:download_one_day:29 - # operators to run: 225
2025-07-11 09:33:43.838 | INFO     | __main__:download_one_day:33 - *********** Download stops data ***********
2025-07-11 09:33:54.772 | INFO     | __main__:download_one_day:64 - execution time: 0:00:11.574500
2025-07-11 09:33:54.826 | INFO     | __main__:download_one_day:22 - Analysis date: 2025-04-18
2025-07-11 09:33:55.487 | INFO     | __main__:download_one_day:29 - # operators to run: 225
2025-07-11 09:33:55.487 | INFO     | __main__:download_one_day:33 - *********** Download stops data ***********
2025-07-11 09:34:05.470 | INFO     | __main__:download_one_day:64 - execution time: 0:00:10.643695
2025-07-11 09:34:05.527 | INFO     | __main__:download_one_day:22 - Analysis date: 2025-04-19
2025-07-11 09:34:06.139 | INFO     | __main__:download_one_day:29 - # operators to run: 225
2025-07-11 09:34:06.140 | INFO     | __main__:download_one_day:33 - *********** Download stops data ***********
2025-07-11 09:34:15.151 | INFO     | __main__:download_one_day:64 - execution time: 0:00:09.623331
2025-07-11 09:34:15.195 | INFO     | __main__:download_one_day:22 - Analysis date: 2025-04-20
2025-07-11 09:34:15.856 | INFO     | __main__:download_one_day:29 - # operators to run: 225
2025-07-11 09:34:15.857 | INFO     | __main__:download_one_day:33 - *********** Download stops data ***********
2025-07-11 09:34:23.992 | INFO     | __main__:download_one_day:64 - execution time: 0:00:08.795800
2025-07-11 09:34:46.069 | INFO     | __main__:download_one_day:22 - Analysis date: 2025-04-14
2025-07-11 09:34:47.106 | INFO     | __main__:download_one_day:29 - # operators to run: 226
2025-07-11 09:34:47.107 | INFO     | __main__:download_one_day:33 - *********** Download routelines data ***********
2025-07-11 09:37:26.506 | INFO     | __main__:download_one_day:63 - execution time: 0:02:40.435686
2025-07-11 09:37:26.552 | INFO     | __main__:download_one_day:22 - Analysis date: 2025-04-15
2025-07-11 09:37:27.920 | INFO     | __main__:download_one_day:29 - # operators to run: 226
2025-07-11 09:37:27.921 | INFO     | __main__:download_one_day:33 - *********** Download routelines data ***********
2025-07-11 09:39:57.732 | INFO     | __main__:download_one_day:63 - execution time: 0:02:31.179155
2025-07-11 09:39:57.775 | INFO     | __main__:download_one_day:22 - Analysis date: 2025-04-17
2025-07-11 09:39:58.852 | INFO     | __main__:download_one_day:29 - # operators to run: 225
2025-07-11 09:39:58.853 | INFO     | __main__:download_one_day:33 - *********** Download routelines data ***********
2025-07-11 09:42:30.232 | INFO     | __main__:download_one_day:63 - execution time: 0:02:32.456167
2025-07-11 09:42:30.272 | INFO     | __main__:download_one_day:22 - Analysis date: 2025-04-18
2025-07-11 09:42:31.353 | INFO     | __main__:download_one_day:29 - # operators to run: 225
2025-07-11 09:42:31.354 | INFO     | __main__:download_one_day:33 - *********** Download routelines data ***********
2025-07-11 09:45:01.734 | INFO     | __main__:download_one_day:63 - execution time: 0:02:31.460576
2025-07-11 09:45:01.768 | INFO     | __main__:download_one_day:22 - Analysis date: 2025-04-19
2025-07-11 09:45:02.717 | INFO     | __main__:download_one_day:29 - # operators to run: 225
2025-07-11 09:45:02.720 | INFO     | __main__:download_one_day:33 - *********** Download routelines data ***********
2025-07-11 09:46:48.157 | INFO     | __main__:download_one_day:63 - execution time: 0:01:46.388609
2025-07-11 09:46:48.178 | INFO     | __main__:download_one_day:22 - Analysis date: 2025-04-20
2025-07-11 09:46:49.306 | INFO     | __main__:download_one_day:29 - # operators to run: 225
2025-07-11 09:46:49.307 | INFO     | __main__:download_one_day:33 - *********** Download routelines data ***********
2025-07-11 09:48:21.417 | INFO     | __main__:download_one_day:63 - execution time: 0:01:33.237664
2025-07-11 09:48:56.524 | INFO     | __main__:download_one_day:24 - Analysis date: 2025-04-14
2025-07-11 09:48:58.405 | INFO     | __main__:download_one_day:33 - # operators to run: 192
2025-07-11 09:48:58.405 | INFO     | __main__:download_one_day:37 - *********** Download st data ***********
2025-07-11 09:51:15.508 | INFO     | __main__:download_one_day:60 - execution time: 0:02:18.983425
2025-07-11 09:51:16.638 | INFO     | __main__:download_one_day:24 - Analysis date: 2025-04-15
2025-07-11 09:51:18.244 | INFO     | __main__:download_one_day:33 - # operators to run: 194
2025-07-11 09:51:18.245 | INFO     | __main__:download_one_day:37 - *********** Download st data ***********
2025-07-11 09:53:13.799 | INFO     | __main__:download_one_day:60 - execution time: 0:01:57.160604
2025-07-11 09:53:14.963 | INFO     | __main__:download_one_day:24 - Analysis date: 2025-04-17
2025-07-11 09:53:16.725 | INFO     | __main__:download_one_day:33 - # operators to run: 198
2025-07-11 09:53:16.726 | INFO     | __main__:download_one_day:37 - *********** Download st data ***********
2025-07-11 09:55:16.416 | INFO     | __main__:download_one_day:60 - execution time: 0:02:01.451612
2025-07-11 09:55:17.674 | INFO     | __main__:download_one_day:24 - Analysis date: 2025-04-18
2025-07-11 09:55:19.440 | INFO     | __main__:download_one_day:33 - # operators to run: 194
2025-07-11 09:55:19.441 | INFO     | __main__:download_one_day:37 - *********** Download st data ***********
2025-07-11 09:57:11.334 | INFO     | __main__:download_one_day:60 - execution time: 0:01:53.659438
2025-07-11 09:57:12.482 | INFO     | __main__:download_one_day:24 - Analysis date: 2025-04-19
2025-07-11 09:57:14.101 | INFO     | __main__:download_one_day:33 - # operators to run: 164
2025-07-11 09:57:14.102 | INFO     | __main__:download_one_day:37 - *********** Download st data ***********
2025-07-11 09:58:28.041 | INFO     | __main__:download_one_day:60 - execution time: 0:01:15.558531
2025-07-11 09:58:28.848 | INFO     | __main__:download_one_day:24 - Analysis date: 2025-04-20
2025-07-11 09:58:30.414 | INFO     | __main__:download_one_day:33 - # operators to run: 113
2025-07-11 09:58:30.415 | INFO     | __main__:download_one_day:37 - *********** Download st data ***********
2025-07-11 09:59:38.343 | INFO     | __main__:download_one_day:60 - execution time: 0:01:09.495185
