2024-11-15 10:21:40.586 | INFO     | __main__:<module>:148 - Analysis date: 2024-11-13
2024-11-15 10:24:01.283 | INFO     | __main__:loop_through_batches_and_download_vp:111 - exported batch 0 to GCS: 0:02:20.696810
2024-11-15 10:25:15.067 | INFO     | __main__:loop_through_batches_and_download_vp:111 - exported batch 1 to GCS: 0:01:13.782383
2024-11-15 10:29:29.580 | INFO     | __main__:loop_through_batches_and_download_vp:111 - exported batch 2 to GCS: 0:04:14.512918
2024-11-15 10:31:30.103 | INFO     | __main__:loop_through_batches_and_download_vp:111 - exported batch 3 to GCS: 0:02:00.521885
2024-11-15 10:31:30.103 | INFO     | __main__:<module>:155 - execution time: 0:09:49.516857
2024-11-15 10:31:47.323 | INFO     | __main__:<module>:97 - Analysis date: 2024-11-13
2024-11-15 10:31:56.634 | INFO     | __main__:<module>:105 - concat and filter batched data: 0:00:09.310511
2024-11-15 10:35:51.779 | INFO     | __main__:<module>:112 - export concatenated vp: 0:03:55.144496
2024-11-15 10:39:51.367 | INFO     | __main__:<module>:134 - remove batched parquets
2024-11-15 10:39:51.367 | INFO     | __main__:<module>:137 - execution time: 0:08:04.043473
2024-12-17 13:05:19.418 | INFO     | __main__:<module>:148 - Analysis date: 2024-12-11
2024-12-17 13:07:43.522 | INFO     | __main__:loop_through_batches_and_download_vp:111 - exported batch 0 to GCS: 0:02:24.103479
2024-12-17 13:08:53.304 | INFO     | __main__:loop_through_batches_and_download_vp:111 - exported batch 1 to GCS: 0:01:09.780570
2024-12-17 13:12:58.734 | INFO     | __main__:loop_through_batches_and_download_vp:111 - exported batch 2 to GCS: 0:04:05.429329
2024-12-17 13:14:54.294 | INFO     | __main__:loop_through_batches_and_download_vp:111 - exported batch 3 to GCS: 0:01:55.559501
2024-12-17 13:14:54.295 | INFO     | __main__:<module>:155 - execution time: 0:09:34.875675
2024-12-17 13:15:11.818 | INFO     | __main__:<module>:97 - Analysis date: 2024-12-11
2024-12-17 13:15:19.487 | INFO     | __main__:<module>:105 - concat and filter batched data: 0:00:07.667599
2024-12-17 13:19:32.102 | INFO     | __main__:<module>:112 - export concatenated vp: 0:04:12.615694
2024-12-17 13:23:34.976 | INFO     | __main__:<module>:134 - remove batched parquets
2024-12-17 13:23:34.976 | INFO     | __main__:<module>:137 - execution time: 0:08:23.157313
2025-01-16 13:37:50.059 | INFO     | __main__:<module>:148 - Analysis date: 2025-01-15
2025-01-16 13:40:22.219 | INFO     | __main__:loop_through_batches_and_download_vp:111 - exported batch 0 to GCS: 0:02:32.149970
2025-01-16 13:41:31.441 | INFO     | __main__:loop_through_batches_and_download_vp:111 - exported batch 1 to GCS: 0:01:09.219682
2025-01-16 13:45:40.111 | INFO     | __main__:loop_through_batches_and_download_vp:111 - exported batch 2 to GCS: 0:04:08.669348
2025-01-16 13:47:52.255 | INFO     | __main__:loop_through_batches_and_download_vp:111 - exported batch 3 to GCS: 0:02:12.137762
2025-01-16 13:47:52.256 | INFO     | __main__:<module>:155 - execution time: 0:10:02.186184
2025-01-16 13:48:16.039 | INFO     | __main__:<module>:97 - Analysis date: 2025-01-15
2025-01-16 13:48:23.877 | INFO     | __main__:<module>:105 - concat and filter batched data: 0:00:07.837533
2025-01-16 13:52:18.653 | INFO     | __main__:<module>:112 - export concatenated vp: 0:03:54.775914
2025-01-16 13:56:18.964 | INFO     | __main__:<module>:134 - remove batched parquets
2025-01-16 13:56:18.987 | INFO     | __main__:<module>:137 - execution time: 0:08:02.947545
2025-02-13 09:16:42.270 | INFO     | __main__:<module>:148 - Analysis date: 2025-01-15
2025-02-13 09:19:25.285 | INFO     | __main__:loop_through_batches_and_download_vp:111 - exported batch 0 to GCS: 0:02:43.014412
2025-02-13 09:37:36.354 | INFO     | __main__:<module>:148 - Analysis date: 2025-01-15
2025-02-13 09:40:24.568 | INFO     | __main__:loop_through_batches_and_download_vp:111 - exported batch 0 to GCS: 0:02:48.212532
2025-02-13 09:41:36.607 | INFO     | __main__:loop_through_batches_and_download_vp:111 - exported batch 1 to GCS: 0:01:12.038637
2025-02-13 09:45:59.940 | INFO     | __main__:loop_through_batches_and_download_vp:111 - exported batch 2 to GCS: 0:04:23.331885
2025-02-13 09:48:03.850 | INFO     | __main__:loop_through_batches_and_download_vp:111 - exported batch 3 to GCS: 0:02:03.908665
2025-02-13 09:48:03.850 | INFO     | __main__:<module>:155 - execution time: 0:10:27.495360
2025-02-13 09:48:44.549 | INFO     | __main__:<module>:97 - Analysis date: 2025-01-15
2025-02-13 09:48:56.532 | INFO     | __main__:<module>:105 - concat and filter batched data: 0:00:11.982209
2025-02-13 09:53:01.735 | INFO     | __main__:<module>:112 - export concatenated vp: 0:04:05.202995
2025-02-13 09:57:18.916 | INFO     | __main__:<module>:134 - remove batched parquets
2025-02-13 09:57:18.917 | INFO     | __main__:<module>:137 - execution time: 0:08:34.366768
2025-02-17 13:23:28.712 | INFO     | __main__:<module>:148 - Analysis date: 2025-01-15
2025-02-17 13:25:45.034 | INFO     | __main__:loop_through_batches_and_download_vp:111 - exported batch 0 to GCS: 0:02:16.307399
2025-02-17 13:27:04.647 | INFO     | __main__:loop_through_batches_and_download_vp:111 - exported batch 1 to GCS: 0:01:19.611117
2025-02-17 13:31:26.029 | INFO     | __main__:loop_through_batches_and_download_vp:111 - exported batch 2 to GCS: 0:04:21.381410
2025-02-17 13:33:25.406 | INFO     | __main__:loop_through_batches_and_download_vp:111 - exported batch 3 to GCS: 0:01:59.351721
2025-02-17 13:33:25.407 | INFO     | __main__:<module>:155 - execution time: 0:09:56.679670
2025-02-17 13:33:49.071 | INFO     | __main__:<module>:97 - Analysis date: 2025-01-15
2025-02-17 13:33:57.391 | INFO     | __main__:<module>:105 - concat and filter batched data: 0:00:08.319348
2025-02-17 13:38:12.928 | INFO     | __main__:<module>:112 - export concatenated vp: 0:04:15.536791
2025-02-17 13:42:21.135 | INFO     | __main__:<module>:134 - remove batched parquets
2025-02-17 13:42:21.136 | INFO     | __main__:<module>:137 - execution time: 0:08:32.064286
2025-02-17 17:53:01.240 | INFO     | __main__:<module>:148 - Analysis date: 2025-01-15
2025-02-17 17:55:04.672 | INFO     | __main__:loop_through_batches_and_download_vp:111 - exported batch 0 to GCS: 0:02:03.431319
2025-02-17 17:56:13.880 | INFO     | __main__:loop_through_batches_and_download_vp:111 - exported batch 1 to GCS: 0:01:09.204391
2025-02-17 18:00:17.985 | INFO     | __main__:loop_through_batches_and_download_vp:111 - exported batch 2 to GCS: 0:04:04.104362
2025-02-17 18:02:42.414 | INFO     | __main__:loop_through_batches_and_download_vp:111 - exported batch 3 to GCS: 0:02:24.414064
2025-02-17 18:02:42.415 | INFO     | __main__:<module>:155 - execution time: 0:09:41.173863
2025-02-17 18:03:20.297 | INFO     | __main__:<module>:97 - Analysis date: 2025-01-15
2025-02-17 18:03:28.868 | INFO     | __main__:<module>:105 - concat and filter batched data: 0:00:08.570854
2025-02-17 18:07:24.354 | INFO     | __main__:<module>:112 - export concatenated vp: 0:03:55.485937
2025-02-17 18:11:43.792 | INFO     | __main__:<module>:134 - remove batched parquets
2025-02-17 18:11:43.801 | INFO     | __main__:<module>:137 - execution time: 0:08:23.503515
2025-02-17 18:18:58.216 | INFO     | __main__:<module>:148 - Analysis date: 2025-02-12
2025-02-17 18:21:06.644 | INFO     | __main__:loop_through_batches_and_download_vp:111 - exported batch 0 to GCS: 0:02:08.427168
2025-02-17 18:22:45.441 | INFO     | __main__:loop_through_batches_and_download_vp:111 - exported batch 1 to GCS: 0:01:38.794008
2025-02-17 18:27:09.259 | INFO     | __main__:loop_through_batches_and_download_vp:111 - exported batch 2 to GCS: 0:04:23.817040
2025-02-17 18:29:06.576 | INFO     | __main__:loop_through_batches_and_download_vp:111 - exported batch 3 to GCS: 0:01:57.316558
2025-02-17 18:29:06.577 | INFO     | __main__:<module>:155 - execution time: 0:10:08.359872
2025-02-17 18:29:24.943 | INFO     | __main__:<module>:97 - Analysis date: 2025-02-12
2025-02-17 18:29:32.441 | INFO     | __main__:<module>:105 - concat and filter batched data: 0:00:07.497659
2025-02-17 18:33:35.607 | INFO     | __main__:<module>:112 - export concatenated vp: 0:04:03.165963
2025-02-17 18:37:41.616 | INFO     | __main__:<module>:134 - remove batched parquets
2025-02-17 18:37:41.617 | INFO     | __main__:<module>:137 - execution time: 0:08:16.673349
2025-02-19 17:17:36.080 | INFO     | __main__:<module>:172 - Analysis date: 2025-02-12
2025-02-19 17:27:41.891 | INFO     | __main__:<module>:97 - Analysis date: 2025-02-12
2025-02-19 17:27:53.684 | INFO     | __main__:<module>:105 - concat and filter batched data: 0:00:11.792390
2025-02-19 17:32:30.905 | INFO     | __main__:<module>:112 - export concatenated vp: 0:04:37.220259
2025-02-19 17:35:33.202 | INFO     | __main__:<module>:134 - remove batched parquets
2025-02-19 17:35:33.203 | INFO     | __main__:<module>:137 - execution time: 0:07:51.311048
2025-02-20 11:53:51.586 | INFO     | __main__:<module>:172 - Analysis date: 2025-01-15
2025-02-20 11:55:52.628 | INFO     | __main__:loop_through_batches_and_download_vp:135 - exported batch 0 to GCS: 0:02:01.018242
2025-02-20 11:57:23.940 | INFO     | __main__:loop_through_batches_and_download_vp:135 - exported batch 1 to GCS: 0:01:31.311186
2025-02-20 12:01:21.752 | INFO     | __main__:loop_through_batches_and_download_vp:135 - exported batch 2 to GCS: 0:03:57.809939
2025-02-20 12:02:19.618 | INFO     | __main__:loop_through_batches_and_download_vp:135 - exported batch 3 to GCS: 0:00:57.865247
2025-02-20 12:02:19.618 | INFO     | __main__:<module>:179 - execution time: 0:08:28.008397
2025-02-20 12:02:19.620 | INFO     | __main__:<module>:172 - Analysis date: 2024-12-11
2025-02-20 12:03:56.677 | INFO     | __main__:loop_through_batches_and_download_vp:135 - exported batch 0 to GCS: 0:01:37.057021
2025-02-20 12:04:53.095 | INFO     | __main__:loop_through_batches_and_download_vp:135 - exported batch 1 to GCS: 0:00:56.416690
2025-02-20 12:08:45.591 | INFO     | __main__:loop_through_batches_and_download_vp:135 - exported batch 2 to GCS: 0:03:52.494854
2025-02-20 12:09:48.143 | INFO     | __main__:loop_through_batches_and_download_vp:135 - exported batch 3 to GCS: 0:01:02.550156
2025-02-20 12:09:48.143 | INFO     | __main__:<module>:179 - execution time: 0:07:28.522897
2025-02-20 12:09:48.143 | INFO     | __main__:<module>:172 - Analysis date: 2024-11-13
2025-02-20 12:11:41.515 | INFO     | __main__:loop_through_batches_and_download_vp:135 - exported batch 0 to GCS: 0:01:53.370620
2025-02-20 12:12:41.675 | INFO     | __main__:loop_through_batches_and_download_vp:135 - exported batch 1 to GCS: 0:01:00.153405
2025-02-20 12:16:09.839 | INFO     | __main__:loop_through_batches_and_download_vp:135 - exported batch 2 to GCS: 0:03:28.163457
2025-02-20 12:17:14.875 | INFO     | __main__:loop_through_batches_and_download_vp:135 - exported batch 3 to GCS: 0:01:05.035154
2025-02-20 12:17:14.876 | INFO     | __main__:<module>:179 - execution time: 0:07:26.732298
2025-02-20 12:17:14.877 | INFO     | __main__:<module>:172 - Analysis date: 2024-10-16
2025-02-20 12:19:04.090 | INFO     | __main__:loop_through_batches_and_download_vp:135 - exported batch 0 to GCS: 0:01:49.211519
2025-02-20 12:20:07.515 | INFO     | __main__:loop_through_batches_and_download_vp:135 - exported batch 1 to GCS: 0:01:03.423671
2025-02-20 12:23:19.741 | INFO     | __main__:loop_through_batches_and_download_vp:135 - exported batch 2 to GCS: 0:03:12.225310
2025-02-20 12:24:26.422 | INFO     | __main__:loop_through_batches_and_download_vp:135 - exported batch 3 to GCS: 0:01:06.680318
2025-02-20 12:24:26.423 | INFO     | __main__:<module>:179 - execution time: 0:07:11.544887
2025-02-20 12:24:26.423 | INFO     | __main__:<module>:172 - Analysis date: 2024-09-18
2025-02-20 12:26:35.677 | INFO     | __main__:loop_through_batches_and_download_vp:135 - exported batch 0 to GCS: 0:02:09.252839
2025-02-20 12:27:26.960 | INFO     | __main__:loop_through_batches_and_download_vp:135 - exported batch 1 to GCS: 0:00:51.282641
2025-02-20 12:30:26.384 | INFO     | __main__:loop_through_batches_and_download_vp:135 - exported batch 2 to GCS: 0:02:59.423327
2025-02-20 12:31:28.083 | INFO     | __main__:loop_through_batches_and_download_vp:135 - exported batch 3 to GCS: 0:01:01.697276
2025-02-20 12:31:28.084 | INFO     | __main__:<module>:179 - execution time: 0:07:01.659841
2025-02-20 12:31:58.190 | INFO     | __main__:<module>:97 - Analysis date: 2025-01-15
2025-02-20 12:32:05.256 | INFO     | __main__:<module>:105 - concat and filter batched data: 0:00:07.065258
2025-02-20 12:35:13.884 | INFO     | __main__:<module>:112 - export concatenated vp: 0:03:08.628026
2025-02-20 12:37:46.799 | INFO     | __main__:<module>:134 - remove batched parquets
2025-02-20 12:37:46.799 | INFO     | __main__:<module>:137 - execution time: 0:05:48.608961
2025-02-20 12:37:47.760 | INFO     | __main__:<module>:97 - Analysis date: 2024-12-11
2025-02-20 12:37:53.322 | INFO     | __main__:<module>:105 - concat and filter batched data: 0:00:05.448362
2025-02-20 12:41:10.262 | INFO     | __main__:<module>:112 - export concatenated vp: 0:03:16.939570
2025-02-20 12:43:23.588 | INFO     | __main__:<module>:134 - remove batched parquets
2025-02-20 12:43:23.589 | INFO     | __main__:<module>:137 - execution time: 0:05:35.715083
2025-02-20 12:43:24.616 | INFO     | __main__:<module>:97 - Analysis date: 2024-11-13
2025-02-20 12:43:29.478 | INFO     | __main__:<module>:105 - concat and filter batched data: 0:00:04.749014
2025-02-20 12:47:02.650 | INFO     | __main__:<module>:112 - export concatenated vp: 0:03:33.172058
2025-02-20 12:49:17.429 | INFO     | __main__:<module>:134 - remove batched parquets
2025-02-20 12:49:17.430 | INFO     | __main__:<module>:137 - execution time: 0:05:52.701019
2025-02-20 12:49:18.484 | INFO     | __main__:<module>:97 - Analysis date: 2024-10-16
2025-02-20 12:49:23.670 | INFO     | __main__:<module>:105 - concat and filter batched data: 0:00:05.071032
2025-02-20 12:52:37.890 | INFO     | __main__:<module>:112 - export concatenated vp: 0:03:14.219853
2025-02-20 12:54:55.701 | INFO     | __main__:<module>:134 - remove batched parquets
2025-02-20 12:54:55.702 | INFO     | __main__:<module>:137 - execution time: 0:05:37.102934
2025-02-20 12:54:56.746 | INFO     | __main__:<module>:97 - Analysis date: 2024-09-18
2025-02-20 12:55:01.716 | INFO     | __main__:<module>:105 - concat and filter batched data: 0:00:04.860075
2025-02-20 12:58:00.726 | INFO     | __main__:<module>:112 - export concatenated vp: 0:02:59.010114
2025-02-20 13:00:06.516 | INFO     | __main__:<module>:134 - remove batched parquets
2025-02-20 13:00:06.517 | INFO     | __main__:<module>:137 - execution time: 0:05:09.660388
2025-03-13 13:16:39.543 | INFO     | __main__:<module>:172 - Analysis date: 2025-03-13
2025-03-13 13:16:57.423 | INFO     | __main__:loop_through_batches_and_download_vp:135 - exported batch 0 to GCS: 0:00:17.863486
2025-03-13 13:17:05.026 | INFO     | __main__:loop_through_batches_and_download_vp:135 - exported batch 1 to GCS: 0:00:07.602078
2025-03-13 13:17:53.609 | INFO     | __main__:loop_through_batches_and_download_vp:135 - exported batch 2 to GCS: 0:00:48.583002
2025-03-13 13:18:07.957 | INFO     | __main__:loop_through_batches_and_download_vp:135 - exported batch 3 to GCS: 0:00:14.342214
2025-03-13 13:18:07.958 | INFO     | __main__:<module>:179 - execution time: 0:01:28.398997
2025-03-13 13:18:39.809 | INFO     | __main__:<module>:99 - Analysis date: 2025-03-13
2025-03-13 13:18:46.593 | INFO     | __main__:<module>:107 - concat and filter batched data: 0:00:06.783815
2025-03-13 13:19:25.190 | INFO     | __main__:<module>:114 - export concatenated vp: 0:00:38.596789
2025-03-13 13:19:57.622 | INFO     | __main__:<module>:136 - remove batched parquets
2025-03-13 13:19:57.622 | INFO     | __main__:<module>:139 - execution time: 0:01:17.813157
2025-03-17 09:53:04.648 | INFO     | __main__:<module>:172 - Analysis date: 2025-03-12
2025-03-17 09:55:18.551 | INFO     | __main__:loop_through_batches_and_download_vp:135 - exported batch 0 to GCS: 0:02:13.876369
2025-03-17 09:56:04.542 | INFO     | __main__:loop_through_batches_and_download_vp:135 - exported batch 1 to GCS: 0:00:45.985167
2025-03-17 10:00:18.490 | INFO     | __main__:loop_through_batches_and_download_vp:135 - exported batch 2 to GCS: 0:04:13.947014
2025-03-17 10:02:20.261 | INFO     | __main__:loop_through_batches_and_download_vp:135 - exported batch 3 to GCS: 0:02:01.738914
2025-03-17 10:02:20.262 | INFO     | __main__:<module>:179 - execution time: 0:09:15.587083
2025-03-17 10:03:00.509 | INFO     | __main__:<module>:99 - Analysis date: 2025-03-12
2025-03-17 10:03:10.472 | INFO     | __main__:<module>:107 - concat and filter batched data: 0:00:09.962394
2025-03-17 10:07:15.538 | INFO     | __main__:<module>:114 - export concatenated vp: 0:04:05.066482
2025-03-17 10:11:09.816 | INFO     | __main__:<module>:136 - remove batched parquets
2025-03-17 10:11:09.824 | INFO     | __main__:<module>:139 - execution time: 0:08:09.314411
2025-04-17 10:27:26.585 | INFO     | __main__:<module>:172 - Analysis date: 2025-04-16
2025-04-17 10:29:21.566 | INFO     | __main__:loop_through_batches_and_download_vp:135 - exported batch 0 to GCS: 0:01:54.956152
2025-04-17 10:30:26.137 | INFO     | __main__:loop_through_batches_and_download_vp:135 - exported batch 1 to GCS: 0:01:04.570945
2025-04-17 10:34:21.700 | INFO     | __main__:loop_through_batches_and_download_vp:135 - exported batch 2 to GCS: 0:03:55.562479
2025-04-17 10:36:04.387 | INFO     | __main__:loop_through_batches_and_download_vp:135 - exported batch 3 to GCS: 0:01:42.656962
2025-04-17 10:36:04.388 | INFO     | __main__:<module>:179 - execution time: 0:08:37.778853
2025-04-17 10:36:56.397 | INFO     | __main__:<module>:99 - Analysis date: 2025-04-16
2025-04-17 10:37:06.001 | INFO     | __main__:<module>:107 - concat and filter batched data: 0:00:09.603306
2025-04-17 10:40:36.570 | INFO     | __main__:<module>:114 - export concatenated vp: 0:03:30.569211
2025-05-19 15:40:10.597 | INFO     | __main__:<module>:99 - Analysis date: 2025-05-14
2025-05-19 15:40:16.973 | INFO     | __main__:<module>:107 - concat and filter batched data: 0:00:06.375762
2025-05-19 15:42:28.254 | INFO     | __main__:<module>:114 - export concatenated vp: 0:02:11.280938
2025-05-19 15:44:07.321 | INFO     | __main__:<module>:136 - remove batched parquets
2025-05-19 15:44:07.324 | INFO     | __main__:<module>:139 - execution time: 0:03:56.726872
2025-06-26 15:09:05.644 | INFO     | __main__:<module>:172 - Analysis date: 2025-06-11
2025-06-26 15:11:30.611 | INFO     | __main__:loop_through_batches_and_download_vp:135 - exported batch 0 to GCS: 0:02:24.920210
2025-06-26 15:12:54.177 | INFO     | __main__:loop_through_batches_and_download_vp:135 - exported batch 1 to GCS: 0:01:23.565069
2025-06-26 15:17:58.463 | INFO     | __main__:loop_through_batches_and_download_vp:135 - exported batch 2 to GCS: 0:05:04.285160
2025-06-26 15:20:02.332 | INFO     | __main__:loop_through_batches_and_download_vp:135 - exported batch 3 to GCS: 0:02:03.857374
2025-06-26 15:20:02.333 | INFO     | __main__:<module>:179 - execution time: 0:10:56.642082
2025-06-26 15:20:30.558 | INFO     | __main__:<module>:99 - Analysis date: 2025-06-11
2025-06-26 15:20:41.727 | INFO     | __main__:<module>:107 - concat and filter batched data: 0:00:11.168090
2025-06-26 15:25:23.995 | INFO     | __main__:<module>:114 - export concatenated vp: 0:04:42.267951
2025-06-26 15:30:22.612 | INFO     | __main__:<module>:136 - remove batched parquets
2025-06-26 15:30:22.621 | INFO     | __main__:<module>:139 - execution time: 0:09:52.062283
2025-06-26 17:21:15.062 | INFO     | __main__:<module>:172 - Analysis date: 2025-06-11
2025-06-26 17:23:33.761 | INFO     | __main__:loop_through_batches_and_download_vp:135 - exported batch 0 to GCS: 0:02:18.697242
2025-06-26 17:24:57.526 | INFO     | __main__:loop_through_batches_and_download_vp:135 - exported batch 1 to GCS: 0:01:23.764540
2025-06-26 17:30:06.927 | INFO     | __main__:loop_through_batches_and_download_vp:135 - exported batch 2 to GCS: 0:05:09.399749
2025-06-26 17:32:04.195 | INFO     | __main__:loop_through_batches_and_download_vp:135 - exported batch 3 to GCS: 0:01:57.267811
2025-06-26 17:32:04.196 | INFO     | __main__:<module>:179 - execution time: 0:10:49.132799
2025-06-26 17:32:39.592 | INFO     | __main__:<module>:99 - Analysis date: 2025-06-11
2025-06-26 17:32:48.470 | INFO     | __main__:<module>:107 - concat and filter batched data: 0:00:08.877353
2025-06-26 17:37:18.327 | INFO     | __main__:<module>:114 - export concatenated vp: 0:04:29.857113
2025-06-26 17:42:00.536 | INFO     | __main__:<module>:136 - remove batched parquets
2025-06-26 17:42:00.544 | INFO     | __main__:<module>:139 - execution time: 0:09:20.950825
2025-07-17 10:46:04.834 | INFO     | __main__:<module>:172 - Analysis date: 2025-07-16
2025-07-17 10:48:30.670 | INFO     | __main__:loop_through_batches_and_download_vp:135 - exported batch 0 to GCS: 0:02:25.820021
2025-07-17 10:49:37.193 | INFO     | __main__:loop_through_batches_and_download_vp:135 - exported batch 1 to GCS: 0:01:06.521576
2025-07-17 10:53:45.604 | INFO     | __main__:loop_through_batches_and_download_vp:135 - exported batch 2 to GCS: 0:04:08.410999
2025-07-17 10:55:34.426 | INFO     | __main__:loop_through_batches_and_download_vp:135 - exported batch 3 to GCS: 0:01:48.820659
2025-07-17 10:55:34.427 | INFO     | __main__:<module>:179 - execution time: 0:09:29.576495
2025-07-17 10:56:19.146 | INFO     | __main__:<module>:99 - Analysis date: 2025-07-16
2025-07-17 10:56:29.752 | INFO     | __main__:<module>:107 - concat and filter batched data: 0:00:10.603020
2025-07-17 11:00:31.742 | INFO     | __main__:<module>:114 - export concatenated vp: 0:04:01.989672
2025-07-17 11:04:18.706 | INFO     | __main__:<module>:136 - remove batched parquets
2025-07-17 11:04:18.713 | INFO     | __main__:<module>:139 - execution time: 0:07:59.563382

2025-09-30 14:26:30.338 | INFO     | __main__:<module>:172 - Analysis date: 2025-09-24
2025-09-30 14:28:29.402 | INFO     | __main__:loop_through_batches_and_download_vp:135 - exported batch 0 to GCS: 0:01:59.041715
2025-09-30 14:29:39.962 | INFO     | __main__:loop_through_batches_and_download_vp:135 - exported batch 1 to GCS: 0:01:10.558092
2025-09-30 14:33:53.269 | INFO     | __main__:loop_through_batches_and_download_vp:135 - exported batch 2 to GCS: 0:04:13.306181
2025-09-30 14:35:34.014 | INFO     | __main__:loop_through_batches_and_download_vp:135 - exported batch 3 to GCS: 0:01:40.743959
2025-09-30 14:35:34.014 | INFO     | __main__:<module>:179 - execution time: 0:09:03.654093
2025-09-30 14:36:09.864 | INFO     | __main__:<module>:99 - Analysis date: 2025-09-24
2025-09-30 14:36:17.179 | INFO     | __main__:<module>:107 - concat and filter batched data: 0:00:07.314150
2025-09-30 14:40:08.864 | INFO     | __main__:<module>:114 - export concatenated vp: 0:03:51.684597
2025-09-30 14:44:25.551 | INFO     | __main__:<module>:99 - Analysis date: 2025-09-24
2025-09-30 14:44:33.535 | INFO     | __main__:<module>:107 - concat and filter batched data: 0:00:07.971440
2025-09-30 14:48:33.363 | INFO     | __main__:<module>:114 - export concatenated vp: 0:03:59.828519
2025-10-10 11:14:05.882 | INFO     | __main__:<module>:172 - Analysis date: 2025-08-20
2025-10-10 11:15:57.759 | INFO     | __main__:loop_through_batches_and_download_vp:135 - exported batch 0 to GCS: 0:01:51.855513
2025-10-10 11:17:09.304 | INFO     | __main__:loop_through_batches_and_download_vp:135 - exported batch 1 to GCS: 0:01:11.544190
2025-10-10 11:21:10.789 | INFO     | __main__:loop_through_batches_and_download_vp:135 - exported batch 2 to GCS: 0:04:01.484475
2025-10-10 11:23:07.083 | INFO     | __main__:loop_through_batches_and_download_vp:135 - exported batch 3 to GCS: 0:01:56.284903
2025-10-10 11:23:07.083 | INFO     | __main__:<module>:179 - execution time: 0:09:01.180300
2025-10-10 11:23:51.390 | INFO     | __main__:<module>:99 - Analysis date: 2025-08-20
2025-10-10 11:23:59.344 | INFO     | __main__:<module>:107 - concat and filter batched data: 0:00:07.952765
2025-10-10 11:27:48.972 | INFO     | __main__:<module>:114 - export concatenated vp: 0:03:49.628196
