2023-08-18 14:10:48.159 | INFO     | __main__:<module>:151 - Analysis date: 2023-08-16
2023-08-18 14:12:41.403 | INFO     | __main__:<module>:164 - pare down vp
2023-08-18 14:12:41.403 | INFO     | __main__:<module>:167 - execution time: 0:01:53.216515
2023-08-24 14:21:33.212 | INFO     | __main__:<module>:151 - Analysis date: 2023-08-15
2023-08-24 14:23:13.391 | INFO     | __main__:<module>:164 - pare down vp
2023-08-24 14:23:13.391 | INFO     | __main__:<module>:167 - execution time: 0:01:40.133174
2023-09-14 12:51:45.121 | INFO     | __main__:<module>:154 - Analysis date: 2023-09-13
2023-09-14 12:53:56.411 | INFO     | __main__:<module>:167 - pare down vp
2023-09-14 12:53:56.412 | INFO     | __main__:<module>:170 - execution time: 0:02:11.273944
2023-10-12 11:13:11.171 | INFO     | __main__:<module>:156 - Analysis date: 2023-10-11
2023-10-12 11:16:02.518 | INFO     | __main__:<module>:169 - pare down vp
2023-10-12 11:16:02.518 | INFO     | __main__:<module>:172 - execution time: 0:02:51.325929
2023-10-13 10:28:43.977 | INFO     | __main__:<module>:161 - Analysis date: 2023-09-13
2023-10-13 10:31:17.426 | INFO     | __main__:<module>:171 - pare down vp: 0:02:33.448844
2023-10-13 10:31:17.427 | INFO     | __main__:<module>:161 - Analysis date: 2023-10-11
2023-10-13 10:33:42.458 | INFO     | __main__:<module>:171 - pare down vp: 0:04:58.481107
2023-10-13 10:33:59.209 | INFO     | __main__:<module>:174 - Analysis date: 2023-09-13
2023-10-13 10:38:23.748 | INFO     | __main__:attach_prior_vp_add_direction:88 - persist vp gddf: 0:04:24.538800
2023-10-13 10:39:00.233 | INFO     | __main__:attach_prior_vp_add_direction:114 - np vectorize arrays for direction: 0:00:36.484908
2023-10-13 10:39:07.270 | INFO     | __main__:<module>:181 - export vp direction: 0:05:08.060546
