2024-11-15 10:49:47.825 | INFO     | __main__:<module>:169 - 2024-11-13: pare down vp: 0:02:17.184060
2024-11-15 10:54:47.871 | INFO     | __main__:attach_prior_vp_add_direction:90 - persist vp gddf: 0:04:43.482836
2024-11-15 10:58:58.894 | INFO     | __main__:attach_prior_vp_add_direction:122 - np vectorize arrays for direction: 0:04:11.022869
2024-11-15 10:59:06.660 | INFO     | __main__:<module>:194 - 2024-11-13: export vp direction: 0:09:02.271419
2024-11-15 11:00:32.166 | INFO     | __main__:<module>:200 - 2024-11-13: export usable vp with direction: 0:01:25.506546
2024-11-15 11:00:32.167 | INFO     | __main__:<module>:203 - 2024-11-13: vp_direction script execution time: 0:10:27.777965
2024-11-15 11:05:58.601 | INFO     | __main__:<module>:213 - compute dwell df: 0:04:50.016006
2024-11-15 11:07:16.369 | INFO     | __main__:<module>:235 - merge with original and export: 0:01:17.768135
2024-11-15 11:07:16.370 | INFO     | __main__:<module>:236 - vp with dwell time 2024-11-13: 0:06:07.784141
2024-11-15 11:13:16.502 | INFO     | __main__:<module>:121 - 2024-11-13: condense vp for trip 0:05:43.170466
2024-11-15 11:25:18.878 | INFO     | __main__:<module>:129 - 2024-11-13: prepare vp to use in nearest neighbor: 0:12:02.376671
2024-12-17 13:50:53.303 | INFO     | __main__:<module>:169 - 2024-12-11: pare down vp: 0:02:22.877788
2024-12-17 13:55:36.457 | INFO     | __main__:attach_prior_vp_add_direction:90 - persist vp gddf: 0:04:24.416660
2024-12-17 13:59:57.106 | INFO     | __main__:attach_prior_vp_add_direction:122 - np vectorize arrays for direction: 0:04:20.649389
2024-12-17 14:00:04.653 | INFO     | __main__:<module>:194 - 2024-12-11: export vp direction: 0:08:52.613283
2024-12-17 14:01:30.377 | INFO     | __main__:<module>:200 - 2024-12-11: export usable vp with direction: 0:01:25.723882
2024-12-17 14:01:30.378 | INFO     | __main__:<module>:203 - 2024-12-11: vp_direction script execution time: 0:10:18.337165
2024-12-17 14:06:53.796 | INFO     | __main__:<module>:213 - compute dwell df: 0:04:47.332255
2024-12-17 14:08:13.713 | INFO     | __main__:<module>:235 - merge with original and export: 0:01:19.916578
2024-12-17 14:08:13.714 | INFO     | __main__:<module>:236 - vp with dwell time 2024-12-11: 0:06:07.248833
2024-12-17 14:13:50.962 | INFO     | __main__:<module>:78 - 2024-12-11: condense vp for trip 0:05:19.406518
2025-01-16 15:00:10.192 | INFO     | __main__:pare_down_to_valid_trips:88 - pare down vp: 0:02:40.192578
2025-01-20 20:40:27.661 | INFO     | __main__:pare_down_to_valid_trips:88 - pare down vp: 0:02:57.913529
2025-01-20 20:45:06.455 | INFO     | __main__:pare_down_to_valid_trips:88 - pare down vp: 0:02:28.449333
2025-01-20 20:58:21.900 | INFO     | __main__:pare_down_to_valid_trips:88 - pare down vp: 0:02:27.450257
2025-01-20 21:06:38.791 | INFO     | __main__:pare_down_to_valid_trips:94 - export vp direction: 0:08:16.891594
2025-01-20 21:43:35.817 | INFO     | __main__:pare_down_to_valid_trips:88 - pare down vp: 0:02:56.099553
2025-01-20 22:19:14.276 | INFO     | __main__:pare_down_to_valid_trips:88 - pare down vp: 0:02:55.161167
2025-01-20 22:27:27.465 | INFO     | __main__:pare_down_to_valid_trips:94 - export vp direction: 0:08:13.188856
2025-01-20 22:29:11.131 | INFO     | __main__:merge_in_vp_direction:143 - 2025-01-15: export usable vp with direction: 0:01:35.266091
2025-01-20 22:29:11.360 | INFO     | __main__:<module>:215 - 2025-01-15: pare down vp, add direction execution time: 0:12:52.244708
2025-01-20 22:34:09.150 | INFO     | __main__:<module>:216 - compute dwell df: 0:04:20.527838
2025-01-20 22:35:38.339 | INFO     | __main__:<module>:241 - merge with original and export: 0:01:29.188729
2025-01-20 22:35:38.340 | INFO     | __main__:<module>:242 - vp with dwell time 2025-01-15: 0:05:49.716567
2025-01-20 22:42:17.477 | INFO     | __main__:<module>:80 - 2025-01-15: condense vp for trip 0:06:20.345485
2025-02-13 10:08:33.367 | INFO     | __main__:pare_down_to_valid_trips:88 - pare down vp: 0:02:19.071646
2025-02-13 10:36:13.858 | INFO     | __main__:pare_down_to_valid_trips:88 - pare down vp: 0:02:43.933692
2025-02-17 13:52:33.036 | INFO     | __main__:pare_down_to_valid_trips:88 - pare down vp: 0:02:23.300496
2025-02-17 14:00:42.198 | INFO     | __main__:pare_down_to_valid_trips:94 - export vp direction: 0:08:09.162095
2025-02-17 14:02:19.731 | INFO     | __main__:merge_in_vp_direction:143 - 2025-01-15: export usable vp with direction: 0:01:30.930961
2025-02-17 14:02:19.974 | INFO     | __main__:<module>:215 - 2025-01-15: pare down vp, add direction execution time: 0:12:10.239378
2025-02-17 14:07:29.338 | INFO     | __main__:<module>:216 - compute dwell df: 0:04:31.477602
2025-02-17 14:08:50.431 | INFO     | __main__:<module>:241 - merge with original and export: 0:01:21.093084
2025-02-17 14:08:50.432 | INFO     | __main__:<module>:242 - vp with dwell time 2025-01-15: 0:05:52.570686
2025-02-17 14:15:23.550 | INFO     | __main__:<module>:80 - 2025-01-15: condense vp for trip 0:06:13.654816
2025-02-17 18:47:19.452 | INFO     | __main__:pare_down_to_valid_trips:88 - pare down vp: 0:02:27.142615
2025-02-17 18:55:25.816 | INFO     | __main__:pare_down_to_valid_trips:94 - export vp direction: 0:08:06.363480
2025-02-17 18:57:03.501 | INFO     | __main__:merge_in_vp_direction:143 - 2025-02-12: export usable vp with direction: 0:01:31.041359
2025-02-17 18:57:03.760 | INFO     | __main__:<module>:215 - 2025-02-12: pare down vp, add direction execution time: 0:12:11.450291
2025-02-17 19:02:02.627 | INFO     | __main__:<module>:216 - compute dwell df: 0:04:18.984864
2025-02-17 19:03:22.212 | INFO     | __main__:<module>:241 - merge with original and export: 0:01:19.584936
2025-02-17 19:03:22.213 | INFO     | __main__:<module>:242 - vp with dwell time 2025-02-12: 0:05:38.569800
2025-02-17 19:10:23.415 | INFO     | __main__:<module>:80 - 2025-02-12: condense vp for trip 0:06:40.787142
2025-02-20 10:09:19.263 | INFO     | __main__:<module>:116 - 2025-02-12: condense vp for trip 0:06:00.079742
2025-02-20 14:01:41.984 | INFO     | __main__:pare_down_to_valid_trips:88 - pare down vp: 0:02:18.227875
2025-02-20 14:04:42.832 | INFO     | __main__:pare_down_to_valid_trips:88 - pare down vp: 0:03:00.650110
2025-02-20 14:07:17.608 | INFO     | __main__:pare_down_to_valid_trips:88 - pare down vp: 0:02:34.692009
2025-02-20 14:10:03.127 | INFO     | __main__:pare_down_to_valid_trips:88 - pare down vp: 0:02:45.419478
2025-02-20 14:12:59.149 | INFO     | __main__:pare_down_to_valid_trips:88 - pare down vp: 0:02:55.934705
2025-02-20 14:15:39.953 | INFO     | __main__:pare_down_to_valid_trips:88 - pare down vp: 0:02:40.644917
2025-03-03 08:21:18.253 | INFO     | __main__:<module>:81 - 2025-02-12: condense vp for trip 0:07:12.972022
2025-03-03 08:56:13.468 | INFO     | __main__:<module>:81 - 2025-01-15: condense vp for trip 0:07:19.413209
2025-03-13 13:29:01.932 | INFO     | __main__:pare_down_to_valid_trips:88 - pare down vp: 0:00:12.366173
2025-03-13 13:29:44.941 | INFO     | __main__:pare_down_to_valid_trips:94 - export vp direction: 0:00:43.009007
2025-03-13 13:29:59.895 | INFO     | __main__:merge_in_vp_direction:143 - 2025-03-13: export usable vp with direction: 0:00:14.700539
2025-03-13 13:29:59.912 | INFO     | __main__:<module>:215 - 2025-03-13: pare down vp, add direction execution time: 0:01:10.346262
2025-03-13 13:31:20.421 | INFO     | __main__:<module>:216 - compute dwell df: 0:00:31.400914
2025-03-13 13:31:36.997 | INFO     | __main__:<module>:241 - merge with original and export: 0:00:16.576184
2025-03-13 13:31:36.998 | INFO     | __main__:<module>:242 - vp with dwell time 2025-03-13: 0:00:47.977098
2025-03-13 13:32:26.694 | INFO     | __main__:<module>:81 - 2025-03-13: condense vp for trip 0:00:32.692843
2025-03-17 10:22:24.890 | INFO     | __main__:pare_down_to_valid_trips:88 - pare down vp: 0:02:13.739723
2025-03-17 11:02:32.012 | INFO     | __main__:pare_down_to_valid_trips:88 - pare down vp: 0:02:29.955780
2025-03-17 11:34:50.495 | INFO     | __main__:pare_down_to_valid_trips:88 - pare down vp: 0:02:31.868289
2025-03-17 12:33:58.440 | INFO     | __main__:pare_down_to_valid_trips:88 - pare down vp: 0:00:56.188599
2025-03-17 12:37:37.414 | INFO     | __main__:pare_down_to_valid_trips:94 - export vp direction: 0:03:38.973841
2025-03-17 12:38:28.870 | INFO     | __main__:merge_in_vp_direction:143 - 2025-03-12: export usable vp with direction: 0:00:49.168449
2025-03-17 12:38:29.189 | INFO     | __main__:<module>:215 - 2025-03-12: pare down vp, add direction execution time: 0:05:26.929149
2025-03-17 12:42:05.611 | INFO     | __main__:<module>:216 - compute dwell df: 0:03:09.841020
2025-03-17 12:44:36.896 | INFO     | __main__:<module>:241 - merge with original and export: 0:02:31.284573
2025-03-17 12:44:36.899 | INFO     | __main__:<module>:242 - vp with dwell time 2025-03-12: 0:05:41.125593
2025-03-17 12:54:02.722 | INFO     | __main__:<module>:81 - 2025-03-12: condense vp for trip 0:04:01.342352
2025-03-19 12:23:11.178 | INFO     | __main__:merge_in_vp_direction:143 - 2025-03-12: export usable vp with direction: 0:02:14.533313
2025-03-19 12:23:11.515 | INFO     | __main__:<module>:215 - 2025-03-12: pare down vp, add direction execution time: 0:02:14.869737
2025-03-19 12:29:43.532 | INFO     | __main__:<module>:216 - compute dwell df: 0:05:58.132007
2025-03-19 12:41:35.778 | INFO     | __main__:<module>:241 - merge with original and export: 0:11:52.245810
2025-03-19 12:41:35.826 | INFO     | __main__:<module>:242 - vp with dwell time 2025-03-12: 0:17:50.377817
2025-03-19 12:49:18.610 | INFO     | __main__:<module>:81 - 2025-03-12: condense vp for trip 0:06:30.102268
2025-04-17 12:26:42.319 | INFO     | __main__:pare_down_to_valid_trips:88 - pare down vp: 0:00:52.035105
2025-04-17 12:29:49.374 | INFO     | __main__:pare_down_to_valid_trips:94 - export vp direction: 0:03:07.055616
2025-04-17 12:30:33.729 | INFO     | __main__:merge_in_vp_direction:143 - 2025-04-16: export usable vp with direction: 0:00:42.387325
2025-04-17 12:30:34.044 | INFO     | __main__:<module>:215 - 2025-04-16: pare down vp, add direction execution time: 0:04:43.760001
2025-04-17 12:33:43.156 | INFO     | __main__:<module>:216 - compute dwell df: 0:02:54.258013
2025-04-17 12:35:34.010 | INFO     | __main__:<module>:241 - merge with original and export: 0:01:50.853684
2025-04-17 12:35:34.014 | INFO     | __main__:<module>:242 - vp with dwell time 2025-04-16: 0:04:45.111697
2025-04-17 13:12:07.499 | INFO     | __main__:<module>:81 - 2025-04-16: condense vp for trip 0:02:55.436723
2025-05-19 15:58:06.440 | INFO     | __main__:pare_down_to_valid_trips:88 - pare down vp: 0:02:36.154243
2025-05-19 16:14:47.892 | INFO     | __main__:pare_down_to_valid_trips:88 - pare down vp: 0:01:00.697181
2025-05-19 16:18:02.218 | INFO     | __main__:pare_down_to_valid_trips:94 - export vp direction: 0:03:14.325726
2025-05-19 16:19:01.355 | INFO     | __main__:merge_in_vp_direction:143 - 2025-05-14: export usable vp with direction: 0:00:57.228056
2025-05-19 16:19:01.798 | INFO     | __main__:<module>:215 - 2025-05-14: pare down vp, add direction execution time: 0:05:14.603612
2025-05-19 16:25:44.902 | INFO     | __main__:<module>:216 - compute dwell df: 0:06:14.036784
2025-05-19 16:27:59.567 | INFO     | __main__:<module>:241 - merge with original and export: 0:02:14.664176
2025-05-19 16:27:59.572 | INFO     | __main__:<module>:242 - vp with dwell time 2025-05-14: 0:08:28.700960
2025-05-19 16:41:59.638 | INFO     | __main__:<module>:81 - 2025-05-14: condense vp for trip 0:03:01.743441
2025-06-25 10:42:22.319 | INFO     | __main__:get_vp_direction_column:62 - export vp direction: 0:00:00
2025-06-25 10:42:28.251 | INFO     | __main__:merge_in_vp_direction:80 - read vp_direction
2025-06-25 10:44:03.178 | INFO     | __main__:merge_in_vp_direction:108 - 2025-06-11: export usable vp with direction: 0:01:38.415031
2025-06-25 10:50:09.119 | INFO     | __main__:pare_down_to_valid_trips:92 - pare down vp: 0:02:14.298139
2025-06-25 10:50:15.502 | INFO     | __main__:<module>:116 - 2025-06-11: pare down vp, add direction execution time: 0:02:20.681204
2025-06-25 11:00:44.087 | INFO     | __main__:get_vp_direction_column:62 - export vp direction: 0:10:04.923881
2025-06-25 11:00:50.166 | INFO     | __main__:merge_in_vp_direction:80 - read vp_direction
2025-06-25 11:02:26.737 | INFO     | __main__:merge_in_vp_direction:108 - 2025-06-11: export usable vp with direction: 0:01:40.136673
2025-06-25 11:02:27.030 | INFO     | __main__:<module>:131 - 2025-06-11: pare down vp, add direction execution time: 0:11:47.866671
2025-06-25 11:09:34.807 | INFO     | __main__:<module>:215 - compute dwell df: 0:06:15.097990
2025-06-25 13:03:26.794 | INFO     | __main__:<module>:215 - compute dwell df: 0:06:04.063754
2025-06-25 13:16:41.484 | INFO     | __main__:<module>:223 - imported vp
2025-06-25 14:17:03.254 | INFO     | __main__:<module>:215 - compute dwell df: 0:06:36.623580
2025-06-25 14:30:43.463 | INFO     | __main__:<module>:225 - imported vp
2025-06-25 14:34:18.287 | INFO     | __main__:<module>:32 - merged vp_usable and vp_with_dwell
2025-06-25 14:52:11.522 | INFO     | __main__:<module>:34 - merged vp_usable and vp_with_dwell
2025-06-25 14:52:47.051 | INFO     | __main__:<module>:46 - merge with original and export: 0:01:17.808546
2025-06-25 18:05:46.037 | INFO     | __main__:<module>:81 - 2025-06-11: condense vp for trip 0:07:26.537226
2025-06-26 15:44:01.773 | INFO     | __main__:pare_down_to_valid_trips:92 - pare down vp: 0:02:37.255027
2025-06-26 15:44:09.741 | INFO     | __main__:<module>:116 - 2025-06-11: pare down vp execution time: 0:02:45.223246
2025-06-26 15:57:13.400 | INFO     | __main__:get_vp_direction_column:62 - export vp direction: 0:12:36.645389
2025-06-26 15:57:20.779 | INFO     | __main__:merge_in_vp_direction:80 - read vp_direction
2025-06-26 15:59:10.844 | INFO     | __main__:merge_in_vp_direction:108 - 2025-06-11: export usable vp with direction: 0:01:54.192179
2025-06-26 15:59:11.287 | INFO     | __main__:<module>:131 - 2025-06-11: pare down vp, add direction execution time: 0:14:34.532635
2025-06-26 16:44:34.282 | INFO     | __main__:<module>:215 - compute dwell df: 0:06:52.989660
2025-06-26 16:57:08.154 | INFO     | __main__:<module>:215 - compute dwell df: 0:07:22.943254
2025-06-26 16:57:26.659 | INFO     | __main__:<module>:224 - unmerged vp with dwell time 2025-06-11: 0:07:41.448811
2025-06-26 17:55:36.901 | INFO     | __main__:pare_down_to_valid_trips:92 - pare down vp: 0:02:34.985011
2025-06-26 17:55:44.777 | INFO     | __main__:<module>:116 - 2025-06-11: pare down vp execution time: 0:02:42.861163
2025-06-26 18:08:48.514 | INFO     | __main__:get_vp_direction_column:62 - export vp direction: 0:12:35.599265
2025-06-26 18:08:56.088 | INFO     | __main__:merge_in_vp_direction:80 - read vp_direction
2025-06-26 18:10:47.816 | INFO     | __main__:merge_in_vp_direction:108 - 2025-06-11: export usable vp with direction: 0:01:55.832272
2025-06-26 18:10:48.330 | INFO     | __main__:<module>:131 - 2025-06-11: pare down vp, add direction execution time: 0:14:35.414821
2025-06-26 18:19:00.466 | INFO     | __main__:<module>:215 - compute dwell df: 0:07:12.926598
2025-06-26 18:19:18.670 | INFO     | __main__:<module>:222 - unmerged vp with dwell time 2025-06-11: 0:07:31.130875
2025-06-27 10:42:06.600 | INFO     | __main__:<module>:63 - merge with original and export: 0:16:33.383888
2025-06-27 11:25:23.964 | INFO     | __main__:<module>:81 - 2025-06-11: condense vp for trip 0:09:32.063682
2025-06-27 23:16:08.507 | INFO     | __main__:<module>:81 - 2025-06-11: condense vp for trip 0:08:28.079883
2025-07-17 11:15:57.788 | INFO     | __main__:pare_down_to_valid_trips:92 - pare down vp: 0:02:11.517702
2025-07-17 11:16:04.841 | INFO     | __main__:<module>:116 - 2025-07-16: pare down vp execution time: 0:02:18.570239
2025-07-17 11:27:11.355 | INFO     | __main__:get_vp_direction_column:62 - export vp direction: 0:10:37.779351
2025-07-17 11:27:17.400 | INFO     | __main__:merge_in_vp_direction:80 - read vp_direction
2025-07-17 11:28:56.138 | INFO     | __main__:merge_in_vp_direction:108 - 2025-07-16: export usable vp with direction: 0:01:42.317337
2025-07-17 11:28:56.427 | INFO     | __main__:<module>:131 - 2025-07-16: pare down vp, add direction execution time: 0:12:22.850753
2025-07-17 11:36:14.482 | INFO     | __main__:<module>:215 - compute dwell df: 0:06:17.585405
2025-07-17 11:36:31.260 | INFO     | __main__:<module>:222 - unmerged vp with dwell time 2025-07-16: 0:06:34.363675
2025-07-17 11:51:04.047 | INFO     | __main__:<module>:63 - merge with original and export: 0:14:06.931655
2025-07-17 11:58:30.265 | INFO     | __main__:<module>:81 - 2025-07-16: condense vp for trip 0:06:47.263041
2025-10-01 09:10:04.045 | INFO     | __main__:pare_down_to_valid_trips:92 - pare down vp: 0:02:15.883078
2025-10-01 09:10:12.040 | INFO     | __main__:<module>:116 - 2025-09-24: pare down vp execution time: 0:02:23.877840
2025-10-01 09:20:32.099 | INFO     | __main__:get_vp_direction_column:62 - export vp direction: 0:09:35.764750
2025-10-01 09:20:38.712 | INFO     | __main__:merge_in_vp_direction:80 - read vp_direction
2025-10-01 09:22:12.311 | INFO     | __main__:merge_in_vp_direction:108 - 2025-09-24: export usable vp with direction: 0:01:37.117127
2025-10-01 09:22:12.580 | INFO     | __main__:<module>:131 - 2025-09-24: pare down vp, add direction execution time: 0:11:16.245855
2025-10-01 09:28:02.836 | INFO     | __main__:<module>:215 - compute dwell df: 0:04:47.893406
2025-10-01 09:28:20.100 | INFO     | __main__:<module>:222 - unmerged vp with dwell time 2025-09-24: 0:05:05.157085
2025-10-01 09:30:43.352 | INFO     | __main__:<module>:63 - merge with original and export: 0:01:56.314836
2025-10-01 09:40:12.893 | INFO     | __main__:<module>:81 - 2025-09-24: condense vp for trip 0:08:38.898364
2025-10-01 11:33:39.956 | INFO     | __main__:pare_down_to_valid_trips:92 - pare down vp: 0:02:35.464942
2025-10-01 11:33:48.022 | INFO     | __main__:<module>:116 - 2025-09-24: pare down vp execution time: 0:02:43.531028
2025-10-01 11:43:54.855 | INFO     | __main__:get_vp_direction_column:62 - export vp direction: 0:09:40.489426
2025-10-01 11:44:01.479 | INFO     | __main__:merge_in_vp_direction:80 - read vp_direction
2025-10-01 11:45:47.242 | INFO     | __main__:merge_in_vp_direction:108 - 2025-09-24: export usable vp with direction: 0:01:49.294132
2025-10-01 11:45:47.538 | INFO     | __main__:<module>:131 - 2025-09-24: pare down vp, add direction execution time: 0:11:33.172570
2025-10-01 11:51:17.891 | INFO     | __main__:<module>:215 - compute dwell df: 0:04:29.123720
2025-10-01 11:51:34.682 | INFO     | __main__:<module>:222 - unmerged vp with dwell time 2025-09-24: 0:04:45.913971
2025-10-01 11:54:23.929 | INFO     | __main__:<module>:63 - merge with original and export: 0:02:23.923009
2025-10-01 12:03:49.345 | INFO     | __main__:<module>:81 - 2025-09-24: condense vp for trip 0:08:38.083707
2025-10-10 14:50:30.808 | INFO     | __main__:pare_down_to_valid_trips:92 - pare down vp: 0:02:21.509195
2025-10-10 14:50:38.283 | INFO     | __main__:<module>:116 - 2025-08-20: pare down vp execution time: 0:02:28.983558
2025-10-10 15:02:59.449 | INFO     | __main__:get_vp_direction_column:62 - export vp direction: 0:11:35.624942
2025-10-10 15:03:07.259 | INFO     | __main__:merge_in_vp_direction:80 - read vp_direction
2025-10-10 15:04:48.135 | INFO     | __main__:merge_in_vp_direction:108 - 2025-08-20: export usable vp with direction: 0:01:44.893840
2025-10-10 15:04:48.566 | INFO     | __main__:<module>:131 - 2025-08-20: pare down vp, add direction execution time: 0:13:24.742397
2025-10-10 15:10:45.076 | INFO     | __main__:<module>:215 - compute dwell df: 0:04:50.677346
2025-10-10 15:11:01.820 | INFO     | __main__:<module>:222 - unmerged vp with dwell time 2025-08-20: 0:05:07.421247
2025-10-10 15:13:15.780 | INFO     | __main__:<module>:63 - merge with original and export: 0:01:46.218647
2025-10-10 15:23:38.753 | INFO     | __main__:<module>:81 - 2025-08-20: condense vp for trip 0:09:55.368682
2025-10-19 16:46:01.539 | INFO     | __main__:pare_down_to_valid_trips:92 - pare down vp: 0:02:16.171725
2025-10-19 16:46:09.167 | INFO     | __main__:<module>:116 - 2025-09-23: pare down vp execution time: 0:02:23.800239
2025-10-19 16:57:54.907 | INFO     | __main__:get_vp_direction_column:62 - export vp direction: 0:11:16.744822
2025-10-19 16:58:02.652 | INFO     | __main__:merge_in_vp_direction:80 - read vp_direction
2025-10-19 16:59:36.015 | INFO     | __main__:merge_in_vp_direction:108 - 2025-09-23: export usable vp with direction: 0:01:37.294967
2025-10-19 16:59:36.394 | INFO     | __main__:<module>:131 - 2025-09-23: pare down vp, add direction execution time: 0:12:58.231986
2025-10-19 17:04:56.876 | INFO     | __main__:<module>:215 - compute dwell df: 0:04:16.442982
2025-10-19 17:05:12.991 | INFO     | __main__:<module>:222 - unmerged vp with dwell time 2025-09-23: 0:04:32.557844
2025-10-19 17:07:20.234 | INFO     | __main__:<module>:63 - merge with original and export: 0:01:38.834154
2025-10-19 17:17:12.253 | INFO     | __main__:<module>:81 - 2025-09-23: condense vp for trip 0:09:24.836720
2025-10-19 19:53:40.064 | INFO     | __main__:pare_down_to_valid_trips:92 - pare down vp: 0:02:11.361348
2025-10-19 19:53:47.653 | INFO     | __main__:<module>:116 - 2025-09-25: pare down vp execution time: 0:02:18.950647
2025-10-19 20:05:44.783 | INFO     | __main__:get_vp_direction_column:62 - export vp direction: 0:11:28.582611
2025-10-19 20:05:52.351 | INFO     | __main__:merge_in_vp_direction:80 - read vp_direction
2025-10-19 20:07:39.925 | INFO     | __main__:merge_in_vp_direction:108 - 2025-09-25: export usable vp with direction: 0:01:51.765946
2025-10-19 20:07:40.326 | INFO     | __main__:<module>:131 - 2025-09-25: pare down vp, add direction execution time: 0:13:24.125328
2025-10-19 20:12:51.976 | INFO     | __main__:<module>:215 - compute dwell df: 0:04:08.660077
2025-10-19 20:13:08.552 | INFO     | __main__:<module>:222 - unmerged vp with dwell time 2025-09-25: 0:04:25.236793
2025-10-19 20:15:16.353 | INFO     | __main__:<module>:63 - merge with original and export: 0:01:40.013100
2025-10-19 20:25:51.892 | INFO     | __main__:<module>:81 - 2025-09-25: condense vp for trip 0:10:08.297769
2025-10-20 08:25:52.555 | INFO     | __main__:pare_down_to_valid_trips:92 - pare down vp: 0:02:21.951073
2025-10-20 08:25:59.890 | INFO     | __main__:<module>:116 - 2025-10-15: pare down vp execution time: 0:02:29.286367
2025-10-20 08:37:45.606 | INFO     | __main__:get_vp_direction_column:62 - export vp direction: 0:11:14.009427
2025-10-20 08:37:53.322 | INFO     | __main__:merge_in_vp_direction:80 - read vp_direction
2025-10-20 08:39:25.651 | INFO     | __main__:merge_in_vp_direction:108 - 2025-10-15: export usable vp with direction: 0:01:36.076501
2025-10-20 08:39:25.990 | INFO     | __main__:<module>:131 - 2025-10-15: pare down vp, add direction execution time: 0:12:54.394242
2025-10-20 08:45:05.326 | INFO     | __main__:<module>:215 - compute dwell df: 0:04:35.400312
2025-10-20 08:45:22.362 | INFO     | __main__:<module>:222 - unmerged vp with dwell time 2025-10-15: 0:04:52.435883
2025-10-20 08:47:35.968 | INFO     | __main__:<module>:63 - merge with original and export: 0:01:46.633804
2025-10-20 08:57:55.284 | INFO     | __main__:<module>:81 - 2025-10-15: condense vp for trip 0:09:52.621243
2025-10-21 09:54:50.936 | INFO     | __main__:pare_down_to_valid_trips:92 - pare down vp: 0:02:57.068200
2025-10-21 09:55:01.455 | INFO     | __main__:<module>:116 - 2025-10-16: pare down vp execution time: 0:03:07.586822
2025-10-21 10:07:35.221 | INFO     | __main__:get_vp_direction_column:62 - export vp direction: 0:11:58.732773
2025-10-21 10:07:43.200 | INFO     | __main__:merge_in_vp_direction:80 - read vp_direction
2025-10-21 10:09:48.514 | INFO     | __main__:merge_in_vp_direction:108 - 2025-10-16: export usable vp with direction: 0:02:09.314376
2025-10-21 10:09:48.840 | INFO     | __main__:<module>:131 - 2025-10-16: pare down vp, add direction execution time: 0:14:12.352373
2025-10-21 10:15:48.994 | INFO     | __main__:<module>:215 - compute dwell df: 0:04:50.411445
2025-10-21 10:16:06.925 | INFO     | __main__:<module>:222 - unmerged vp with dwell time 2025-10-16: 0:05:08.342509
2025-10-21 10:18:59.934 | INFO     | __main__:<module>:63 - merge with original and export: 0:02:22.120602
2025-10-21 10:30:03.750 | INFO     | __main__:<module>:81 - 2025-10-16: condense vp for trip 0:10:32.510719
2025-11-03 09:37:02.845 | INFO     | __main__:pare_down_to_valid_trips:92 - pare down vp: 0:02:23.009743
2025-11-03 09:37:12.400 | INFO     | __main__:<module>:116 - 2025-09-30: pare down vp execution time: 0:02:32.565441
2025-11-03 09:44:57.817 | INFO     | __main__:get_vp_direction_column:62 - export vp direction: 0:07:13.209286
2025-11-03 09:45:04.127 | INFO     | __main__:merge_in_vp_direction:80 - read vp_direction
2025-11-03 09:46:22.226 | INFO     | __main__:merge_in_vp_direction:108 - 2025-09-30: export usable vp with direction: 0:01:21.247013
2025-11-03 09:46:22.511 | INFO     | __main__:<module>:131 - 2025-09-30: pare down vp, add direction execution time: 0:08:37.903421
2025-11-03 09:51:40.294 | INFO     | __main__:<module>:215 - compute dwell df: 0:04:14.182727
2025-11-03 09:51:55.956 | INFO     | __main__:<module>:222 - unmerged vp with dwell time 2025-09-30: 0:04:29.844595
2025-11-03 09:53:52.328 | INFO     | __main__:<module>:63 - merge with original and export: 0:01:30.748043
2025-11-03 10:01:22.425 | INFO     | __main__:<module>:81 - 2025-09-30: condense vp for trip 0:06:58.731005
2025-11-03 12:15:44.336 | INFO     | __main__:pare_down_to_valid_trips:92 - pare down vp: 0:02:15.411282
2025-11-03 12:15:53.308 | INFO     | __main__:<module>:116 - 2025-10-01: pare down vp execution time: 0:02:24.383379
2025-11-03 12:23:35.728 | INFO     | __main__:get_vp_direction_column:62 - export vp direction: 0:06:51.505678
2025-11-03 12:23:42.848 | INFO     | __main__:merge_in_vp_direction:80 - read vp_direction
2025-11-03 12:25:08.540 | INFO     | __main__:merge_in_vp_direction:108 - 2025-10-01: export usable vp with direction: 0:01:29.639146
2025-11-03 12:25:08.681 | INFO     | __main__:<module>:131 - 2025-10-01: pare down vp, add direction execution time: 0:08:24.458577
2025-11-03 12:30:58.439 | INFO     | __main__:<module>:215 - compute dwell df: 0:04:29.564547
2025-11-03 12:31:14.100 | INFO     | __main__:<module>:222 - unmerged vp with dwell time 2025-10-01: 0:04:45.225097
2025-11-03 12:33:21.959 | INFO     | __main__:<module>:63 - merge with original and export: 0:01:29.418906
2025-11-03 12:40:39.069 | INFO     | __main__:<module>:81 - 2025-10-01: condense vp for trip 0:06:51.660542
2025-11-04 09:30:16.138 | INFO     | __main__:pare_down_to_valid_trips:92 - pare down vp: 0:02:26.358334
2025-11-04 09:30:27.074 | INFO     | __main__:<module>:116 - 2025-10-02: pare down vp execution time: 0:02:37.293968
2025-11-04 09:39:00.261 | INFO     | __main__:get_vp_direction_column:62 - export vp direction: 0:07:53.572340
2025-11-04 09:39:06.518 | INFO     | __main__:merge_in_vp_direction:80 - read vp_direction
2025-11-04 09:40:23.205 | INFO     | __main__:merge_in_vp_direction:108 - 2025-10-02: export usable vp with direction: 0:01:19.706848
2025-11-04 09:40:23.445 | INFO     | __main__:<module>:131 - 2025-10-02: pare down vp, add direction execution time: 0:09:16.756216
2025-11-04 09:46:04.227 | INFO     | __main__:<module>:215 - compute dwell df: 0:04:26.338349
2025-11-04 09:46:19.918 | INFO     | __main__:<module>:222 - unmerged vp with dwell time 2025-10-02: 0:04:42.029712
2025-11-04 09:48:24.562 | INFO     | __main__:<module>:63 - merge with original and export: 0:01:38.185765
2025-11-04 09:56:21.172 | INFO     | __main__:<module>:81 - 2025-10-02: condense vp for trip 0:07:29.908098
2025-11-04 18:29:09.762 | INFO     | __main__:pare_down_to_valid_trips:92 - pare down vp: 0:02:03.860799
2025-11-04 18:29:19.364 | INFO     | __main__:<module>:116 - 2025-10-07: pare down vp execution time: 0:02:13.462722
2025-11-04 18:37:09.809 | INFO     | __main__:get_vp_direction_column:62 - export vp direction: 0:07:11.720070
2025-11-04 18:37:16.081 | INFO     | __main__:merge_in_vp_direction:80 - read vp_direction
2025-11-04 18:38:30.486 | INFO     | __main__:merge_in_vp_direction:108 - 2025-10-07: export usable vp with direction: 0:01:17.449793
2025-11-04 18:38:30.729 | INFO     | __main__:<module>:131 - 2025-10-07: pare down vp, add direction execution time: 0:08:32.639958
2025-11-04 18:43:51.420 | INFO     | __main__:<module>:215 - compute dwell df: 0:04:33.044660
2025-11-04 18:44:07.630 | INFO     | __main__:<module>:222 - unmerged vp with dwell time 2025-10-07: 0:04:49.255109
2025-11-04 18:46:28.198 | INFO     | __main__:<module>:63 - merge with original and export: 0:01:42.105086
2025-11-04 18:54:11.529 | INFO     | __main__:<module>:81 - 2025-10-07: condense vp for trip 0:07:18.510974
2025-11-04 20:56:49.356 | INFO     | __main__:pare_down_to_valid_trips:92 - pare down vp: 0:02:27.006332
2025-11-04 20:57:00.262 | INFO     | __main__:<module>:116 - 2025-10-08: pare down vp execution time: 0:02:37.912188
2025-11-04 21:05:10.004 | INFO     | __main__:get_vp_direction_column:62 - export vp direction: 0:07:40.913443
2025-11-04 21:05:16.825 | INFO     | __main__:merge_in_vp_direction:80 - read vp_direction
2025-11-04 21:06:38.035 | INFO     | __main__:merge_in_vp_direction:108 - 2025-10-08: export usable vp with direction: 0:01:24.560332
2025-11-04 21:06:38.255 | INFO     | __main__:<module>:131 - 2025-10-08: pare down vp, add direction execution time: 0:09:09.164923
2025-11-04 21:12:10.827 | INFO     | __main__:<module>:215 - compute dwell df: 0:04:30.332251
2025-11-04 21:12:27.041 | INFO     | __main__:<module>:222 - unmerged vp with dwell time 2025-10-08: 0:04:46.546167
2025-11-04 21:14:37.866 | INFO     | __main__:<module>:63 - merge with original and export: 0:01:44.116039
2025-11-04 21:22:49.471 | INFO     | __main__:<module>:81 - 2025-10-08: condense vp for trip 0:07:13.866941
2025-11-10 08:42:08.942 | INFO     | __main__:pare_down_to_valid_trips:92 - pare down vp: 0:02:30.230970
2025-11-10 08:42:18.328 | INFO     | __main__:<module>:116 - 2025-10-09: pare down vp execution time: 0:02:39.616606
2025-11-10 08:53:37.155 | INFO     | __main__:get_vp_direction_column:62 - export vp direction: 0:10:45.405334
2025-11-10 08:53:44.726 | INFO     | __main__:merge_in_vp_direction:80 - read vp_direction
2025-11-10 08:55:23.749 | INFO     | __main__:merge_in_vp_direction:108 - 2025-10-09: export usable vp with direction: 0:01:42.916117
2025-11-10 08:55:24.083 | INFO     | __main__:<module>:131 - 2025-10-09: pare down vp, add direction execution time: 0:12:32.333173
2025-11-10 09:01:08.056 | INFO     | __main__:<module>:215 - compute dwell df: 0:04:36.527742
2025-11-10 09:01:25.793 | INFO     | __main__:<module>:222 - unmerged vp with dwell time 2025-10-09: 0:04:54.264974
2025-11-10 09:03:48.107 | INFO     | __main__:<module>:63 - merge with original and export: 0:01:52.201715
2025-11-10 09:14:02.086 | INFO     | __main__:<module>:81 - 2025-10-09: condense vp for trip 0:09:44.998700
2025-11-10 12:42:52.520 | INFO     | __main__:pare_down_to_valid_trips:92 - pare down vp: 0:02:31.840184
2025-11-10 12:43:01.186 | INFO     | __main__:<module>:116 - 2025-10-02: pare down vp execution time: 0:02:40.505853
2025-11-10 12:54:46.916 | INFO     | __main__:get_vp_direction_column:62 - export vp direction: 0:10:48.849966
2025-11-10 12:54:53.957 | INFO     | __main__:merge_in_vp_direction:80 - read vp_direction
2025-11-10 13:23:53.208 | INFO     | __main__:pare_down_to_valid_trips:92 - pare down vp: 0:02:38.340186
2025-11-10 13:24:02.381 | INFO     | __main__:<module>:116 - 2025-10-02: pare down vp execution time: 0:02:47.512951
2025-11-10 13:35:27.561 | INFO     | __main__:get_vp_direction_column:62 - export vp direction: 0:10:53.542442
2025-11-10 13:35:34.943 | INFO     | __main__:merge_in_vp_direction:80 - read vp_direction
2025-11-10 13:37:28.839 | INFO     | __main__:merge_in_vp_direction:108 - 2025-10-02: export usable vp with direction: 0:01:57.526879
2025-11-10 13:37:29.191 | INFO     | __main__:<module>:131 - 2025-10-02: pare down vp, add direction execution time: 0:12:55.172421
2025-11-10 13:42:57.979 | INFO     | __main__:<module>:215 - compute dwell df: 0:04:18.888933
2025-11-10 13:43:14.698 | INFO     | __main__:<module>:222 - unmerged vp with dwell time 2025-10-02: 0:04:35.608417
2025-11-10 13:45:43.226 | INFO     | __main__:<module>:63 - merge with original and export: 0:01:59.766355
2025-11-10 13:55:36.132 | INFO     | __main__:<module>:81 - 2025-10-02: condense vp for trip 0:09:24.114032
2025-11-12 08:26:16.322 | INFO     | __main__:pare_down_to_valid_trips:92 - pare down vp: 0:02:31.023430
2025-11-12 08:26:25.232 | INFO     | __main__:<module>:116 - 2025-09-16: pare down vp execution time: 0:02:39.932755
2025-11-12 08:37:51.003 | INFO     | __main__:get_vp_direction_column:62 - export vp direction: 0:10:50.544863
2025-11-12 08:37:58.482 | INFO     | __main__:merge_in_vp_direction:80 - read vp_direction
2025-11-12 08:39:42.254 | INFO     | __main__:merge_in_vp_direction:108 - 2025-09-16: export usable vp with direction: 0:01:47.408632
2025-11-12 08:39:42.595 | INFO     | __main__:<module>:131 - 2025-09-16: pare down vp, add direction execution time: 0:12:42.137741
2025-11-12 08:45:06.966 | INFO     | __main__:<module>:215 - compute dwell df: 0:04:11.557761
2025-11-12 08:45:23.698 | INFO     | __main__:<module>:222 - unmerged vp with dwell time 2025-09-16: 0:04:28.289383
2025-11-12 08:47:38.047 | INFO     | __main__:<module>:63 - merge with original and export: 0:01:44.597192
2025-11-12 08:57:25.905 | INFO     | __main__:<module>:81 - 2025-09-16: condense vp for trip 0:09:18.292804
2025-11-12 11:56:10.477 | INFO     | __main__:pare_down_to_valid_trips:92 - pare down vp: 0:02:24.864601
2025-11-12 11:56:18.958 | INFO     | __main__:<module>:116 - 2025-09-17: pare down vp execution time: 0:02:33.346230
2025-11-12 12:07:43.128 | INFO     | __main__:get_vp_direction_column:62 - export vp direction: 0:10:42.203598
2025-11-12 12:07:50.852 | INFO     | __main__:merge_in_vp_direction:80 - read vp_direction
2025-11-12 12:09:37.981 | INFO     | __main__:merge_in_vp_direction:108 - 2025-09-17: export usable vp with direction: 0:01:51.301719
2025-11-12 12:09:38.305 | INFO     | __main__:<module>:131 - 2025-09-17: pare down vp, add direction execution time: 0:12:37.380818
2025-11-12 12:14:56.241 | INFO     | __main__:<module>:215 - compute dwell df: 0:04:09.585486
2025-11-12 12:15:13.177 | INFO     | __main__:<module>:222 - unmerged vp with dwell time 2025-09-17: 0:04:26.521950
2025-11-12 12:17:23.399 | INFO     | __main__:<module>:63 - merge with original and export: 0:01:42.127218
2025-11-12 12:27:20.121 | INFO     | __main__:<module>:81 - 2025-09-17: condense vp for trip 0:09:28.296929
2025-11-12 15:25:27.583 | INFO     | __main__:pare_down_to_valid_trips:92 - pare down vp: 0:02:24.404518
2025-11-12 15:25:36.730 | INFO     | __main__:<module>:116 - 2025-09-18: pare down vp execution time: 0:02:33.551408
2025-11-12 15:36:51.920 | INFO     | __main__:get_vp_direction_column:62 - export vp direction: 0:10:33.979963
2025-11-12 15:36:58.917 | INFO     | __main__:merge_in_vp_direction:80 - read vp_direction
2025-11-12 15:38:34.379 | INFO     | __main__:merge_in_vp_direction:108 - 2025-09-18: export usable vp with direction: 0:01:38.886580
2025-11-12 15:38:34.633 | INFO     | __main__:<module>:131 - 2025-09-18: pare down vp, add direction execution time: 0:12:16.692417
2025-11-12 15:43:42.952 | INFO     | __main__:<module>:215 - compute dwell df: 0:04:02.610829
2025-11-12 15:43:59.728 | INFO     | __main__:<module>:222 - unmerged vp with dwell time 2025-09-18: 0:04:19.387354
2025-11-12 15:46:22.348 | INFO     | __main__:<module>:63 - merge with original and export: 0:01:54.689888
2025-11-12 15:55:58.538 | INFO     | __main__:<module>:81 - 2025-09-18: condense vp for trip 0:09:08.720911
2025-11-12 18:22:27.357 | INFO     | __main__:pare_down_to_valid_trips:92 - pare down vp: 0:02:20.404444
2025-11-12 18:22:35.646 | INFO     | __main__:<module>:116 - 2025-09-18: pare down vp execution time: 0:02:28.693587
2025-11-12 18:33:49.602 | INFO     | __main__:get_vp_direction_column:62 - export vp direction: 0:10:32.944576
2025-11-12 18:33:56.951 | INFO     | __main__:merge_in_vp_direction:80 - read vp_direction
2025-11-12 18:35:46.391 | INFO     | __main__:merge_in_vp_direction:108 - 2025-09-18: export usable vp with direction: 0:01:53.057058
2025-11-12 18:35:46.693 | INFO     | __main__:<module>:131 - 2025-09-18: pare down vp, add direction execution time: 0:12:30.035711
2025-11-12 18:40:56.275 | INFO     | __main__:<module>:215 - compute dwell df: 0:04:05.827916
2025-11-12 18:41:12.672 | INFO     | __main__:<module>:222 - unmerged vp with dwell time 2025-09-18: 0:04:22.225077
2025-11-12 18:43:33.267 | INFO     | __main__:<module>:63 - merge with original and export: 0:01:52.667204
2025-11-12 18:53:04.896 | INFO     | __main__:<module>:81 - 2025-09-18: condense vp for trip 0:09:04.262822
2025-11-13 12:41:10.664 | INFO     | __main__:pare_down_to_valid_trips:92 - pare down vp: 0:02:29.167702
2025-11-13 12:41:18.360 | INFO     | __main__:<module>:116 - 2025-11-05: pare down vp execution time: 0:02:36.864345
2025-11-13 12:51:06.503 | INFO     | __main__:get_vp_direction_column:62 - export vp direction: 0:09:21.180425
2025-11-13 12:51:13.184 | INFO     | __main__:merge_in_vp_direction:80 - read vp_direction
2025-11-13 12:52:43.153 | INFO     | __main__:merge_in_vp_direction:108 - 2025-11-05: export usable vp with direction: 0:01:33.671453
2025-11-13 12:52:43.433 | INFO     | __main__:<module>:131 - 2025-11-05: pare down vp, add direction execution time: 0:10:58.110156
2025-11-13 12:57:55.872 | INFO     | __main__:<module>:215 - compute dwell df: 0:04:13.205657
2025-11-13 12:58:12.179 | INFO     | __main__:<module>:222 - unmerged vp with dwell time 2025-11-05: 0:04:29.512571
2025-11-13 13:00:17.950 | INFO     | __main__:<module>:63 - merge with original and export: 0:01:41.120057
2025-11-13 13:09:10.482 | INFO     | __main__:<module>:81 - 2025-11-05: condense vp for trip 0:08:20.079979
2026-01-22 14:01:13.601 | INFO     | __main__:pare_down_to_valid_trips:92 - pare down vp: 0:02:38.992529
2026-01-22 14:01:22.939 | INFO     | __main__:<module>:116 - 2025-12-17: pare down vp execution time: 0:02:48.330843
2026-01-22 14:26:58.724 | INFO     | __main__:get_vp_direction_column:70 - export vp direction: 0:10:56.613993
2026-01-22 14:27:07.171 | INFO     | __main__:merge_in_vp_direction:88 - read vp_direction
2026-01-22 14:28:38.786 | INFO     | __main__:merge_in_vp_direction:116 - 2025-12-17: export usable vp with direction: 0:01:35.357521
2026-01-22 14:28:39.078 | INFO     | __main__:<module>:139 - 2025-12-17: pare down vp, add direction execution time: 0:12:36.968101
2026-01-22 14:36:16.734 | INFO     | __main__:<module>:184 - compute dwell df: 0:03:47.987537
2026-01-22 14:36:30.057 | INFO     | __main__:<module>:192 - unmerged vp with dwell time 2025-12-17: 0:04:01.309855
2026-01-22 14:38:07.446 | INFO     | __main__:<module>:65 - merge with original and export: 0:01:22.594365
2026-01-22 14:50:28.245 | INFO     | __main__:<module>:86 - 2025-12-17: condense vp for trip 0:09:05.813034
2026-01-22 15:09:58.878 | INFO     | __main__:pare_down_to_valid_trips:92 - pare down vp: 0:02:24.845660
2026-01-22 15:10:08.720 | INFO     | __main__:<module>:116 - 2026-01-14: pare down vp execution time: 0:02:34.687669
2026-01-22 15:21:09.725 | INFO     | __main__:get_vp_direction_column:69 - export vp direction: 0:10:33.796093
2026-01-22 15:21:23.678 | INFO     | __main__:merge_in_vp_direction:87 - read vp_direction
2026-01-22 15:23:11.512 | INFO     | __main__:merge_in_vp_direction:116 - 2026-01-14: export usable vp with direction: 0:01:57.890385
2026-01-22 15:23:11.814 | INFO     | __main__:<module>:139 - 2026-01-14: pare down vp, add direction execution time: 0:12:35.884936
2026-01-22 15:27:50.314 | INFO     | __main__:<module>:184 - compute dwell df: 0:04:04.130787
2026-01-22 15:28:03.984 | INFO     | __main__:<module>:192 - unmerged vp with dwell time 2026-01-14: 0:04:17.801184
2026-01-22 15:29:36.056 | INFO     | __main__:<module>:65 - merge with original and export: 0:01:18.483062
2026-01-22 15:39:08.505 | INFO     | __main__:<module>:86 - 2026-01-14: condense vp for trip 0:09:19.902193
