2022-09-16 13:07:48.309 | INFO     | __main__:<module>:99 - routes on SHN created: 0:00:53.655484
2022-09-16 13:08:37.810 | INFO     | __main__:<module>:112 - routes within half mile buffer created: 0:00:49.500855
2022-09-16 13:08:37.812 | INFO     | __main__:<module>:118 - downloaded service hours at shape_id level: 0:00:00.001372
2022-09-16 13:08:37.813 | INFO     | __main__:<module>:121 - execution time: 0:01:43.158543
2022-09-16 13:42:41.882 | INFO     | __main__:<module>:99 - routes on SHN created: 0:00:53.608573
2022-09-16 13:43:33.425 | INFO     | __main__:<module>:112 - routes within half mile buffer created: 0:00:51.542764
2022-09-16 13:43:33.426 | INFO     | __main__:<module>:118 - downloaded service hours at shape_id level: 0:00:00.000921
2022-09-16 13:43:33.426 | INFO     | __main__:<module>:121 - execution time: 0:01:45.152597
2022-09-16 14:24:03.278 | INFO     | __main__:<module>:206 - flag shn or intersecting: 0:00:06.827778
2022-09-16 14:24:30.567 | INFO     | __main__:<module>:222 - merge in line geom: 0:00:27.288312
2022-09-16 14:24:36.099 | INFO     | __main__:<module>:239 - exported dataset to GCS
2022-09-16 14:24:36.101 | INFO     | __main__:<module>:242 - execution time: 0:00:39.650068
2022-09-19 09:29:34.624 | INFO     | __main__:<module>:103 - routes on SHN created: 0:01:00.747138
2022-09-19 09:30:31.152 | INFO     | __main__:<module>:116 - routes within half mile buffer created: 0:00:56.528218
2022-09-19 09:30:31.153 | INFO     | __main__:<module>:122 - downloaded service hours at shape_id level: 0:00:00.000846
2022-09-19 09:30:31.153 | INFO     | __main__:<module>:125 - execution time: 0:01:57.276464
2022-09-19 09:44:33.172 | INFO     | __main__:<module>:205 - flag shn or intersecting: 0:00:08.514844
2022-09-19 09:45:02.865 | INFO     | __main__:<module>:221 - merge in line geom: 0:00:29.692961
2022-09-19 09:45:08.933 | INFO     | __main__:<module>:238 - exported dataset to GCS
2022-09-19 09:45:08.936 | INFO     | __main__:<module>:241 - execution time: 0:00:44.278219
2022-09-19 10:47:23.992 | INFO     | __main__:<module>:205 - flag shn or intersecting: 0:00:07.095644
2022-09-19 10:47:58.049 | INFO     | __main__:<module>:221 - merge in line geom: 0:00:34.056983
2022-09-19 10:48:06.162 | INFO     | __main__:<module>:238 - exported dataset to GCS
2022-09-19 10:48:06.164 | INFO     | __main__:<module>:241 - execution time: 0:00:49.268105
2022-09-19 15:49:24.562 | INFO     | __main__:<module>:197 - flag shn or intersecting: 0:00:06.522521
2022-09-19 15:49:56.996 | INFO     | __main__:<module>:213 - merge in line geom: 0:00:32.434138
2022-09-19 15:50:04.300 | INFO     | __main__:<module>:230 - exported dataset to GCS
2022-09-19 15:50:04.301 | INFO     | __main__:<module>:233 - execution time: 0:00:46.260941
2022-09-19 15:52:44.736 | INFO     | __main__:<module>:187 - flag shn or intersecting: 0:00:04.915849
2022-09-19 15:53:14.933 | INFO     | __main__:<module>:203 - merge in line geom: 0:00:30.197638
2022-09-19 15:53:22.489 | INFO     | __main__:<module>:220 - exported dataset to GCS
2022-09-19 15:53:22.492 | INFO     | __main__:<module>:223 - execution time: 0:00:42.672582
2022-10-11 10:03:54.106 | INFO     | __main__:<module>:105 - routes on SHN created: 0:01:11.071547
2022-10-11 10:04:46.026 | INFO     | __main__:<module>:118 - routes within half mile buffer created: 0:00:51.920068
2022-10-11 10:27:29.216 | INFO     | __main__:<module>:187 - flag shn or intersecting: 0:00:08.367877
2022-10-11 10:28:05.503 | INFO     | __main__:<module>:203 - merge in line geom: 0:00:36.287239
2022-10-11 10:28:11.854 | INFO     | __main__:<module>:220 - exported dataset to GCS
2022-10-11 10:28:11.855 | INFO     | __main__:<module>:223 - execution time: 0:00:51.006817
2022-10-26 15:28:03.090 | INFO     | __main__:<module>:180 - Analysis date: 2022-08-17
2022-10-26 15:28:14.009 | INFO     | __main__:<module>:188 - flag shn or intersecting: 0:00:10.898878
2022-10-26 15:28:48.593 | INFO     | __main__:<module>:204 - merge in line geom: 0:00:34.584121
2022-10-26 15:28:54.826 | INFO     | __main__:<module>:221 - exported dataset to GCS
2022-10-26 15:28:54.827 | INFO     | __main__:<module>:224 - execution time: 0:00:51.717379
2022-10-27 09:03:48.529 | INFO     | __main__:<module>:106 - routes on SHN created: 0:01:07.485184
2022-10-27 09:04:45.788 | INFO     | __main__:<module>:119 - routes within half mile buffer created: 0:00:57.259113
2022-10-27 09:04:59.861 | INFO     | __main__:<module>:125 - downloaded service hours at shape_id level: 0:00:14.072553
2022-10-27 09:04:59.863 | INFO     | __main__:<module>:128 - execution time: 0:02:18.819186
2022-10-27 09:24:43.860 | INFO     | __main__:<module>:180 - Analysis date: 2022-10-12
2022-10-27 09:24:52.374 | INFO     | __main__:<module>:188 - flag shn or intersecting: 0:00:08.466737
2022-10-27 09:25:31.526 | INFO     | __main__:<module>:204 - merge in line geom: 0:00:39.152379
2022-10-27 09:25:38.759 | INFO     | __main__:<module>:221 - exported dataset to GCS
2022-10-27 09:25:38.760 | INFO     | __main__:<module>:224 - execution time: 0:00:54.852922
2022-10-27 10:18:33.904 | INFO     | __main__:<module>:180 - Analysis date: 2022-05-04
2022-10-27 10:18:43.279 | INFO     | __main__:<module>:188 - flag shn or intersecting: 0:00:09.350222
2022-10-27 10:19:13.119 | INFO     | __main__:<module>:204 - merge in line geom: 0:00:29.840658
2022-10-27 10:19:22.550 | INFO     | __main__:<module>:221 - exported dataset to GCS
2022-10-27 10:19:22.552 | INFO     | __main__:<module>:224 - execution time: 0:00:48.623855
2022-10-31 10:21:28.975 | INFO     | __main__:<module>:105 - routes on SHN created: 0:01:11.478549
2022-10-31 10:22:23.979 | INFO     | __main__:<module>:118 - routes within half mile buffer created: 0:00:55.004007
2022-10-31 10:22:36.059 | INFO     | __main__:<module>:124 - downloaded service hours at shape_id level: 0:00:12.080204
2022-10-31 10:22:36.061 | INFO     | __main__:<module>:127 - execution time: 0:02:18.564225
2022-10-31 10:34:38.858 | INFO     | __main__:<module>:180 - Analysis date: 2022-02-08
2022-10-31 10:34:49.480 | INFO     | __main__:<module>:188 - flag shn or intersecting: 0:00:10.599771
2022-10-31 10:35:22.648 | INFO     | __main__:<module>:204 - merge in line geom: 0:00:33.167994
2022-10-31 10:35:28.951 | INFO     | __main__:<module>:221 - exported dataset to GCS
2022-10-31 10:35:28.952 | INFO     | __main__:<module>:224 - execution time: 0:00:50.071558
2023-01-26 14:10:29.263 | INFO     | __main__:<module>:48 - Analysis date: 2023-01-18
2023-01-26 14:11:11.559 | INFO     | __main__:<module>:65 - routes on SHN created: 0:00:42.286305
2023-01-26 14:12:29.453 | INFO     | __main__:<module>:48 - Analysis date: 2023-01-18
2023-01-26 14:13:11.023 | INFO     | __main__:<module>:65 - routes on SHN created: 0:00:41.553597
2023-01-26 14:13:53.503 | INFO     | __main__:<module>:79 - routes within half mile buffer created: 0:00:42.479572
2023-01-26 14:13:53.505 | INFO     | __main__:<module>:82 - execution time: 0:01:24.035433
2023-01-26 14:20:41.290 | INFO     | __main__:<module>:56 - Analysis date: 2022-12-14
2023-01-26 14:21:07.197 | INFO     | __main__:<module>:56 - Analysis date: 2022-12-14
2023-01-26 14:23:32.154 | INFO     | __main__:<module>:55 - Analysis date: 2022-12-14
2023-01-26 14:24:06.121 | INFO     | __main__:<module>:74 - routes on SHN created: 0:00:33.964477
2023-01-26 14:24:32.585 | INFO     | __main__:<module>:88 - routes within half mile buffer created: 0:00:26.464641
2023-01-26 14:24:32.586 | INFO     | __main__:<module>:91 - execution time: 0:01:00.429957
2023-01-27 11:17:36.491 | INFO     | __main__:<module>:58 - Analysis date: 2022-10-12
2023-01-27 11:18:14.702 | INFO     | __main__:<module>:77 - routes on SHN created: 0:00:38.181143
2023-01-27 11:18:55.066 | INFO     | __main__:<module>:91 - routes within half mile buffer created: 0:00:40.364499
2023-01-27 11:18:55.069 | INFO     | __main__:<module>:94 - execution time: 0:01:18.547957
2023-01-30 15:57:54.492 | INFO     | __main__:<module>:25 - Analysis date: 2022-05-04   warehouse v2
2023-01-30 15:58:20.036 | INFO     | __main__:<module>:43 - routes on SHN created: 0:00:25.543536
2023-01-30 15:58:44.756 | INFO     | __main__:<module>:57 - routes within half mile buffer created: 0:00:24.720542
2023-01-30 15:58:44.757 | INFO     | __main__:<module>:60 - execution time: 0:00:50.264974
2023-01-30 15:59:20.516 | INFO     | __main__:<module>:25 - Analysis date: 2022-08-17   warehouse v2
2023-01-30 15:59:41.703 | INFO     | __main__:<module>:43 - routes on SHN created: 0:00:21.186672
2023-01-30 16:00:03.493 | INFO     | __main__:<module>:57 - routes within half mile buffer created: 0:00:21.789997
2023-01-30 16:00:03.494 | INFO     | __main__:<module>:60 - execution time: 0:00:42.977456
2023-01-30 16:02:08.405 | INFO     | __main__:<module>:25 - Analysis date: 2022-10-12   warehouse v2
2023-01-30 16:02:29.942 | INFO     | __main__:<module>:43 - routes on SHN created: 0:00:21.537248
2023-01-30 16:02:53.180 | INFO     | __main__:<module>:57 - routes within half mile buffer created: 0:00:23.237251
2023-01-30 16:02:53.181 | INFO     | __main__:<module>:60 - execution time: 0:00:44.775851
2023-01-30 16:03:19.294 | INFO     | __main__:<module>:25 - Analysis date: 2022-05-04   warehouse v1
2023-01-30 16:03:39.555 | INFO     | __main__:<module>:43 - routes on SHN created: 0:00:20.260523
2023-01-30 16:04:01.522 | INFO     | __main__:<module>:57 - routes within half mile buffer created: 0:00:21.967119
2023-01-30 16:04:01.523 | INFO     | __main__:<module>:60 - execution time: 0:00:42.228312
2023-01-30 16:05:32.061 | INFO     | __main__:<module>:25 - Analysis date: 2022-08-17   warehouse v1
2023-01-30 16:05:52.388 | INFO     | __main__:<module>:43 - routes on SHN created: 0:00:20.326995
2023-01-30 16:06:13.878 | INFO     | __main__:<module>:57 - routes within half mile buffer created: 0:00:21.489626
2023-01-30 16:06:13.879 | INFO     | __main__:<module>:60 - execution time: 0:00:41.818041
2023-01-30 16:06:33.661 | INFO     | __main__:<module>:25 - Analysis date: 2022-10-12   warehouse v1
2023-01-30 16:06:55.160 | INFO     | __main__:<module>:43 - routes on SHN created: 0:00:21.497293
2023-01-30 16:07:17.181 | INFO     | __main__:<module>:57 - routes within half mile buffer created: 0:00:22.021284
2023-01-30 16:07:17.182 | INFO     | __main__:<module>:60 - execution time: 0:00:43.519189
2023-02-01 17:20:40.201 | INFO     | __main__:<module>:25 - Analysis date: 2023-01-18   warehouse v2
2023-02-01 17:20:58.939 | INFO     | __main__:<module>:46 - routes on SHN created: 0:00:18.719521
2023-02-01 17:21:18.865 | INFO     | __main__:<module>:60 - routes within half mile buffer created: 0:00:19.925577
2023-02-01 17:21:18.866 | INFO     | __main__:<module>:63 - execution time: 0:00:38.645760
