2022-09-16 14:24:03.278 | INFO     | __main__:<module>:206 - flag shn or intersecting: 0:00:06.827778
2022-09-16 14:24:30.567 | INFO     | __main__:<module>:222 - merge in line geom: 0:00:27.288312
2022-09-16 14:24:36.099 | INFO     | __main__:<module>:239 - exported dataset to GCS
2022-09-16 14:24:36.101 | INFO     | __main__:<module>:242 - execution time: 0:00:39.650068
2022-09-19 09:44:33.172 | INFO     | __main__:<module>:205 - flag shn or intersecting: 0:00:08.514844
2022-09-19 09:45:02.865 | INFO     | __main__:<module>:221 - merge in line geom: 0:00:29.692961
2022-09-19 09:45:08.933 | INFO     | __main__:<module>:238 - exported dataset to GCS
2022-09-19 09:45:08.936 | INFO     | __main__:<module>:241 - execution time: 0:00:44.278219
2022-09-19 10:47:23.992 | INFO     | __main__:<module>:205 - flag shn or intersecting: 0:00:07.095644
2022-09-19 10:47:58.049 | INFO     | __main__:<module>:221 - merge in line geom: 0:00:34.056983
2022-09-19 10:48:06.162 | INFO     | __main__:<module>:238 - exported dataset to GCS
2022-09-19 10:48:06.164 | INFO     | __main__:<module>:241 - execution time: 0:00:49.268105
2022-09-19 15:49:24.562 | INFO     | __main__:<module>:197 - flag shn or intersecting: 0:00:06.522521
2022-09-19 15:49:56.996 | INFO     | __main__:<module>:213 - merge in line geom: 0:00:32.434138
2022-09-19 15:50:04.300 | INFO     | __main__:<module>:230 - exported dataset to GCS
2022-09-19 15:50:04.301 | INFO     | __main__:<module>:233 - execution time: 0:00:46.260941
2022-09-19 15:52:44.736 | INFO     | __main__:<module>:187 - flag shn or intersecting: 0:00:04.915849
2022-09-19 15:53:14.933 | INFO     | __main__:<module>:203 - merge in line geom: 0:00:30.197638
2022-09-19 15:53:22.489 | INFO     | __main__:<module>:220 - exported dataset to GCS
2022-09-19 15:53:22.492 | INFO     | __main__:<module>:223 - execution time: 0:00:42.672582
2022-10-11 10:27:29.216 | INFO     | __main__:<module>:187 - flag shn or intersecting: 0:00:08.367877
2022-10-11 10:28:05.503 | INFO     | __main__:<module>:203 - merge in line geom: 0:00:36.287239
2022-10-11 10:28:11.854 | INFO     | __main__:<module>:220 - exported dataset to GCS
2022-10-11 10:28:11.855 | INFO     | __main__:<module>:223 - execution time: 0:00:51.006817
2022-10-26 15:28:03.090 | INFO     | __main__:<module>:180 - Analysis date: 2022-08-17
2022-10-26 15:28:14.009 | INFO     | __main__:<module>:188 - flag shn or intersecting: 0:00:10.898878
2022-10-26 15:28:48.593 | INFO     | __main__:<module>:204 - merge in line geom: 0:00:34.584121
2022-10-26 15:28:54.826 | INFO     | __main__:<module>:221 - exported dataset to GCS
2022-10-26 15:28:54.827 | INFO     | __main__:<module>:224 - execution time: 0:00:51.717379
2022-10-27 09:24:43.860 | INFO     | __main__:<module>:180 - Analysis date: 2022-10-12
2022-10-27 09:24:52.374 | INFO     | __main__:<module>:188 - flag shn or intersecting: 0:00:08.466737
2022-10-27 09:25:31.526 | INFO     | __main__:<module>:204 - merge in line geom: 0:00:39.152379
2022-10-27 09:25:38.759 | INFO     | __main__:<module>:221 - exported dataset to GCS
2022-10-27 09:25:38.760 | INFO     | __main__:<module>:224 - execution time: 0:00:54.852922
2022-10-27 10:18:33.904 | INFO     | __main__:<module>:180 - Analysis date: 2022-05-04
2022-10-27 10:18:43.279 | INFO     | __main__:<module>:188 - flag shn or intersecting: 0:00:09.350222
2022-10-27 10:19:13.119 | INFO     | __main__:<module>:204 - merge in line geom: 0:00:29.840658
2022-10-27 10:19:22.550 | INFO     | __main__:<module>:221 - exported dataset to GCS
2022-10-27 10:19:22.552 | INFO     | __main__:<module>:224 - execution time: 0:00:48.623855
2022-10-31 10:34:38.858 | INFO     | __main__:<module>:180 - Analysis date: 2022-02-08
2022-10-31 10:34:49.480 | INFO     | __main__:<module>:188 - flag shn or intersecting: 0:00:10.599771
2022-10-31 10:35:22.648 | INFO     | __main__:<module>:204 - merge in line geom: 0:00:33.167994
2022-10-31 10:35:28.951 | INFO     | __main__:<module>:221 - exported dataset to GCS
2022-10-31 10:35:28.952 | INFO     | __main__:<module>:224 - execution time: 0:00:50.071558
2023-01-26 16:59:33.667 | INFO     | __main__:<module>:206 - Analysis date: 2023-01-18
2023-01-26 17:31:06.733 | INFO     | __main__:<module>:203 - Analysis date: 2023-01-18
2023-01-26 17:33:04.336 | INFO     | __main__:<module>:203 - Analysis date: 2023-01-18
2023-01-26 17:35:47.581 | INFO     | __main__:<module>:203 - Analysis date: 2023-01-18
2023-01-26 17:37:46.920 | INFO     | __main__:<module>:201 - Analysis date: 2023-01-18
2023-01-26 17:37:57.072 | INFO     | __main__:<module>:216 - flag shn or intersecting: 0:00:10.151924
2023-01-27 11:02:56.578 | INFO     | __main__:<module>:221 - Analysis date: 2023-01-18
2023-01-27 11:03:33.257 | INFO     | __main__:<module>:248 - flag shn or intersecting: 0:00:36.613771
2023-01-27 11:03:34.510 | INFO     | __main__:<module>:269 - create route-level df: 0:00:01.252887
2023-01-27 11:03:37.555 | INFO     | __main__:<module>:286 - exported dataset to GCS
2023-01-27 11:03:37.557 | INFO     | __main__:<module>:289 - execution time: 0:00:40.913246
2023-01-27 11:05:14.702 | INFO     | __main__:<module>:221 - Analysis date: 2022-12-14
2023-01-27 11:08:03.978 | INFO     | __main__:<module>:221 - Analysis date: 2022-12-14
2023-01-27 11:08:35.164 | INFO     | __main__:<module>:248 - flag shn or intersecting: 0:00:31.184468
2023-01-27 11:11:36.548 | INFO     | __main__:<module>:221 - Analysis date: 2022-10-12
2023-01-27 11:13:08.051 | INFO     | __main__:<module>:222 - Analysis date: 2022-10-12
2023-01-27 11:19:29.378 | INFO     | __main__:<module>:222 - Analysis date: 2022-10-12
2023-01-27 11:19:59.020 | INFO     | __main__:<module>:249 - flag shn or intersecting: 0:00:29.640830
2023-01-31 11:55:08.937 | INFO     | __main__:<module>:102 - Analysis date: 2022-05-04  warehouse v1
2023-01-31 11:55:20.293 | INFO     | __main__:<module>:141 - flag shn or intersecting: 0:00:11.354569
2023-01-31 11:55:24.467 | INFO     | __main__:<module>:161 - exported dataset to GCS
2023-01-31 11:55:24.468 | INFO     | __main__:<module>:164 - execution time: 0:00:15.528880
2023-01-31 11:55:55.779 | INFO     | __main__:<module>:102 - Analysis date: 2022-08-17  warehouse v1
2023-01-31 11:56:04.499 | INFO     | __main__:<module>:140 - flag shn or intersecting: 0:00:08.718739
2023-01-31 11:56:07.826 | INFO     | __main__:<module>:160 - exported dataset to GCS
2023-01-31 11:56:07.828 | INFO     | __main__:<module>:163 - execution time: 0:00:12.047431
2023-01-31 11:56:35.677 | INFO     | __main__:<module>:102 - Analysis date: 2022-10-12  warehouse v1
2023-01-31 11:56:46.325 | INFO     | __main__:<module>:140 - flag shn or intersecting: 0:00:10.647670
2023-01-31 11:56:49.629 | INFO     | __main__:<module>:160 - exported dataset to GCS
2023-01-31 11:56:49.630 | INFO     | __main__:<module>:163 - execution time: 0:00:13.952637
2023-01-31 11:57:11.171 | INFO     | __main__:<module>:102 - Analysis date: 2022-05-04  warehouse v2
2023-01-31 11:57:25.720 | INFO     | __main__:<module>:140 - flag shn or intersecting: 0:00:14.548961
2023-01-31 11:57:29.372 | INFO     | __main__:<module>:160 - exported dataset to GCS
2023-01-31 11:57:29.373 | INFO     | __main__:<module>:163 - execution time: 0:00:18.202129
2023-01-31 11:57:53.401 | INFO     | __main__:<module>:102 - Analysis date: 2022-08-17  warehouse v2
2023-01-31 11:58:03.966 | INFO     | __main__:<module>:140 - flag shn or intersecting: 0:00:10.564706
2023-01-31 11:58:07.387 | INFO     | __main__:<module>:160 - exported dataset to GCS
2023-01-31 11:58:07.388 | INFO     | __main__:<module>:163 - execution time: 0:00:13.986557
2023-01-31 11:58:37.879 | INFO     | __main__:<module>:102 - Analysis date: 2022-10-12  warehouse v2
2023-01-31 11:58:48.824 | INFO     | __main__:<module>:140 - flag shn or intersecting: 0:00:10.943650
2023-01-31 11:58:52.308 | INFO     | __main__:<module>:160 - exported dataset to GCS
2023-01-31 11:58:52.309 | INFO     | __main__:<module>:163 - execution time: 0:00:14.428557
2023-01-31 13:07:07.364 | INFO     | __main__:<module>:102 - Analysis date: 2022-10-12  warehouse v2
2023-01-31 13:07:20.453 | INFO     | __main__:<module>:140 - flag shn or intersecting: 0:00:13.088477
2023-01-31 13:07:24.170 | INFO     | __main__:<module>:160 - exported dataset to GCS
2023-01-31 13:07:24.172 | INFO     | __main__:<module>:163 - execution time: 0:00:16.807001
2023-01-31 13:07:48.042 | INFO     | __main__:<module>:102 - Analysis date: 2022-08-17  warehouse v2
2023-01-31 13:07:58.895 | INFO     | __main__:<module>:140 - flag shn or intersecting: 0:00:10.852770
2023-01-31 13:08:02.368 | INFO     | __main__:<module>:160 - exported dataset to GCS
2023-01-31 13:08:02.369 | INFO     | __main__:<module>:163 - execution time: 0:00:14.326203
2023-01-31 13:08:33.729 | INFO     | __main__:<module>:102 - Analysis date: 2022-05-04  warehouse v2
2023-01-31 13:08:48.052 | INFO     | __main__:<module>:140 - flag shn or intersecting: 0:00:14.322718
2023-01-31 13:08:51.954 | INFO     | __main__:<module>:160 - exported dataset to GCS
2023-01-31 13:08:51.955 | INFO     | __main__:<module>:163 - execution time: 0:00:18.226146
2023-01-31 13:09:19.428 | INFO     | __main__:<module>:102 - Analysis date: 2022-05-04  warehouse v1
2023-01-31 13:09:28.171 | INFO     | __main__:<module>:140 - flag shn or intersecting: 0:00:08.742187
2023-01-31 13:09:31.182 | INFO     | __main__:<module>:160 - exported dataset to GCS
2023-01-31 13:09:31.183 | INFO     | __main__:<module>:163 - execution time: 0:00:11.753965
2023-01-31 13:10:38.705 | INFO     | __main__:<module>:102 - Analysis date: 2022-08-17  warehouse v1
2023-01-31 13:10:47.745 | INFO     | __main__:<module>:140 - flag shn or intersecting: 0:00:09.039750
2023-01-31 13:10:50.788 | INFO     | __main__:<module>:160 - exported dataset to GCS
2023-01-31 13:10:50.789 | INFO     | __main__:<module>:163 - execution time: 0:00:12.083359
2023-01-31 13:11:31.780 | INFO     | __main__:<module>:102 - Analysis date: 2022-10-12  warehouse v1
2023-01-31 13:11:41.596 | INFO     | __main__:<module>:140 - flag shn or intersecting: 0:00:09.814767
2023-01-31 13:11:44.838 | INFO     | __main__:<module>:160 - exported dataset to GCS
2023-01-31 13:11:44.841 | INFO     | __main__:<module>:163 - execution time: 0:00:13.059904
2023-02-01 16:43:13.756 | INFO     | __main__:<module>:102 - Analysis date: 2022-05-04  warehouse v2
2023-02-01 16:43:25.513 | INFO     | __main__:<module>:140 - flag shn or intersecting: 0:00:11.721081
2023-02-01 16:43:28.298 | INFO     | __main__:<module>:160 - exported dataset to GCS
2023-02-01 16:43:28.299 | INFO     | __main__:<module>:163 - execution time: 0:00:14.507205
2023-02-01 16:43:51.717 | INFO     | __main__:<module>:102 - Analysis date: 2022-08-17  warehouse v2
2023-02-01 16:43:59.863 | INFO     | __main__:<module>:140 - flag shn or intersecting: 0:00:08.144783
2023-02-01 16:44:02.291 | INFO     | __main__:<module>:160 - exported dataset to GCS
2023-02-01 16:44:02.293 | INFO     | __main__:<module>:163 - execution time: 0:00:10.574900
2023-02-01 16:44:31.629 | INFO     | __main__:<module>:102 - Analysis date: 2022-10-12  warehouse v2
2023-02-01 16:44:40.355 | INFO     | __main__:<module>:140 - flag shn or intersecting: 0:00:08.725214
2023-02-01 16:44:43.231 | INFO     | __main__:<module>:160 - exported dataset to GCS
2023-02-01 16:44:43.232 | INFO     | __main__:<module>:163 - execution time: 0:00:11.602148
2023-02-01 17:27:27.356 | INFO     | __main__:<module>:128 - Analysis date: 2023-01-18  warehouse v2
2023-02-01 17:27:35.603 | INFO     | __main__:<module>:160 - flag shn or intersecting: 0:00:08.229832
2023-02-01 17:27:37.937 | INFO     | __main__:<module>:183 - exported dataset to GCS
2023-02-01 17:27:37.938 | INFO     | __main__:<module>:186 - execution time: 0:00:10.564215
2023-05-05 08:29:35.689 | INFO     | __main__:<module>:126 - Analysis date: 2023-04-12  warehouse v2
2023-05-05 08:29:45.389 | INFO     | __main__:<module>:158 - flag shn or intersecting: 0:00:09.686846
2023-05-05 08:31:13.716 | INFO     | __main__:<module>:181 - exported dataset to GCS
2023-05-05 08:31:13.716 | INFO     | __main__:<module>:184 - execution time: 0:01:38.014153
