2022-09-19 09:46:28.237 | INFO     | __main__:<module>:66 - Analysis date: 2022-05-04
2022-09-19 09:53:09.761 | INFO     | __main__:<module>:74 - concatenate all endpoint delays for operators: 0:06:41.522214
2022-09-19 09:53:10.174 | INFO     | __main__:<module>:79 - execution time: 0:06:41.935026
2022-10-26 16:40:10.016 | INFO     | __main__:<module>:45 - Analysis date: 2022-08-17
2022-10-26 16:41:30.373 | INFO     | __main__:<module>:45 - Analysis date: 2022-08-17
2022-10-26 16:49:34.501 | INFO     | __main__:<module>:48 - Analysis date: 2022-08-17
2022-10-26 16:49:38.088 | INFO     | __main__:aggregate_endpoint_delays:32 - 360: Index(['shape_meters', 'stop_id', 'stop_name', 'geometry', 'shape_id',
       'trip_key', 'trip_id', 'stop_sequence', 'arrival_time', 'route_id',
       'route_short_name', 'direction_id', 'actual_time', 'delay_seconds',
       'arrival_hour', 'mean_speed_mph'],
      dtype='object')
2022-10-26 16:49:39.486 | INFO     | __main__:aggregate_endpoint_delays:32 - 135: Index(['shape_meters', 'stop_id', 'stop_name', 'geometry', 'shape_id',
       'trip_key', 'trip_id', 'stop_sequence', 'arrival_time', 'route_id',
       'route_short_name', 'direction_id', 'actual_time', 'delay_seconds',
       'arrival_hour', 'mean_speed_mph'],
      dtype='object')
2022-10-26 16:50:19.210 | INFO     | __main__:aggregate_endpoint_delays:32 - 282: Index(['stop_id', 'stop_name', 'geometry', 'shape_id', 'shape_meters',
       'trip_key', 'trip_id', 'stop_sequence', 'arrival_time', 'route_id',
       'route_short_name', 'direction_id', 'actual_time', 'delay_seconds',
       'arrival_hour', 'mean_speed_mph'],
      dtype='object')
2022-10-26 16:50:24.613 | INFO     | __main__:aggregate_endpoint_delays:32 - 208: Index(['shape_meters', 'stop_id', 'stop_name', 'geometry', 'shape_id',
       'trip_key', 'trip_id', 'stop_sequence', 'arrival_time', 'route_id',
       'route_short_name', 'direction_id', 'actual_time', 'delay_seconds',
       'arrival_hour', 'mean_speed_mph'],
      dtype='object')
2022-10-26 16:50:57.541 | INFO     | __main__:aggregate_endpoint_delays:32 - 278: Index(['stop_id', 'stop_name', 'geometry', 'shape_id', 'shape_meters',
       'trip_key', 'trip_id', 'stop_sequence', 'arrival_time', 'route_id',
       'route_short_name', 'direction_id', 'actual_time', 'delay_seconds',
       'arrival_hour', 'mean_speed_mph'],
      dtype='object')
2022-10-26 16:51:55.486 | INFO     | __main__:<module>:49 - Analysis date: 2022-08-17
2022-10-26 16:51:55.554 | INFO     | __main__:aggregate_endpoint_delays:29 - start 360
2022-10-26 16:51:59.017 | INFO     | __main__:aggregate_endpoint_delays:33 - 360: Index(['shape_meters', 'stop_id', 'stop_name', 'geometry', 'shape_id',
       'trip_key', 'trip_id', 'stop_sequence', 'arrival_time', 'route_id',
       'route_short_name', 'direction_id', 'actual_time', 'delay_seconds',
       'arrival_hour', 'mean_speed_mph'],
      dtype='object')
2022-10-26 16:51:59.020 | INFO     | __main__:aggregate_endpoint_delays:29 - start 135
2022-10-26 16:52:00.327 | INFO     | __main__:aggregate_endpoint_delays:33 - 135: Index(['shape_meters', 'stop_id', 'stop_name', 'geometry', 'shape_id',
       'trip_key', 'trip_id', 'stop_sequence', 'arrival_time', 'route_id',
       'route_short_name', 'direction_id', 'actual_time', 'delay_seconds',
       'arrival_hour', 'mean_speed_mph'],
      dtype='object')
2022-10-26 16:52:00.333 | INFO     | __main__:aggregate_endpoint_delays:29 - start 282
2022-10-26 16:52:39.185 | INFO     | __main__:aggregate_endpoint_delays:33 - 282: Index(['stop_id', 'stop_name', 'geometry', 'shape_id', 'shape_meters',
       'trip_key', 'trip_id', 'stop_sequence', 'arrival_time', 'route_id',
       'route_short_name', 'direction_id', 'actual_time', 'delay_seconds',
       'arrival_hour', 'mean_speed_mph'],
      dtype='object')
2022-10-26 16:52:39.192 | INFO     | __main__:aggregate_endpoint_delays:29 - start 208
2022-10-26 16:52:43.533 | INFO     | __main__:aggregate_endpoint_delays:33 - 208: Index(['shape_meters', 'stop_id', 'stop_name', 'geometry', 'shape_id',
       'trip_key', 'trip_id', 'stop_sequence', 'arrival_time', 'route_id',
       'route_short_name', 'direction_id', 'actual_time', 'delay_seconds',
       'arrival_hour', 'mean_speed_mph'],
      dtype='object')
2022-10-26 16:52:43.542 | INFO     | __main__:aggregate_endpoint_delays:29 - start 278
2022-10-26 16:53:20.072 | INFO     | __main__:aggregate_endpoint_delays:33 - 278: Index(['stop_id', 'stop_name', 'geometry', 'shape_id', 'shape_meters',
       'trip_key', 'trip_id', 'stop_sequence', 'arrival_time', 'route_id',
       'route_short_name', 'direction_id', 'actual_time', 'delay_seconds',
       'arrival_hour', 'mean_speed_mph'],
      dtype='object')
2022-10-26 16:53:20.082 | INFO     | __main__:aggregate_endpoint_delays:29 - start 14
2022-10-26 17:00:54.562 | INFO     | __main__:<module>:49 - Analysis date: 2022-08-17
2022-10-26 17:00:54.631 | INFO     | __main__:aggregate_endpoint_delays:29 - start 360
2022-10-26 17:00:58.098 | INFO     | __main__:aggregate_endpoint_delays:33 - 360: Index(['shape_meters', 'stop_id', 'stop_name', 'geometry', 'shape_id',
       'trip_key', 'trip_id', 'stop_sequence', 'arrival_time', 'route_id',
       'route_short_name', 'direction_id', 'actual_time', 'delay_seconds',
       'arrival_hour', 'mean_speed_mph'],
      dtype='object')
2022-10-26 17:00:58.101 | INFO     | __main__:aggregate_endpoint_delays:29 - start 135
2022-10-26 17:00:59.409 | INFO     | __main__:aggregate_endpoint_delays:33 - 135: Index(['shape_meters', 'stop_id', 'stop_name', 'geometry', 'shape_id',
       'trip_key', 'trip_id', 'stop_sequence', 'arrival_time', 'route_id',
       'route_short_name', 'direction_id', 'actual_time', 'delay_seconds',
       'arrival_hour', 'mean_speed_mph'],
      dtype='object')
2022-10-26 17:00:59.414 | INFO     | __main__:aggregate_endpoint_delays:29 - start 282
2022-10-26 17:01:40.788 | INFO     | __main__:aggregate_endpoint_delays:33 - 282: Index(['stop_id', 'stop_name', 'geometry', 'shape_id', 'shape_meters',
       'trip_key', 'trip_id', 'stop_sequence', 'arrival_time', 'route_id',
       'route_short_name', 'direction_id', 'actual_time', 'delay_seconds',
       'arrival_hour', 'mean_speed_mph'],
      dtype='object')
2022-10-26 17:01:40.797 | INFO     | __main__:aggregate_endpoint_delays:29 - start 208
2022-10-26 17:01:45.378 | INFO     | __main__:aggregate_endpoint_delays:33 - 208: Index(['shape_meters', 'stop_id', 'stop_name', 'geometry', 'shape_id',
       'trip_key', 'trip_id', 'stop_sequence', 'arrival_time', 'route_id',
       'route_short_name', 'direction_id', 'actual_time', 'delay_seconds',
       'arrival_hour', 'mean_speed_mph'],
      dtype='object')
2022-10-26 17:01:45.388 | INFO     | __main__:aggregate_endpoint_delays:29 - start 278
2022-10-26 17:02:17.670 | INFO     | __main__:aggregate_endpoint_delays:33 - 278: Index(['stop_id', 'stop_name', 'geometry', 'shape_id', 'shape_meters',
       'trip_key', 'trip_id', 'stop_sequence', 'arrival_time', 'route_id',
       'route_short_name', 'direction_id', 'actual_time', 'delay_seconds',
       'arrival_hour', 'mean_speed_mph'],
      dtype='object')
2022-10-26 17:02:17.681 | INFO     | __main__:aggregate_endpoint_delays:29 - start 148
2022-10-26 17:02:19.337 | INFO     | __main__:aggregate_endpoint_delays:33 - 148: Index(['stop_id', 'stop_name', 'geometry', 'shape_id', 'shape_meters',
       'trip_key', 'trip_id', 'stop_sequence', 'arrival_time', 'route_id',
       'route_short_name', 'direction_id', 'actual_time', 'delay_seconds',
       'arrival_hour', 'mean_speed_mph'],
      dtype='object')
2022-10-26 17:02:19.348 | INFO     | __main__:aggregate_endpoint_delays:29 - start 226
2022-10-26 17:02:25.138 | INFO     | __main__:aggregate_endpoint_delays:33 - 226: Index(['shape_meters', 'stop_id', 'stop_name', 'geometry', 'shape_id',
       'trip_key', 'trip_id', 'stop_sequence', 'arrival_time', 'route_id',
       'route_short_name', 'direction_id', 'actual_time', 'delay_seconds',
       'arrival_hour', 'mean_speed_mph'],
      dtype='object')
2022-10-26 17:02:25.147 | INFO     | __main__:aggregate_endpoint_delays:29 - start 310
2022-10-26 17:02:27.786 | INFO     | __main__:aggregate_endpoint_delays:33 - 310: Index(['shape_meters', 'stop_id', 'stop_name', 'geometry', 'shape_id',
       'trip_key', 'trip_id', 'stop_sequence', 'arrival_time', 'route_id',
       'route_short_name', 'direction_id', 'actual_time', 'delay_seconds',
       'arrival_hour', 'mean_speed_mph'],
      dtype='object')
2022-10-26 17:02:27.798 | INFO     | __main__:aggregate_endpoint_delays:29 - start 182
2022-10-26 17:03:37.027 | INFO     | __main__:aggregate_endpoint_delays:33 - 182: Index(['shape_meters', 'stop_id', 'stop_name', 'geometry', 'shape_id',
       'trip_key', 'trip_id', 'stop_sequence', 'arrival_time', 'route_id',
       'route_short_name', 'direction_id', 'actual_time', 'delay_seconds',
       'arrival_hour', 'mean_speed_mph'],
      dtype='object')
2022-10-26 17:03:37.068 | INFO     | __main__:aggregate_endpoint_delays:29 - start 126
2022-10-26 17:03:41.734 | INFO     | __main__:aggregate_endpoint_delays:33 - 126: Index(['shape_meters', 'stop_id', 'stop_name', 'geometry', 'shape_id',
       'trip_key', 'trip_id', 'stop_sequence', 'arrival_time', 'route_id',
       'route_short_name', 'direction_id', 'actual_time', 'delay_seconds',
       'arrival_hour', 'mean_speed_mph'],
      dtype='object')
2022-10-26 17:03:41.749 | INFO     | __main__:aggregate_endpoint_delays:29 - start 246
2022-10-26 17:03:43.226 | INFO     | __main__:aggregate_endpoint_delays:33 - 246: Index(['shape_meters', 'stop_id', 'stop_name', 'geometry', 'shape_id',
       'trip_key', 'trip_id', 'stop_sequence', 'arrival_time', 'route_id',
       'route_short_name', 'direction_id', 'actual_time', 'delay_seconds',
       'arrival_hour', 'mean_speed_mph'],
      dtype='object')
2022-10-26 17:03:43.241 | INFO     | __main__:aggregate_endpoint_delays:29 - start 290
2022-10-26 17:03:47.833 | INFO     | __main__:aggregate_endpoint_delays:33 - 290: Index(['shape_meters', 'stop_id', 'stop_name', 'geometry', 'shape_id',
       'trip_key', 'trip_id', 'stop_sequence', 'arrival_time', 'route_id',
       'route_short_name', 'direction_id', 'actual_time', 'delay_seconds',
       'arrival_hour', 'mean_speed_mph'],
      dtype='object')
2022-10-26 17:03:47.849 | INFO     | __main__:aggregate_endpoint_delays:29 - start 188
2022-10-26 17:03:49.012 | INFO     | __main__:aggregate_endpoint_delays:33 - 188: Index(['shape_meters', 'stop_id', 'stop_name', 'geometry', 'shape_id',
       'trip_key', 'trip_id', 'stop_sequence', 'arrival_time', 'route_id',
       'route_short_name', 'direction_id', 'actual_time', 'delay_seconds',
       'arrival_hour', 'mean_speed_mph'],
      dtype='object')
2022-10-26 17:03:49.029 | INFO     | __main__:aggregate_endpoint_delays:29 - start 284
2022-10-26 17:03:53.758 | INFO     | __main__:aggregate_endpoint_delays:33 - 284: Index(['stop_id', 'stop_name', 'geometry', 'shape_id', 'shape_meters',
       'trip_key', 'trip_id', 'stop_sequence', 'arrival_time', 'route_id',
       'route_short_name', 'direction_id', 'actual_time', 'delay_seconds',
       'arrival_hour', 'mean_speed_mph'],
      dtype='object')
2022-10-26 17:03:53.776 | INFO     | __main__:aggregate_endpoint_delays:29 - start 4
2022-10-26 17:04:20.393 | INFO     | __main__:aggregate_endpoint_delays:33 - 4: Index(['stop_id', 'stop_name', 'geometry', 'shape_id', 'shape_meters',
       'trip_key', 'trip_id', 'stop_sequence', 'arrival_time', 'route_id',
       'route_short_name', 'direction_id', 'actual_time', 'delay_seconds',
       'arrival_hour', 'mean_speed_mph'],
      dtype='object')
2022-10-26 17:04:20.408 | INFO     | __main__:aggregate_endpoint_delays:29 - start 259
2022-10-26 17:04:22.591 | INFO     | __main__:aggregate_endpoint_delays:33 - 259: Index(['shape_meters', 'stop_id', 'stop_name', 'geometry', 'shape_id',
       'trip_key', 'trip_id', 'stop_sequence', 'arrival_time', 'route_id',
       'route_short_name', 'direction_id', 'actual_time', 'delay_seconds',
       'arrival_hour', 'mean_speed_mph'],
      dtype='object')
2022-10-26 17:04:22.610 | INFO     | __main__:aggregate_endpoint_delays:29 - start 350
2022-10-26 17:04:24.568 | INFO     | __main__:aggregate_endpoint_delays:33 - 350: Index(['stop_id', 'stop_name', 'geometry', 'shape_id', 'shape_meters',
       'trip_key', 'trip_id', 'stop_sequence', 'arrival_time', 'route_id',
       'route_short_name', 'direction_id', 'actual_time', 'delay_seconds',
       'arrival_hour', 'mean_speed_mph'],
      dtype='object')
2022-10-26 17:04:24.587 | INFO     | __main__:aggregate_endpoint_delays:29 - start 300
2022-10-26 17:04:31.660 | INFO     | __main__:aggregate_endpoint_delays:33 - 300: Index(['stop_id', 'stop_name', 'geometry', 'shape_id', 'shape_meters',
       'trip_key', 'trip_id', 'stop_sequence', 'arrival_time', 'route_id',
       'route_short_name', 'direction_id', 'actual_time', 'delay_seconds',
       'arrival_hour', 'mean_speed_mph'],
      dtype='object')
2022-10-26 17:04:31.680 | INFO     | __main__:aggregate_endpoint_delays:29 - start 298
2022-10-26 17:04:33.300 | INFO     | __main__:aggregate_endpoint_delays:33 - 298: Index(['stop_id', 'stop_name', 'geometry', 'shape_id', 'shape_meters',
       'trip_key', 'trip_id', 'stop_sequence', 'arrival_time', 'route_id',
       'route_short_name', 'direction_id', 'actual_time', 'delay_seconds',
       'arrival_hour', 'mean_speed_mph'],
      dtype='object')
2022-10-26 17:04:33.321 | INFO     | __main__:aggregate_endpoint_delays:29 - start 336
2022-10-26 17:04:35.977 | INFO     | __main__:aggregate_endpoint_delays:33 - 336: Index(['stop_id', 'stop_name', 'geometry', 'shape_id', 'shape_meters',
       'trip_key', 'trip_id', 'stop_sequence', 'arrival_time', 'route_id',
       'route_short_name', 'direction_id', 'actual_time', 'delay_seconds',
       'arrival_hour', 'mean_speed_mph'],
      dtype='object')
2022-10-26 17:04:35.992 | INFO     | __main__:aggregate_endpoint_delays:29 - start 367
2022-10-26 17:04:37.051 | INFO     | __main__:aggregate_endpoint_delays:33 - 367: Index(['shape_meters', 'stop_id', 'stop_name', 'geometry', 'shape_id',
       'trip_key', 'trip_id', 'stop_sequence', 'arrival_time', 'route_id',
       'route_short_name', 'direction_id', 'actual_time', 'delay_seconds',
       'arrival_hour', 'mean_speed_mph'],
      dtype='object')
2022-10-26 17:04:37.066 | INFO     | __main__:aggregate_endpoint_delays:29 - start 106
2022-10-26 17:04:38.195 | INFO     | __main__:aggregate_endpoint_delays:33 - 106: Index(['shape_meters', 'stop_id', 'stop_name', 'geometry', 'shape_id',
       'trip_key', 'trip_id', 'stop_sequence', 'arrival_time', 'route_id',
       'route_short_name', 'direction_id', 'actual_time', 'delay_seconds',
       'arrival_hour', 'mean_speed_mph'],
      dtype='object')
2022-10-26 17:04:38.209 | INFO     | __main__:aggregate_endpoint_delays:29 - start 99
2022-10-26 17:04:40.194 | INFO     | __main__:aggregate_endpoint_delays:33 - 99: Index(['shape_meters', 'stop_id', 'stop_name', 'geometry', 'shape_id',
       'trip_key', 'trip_id', 'stop_sequence', 'arrival_time', 'route_id',
       'route_short_name', 'direction_id', 'actual_time', 'delay_seconds',
       'arrival_hour', 'mean_speed_mph'],
      dtype='object')
2022-10-26 17:04:40.208 | INFO     | __main__:aggregate_endpoint_delays:29 - start 105
2022-10-26 17:04:42.793 | INFO     | __main__:aggregate_endpoint_delays:33 - 105: Index(['shape_meters', 'stop_id', 'stop_name', 'geometry', 'shape_id',
       'trip_key', 'trip_id', 'stop_sequence', 'arrival_time', 'route_id',
       'route_short_name', 'direction_id', 'actual_time', 'delay_seconds',
       'arrival_hour', 'mean_speed_mph'],
      dtype='object')
2022-10-26 17:04:42.811 | INFO     | __main__:aggregate_endpoint_delays:29 - start 295
2022-10-26 17:04:46.721 | INFO     | __main__:aggregate_endpoint_delays:33 - 295: Index(['shape_meters', 'stop_id', 'stop_name', 'geometry', 'shape_id',
       'trip_key', 'trip_id', 'stop_sequence', 'arrival_time', 'route_id',
       'route_short_name', 'direction_id', 'actual_time', 'delay_seconds',
       'arrival_hour', 'mean_speed_mph'],
      dtype='object')
2022-10-26 17:04:46.739 | INFO     | __main__:aggregate_endpoint_delays:29 - start 315
2022-10-26 17:04:48.846 | INFO     | __main__:aggregate_endpoint_delays:33 - 315: Index(['shape_meters', 'stop_id', 'stop_name', 'geometry', 'shape_id',
       'trip_key', 'trip_id', 'stop_sequence', 'arrival_time', 'route_id',
       'route_short_name', 'direction_id', 'actual_time', 'delay_seconds',
       'arrival_hour', 'mean_speed_mph'],
      dtype='object')
2022-10-26 17:04:48.860 | INFO     | __main__:aggregate_endpoint_delays:29 - start 243
2022-10-26 17:04:52.183 | INFO     | __main__:aggregate_endpoint_delays:33 - 243: Index(['stop_id', 'stop_name', 'geometry', 'shape_id', 'shape_meters',
       'trip_key', 'trip_id', 'stop_sequence', 'arrival_time', 'route_id',
       'route_short_name', 'direction_id', 'actual_time', 'delay_seconds',
       'arrival_hour', 'mean_speed_mph'],
      dtype='object')
2022-10-26 17:04:52.198 | INFO     | __main__:aggregate_endpoint_delays:29 - start 269
2022-10-26 17:05:00.304 | INFO     | __main__:aggregate_endpoint_delays:33 - 269: Index(['stop_id', 'stop_name', 'geometry', 'shape_id', 'shape_meters',
       'trip_key', 'trip_id', 'stop_sequence', 'arrival_time', 'route_id',
       'route_short_name', 'direction_id', 'actual_time', 'delay_seconds',
       'arrival_hour', 'mean_speed_mph'],
      dtype='object')
2022-10-26 17:05:00.324 | INFO     | __main__:aggregate_endpoint_delays:29 - start 61
2022-10-26 17:05:05.502 | INFO     | __main__:aggregate_endpoint_delays:33 - 61: Index(['shape_meters', 'stop_id', 'stop_name', 'geometry', 'shape_id',
       'trip_key', 'trip_id', 'stop_sequence', 'arrival_time', 'route_id',
       'route_short_name', 'direction_id', 'actual_time', 'delay_seconds',
       'arrival_hour', 'mean_speed_mph'],
      dtype='object')
2022-10-26 17:05:05.521 | INFO     | __main__:aggregate_endpoint_delays:29 - start 260
2022-10-26 17:05:08.192 | INFO     | __main__:aggregate_endpoint_delays:33 - 260: Index(['shape_meters', 'stop_id', 'stop_name', 'geometry', 'shape_id',
       'trip_key', 'trip_id', 'stop_sequence', 'arrival_time', 'route_id',
       'route_short_name', 'direction_id', 'actual_time', 'delay_seconds',
       'arrival_hour', 'mean_speed_mph'],
      dtype='object')
2022-10-26 17:05:08.208 | INFO     | __main__:aggregate_endpoint_delays:29 - start 116
2022-10-26 17:05:15.823 | INFO     | __main__:aggregate_endpoint_delays:33 - 116: Index(['stop_id', 'stop_name', 'geometry', 'shape_id', 'shape_meters',
       'trip_key', 'trip_id', 'stop_sequence', 'arrival_time', 'route_id',
       'route_short_name', 'direction_id', 'actual_time', 'delay_seconds',
       'arrival_hour', 'mean_speed_mph'],
      dtype='object')
2022-10-26 17:05:15.839 | INFO     | __main__:aggregate_endpoint_delays:29 - start 75
2022-10-26 17:05:17.352 | INFO     | __main__:aggregate_endpoint_delays:33 - 75: Index(['stop_id', 'stop_name', 'geometry', 'shape_id', 'shape_meters',
       'trip_key', 'trip_id', 'stop_sequence', 'arrival_time', 'route_id',
       'route_short_name', 'direction_id', 'actual_time', 'delay_seconds',
       'arrival_hour', 'mean_speed_mph'],
      dtype='object')
2022-10-26 17:05:17.368 | INFO     | __main__:aggregate_endpoint_delays:29 - start 257
2022-10-26 17:05:18.461 | INFO     | __main__:aggregate_endpoint_delays:33 - 257: Index(['stop_id', 'stop_name', 'geometry', 'shape_id', 'shape_meters',
       'trip_key', 'trip_id', 'stop_sequence', 'arrival_time', 'route_id',
       'route_short_name', 'direction_id', 'actual_time', 'delay_seconds',
       'arrival_hour', 'mean_speed_mph'],
      dtype='object')
2022-10-26 17:05:18.482 | INFO     | __main__:aggregate_endpoint_delays:29 - start 87
2022-10-26 17:05:21.475 | INFO     | __main__:aggregate_endpoint_delays:33 - 87: Index(['stop_id', 'stop_name', 'geometry', 'shape_id', 'shape_meters',
       'trip_key', 'trip_id', 'stop_sequence', 'arrival_time', 'route_id',
       'route_short_name', 'direction_id', 'actual_time', 'delay_seconds',
       'arrival_hour', 'mean_speed_mph'],
      dtype='object')
2022-10-26 17:05:21.491 | INFO     | __main__:aggregate_endpoint_delays:29 - start 361
2022-10-26 17:05:25.145 | INFO     | __main__:aggregate_endpoint_delays:33 - 361: Index(['stop_id', 'stop_name', 'geometry', 'shape_id', 'shape_meters',
       'trip_key', 'trip_id', 'stop_sequence', 'arrival_time', 'route_id',
       'route_short_name', 'direction_id', 'actual_time', 'delay_seconds',
       'arrival_hour', 'mean_speed_mph'],
      dtype='object')
2022-10-26 17:05:25.170 | INFO     | __main__:aggregate_endpoint_delays:29 - start 206
2022-10-26 17:38:11.681 | INFO     | __main__:<module>:53 - Analysis date: 2022-08-17
2022-10-26 17:38:11.745 | INFO     | __main__:aggregate_endpoint_delays:30 - start 360
2022-10-26 17:38:15.155 | INFO     | __main__:aggregate_endpoint_delays:34 - 360: Index(['shape_meters', 'stop_id', 'stop_name', 'geometry', 'shape_id',
       'trip_key', 'trip_id', 'stop_sequence', 'arrival_time', 'route_id',
       'route_short_name', 'direction_id', 'actual_time', 'delay_seconds',
       'arrival_hour', 'mean_speed_mph'],
      dtype='object')
2022-10-26 17:38:15.292 | INFO     | __main__:aggregate_endpoint_delays:30 - start 135
2022-10-26 17:38:16.645 | INFO     | __main__:aggregate_endpoint_delays:34 - 135: Index(['shape_meters', 'stop_id', 'stop_name', 'geometry', 'shape_id',
       'trip_key', 'trip_id', 'stop_sequence', 'arrival_time', 'route_id',
       'route_short_name', 'direction_id', 'actual_time', 'delay_seconds',
       'arrival_hour', 'mean_speed_mph'],
      dtype='object')
2022-10-26 17:38:16.691 | INFO     | __main__:aggregate_endpoint_delays:30 - start 282
2022-10-26 17:38:52.253 | WARNING  | __main__:aggregate_endpoint_delays:40 - error: 282
2022-10-26 17:38:52.342 | INFO     | __main__:aggregate_endpoint_delays:30 - start 208
2022-10-26 17:38:52.476 | WARNING  | __main__:aggregate_endpoint_delays:40 - error: 208
2022-10-26 17:38:52.477 | INFO     | __main__:aggregate_endpoint_delays:30 - start 278
2022-10-26 17:38:52.563 | WARNING  | __main__:aggregate_endpoint_delays:40 - error: 278
2022-10-26 17:38:52.563 | INFO     | __main__:aggregate_endpoint_delays:30 - start 148
2022-10-26 17:38:52.774 | WARNING  | __main__:aggregate_endpoint_delays:40 - error: 148
2022-10-26 17:38:52.775 | INFO     | __main__:aggregate_endpoint_delays:30 - start 226
2022-10-26 17:38:52.946 | WARNING  | __main__:aggregate_endpoint_delays:40 - error: 226
2022-10-26 17:38:52.947 | INFO     | __main__:aggregate_endpoint_delays:30 - start 310
2022-10-26 17:38:55.487 | INFO     | __main__:aggregate_endpoint_delays:34 - 310: Index(['shape_meters', 'stop_id', 'stop_name', 'geometry', 'shape_id',
       'trip_key', 'trip_id', 'stop_sequence', 'arrival_time', 'route_id',
       'route_short_name', 'direction_id', 'actual_time', 'delay_seconds',
       'arrival_hour', 'mean_speed_mph'],
      dtype='object')
2022-10-26 17:38:55.507 | INFO     | __main__:aggregate_endpoint_delays:30 - start 182
2022-10-26 17:39:07.962 | WARNING  | __main__:aggregate_endpoint_delays:40 - error: 182
2022-10-26 17:39:19.839 | INFO     | __main__:<module>:51 - Analysis date: 2022-08-17
2022-10-26 17:39:19.902 | INFO     | __main__:aggregate_endpoint_delays:30 - start 360
2022-10-26 17:39:23.379 | INFO     | __main__:aggregate_endpoint_delays:30 - start 135
2022-10-26 17:39:25.186 | INFO     | __main__:aggregate_endpoint_delays:30 - start 282
2022-10-26 17:40:06.369 | INFO     | __main__:aggregate_endpoint_delays:30 - start 208
2022-10-26 17:40:12.173 | INFO     | __main__:aggregate_endpoint_delays:30 - start 278
2022-10-26 17:40:44.586 | INFO     | __main__:aggregate_endpoint_delays:30 - start 148
2022-10-26 17:40:46.092 | INFO     | __main__:aggregate_endpoint_delays:30 - start 226
2022-10-26 17:40:51.926 | INFO     | __main__:aggregate_endpoint_delays:30 - start 310
2022-10-26 17:40:54.373 | INFO     | __main__:aggregate_endpoint_delays:30 - start 182
2022-10-26 17:42:01.453 | INFO     | __main__:aggregate_endpoint_delays:30 - start 126
2022-10-26 17:42:05.482 | INFO     | __main__:aggregate_endpoint_delays:30 - start 246
2022-10-26 17:42:06.800 | INFO     | __main__:aggregate_endpoint_delays:30 - start 290
2022-10-26 17:42:11.339 | INFO     | __main__:aggregate_endpoint_delays:30 - start 188
2022-10-26 17:42:12.413 | INFO     | __main__:aggregate_endpoint_delays:30 - start 284
2022-10-26 17:42:16.902 | INFO     | __main__:aggregate_endpoint_delays:30 - start 4
2022-10-26 17:42:41.916 | INFO     | __main__:aggregate_endpoint_delays:30 - start 259
2022-10-26 17:42:43.841 | INFO     | __main__:aggregate_endpoint_delays:30 - start 350
2022-10-26 17:42:45.695 | INFO     | __main__:aggregate_endpoint_delays:30 - start 300
2022-10-26 17:42:52.068 | INFO     | __main__:aggregate_endpoint_delays:30 - start 298
2022-10-26 17:42:53.553 | INFO     | __main__:aggregate_endpoint_delays:30 - start 336
2022-10-26 17:42:56.085 | INFO     | __main__:aggregate_endpoint_delays:30 - start 367
2022-10-26 17:42:56.973 | INFO     | __main__:aggregate_endpoint_delays:30 - start 106
2022-10-26 17:42:58.059 | INFO     | __main__:aggregate_endpoint_delays:30 - start 99
2022-10-26 17:42:59.627 | INFO     | __main__:aggregate_endpoint_delays:30 - start 105
2022-10-26 17:43:01.604 | INFO     | __main__:aggregate_endpoint_delays:30 - start 295
2022-10-26 17:43:04.694 | INFO     | __main__:aggregate_endpoint_delays:30 - start 315
2022-10-26 17:43:05.734 | INFO     | __main__:aggregate_endpoint_delays:30 - start 243
2022-10-26 17:43:07.835 | INFO     | __main__:aggregate_endpoint_delays:30 - start 269
2022-10-26 17:43:14.232 | INFO     | __main__:aggregate_endpoint_delays:30 - start 61
2022-10-26 17:43:17.876 | INFO     | __main__:aggregate_endpoint_delays:30 - start 260
2022-10-26 17:43:19.166 | INFO     | __main__:aggregate_endpoint_delays:30 - start 116
2022-10-26 17:43:25.547 | INFO     | __main__:aggregate_endpoint_delays:30 - start 75
2022-10-26 17:43:26.657 | INFO     | __main__:aggregate_endpoint_delays:30 - start 257
2022-10-26 17:43:27.599 | INFO     | __main__:aggregate_endpoint_delays:30 - start 87
2022-10-26 17:43:30.549 | INFO     | __main__:aggregate_endpoint_delays:30 - start 361
2022-10-26 17:43:34.386 | INFO     | __main__:aggregate_endpoint_delays:30 - start 294
2022-10-26 17:43:52.285 | INFO     | __main__:aggregate_endpoint_delays:30 - start 301
2022-10-26 17:43:55.410 | INFO     | __main__:aggregate_endpoint_delays:30 - start 484
2022-10-26 17:44:00.812 | INFO     | __main__:aggregate_endpoint_delays:30 - start 194
2022-10-26 17:44:04.695 | INFO     | __main__:aggregate_endpoint_delays:30 - start 218
2022-10-26 17:44:06.342 | INFO     | __main__:aggregate_endpoint_delays:30 - start 167
2022-10-26 17:44:09.034 | INFO     | __main__:aggregate_endpoint_delays:30 - start 293
2022-10-26 17:44:10.835 | INFO     | __main__:aggregate_endpoint_delays:30 - start 183
2022-10-26 17:44:20.455 | INFO     | __main__:aggregate_endpoint_delays:30 - start 372
2022-10-26 17:44:22.334 | INFO     | __main__:aggregate_endpoint_delays:30 - start 45
2022-10-26 17:44:23.570 | INFO     | __main__:aggregate_endpoint_delays:30 - start 110
2022-10-26 17:44:25.941 | INFO     | __main__:aggregate_endpoint_delays:30 - start 314
2022-10-26 17:44:27.107 | INFO     | __main__:aggregate_endpoint_delays:30 - start 30
2022-10-26 17:44:28.141 | INFO     | __main__:aggregate_endpoint_delays:30 - start 16
2022-10-26 17:44:31.022 | INFO     | __main__:aggregate_endpoint_delays:30 - start 349
2022-10-26 17:44:32.582 | INFO     | __main__:aggregate_endpoint_delays:30 - start 127
2022-10-26 17:44:34.597 | INFO     | __main__:aggregate_endpoint_delays:30 - start 235
2022-10-26 17:44:49.134 | INFO     | __main__:aggregate_endpoint_delays:30 - start 221
2022-10-26 17:44:50.705 | INFO     | __main__:<module>:64 - concatenate all endpoint delays for operators: 0:05:30.865061
2022-10-26 17:44:51.421 | INFO     | __main__:<module>:73 - execution time: 0:05:31.581147
2022-10-27 09:32:58.388 | INFO     | __main__:<module>:59 - Analysis date: 2022-10-12
2022-10-27 09:32:58.492 | INFO     | __main__:aggregate_endpoint_delays:32 - start 360
2022-10-27 09:33:04.390 | INFO     | __main__:aggregate_endpoint_delays:32 - start 135
2022-10-27 09:33:06.030 | INFO     | __main__:aggregate_endpoint_delays:32 - start 282
2022-10-27 09:33:48.138 | INFO     | __main__:aggregate_endpoint_delays:32 - start 200
2022-10-27 09:36:16.442 | INFO     | __main__:aggregate_endpoint_delays:32 - start 208
2022-10-27 09:36:21.257 | INFO     | __main__:aggregate_endpoint_delays:32 - start 278
2022-10-27 09:36:52.889 | INFO     | __main__:aggregate_endpoint_delays:32 - start 14
2022-10-27 09:36:56.542 | WARNING  | __main__:aggregate_endpoint_delays:40 - error: 14
2022-10-27 09:36:56.560 | INFO     | __main__:aggregate_endpoint_delays:32 - start 148
2022-10-27 09:36:58.277 | INFO     | __main__:aggregate_endpoint_delays:32 - start 226
2022-10-27 09:37:04.448 | INFO     | __main__:aggregate_endpoint_delays:32 - start 310
2022-10-27 09:37:07.506 | INFO     | __main__:aggregate_endpoint_delays:32 - start 182
2022-10-27 09:38:27.632 | INFO     | __main__:aggregate_endpoint_delays:32 - start 126
2022-10-27 09:38:32.144 | INFO     | __main__:aggregate_endpoint_delays:32 - start 170
2022-10-27 09:38:41.837 | INFO     | __main__:aggregate_endpoint_delays:32 - start 327
2022-10-27 09:38:42.988 | WARNING  | __main__:aggregate_endpoint_delays:40 - error: 327
2022-10-27 09:38:42.991 | INFO     | __main__:aggregate_endpoint_delays:32 - start 246
2022-10-27 09:38:44.578 | INFO     | __main__:aggregate_endpoint_delays:32 - start 290
2022-10-27 09:38:52.706 | INFO     | __main__:aggregate_endpoint_delays:32 - start 188
2022-10-27 09:38:53.887 | INFO     | __main__:aggregate_endpoint_delays:32 - start 284
2022-10-27 09:38:59.007 | INFO     | __main__:aggregate_endpoint_delays:32 - start 4
2022-10-27 09:39:26.610 | INFO     | __main__:aggregate_endpoint_delays:32 - start 259
2022-10-27 09:39:28.895 | INFO     | __main__:aggregate_endpoint_delays:32 - start 350
2022-10-27 09:39:31.075 | INFO     | __main__:aggregate_endpoint_delays:32 - start 380
2022-10-27 09:39:36.633 | INFO     | __main__:aggregate_endpoint_delays:32 - start 300
2022-10-27 09:39:43.354 | INFO     | __main__:aggregate_endpoint_delays:32 - start 298
2022-10-27 09:39:44.985 | INFO     | __main__:aggregate_endpoint_delays:32 - start 336
2022-10-27 09:39:48.040 | INFO     | __main__:aggregate_endpoint_delays:32 - start 159
2022-10-27 09:39:49.449 | INFO     | __main__:aggregate_endpoint_delays:32 - start 367
2022-10-27 09:39:50.621 | INFO     | __main__:aggregate_endpoint_delays:32 - start 106
2022-10-27 09:39:51.933 | INFO     | __main__:aggregate_endpoint_delays:32 - start 99
2022-10-27 09:39:53.495 | INFO     | __main__:aggregate_endpoint_delays:32 - start 105
2022-10-27 09:39:55.652 | INFO     | __main__:aggregate_endpoint_delays:32 - start 295
2022-10-27 09:39:58.856 | INFO     | __main__:aggregate_endpoint_delays:32 - start 315
2022-10-27 09:40:00.213 | INFO     | __main__:aggregate_endpoint_delays:32 - start 243
2022-10-27 09:40:02.631 | INFO     | __main__:aggregate_endpoint_delays:32 - start 269
2022-10-27 09:40:09.568 | INFO     | __main__:aggregate_endpoint_delays:32 - start 61
2022-10-27 09:40:13.978 | INFO     | __main__:aggregate_endpoint_delays:32 - start 260
2022-10-27 09:40:15.493 | INFO     | __main__:aggregate_endpoint_delays:32 - start 116
2022-10-27 09:40:22.243 | INFO     | __main__:aggregate_endpoint_delays:32 - start 75
2022-10-27 09:40:23.844 | INFO     | __main__:aggregate_endpoint_delays:32 - start 257
2022-10-27 09:40:25.064 | INFO     | __main__:aggregate_endpoint_delays:32 - start 87
2022-10-27 09:40:28.399 | INFO     | __main__:aggregate_endpoint_delays:32 - start 361
2022-10-27 09:40:32.069 | INFO     | __main__:aggregate_endpoint_delays:32 - start 107
2022-10-27 09:40:33.196 | INFO     | __main__:aggregate_endpoint_delays:32 - start 206
2022-10-27 09:40:35.471 | WARNING  | __main__:aggregate_endpoint_delays:40 - error: 206
2022-10-27 09:40:35.485 | INFO     | __main__:aggregate_endpoint_delays:32 - start 294
2022-10-27 09:40:53.619 | INFO     | __main__:aggregate_endpoint_delays:32 - start 301
2022-10-27 09:40:56.995 | INFO     | __main__:aggregate_endpoint_delays:32 - start 484
2022-10-27 09:41:02.718 | INFO     | __main__:aggregate_endpoint_delays:32 - start 194
2022-10-27 09:41:06.833 | INFO     | __main__:aggregate_endpoint_delays:32 - start 218
2022-10-27 09:41:08.521 | INFO     | __main__:aggregate_endpoint_delays:32 - start 167
2022-10-27 09:41:11.544 | INFO     | __main__:aggregate_endpoint_delays:32 - start 293
2022-10-27 09:41:17.013 | INFO     | __main__:aggregate_endpoint_delays:32 - start 183
2022-10-27 09:41:27.867 | INFO     | __main__:aggregate_endpoint_delays:32 - start 372
2022-10-27 09:41:29.587 | INFO     | __main__:aggregate_endpoint_delays:32 - start 45
2022-10-27 09:41:30.946 | INFO     | __main__:aggregate_endpoint_delays:32 - start 110
2022-10-27 09:41:33.229 | INFO     | __main__:aggregate_endpoint_delays:32 - start 314
2022-10-27 09:41:35.032 | INFO     | __main__:aggregate_endpoint_delays:32 - start 247
2022-10-27 09:41:36.817 | INFO     | __main__:aggregate_endpoint_delays:32 - start 30
2022-10-27 09:41:38.061 | INFO     | __main__:aggregate_endpoint_delays:32 - start 280
2022-10-27 09:41:39.201 | INFO     | __main__:aggregate_endpoint_delays:32 - start 16
2022-10-27 09:41:42.372 | INFO     | __main__:aggregate_endpoint_delays:32 - start 349
2022-10-27 09:41:44.215 | INFO     | __main__:aggregate_endpoint_delays:32 - start 127
2022-10-27 09:41:46.806 | INFO     | __main__:aggregate_endpoint_delays:32 - start 112
2022-10-27 09:41:56.361 | INFO     | __main__:aggregate_endpoint_delays:32 - start 235
2022-10-27 09:42:12.231 | INFO     | __main__:aggregate_endpoint_delays:32 - start 228
2022-10-27 09:42:13.603 | INFO     | __main__:aggregate_endpoint_delays:32 - start 221
2022-10-27 09:42:15.147 | INFO     | __main__:<module>:72 - concatenate all endpoint delays for operators: 0:09:16.721869
2022-10-27 09:42:16.187 | INFO     | __main__:<module>:83 - execution time: 0:09:17.762377
2022-10-27 10:20:04.440 | INFO     | __main__:<module>:59 - Analysis date: 2022-05-04
2022-10-27 10:20:04.526 | INFO     | __main__:aggregate_endpoint_delays:32 - start 360
2022-10-27 10:20:08.193 | INFO     | __main__:aggregate_endpoint_delays:32 - start 135
2022-10-27 10:20:09.762 | INFO     | __main__:aggregate_endpoint_delays:32 - start 282
2022-10-27 10:20:51.324 | INFO     | __main__:aggregate_endpoint_delays:32 - start 278
2022-10-27 10:21:24.267 | INFO     | __main__:aggregate_endpoint_delays:32 - start 148
2022-10-27 10:21:25.873 | INFO     | __main__:aggregate_endpoint_delays:32 - start 226
2022-10-27 10:21:32.144 | INFO     | __main__:aggregate_endpoint_delays:32 - start 310
2022-10-27 10:21:34.862 | INFO     | __main__:aggregate_endpoint_delays:32 - start 182
2022-10-27 10:22:41.865 | INFO     | __main__:aggregate_endpoint_delays:32 - start 126
2022-10-27 10:22:46.057 | INFO     | __main__:aggregate_endpoint_delays:32 - start 170
2022-10-27 10:22:56.147 | INFO     | __main__:aggregate_endpoint_delays:32 - start 246
2022-10-27 10:22:57.599 | INFO     | __main__:aggregate_endpoint_delays:32 - start 188
2022-10-27 10:22:58.823 | INFO     | __main__:aggregate_endpoint_delays:32 - start 284
2022-10-27 10:23:03.393 | INFO     | __main__:aggregate_endpoint_delays:32 - start 4
2022-10-27 10:23:28.195 | INFO     | __main__:aggregate_endpoint_delays:32 - start 259
2022-10-27 10:23:30.525 | INFO     | __main__:aggregate_endpoint_delays:32 - start 350
2022-10-27 10:23:32.076 | INFO     | __main__:aggregate_endpoint_delays:32 - start 300
2022-10-27 10:23:39.003 | INFO     | __main__:aggregate_endpoint_delays:32 - start 336
2022-10-27 10:23:41.894 | INFO     | __main__:aggregate_endpoint_delays:32 - start 159
2022-10-27 10:23:43.360 | INFO     | __main__:aggregate_endpoint_delays:32 - start 99
2022-10-27 10:23:44.865 | INFO     | __main__:aggregate_endpoint_delays:32 - start 295
2022-10-27 10:23:47.996 | INFO     | __main__:aggregate_endpoint_delays:32 - start 315
2022-10-27 10:23:50.550 | INFO     | __main__:aggregate_endpoint_delays:32 - start 243
2022-10-27 10:23:52.844 | INFO     | __main__:aggregate_endpoint_delays:32 - start 269
2022-10-27 10:23:59.272 | INFO     | __main__:aggregate_endpoint_delays:32 - start 260
2022-10-27 10:24:00.769 | INFO     | __main__:aggregate_endpoint_delays:32 - start 75
2022-10-27 10:24:02.010 | INFO     | __main__:aggregate_endpoint_delays:32 - start 361
2022-10-27 10:24:05.671 | INFO     | __main__:aggregate_endpoint_delays:32 - start 294
2022-10-27 10:24:23.070 | INFO     | __main__:aggregate_endpoint_delays:32 - start 301
2022-10-27 10:24:26.441 | INFO     | __main__:aggregate_endpoint_delays:32 - start 484
2022-10-27 10:24:31.806 | INFO     | __main__:aggregate_endpoint_delays:32 - start 194
2022-10-27 10:24:35.210 | INFO     | __main__:aggregate_endpoint_delays:32 - start 218
2022-10-27 10:24:37.214 | INFO     | __main__:aggregate_endpoint_delays:32 - start 167
2022-10-27 10:24:39.680 | INFO     | __main__:aggregate_endpoint_delays:32 - start 293
2022-10-27 10:24:44.948 | INFO     | __main__:aggregate_endpoint_delays:32 - start 183
2022-10-27 10:24:57.396 | INFO     | __main__:aggregate_endpoint_delays:32 - start 372
2022-10-27 10:24:59.056 | INFO     | __main__:aggregate_endpoint_delays:32 - start 45
2022-10-27 10:25:00.473 | INFO     | __main__:aggregate_endpoint_delays:32 - start 110
2022-10-27 10:25:01.657 | INFO     | __main__:aggregate_endpoint_delays:32 - start 247
2022-10-27 10:25:03.392 | INFO     | __main__:aggregate_endpoint_delays:32 - start 30
2022-10-27 10:25:04.726 | INFO     | __main__:aggregate_endpoint_delays:32 - start 349
2022-10-27 10:25:06.487 | INFO     | __main__:aggregate_endpoint_delays:32 - start 127
2022-10-27 10:25:08.587 | INFO     | __main__:aggregate_endpoint_delays:32 - start 235
2022-10-27 10:25:23.363 | INFO     | __main__:aggregate_endpoint_delays:32 - start 221
2022-10-27 10:25:24.694 | INFO     | __main__:<module>:72 - concatenate all endpoint delays for operators: 0:05:20.231449
2022-10-27 10:25:25.323 | INFO     | __main__:<module>:83 - execution time: 0:05:20.861006
2022-10-31 10:36:36.245 | INFO     | __main__:<module>:59 - Analysis date: 2022-02-08
2022-10-31 10:36:36.373 | INFO     | __main__:aggregate_endpoint_delays:32 - start 135
2022-10-31 10:36:38.206 | INFO     | __main__:aggregate_endpoint_delays:32 - start 200
2022-10-31 10:38:44.295 | INFO     | __main__:aggregate_endpoint_delays:32 - start 282
2022-10-31 10:39:15.049 | INFO     | __main__:aggregate_endpoint_delays:32 - start 273
2022-10-31 10:39:26.361 | INFO     | __main__:aggregate_endpoint_delays:32 - start 148
2022-10-31 10:39:28.076 | INFO     | __main__:aggregate_endpoint_delays:32 - start 226
2022-10-31 10:39:34.475 | INFO     | __main__:aggregate_endpoint_delays:32 - start 310
2022-10-31 10:39:37.117 | INFO     | __main__:aggregate_endpoint_delays:32 - start 182
2022-10-31 10:40:46.980 | INFO     | __main__:aggregate_endpoint_delays:32 - start 126
2022-10-31 10:40:54.458 | INFO     | __main__:aggregate_endpoint_delays:32 - start 246
2022-10-31 10:40:56.120 | INFO     | __main__:aggregate_endpoint_delays:32 - start 290
2022-10-31 10:41:01.495 | INFO     | __main__:aggregate_endpoint_delays:32 - start 188
2022-10-31 10:41:02.975 | INFO     | __main__:aggregate_endpoint_delays:32 - start 284
2022-10-31 10:41:07.360 | INFO     | __main__:aggregate_endpoint_delays:32 - start 4
2022-10-31 10:41:33.766 | INFO     | __main__:aggregate_endpoint_delays:32 - start 259
2022-10-31 10:41:35.343 | INFO     | __main__:aggregate_endpoint_delays:32 - start 350
2022-10-31 10:41:37.394 | INFO     | __main__:aggregate_endpoint_delays:32 - start 300
2022-10-31 10:41:44.250 | INFO     | __main__:aggregate_endpoint_delays:32 - start 336
2022-10-31 10:41:47.637 | INFO     | __main__:aggregate_endpoint_delays:32 - start 159
2022-10-31 10:41:49.186 | INFO     | __main__:aggregate_endpoint_delays:32 - start 106
2022-10-31 10:41:50.407 | INFO     | __main__:aggregate_endpoint_delays:32 - start 295
2022-10-31 10:41:53.614 | INFO     | __main__:aggregate_endpoint_delays:32 - start 315
2022-10-31 10:41:54.945 | INFO     | __main__:aggregate_endpoint_delays:32 - start 243
2022-10-31 10:41:57.244 | INFO     | __main__:aggregate_endpoint_delays:32 - start 269
2022-10-31 10:42:04.460 | INFO     | __main__:aggregate_endpoint_delays:32 - start 61
2022-10-31 10:42:09.995 | INFO     | __main__:aggregate_endpoint_delays:32 - start 75
2022-10-31 10:42:11.369 | INFO     | __main__:aggregate_endpoint_delays:32 - start 257
2022-10-31 10:42:12.437 | INFO     | __main__:aggregate_endpoint_delays:32 - start 361
2022-10-31 10:42:15.794 | INFO     | __main__:aggregate_endpoint_delays:32 - start 294
2022-10-31 10:42:33.392 | INFO     | __main__:aggregate_endpoint_delays:32 - start 301
2022-10-31 10:42:36.527 | INFO     | __main__:aggregate_endpoint_delays:32 - start 194
2022-10-31 10:42:40.688 | INFO     | __main__:aggregate_endpoint_delays:32 - start 218
2022-10-31 10:42:42.372 | INFO     | __main__:aggregate_endpoint_delays:32 - start 167
2022-10-31 10:42:45.221 | INFO     | __main__:aggregate_endpoint_delays:32 - start 293
2022-10-31 10:42:50.714 | INFO     | __main__:aggregate_endpoint_delays:32 - start 372
2022-10-31 10:42:52.671 | INFO     | __main__:aggregate_endpoint_delays:32 - start 45
2022-10-31 10:42:54.078 | INFO     | __main__:aggregate_endpoint_delays:32 - start 110
2022-10-31 10:42:57.149 | INFO     | __main__:aggregate_endpoint_delays:32 - start 314
2022-10-31 10:42:59.125 | INFO     | __main__:aggregate_endpoint_delays:32 - start 247
2022-10-31 10:43:01.215 | INFO     | __main__:aggregate_endpoint_delays:32 - start 30
2022-10-31 10:43:02.503 | INFO     | __main__:aggregate_endpoint_delays:32 - start 349
2022-10-31 10:43:04.200 | INFO     | __main__:aggregate_endpoint_delays:32 - start 127
2022-10-31 10:43:06.468 | INFO     | __main__:aggregate_endpoint_delays:32 - start 235
2022-10-31 10:43:20.424 | INFO     | __main__:aggregate_endpoint_delays:32 - start 221
2022-10-31 10:43:22.406 | INFO     | __main__:<module>:72 - concatenate all endpoint delays for operators: 0:06:46.139853
2022-10-31 10:43:23.261 | INFO     | __main__:<module>:83 - execution time: 0:06:46.994574
2022-11-18 08:07:35.289 | INFO     | __main__:<module>:59 - Analysis date: 2022-10-12
2022-11-18 08:15:01.576 | INFO     | __main__:<module>:61 - Analysis date: 2022-10-12
2022-11-18 08:15:03.376 | INFO     | __main__:aggregate_endpoint_delays:34 - start 360
2022-11-18 08:15:09.745 | INFO     | __main__:aggregate_endpoint_delays:34 - start 135
2022-11-18 08:15:12.286 | INFO     | __main__:aggregate_endpoint_delays:34 - start 200
2022-11-18 08:16:10.868 | WARNING  | __main__:aggregate_endpoint_delays:42 - error: 200
2022-11-18 08:16:24.405 | INFO     | __main__:<module>:61 - Analysis date: 2022-10-12
2022-11-18 08:16:25.782 | INFO     | __main__:aggregate_endpoint_delays:34 - start 360
2022-11-18 08:16:31.567 | INFO     | __main__:aggregate_endpoint_delays:34 - start 135
2022-11-18 08:16:34.087 | INFO     | __main__:aggregate_endpoint_delays:34 - start 282
2022-11-18 08:17:31.182 | INFO     | __main__:aggregate_endpoint_delays:34 - start 208
2022-11-18 08:17:36.573 | INFO     | __main__:aggregate_endpoint_delays:34 - start 278
2022-11-18 08:18:13.496 | INFO     | __main__:aggregate_endpoint_delays:34 - start 14
2022-11-18 08:18:18.400 | WARNING  | __main__:aggregate_endpoint_delays:42 - error: 14
2022-11-18 08:18:18.414 | INFO     | __main__:aggregate_endpoint_delays:34 - start 148
2022-11-18 08:18:20.967 | INFO     | __main__:aggregate_endpoint_delays:34 - start 226
2022-11-18 08:18:29.870 | INFO     | __main__:aggregate_endpoint_delays:34 - start 310
2022-11-18 08:18:34.440 | INFO     | __main__:aggregate_endpoint_delays:34 - start 182
2022-11-18 08:20:54.947 | INFO     | __main__:aggregate_endpoint_delays:34 - start 126
2022-11-18 08:21:01.602 | INFO     | __main__:aggregate_endpoint_delays:34 - start 170
2022-11-18 08:21:15.731 | INFO     | __main__:aggregate_endpoint_delays:34 - start 327
2022-11-18 08:21:17.487 | WARNING  | __main__:aggregate_endpoint_delays:42 - error: 327
2022-11-18 08:21:17.490 | INFO     | __main__:aggregate_endpoint_delays:34 - start 246
2022-11-18 08:21:19.910 | INFO     | __main__:aggregate_endpoint_delays:34 - start 290
2022-11-18 08:21:31.992 | INFO     | __main__:aggregate_endpoint_delays:34 - start 188
2022-11-18 08:21:33.279 | INFO     | __main__:aggregate_endpoint_delays:34 - start 284
2022-11-18 08:21:40.279 | INFO     | __main__:aggregate_endpoint_delays:34 - start 4
2022-11-18 08:22:26.279 | INFO     | __main__:aggregate_endpoint_delays:34 - start 259
2022-11-18 08:22:29.691 | INFO     | __main__:aggregate_endpoint_delays:34 - start 350
2022-11-18 08:22:32.970 | INFO     | __main__:aggregate_endpoint_delays:34 - start 380
2022-11-18 08:22:41.499 | INFO     | __main__:aggregate_endpoint_delays:34 - start 300
2022-11-18 08:22:51.378 | INFO     | __main__:aggregate_endpoint_delays:34 - start 298
2022-11-18 08:22:54.114 | INFO     | __main__:aggregate_endpoint_delays:34 - start 336
2022-11-18 08:22:59.350 | INFO     | __main__:aggregate_endpoint_delays:34 - start 159
2022-11-18 08:23:01.181 | INFO     | __main__:aggregate_endpoint_delays:34 - start 367
2022-11-18 08:23:02.369 | INFO     | __main__:aggregate_endpoint_delays:34 - start 106
2022-11-18 08:23:03.577 | INFO     | __main__:aggregate_endpoint_delays:34 - start 99
2022-11-18 08:23:05.403 | INFO     | __main__:aggregate_endpoint_delays:34 - start 105
2022-11-18 08:23:07.971 | INFO     | __main__:aggregate_endpoint_delays:34 - start 295
2022-11-18 08:23:12.173 | INFO     | __main__:aggregate_endpoint_delays:34 - start 315
2022-11-18 08:23:13.519 | INFO     | __main__:aggregate_endpoint_delays:34 - start 243
2022-11-18 08:23:16.654 | INFO     | __main__:aggregate_endpoint_delays:34 - start 269
2022-11-18 08:23:26.068 | INFO     | __main__:aggregate_endpoint_delays:34 - start 61
2022-11-18 08:23:32.548 | INFO     | __main__:aggregate_endpoint_delays:34 - start 260
2022-11-18 08:23:34.166 | INFO     | __main__:aggregate_endpoint_delays:34 - start 116
2022-11-18 08:23:42.572 | INFO     | __main__:aggregate_endpoint_delays:34 - start 75
2022-11-18 08:23:45.226 | INFO     | __main__:aggregate_endpoint_delays:34 - start 257
2022-11-18 08:23:46.895 | INFO     | __main__:aggregate_endpoint_delays:34 - start 87
2022-11-18 08:23:51.140 | INFO     | __main__:aggregate_endpoint_delays:34 - start 361
2022-11-18 08:23:56.187 | INFO     | __main__:aggregate_endpoint_delays:34 - start 107
2022-11-18 08:23:57.176 | INFO     | __main__:aggregate_endpoint_delays:34 - start 206
2022-11-18 08:23:59.910 | WARNING  | __main__:aggregate_endpoint_delays:42 - error: 206
2022-11-18 08:23:59.927 | INFO     | __main__:aggregate_endpoint_delays:34 - start 294
2022-11-18 08:24:28.091 | INFO     | __main__:aggregate_endpoint_delays:34 - start 301
2022-11-18 08:24:33.248 | INFO     | __main__:aggregate_endpoint_delays:34 - start 484
2022-11-18 08:24:41.690 | INFO     | __main__:aggregate_endpoint_delays:34 - start 194
2022-11-18 08:24:46.851 | INFO     | __main__:aggregate_endpoint_delays:34 - start 218
2022-11-18 08:24:49.383 | INFO     | __main__:aggregate_endpoint_delays:34 - start 167
2022-11-18 08:24:53.031 | INFO     | __main__:aggregate_endpoint_delays:34 - start 293
2022-11-18 08:25:00.173 | INFO     | __main__:aggregate_endpoint_delays:34 - start 183
2022-11-18 08:25:13.743 | INFO     | __main__:aggregate_endpoint_delays:34 - start 372
2022-11-18 08:25:15.514 | INFO     | __main__:aggregate_endpoint_delays:34 - start 45
2022-11-18 08:25:16.833 | INFO     | __main__:aggregate_endpoint_delays:34 - start 110
2022-11-18 08:25:19.523 | INFO     | __main__:aggregate_endpoint_delays:34 - start 314
2022-11-18 08:25:21.666 | INFO     | __main__:aggregate_endpoint_delays:34 - start 247
2022-11-18 08:25:23.649 | INFO     | __main__:aggregate_endpoint_delays:34 - start 30
2022-11-18 08:25:24.828 | INFO     | __main__:aggregate_endpoint_delays:34 - start 280
2022-11-18 08:25:25.839 | INFO     | __main__:aggregate_endpoint_delays:34 - start 16
2022-11-18 08:25:29.305 | INFO     | __main__:aggregate_endpoint_delays:34 - start 349
2022-11-18 08:25:31.474 | INFO     | __main__:aggregate_endpoint_delays:34 - start 127
2022-11-18 08:25:33.957 | INFO     | __main__:aggregate_endpoint_delays:34 - start 112
2022-11-18 08:25:45.327 | INFO     | __main__:aggregate_endpoint_delays:34 - start 235
2022-11-18 08:26:04.481 | INFO     | __main__:aggregate_endpoint_delays:34 - start 228
2022-11-18 08:26:06.544 | INFO     | __main__:aggregate_endpoint_delays:34 - start 221
2022-11-18 08:26:08.881 | INFO     | __main__:<module>:82 - concatenate all endpoint delays for operators: 0:09:44.475494
2022-11-18 08:26:09.951 | INFO     | __main__:<module>:93 - execution time: 0:09:45.545891
