2022-09-17 17:28:26.291 | INFO     | __main__:<module>:55 - Analysis date: 2022-05-04
2022-09-17 17:28:27.255 | INFO     | __main__:<module>:67 - schedule-RT delay outer join merge: left_only     1571
both          1140
right_only      96
Name: merge_delay, dtype: int64
2022-09-17 17:28:28.008 | INFO     | __main__:<module>:75 - exported to GCS
2022-09-17 17:28:28.009 | INFO     | __main__:<module>:76 - execution time: 0:00:01.717566
2022-09-17 17:33:27.243 | INFO     | __main__:<module>:53 - Analysis date: 2022-05-04
2022-09-17 17:37:19.780 | INFO     | __main__:<module>:53 - Analysis date: 2022-05-04
2022-09-17 17:37:20.486 | INFO     | __main__:<module>:63 - merge results for service hours only: both          2711
left_only        0
right_only       0
Name: _merge, dtype: int64
2022-09-17 17:37:20.492 | INFO     | __main__:<module>:66 - right only merges for service hours: Series([], Name: itp_id, dtype: int64)
2022-09-17 17:37:20.991 | INFO     | __main__:<module>:77 - schedule-RT delay outer join merge: left_only     1571
both          1140
right_only      96
Name: merge_delay, dtype: int64
2022-09-17 17:37:21.471 | INFO     | __main__:<module>:85 - exported to GCS
2022-09-17 17:37:21.471 | INFO     | __main__:<module>:86 - execution time: 0:00:01.691093
2022-09-19 09:54:40.128 | INFO     | __main__:<module>:53 - Analysis date: 2022-05-04
2022-09-19 09:54:40.797 | INFO     | __main__:<module>:63 - merge results for service hours only: both          2711
left_only        0
right_only       0
Name: _merge, dtype: int64
2022-09-19 09:54:40.801 | INFO     | __main__:<module>:66 - right only merges for service hours: Series([], Name: itp_id, dtype: int64)
2022-09-19 09:54:41.015 | INFO     | __main__:<module>:77 - schedule-RT delay outer join merge: left_only     1571
both          1140
right_only      96
Name: merge_delay, dtype: int64
2022-09-19 09:54:41.536 | INFO     | __main__:<module>:85 - exported to GCS
2022-09-19 09:54:41.537 | INFO     | __main__:<module>:86 - execution time: 0:00:01.384163
2022-09-19 10:51:43.950 | INFO     | __main__:<module>:54 - Analysis date: 2022-05-04
2022-09-19 10:51:44.615 | INFO     | __main__:<module>:64 - merge results for service hours only: both          2711
left_only        0
right_only       0
Name: _merge, dtype: int64
2022-09-19 10:51:44.620 | INFO     | __main__:<module>:67 - right only merges for service hours: Series([], Name: itp_id, dtype: int64)
2022-09-19 10:51:45.466 | INFO     | __main__:<module>:78 - schedule-RT delay outer join merge: left_only     1571
both          1140
right_only      96
Name: merge_delay, dtype: int64
2022-09-19 10:51:45.959 | INFO     | __main__:<module>:86 - exported to GCS
2022-09-19 10:51:45.959 | INFO     | __main__:<module>:87 - execution time: 0:00:02.007393
2022-09-19 15:50:21.893 | INFO     | __main__:<module>:54 - Analysis date: 2022-05-04
2022-09-19 15:50:22.508 | INFO     | __main__:<module>:64 - merge results for service hours only: both          2304
left_only        0
right_only       0
Name: _merge, dtype: int64
2022-09-19 15:50:22.514 | INFO     | __main__:<module>:67 - right only merges for service hours: Series([], Name: itp_id, dtype: int64)
2022-09-19 15:50:23.118 | INFO     | __main__:<module>:78 - schedule-RT delay outer join merge: left_only     1571
both          1140
right_only      96
Name: merge_delay, dtype: int64
2022-09-19 15:50:23.620 | INFO     | __main__:<module>:86 - exported to GCS
2022-09-19 15:50:23.620 | INFO     | __main__:<module>:87 - execution time: 0:00:01.718725
2022-09-19 15:53:35.562 | INFO     | __main__:<module>:54 - Analysis date: 2022-05-04
2022-09-19 15:53:36.102 | INFO     | __main__:<module>:64 - merge results for service hours only: both          2711
left_only        0
right_only       0
Name: _merge, dtype: int64
2022-09-19 15:53:36.105 | INFO     | __main__:<module>:67 - right only merges for service hours: Series([], Name: itp_id, dtype: int64)
2022-09-19 15:53:36.655 | INFO     | __main__:<module>:78 - schedule-RT delay outer join merge: left_only     1571
both          1140
right_only      96
Name: merge_delay, dtype: int64
2022-09-19 15:53:37.069 | INFO     | __main__:<module>:86 - exported to GCS
2022-09-19 15:53:37.069 | INFO     | __main__:<module>:87 - execution time: 0:00:01.507038
2022-10-26 18:14:58.513 | INFO     | __main__:<module>:66 - Analysis date: 2022-08-17
2022-10-26 18:14:59.548 | INFO     | __main__:<module>:76 - merge results for service hours only: both          2857
left_only        0
right_only       0
Name: _merge, dtype: int64
2022-10-26 18:14:59.601 | INFO     | __main__:<module>:79 - right only merges for service hours: Series([], Name: itp_id, dtype: int64)
2022-10-26 18:15:00.803 | INFO     | __main__:<module>:90 - schedule-RT delay outer join merge: both          1455
left_only     1402
right_only       0
Name: merge_delay, dtype: int64
2022-10-26 18:15:01.505 | INFO     | __main__:<module>:98 - exported to GCS
2022-10-26 18:15:01.507 | INFO     | __main__:<module>:99 - execution time: 0:00:02.981358
2022-10-27 09:43:08.329 | INFO     | __main__:<module>:66 - Analysis date: 2022-10-12
2022-10-27 09:43:09.426 | INFO     | __main__:<module>:76 - merge results for service hours only: both          3077
left_only        0
right_only       0
Name: _merge, dtype: int64
2022-10-27 09:43:09.468 | INFO     | __main__:<module>:79 - right only merges for service hours: Series([], Name: itp_id, dtype: int64)
2022-10-27 09:43:10.522 | INFO     | __main__:<module>:90 - schedule-RT delay outer join merge: both          1619
left_only     1458
right_only     523
Name: merge_delay, dtype: int64
2022-10-27 09:43:11.187 | INFO     | __main__:<module>:98 - exported to GCS
2022-10-27 09:43:11.188 | INFO     | __main__:<module>:99 - execution time: 0:00:02.840351
2022-10-27 10:30:13.453 | INFO     | __main__:<module>:66 - Analysis date: 2022-05-04
2022-10-27 10:30:14.197 | INFO     | __main__:<module>:76 - merge results for service hours only: both          2711
left_only        0
right_only       0
Name: _merge, dtype: int64
2022-10-27 10:30:14.201 | INFO     | __main__:<module>:79 - right only merges for service hours: Series([], Name: itp_id, dtype: int64)
2022-10-27 10:30:15.132 | INFO     | __main__:<module>:90 - schedule-RT delay outer join merge: left_only     1565
both          1146
right_only      96
Name: merge_delay, dtype: int64
2022-10-27 10:30:15.750 | INFO     | __main__:<module>:98 - exported to GCS
2022-10-27 10:30:15.750 | INFO     | __main__:<module>:99 - execution time: 0:00:02.264823
2022-10-31 10:43:35.336 | INFO     | __main__:<module>:66 - Analysis date: 2022-08-17
2022-10-31 10:43:36.252 | INFO     | __main__:<module>:76 - merge results for service hours only: both          2857
left_only        0
right_only       0
Name: _merge, dtype: int64
2022-10-31 10:43:36.257 | INFO     | __main__:<module>:79 - right only merges for service hours: Series([], Name: itp_id, dtype: int64)
2022-10-31 10:43:37.390 | INFO     | __main__:<module>:90 - schedule-RT delay outer join merge: both          1455
left_only     1402
right_only       0
Name: merge_delay, dtype: int64
2022-10-31 10:43:37.890 | INFO     | __main__:<module>:98 - exported to GCS
2022-10-31 10:43:37.891 | INFO     | __main__:<module>:99 - execution time: 0:00:02.538900
2022-10-31 10:54:27.814 | INFO     | __main__:<module>:66 - Analysis date: 2022-02-08
2022-10-31 10:54:28.493 | INFO     | __main__:<module>:76 - merge results for service hours only: both          2675
left_only        0
right_only       0
Name: _merge, dtype: int64
2022-10-31 10:54:28.499 | INFO     | __main__:<module>:79 - right only merges for service hours: Series([], Name: itp_id, dtype: int64)
2022-10-31 10:54:29.416 | INFO     | __main__:<module>:90 - schedule-RT delay outer join merge: left_only     1512
both          1163
right_only     502
Name: merge_delay, dtype: int64
2022-10-31 10:54:29.997 | INFO     | __main__:<module>:98 - exported to GCS
2022-10-31 10:54:29.997 | INFO     | __main__:<module>:99 - execution time: 0:00:02.182380
2022-11-18 08:26:22.343 | INFO     | __main__:<module>:67 - Analysis date: 2022-10-12
2022-11-18 08:26:23.748 | INFO     | __main__:<module>:77 - merge results for service hours only: both          3077
left_only        0
right_only       0
Name: _merge, dtype: int64
2022-11-18 08:26:23.752 | INFO     | __main__:<module>:80 - right only merges for service hours: Series([], Name: itp_id, dtype: int64)
2022-11-18 08:26:25.060 | INFO     | __main__:<module>:91 - schedule-RT delay outer join merge: both          1633
left_only     1444
right_only       0
Name: merge_delay, dtype: int64
2022-11-18 08:26:25.856 | INFO     | __main__:<module>:99 - exported to GCS
2022-11-18 08:26:25.857 | INFO     | __main__:<module>:100 - execution time: 0:00:03.492852
2023-01-31 15:06:52.537 | INFO     | __main__:<module>:72 - Analysis date: 2022-05-04  warehouse v1
2023-01-31 15:06:56.217 | INFO     | __main__:<module>:94 - schedule-RT delay outer join merge: left_only     1585
both          1154
right_only      88
Name: merge_delay, dtype: int64
2023-01-31 15:06:58.346 | INFO     | __main__:<module>:102 - exported to GCS
2023-01-31 15:06:58.346 | INFO     | __main__:<module>:103 - execution time: 0:00:05.789849
2023-01-31 16:17:52.220 | INFO     | __main__:<module>:72 - Analysis date: 2022-08-17  warehouse v1
2023-01-31 16:17:55.314 | INFO     | __main__:<module>:94 - schedule-RT delay outer join merge: left_only     1382
both          1306
right_only     149
Name: merge_delay, dtype: int64
2023-01-31 16:17:57.929 | INFO     | __main__:<module>:102 - exported to GCS
2023-01-31 16:17:57.931 | INFO     | __main__:<module>:103 - execution time: 0:00:05.691691
2023-01-31 16:19:32.971 | INFO     | __main__:<module>:72 - Analysis date: 2022-10-12  warehouse v1
2023-01-31 16:19:36.540 | INFO     | __main__:<module>:94 - schedule-RT delay outer join merge: both          1499
left_only     1419
right_only     134
Name: merge_delay, dtype: int64
2023-01-31 16:19:39.041 | INFO     | __main__:<module>:102 - exported to GCS
2023-01-31 16:19:39.043 | INFO     | __main__:<module>:103 - execution time: 0:00:06.071078
2023-05-05 11:21:08.121 | INFO     | __main__:<module>:73 - Analysis date: 2023-04-12  warehouse v2
2023-05-05 11:21:11.821 | INFO     | __main__:<module>:97 - schedule-RT delay outer join merge: both          1656
left_only      677
right_only     123
Name: merge_delay, dtype: int64
2023-05-05 11:21:13.964 | INFO     | __main__:<module>:105 - exported to GCS
2023-05-05 11:21:13.964 | INFO     | __main__:<module>:106 - execution time: 0:00:05.824626
