2023-01-27 12:16:42.833 | INFO     | __main__:<module>:51 - Analysis date: 2022-10-12
2023-01-27 12:16:45.102 | INFO     | __main__:<module>:59 - # operators to run: 214
2023-01-27 12:16:45.103 | INFO     | __main__:<module>:62 - *********** Download trips data ***********
2023-01-27 12:17:23.310 | INFO     | __main__:<module>:86 - execution time: 0:00:40.477063
2023-01-27 13:21:51.550 | INFO     | __main__:<module>:51 - Analysis date: 2022-08-17
2023-01-27 13:21:53.232 | INFO     | __main__:<module>:59 - # operators to run: 209
2023-01-27 13:21:53.233 | INFO     | __main__:<module>:62 - *********** Download trips data ***********
2023-01-27 13:22:09.698 | INFO     | __main__:<module>:86 - execution time: 0:00:18.147195
2023-01-27 13:29:22.138 | INFO     | __main__:<module>:51 - Analysis date: 2022-08-17
2023-01-27 13:29:23.946 | INFO     | __main__:<module>:59 - # operators to run: 209
2023-01-27 13:29:23.947 | INFO     | __main__:<module>:86 - *********** Download routelines data ***********
2023-01-27 13:29:57.951 | INFO     | __main__:<module>:51 - Analysis date: 2022-08-17
2023-01-27 13:29:59.294 | INFO     | __main__:<module>:59 - # operators to run: 209
2023-01-27 13:29:59.295 | INFO     | __main__:<module>:86 - *********** Download routelines data ***********
2023-01-27 13:33:57.466 | INFO     | __main__:<module>:112 - execution time: 0:03:59.513479
2023-01-27 13:34:26.602 | INFO     | __main__:<module>:51 - Analysis date: 2022-10-12
2023-01-27 13:34:28.059 | INFO     | __main__:<module>:59 - # operators to run: 214
2023-01-27 13:34:28.061 | INFO     | __main__:<module>:86 - *********** Download routelines data ***********
2023-01-27 13:41:46.119 | INFO     | __main__:<module>:112 - execution time: 0:07:19.516387
2023-01-27 16:13:40.062 | INFO     | __main__:<module>:54 - Analysis date: 2022-10-12
2023-01-27 16:14:24.781 | INFO     | __main__:<module>:54 - Analysis date: 2022-10-12  warehouse v1
2023-01-27 16:14:26.161 | INFO     | __main__:<module>:67 - # operators to run: 203
2023-01-27 16:14:26.162 | INFO     | __main__:<module>:70 - *********** Download trips data ***********
2023-01-27 16:14:42.375 | INFO     | __main__:<module>:93 - *********** Download routelines data ***********
2023-01-27 16:16:11.362 | INFO     | __main__:<module>:54 - Analysis date: 2022-10-12  warehouse v1
2023-01-27 16:16:12.578 | INFO     | __main__:<module>:67 - # operators to run: 203
2023-01-27 16:16:12.580 | INFO     | __main__:<module>:70 - *********** Download trips data ***********
2023-01-27 16:16:13.682 | INFO     | __main__:<module>:96 - *********** Download routelines data ***********
2023-01-27 16:17:08.096 | INFO     | __main__:<module>:54 - Analysis date: 2022-08-17  warehouse v1
2023-01-27 16:17:09.193 | INFO     | __main__:<module>:67 - # operators to run: 203
2023-01-27 16:17:09.194 | INFO     | __main__:<module>:70 - *********** Download trips data ***********
2023-01-27 16:17:24.459 | INFO     | __main__:<module>:172 - execution time: 0:00:16.362372
2023-01-30 09:37:14.149 | INFO     | __main__:<module>:54 - Analysis date: 2022-08-17  warehouse v1
2023-01-30 09:37:15.597 | INFO     | __main__:<module>:67 - # operators to run: 203
2023-01-30 09:37:16.400 | INFO     | __main__:<module>:96 - *********** Download routelines data ***********
2023-01-30 09:42:31.349 | INFO     | __main__:<module>:172 - execution time: 0:05:17.193666
2023-01-30 09:43:33.426 | INFO     | __main__:<module>:54 - Analysis date: 2022-10-12  warehouse v1
2023-01-30 09:43:34.787 | INFO     | __main__:<module>:67 - # operators to run: 203
2023-01-30 09:43:35.887 | INFO     | __main__:<module>:96 - *********** Download routelines data ***********
2023-01-30 09:48:53.178 | INFO     | __main__:<module>:172 - execution time: 0:05:19.751512
