2023-01-19 15:38:25.352 | INFO     | __main__:<module>:323 - Analysis date: 2023-01-18
2023-01-19 15:38:27.010 | INFO     | __main__:<module>:340 - merge routes to trips: 0:00:01.657026
2023-01-19 15:44:08.041 | INFO     | __main__:<module>:357 - cut segments: 0:05:41.030537
2023-01-19 15:44:17.113 | INFO     | __main__:<module>:370 - dissolve: 0:00:09.071953
2023-01-19 15:44:17.114 | INFO     | __main__:<module>:371 - total execution time: 0:05:51.759516
2023-02-16 12:48:46.467 | INFO     | __main__:<module>:332 - Analysis date: 2023-02-15
2023-02-16 12:49:12.450 | INFO     | __main__:<module>:355 - merge routes to trips: 0:00:25.983087
2023-02-16 12:50:53.549 | INFO     | __main__:<module>:332 - Analysis date: 2023-02-15
2023-02-16 12:51:11.881 | INFO     | __main__:<module>:355 - merge routes to trips: 0:00:18.330380
2023-02-16 13:03:24.235 | INFO     | __main__:<module>:329 - Analysis date: 2023-02-15
2023-02-16 13:03:35.498 | INFO     | __main__:<module>:352 - merge routes to trips: 0:00:11.263064
2023-02-16 13:16:54.082 | INFO     | __main__:<module>:328 - Analysis date: 2023-02-15
2023-02-16 13:17:05.152 | INFO     | __main__:<module>:351 - merge routes to trips: 0:00:11.068607
2023-02-16 13:32:54.467 | INFO     | __main__:<module>:369 - cut segments: 0:15:49.315834
2023-02-16 13:33:04.293 | INFO     | __main__:<module>:382 - dissolve: 0:00:09.825995
2023-02-16 13:33:04.294 | INFO     | __main__:<module>:383 - total execution time: 0:16:10.210436
2023-03-16 09:33:23.202 | INFO     | __main__:<module>:328 - Analysis date: 2023-03-15
2023-03-16 09:33:32.297 | INFO     | __main__:<module>:351 - merge routes to trips: 0:00:09.065943
2023-03-16 09:44:13.163 | INFO     | __main__:<module>:369 - cut segments: 0:10:40.866445
2023-03-16 09:44:20.309 | INFO     | __main__:<module>:382 - dissolve: 0:00:07.145491
2023-03-16 09:44:20.310 | INFO     | __main__:<module>:383 - total execution time: 0:10:57.077879
2023-04-13 09:42:03.290 | INFO     | __main__:<module>:328 - Analysis date: 2023-04-12
2023-04-13 09:42:11.386 | INFO     | __main__:<module>:351 - merge routes to trips: 0:00:08.057337
2023-04-13 09:55:19.028 | INFO     | __main__:<module>:369 - cut segments: 0:13:07.641346
2023-04-13 09:55:26.069 | INFO     | __main__:<module>:382 - dissolve: 0:00:07.041162
2023-04-13 09:55:26.070 | INFO     | __main__:<module>:383 - total execution time: 0:13:22.739845
2023-05-18 11:57:24.268 | INFO     | __main__:<module>:328 - Analysis date: 2023-05-17
2023-05-18 11:57:34.470 | INFO     | __main__:<module>:351 - merge routes to trips: 0:00:10.168446
2023-05-18 12:17:27.779 | INFO     | __main__:<module>:369 - cut segments: 0:19:53.309212
2023-05-18 12:17:36.942 | INFO     | __main__:<module>:382 - dissolve: 0:00:09.163210
2023-05-18 12:17:36.943 | INFO     | __main__:<module>:383 - total execution time: 0:20:12.640868
2023-06-15 14:13:53.915 | INFO     | __main__:<module>:323 - Analysis date: 2023-06-14
2023-06-15 14:14:00.831 | INFO     | __main__:<module>:342 - merge routes to trips: 0:00:06.915765
2023-06-15 14:23:47.951 | INFO     | __main__:<module>:360 - cut segments: 0:09:47.120686
2023-06-15 14:23:57.726 | INFO     | __main__:<module>:373 - dissolve: 0:00:09.774952
2023-06-15 14:23:57.728 | INFO     | __main__:<module>:374 - total execution time: 0:10:03.811403
2023-07-13 14:02:02.777 | INFO     | __main__:<module>:316 - Analysis date: 2023-07-12
2023-07-13 14:09:13.599 | INFO     | __main__:<module>:335 - merge routes to trips: 0:07:10.821016
2023-07-13 14:23:03.739 | INFO     | __main__:<module>:354 - cut segments: 0:13:50.140651
2023-07-13 14:23:16.699 | INFO     | __main__:<module>:367 - dissolve: 0:00:12.959801
2023-07-13 14:23:16.700 | INFO     | __main__:<module>:368 - total execution time: 0:21:13.921468
