2022-11-07 15:26:39.521 | INFO     | __main__:<module>:137 - Analysis date: 2022-10-12
2022-11-07 15:27:11.200 | INFO     | __main__:<module>:146 - across operator intersections: 0:00:31.677812
2022-11-07 15:27:49.028 | INFO     | __main__:<module>:170 - compute for pairwise/subset_corridors: 0:00:37.828539
2022-11-07 15:27:51.713 | INFO     | __main__:<module>:181 - execution time: 0:01:12.190524
2022-11-07 15:37:30.468 | INFO     | __main__:<module>:123 - Analysis date: 2022-10-12
2022-11-07 15:37:32.456 | INFO     | __main__:<module>:132 - grab all stops
2022-11-07 15:38:42.855 | INFO     | __main__:<module>:136 - create major stop bus
2022-11-07 15:38:43.914 | INFO     | __main__:<module>:140 - create hq corridor bus
2022-11-07 15:39:34.195 | INFO     | __main__:<module>:157 - execution time: 0:02:03.701663
2022-11-07 15:46:00.825 | INFO     | __main__:<module>:126 - Analysis date: 2022-10-12
2022-11-07 15:46:41.781 | INFO     | __main__:<module>:135 - grab all stops
2022-11-07 15:46:47.495 | INFO     | __main__:<module>:139 - create major stop bus
2022-11-07 15:46:58.694 | INFO     | __main__:<module>:143 - create hq corridor bus
2022-11-07 15:46:59.863 | INFO     | __main__:<module>:160 - execution time: 0:00:59.037045
2022-11-07 16:03:32.099 | INFO     | __main__:<module>:136 - Analysis date: 2022-10-12
2022-11-07 16:04:04.321 | INFO     | __main__:<module>:147 - filter and buffer: 0:00:32.204345
2022-11-07 16:04:07.025 | INFO     | __main__:<module>:158 - export as geoparquet in date folder
2022-11-07 16:04:09.016 | INFO     | __main__:<module>:166 - export as geoparquet
2022-11-07 16:04:57.307 | INFO     | __main__:<module>:175 - export as geojson
2022-11-07 16:05:39.716 | INFO     | __main__:<module>:183 - export as geojsonl
2022-11-07 16:05:39.717 | INFO     | __main__:<module>:186 - execution time: 0:02:07.600502
2022-11-17 10:57:41.901 | INFO     | __main__:<module>:137 - Analysis date: 2022-11-16
2022-11-17 10:58:04.052 | INFO     | __main__:<module>:146 - across operator intersections: 0:00:22.132270
2022-11-17 10:58:36.757 | INFO     | __main__:<module>:170 - compute for pairwise/subset_corridors: 0:00:32.704898
2022-11-17 10:58:39.320 | INFO     | __main__:<module>:181 - execution time: 0:00:57.399459
2022-11-17 11:00:10.451 | INFO     | __main__:<module>:127 - Analysis date: 2022-11-16
2022-11-17 11:00:50.580 | INFO     | __main__:<module>:136 - grab all stops
2022-11-17 11:00:56.068 | INFO     | __main__:<module>:140 - create major stop bus
2022-11-17 11:01:06.824 | INFO     | __main__:<module>:144 - create hq corridor bus
2022-11-17 11:01:07.947 | INFO     | __main__:<module>:158 - execution time: 0:00:57.493055
2022-11-17 11:09:46.245 | INFO     | __main__:<module>:136 - Analysis date: 2022-11-16
2022-11-17 11:10:16.441 | INFO     | __main__:<module>:147 - filter and buffer: 0:00:30.177874
2022-11-17 11:10:18.737 | INFO     | __main__:<module>:158 - export as geoparquet in date folder
2022-11-17 11:10:21.787 | INFO     | __main__:<module>:166 - export as geoparquet
2022-11-17 11:11:13.334 | INFO     | __main__:<module>:175 - export as geojson
2022-11-17 11:11:55.826 | INFO     | __main__:<module>:183 - export as geojsonl
2022-11-17 11:11:55.829 | INFO     | __main__:<module>:186 - execution time: 0:02:09.565677
