2022-08-31 11:22:21.593 | INFO     | __main__:compile_pairwise_intersections:165 - grab intersections for 4: 0:00:16.544537
2022-08-31 11:22:32.078 | INFO     | __main__:compile_pairwise_intersections:165 - grab intersections for 6: 0:00:10.396320
2022-08-31 11:22:42.354 | INFO     | __main__:compile_pairwise_intersections:165 - grab intersections for 14: 0:00:10.233472
2022-08-31 11:22:53.856 | INFO     | __main__:compile_pairwise_intersections:165 - grab intersections for 16: 0:00:11.463291
2022-08-31 11:23:04.412 | INFO     | __main__:compile_pairwise_intersections:165 - grab intersections for 18: 0:00:10.516747
2022-08-31 11:23:14.324 | INFO     | __main__:compile_pairwise_intersections:165 - grab intersections for 29: 0:00:09.863790
2022-08-31 11:23:24.161 | INFO     | __main__:compile_pairwise_intersections:165 - grab intersections for 34: 0:00:09.794784
2022-08-31 11:23:34.058 | INFO     | __main__:compile_pairwise_intersections:165 - grab intersections for 36: 0:00:09.855396
2022-08-31 11:23:44.098 | INFO     | __main__:compile_pairwise_intersections:165 - grab intersections for 42: 0:00:09.995617
2022-08-31 11:23:54.306 | INFO     | __main__:compile_pairwise_intersections:165 - grab intersections for 45: 0:00:10.164013
2022-08-31 11:24:05.073 | INFO     | __main__:compile_pairwise_intersections:165 - grab intersections for 48: 0:00:10.726049
2022-08-31 11:24:16.725 | INFO     | __main__:compile_pairwise_intersections:165 - grab intersections for 61: 0:00:11.608002
2022-08-31 11:24:27.495 | INFO     | __main__:compile_pairwise_intersections:165 - grab intersections for 70: 0:00:10.722753
2022-08-31 11:24:38.005 | INFO     | __main__:compile_pairwise_intersections:165 - grab intersections for 75: 0:00:10.463731
2022-08-31 11:24:49.140 | INFO     | __main__:compile_pairwise_intersections:165 - grab intersections for 76: 0:00:11.085824
2022-08-31 11:24:59.260 | INFO     | __main__:compile_pairwise_intersections:165 - grab intersections for 77: 0:00:10.069787
2022-08-31 11:25:09.819 | INFO     | __main__:compile_pairwise_intersections:165 - grab intersections for 82: 0:00:10.509159
2022-08-31 11:25:20.461 | INFO     | __main__:compile_pairwise_intersections:165 - grab intersections for 87: 0:00:10.588505
2022-08-31 11:25:31.941 | INFO     | __main__:compile_pairwise_intersections:165 - grab intersections for 95: 0:00:11.429792
2022-08-31 11:25:42.232 | INFO     | __main__:compile_pairwise_intersections:165 - grab intersections for 98: 0:00:10.239926
2022-08-31 11:26:02.309 | INFO     | __main__:compile_pairwise_intersections:165 - grab intersections for 99: 0:00:20.025862
2022-08-31 11:26:32.750 | INFO     | __main__:compile_pairwise_intersections:165 - grab intersections for 101: 0:00:30.385619
2022-08-31 11:26:43.209 | INFO     | __main__:compile_pairwise_intersections:165 - grab intersections for 102: 0:00:10.390026
2022-08-31 11:26:53.469 | INFO     | __main__:compile_pairwise_intersections:165 - grab intersections for 105: 0:00:10.206875
2022-08-31 11:27:03.216 | INFO     | __main__:compile_pairwise_intersections:165 - grab intersections for 106: 0:00:09.694298
2022-08-31 11:27:12.907 | INFO     | __main__:compile_pairwise_intersections:165 - grab intersections for 108: 0:00:09.634852
2022-08-31 11:27:23.306 | INFO     | __main__:compile_pairwise_intersections:165 - grab intersections for 110: 0:00:10.343997
2022-08-31 11:27:35.177 | INFO     | __main__:compile_pairwise_intersections:165 - grab intersections for 112: 0:00:11.809828
2022-08-31 11:27:45.849 | INFO     | __main__:compile_pairwise_intersections:165 - grab intersections for 116: 0:00:10.612039
2022-08-31 11:27:57.925 | INFO     | __main__:compile_pairwise_intersections:165 - grab intersections for 120: 0:00:12.002934
2022-08-31 11:28:09.337 | INFO     | __main__:compile_pairwise_intersections:165 - grab intersections for 121: 0:00:11.348260
2022-08-31 11:28:20.700 | INFO     | __main__:compile_pairwise_intersections:165 - grab intersections for 123: 0:00:11.157772
2022-08-31 11:28:30.881 | INFO     | __main__:compile_pairwise_intersections:165 - grab intersections for 126: 0:00:10.118290
2022-08-31 11:28:41.458 | INFO     | __main__:compile_pairwise_intersections:165 - grab intersections for 127: 0:00:10.510946
2022-08-31 11:28:51.198 | INFO     | __main__:compile_pairwise_intersections:165 - grab intersections for 129: 0:00:09.666678
2022-08-31 11:29:01.517 | INFO     | __main__:compile_pairwise_intersections:165 - grab intersections for 135: 0:00:10.248023
2022-08-31 11:29:14.847 | INFO     | __main__:compile_pairwise_intersections:165 - grab intersections for 142: 0:00:13.252687
2022-08-31 11:29:26.052 | INFO     | __main__:compile_pairwise_intersections:165 - grab intersections for 146: 0:00:11.132940
2022-08-31 11:29:41.591 | INFO     | __main__:compile_pairwise_intersections:165 - grab intersections for 148: 0:00:15.458178
2022-08-31 11:29:56.272 | INFO     | __main__:compile_pairwise_intersections:165 - grab intersections for 154: 0:00:14.598529
2022-08-31 11:30:06.547 | INFO     | __main__:compile_pairwise_intersections:165 - grab intersections for 159: 0:00:10.200632
2022-08-31 11:30:16.546 | INFO     | __main__:compile_pairwise_intersections:165 - grab intersections for 165: 0:00:09.926006
2022-08-31 11:30:27.112 | INFO     | __main__:compile_pairwise_intersections:165 - grab intersections for 167: 0:00:10.419551
2022-08-31 11:30:37.907 | INFO     | __main__:compile_pairwise_intersections:165 - grab intersections for 168: 0:00:10.713110
2022-08-31 11:30:48.288 | INFO     | __main__:compile_pairwise_intersections:165 - grab intersections for 169: 0:00:10.294176
2022-08-31 11:31:00.640 | INFO     | __main__:compile_pairwise_intersections:165 - grab intersections for 170: 0:00:12.266726
2022-08-31 11:31:10.798 | INFO     | __main__:compile_pairwise_intersections:165 - grab intersections for 171: 0:00:10.077971
2022-08-31 11:31:20.657 | INFO     | __main__:compile_pairwise_intersections:165 - grab intersections for 172: 0:00:09.777275
2022-08-31 11:31:31.255 | INFO     | __main__:compile_pairwise_intersections:165 - grab intersections for 173: 0:00:10.518019
2022-08-31 11:31:42.193 | INFO     | __main__:compile_pairwise_intersections:165 - grab intersections for 174: 0:00:10.858870
2022-08-31 11:31:55.007 | INFO     | __main__:compile_pairwise_intersections:165 - grab intersections for 176: 0:00:12.724258
2022-08-31 11:32:06.061 | INFO     | __main__:compile_pairwise_intersections:165 - grab intersections for 177: 0:00:10.942861
2022-08-31 11:32:16.837 | INFO     | __main__:compile_pairwise_intersections:165 - grab intersections for 178: 0:00:10.689134
2022-08-31 11:32:27.172 | INFO     | __main__:compile_pairwise_intersections:165 - grab intersections for 179: 0:00:10.253440
2022-08-31 11:32:38.044 | INFO     | __main__:compile_pairwise_intersections:165 - grab intersections for 181: 0:00:10.779643
2022-08-31 11:32:53.328 | INFO     | __main__:compile_pairwise_intersections:165 - grab intersections for 182: 0:00:15.196513
2022-08-31 11:33:05.968 | INFO     | __main__:compile_pairwise_intersections:165 - grab intersections for 183: 0:00:12.534744
2022-08-31 11:33:15.681 | INFO     | __main__:compile_pairwise_intersections:165 - grab intersections for 187: 0:00:09.610686
2022-08-31 11:33:25.810 | INFO     | __main__:compile_pairwise_intersections:165 - grab intersections for 190: 0:00:10.018132
2022-08-31 11:33:37.779 | INFO     | __main__:compile_pairwise_intersections:165 - grab intersections for 194: 0:00:11.870663
2022-08-31 11:33:50.308 | INFO     | __main__:compile_pairwise_intersections:165 - grab intersections for 198: 0:00:12.327734
2022-08-31 11:34:01.700 | INFO     | __main__:compile_pairwise_intersections:165 - grab intersections for 201: 0:00:11.264442
2022-08-31 11:34:13.766 | INFO     | __main__:compile_pairwise_intersections:165 - grab intersections for 206: 0:00:11.958804
2022-08-31 11:34:24.322 | INFO     | __main__:compile_pairwise_intersections:165 - grab intersections for 207: 0:00:10.451100
2022-08-31 11:34:35.716 | INFO     | __main__:compile_pairwise_intersections:165 - grab intersections for 208: 0:00:11.290321
2022-08-31 11:34:49.470 | INFO     | __main__:compile_pairwise_intersections:165 - grab intersections for 212: 0:00:13.640617
2022-08-31 11:34:59.442 | INFO     | __main__:compile_pairwise_intersections:165 - grab intersections for 214: 0:00:09.819451
2022-08-31 11:35:09.933 | INFO     | __main__:compile_pairwise_intersections:165 - grab intersections for 217: 0:00:10.383646
2022-08-31 11:35:19.929 | INFO     | __main__:compile_pairwise_intersections:165 - grab intersections for 218: 0:00:09.882116
2022-08-31 11:35:29.769 | INFO     | __main__:compile_pairwise_intersections:165 - grab intersections for 221: 0:00:09.718693
2022-08-31 11:35:40.989 | INFO     | __main__:compile_pairwise_intersections:165 - grab intersections for 226: 0:00:11.107777
2022-08-31 11:35:51.100 | INFO     | __main__:compile_pairwise_intersections:165 - grab intersections for 228: 0:00:09.988023
2022-08-31 11:36:08.158 | INFO     | __main__:compile_pairwise_intersections:165 - grab intersections for 231: 0:00:16.937540
2022-08-31 11:36:22.157 | INFO     | __main__:compile_pairwise_intersections:165 - grab intersections for 232: 0:00:13.600325
2022-08-31 11:36:34.636 | INFO     | __main__:compile_pairwise_intersections:165 - grab intersections for 235: 0:00:12.348134
2022-08-31 11:36:44.812 | INFO     | __main__:compile_pairwise_intersections:165 - grab intersections for 238: 0:00:10.052353
2022-08-31 11:36:54.903 | INFO     | __main__:compile_pairwise_intersections:165 - grab intersections for 243: 0:00:09.961209
2022-08-31 11:37:04.850 | INFO     | __main__:compile_pairwise_intersections:165 - grab intersections for 247: 0:00:09.818774
2022-08-31 11:37:14.514 | INFO     | __main__:compile_pairwise_intersections:165 - grab intersections for 251: 0:00:09.537454
2022-08-31 11:37:24.325 | INFO     | __main__:compile_pairwise_intersections:165 - grab intersections for 257: 0:00:09.682668
2022-08-31 11:37:34.679 | INFO     | __main__:compile_pairwise_intersections:165 - grab intersections for 259: 0:00:10.228162
2022-08-31 11:37:44.589 | INFO     | __main__:compile_pairwise_intersections:165 - grab intersections for 260: 0:00:09.772502
2022-08-31 11:38:02.611 | INFO     | __main__:compile_pairwise_intersections:165 - grab intersections for 261: 0:00:17.892891
2022-08-31 11:38:13.749 | INFO     | __main__:compile_pairwise_intersections:165 - grab intersections for 269: 0:00:11.002654
2022-08-31 11:38:24.363 | INFO     | __main__:compile_pairwise_intersections:165 - grab intersections for 271: 0:00:10.477088
2022-08-31 11:38:38.562 | INFO     | __main__:compile_pairwise_intersections:165 - grab intersections for 278: 0:00:14.060661
2022-08-31 11:38:48.349 | INFO     | __main__:compile_pairwise_intersections:165 - grab intersections for 280: 0:00:09.638614
2022-08-31 11:38:58.402 | INFO     | __main__:compile_pairwise_intersections:165 - grab intersections for 281: 0:00:09.913735
2022-08-31 11:39:13.769 | INFO     | __main__:compile_pairwise_intersections:165 - grab intersections for 282: 0:00:15.220024
2022-08-31 11:39:25.276 | INFO     | __main__:compile_pairwise_intersections:165 - grab intersections for 284: 0:00:11.301224
2022-08-31 11:39:35.089 | INFO     | __main__:compile_pairwise_intersections:165 - grab intersections for 287: 0:00:09.652865
2022-08-31 11:39:45.422 | INFO     | __main__:compile_pairwise_intersections:165 - grab intersections for 289: 0:00:10.167337
2022-08-31 11:39:59.141 | INFO     | __main__:compile_pairwise_intersections:165 - grab intersections for 290: 0:00:13.554380
2022-08-31 11:40:09.818 | INFO     | __main__:compile_pairwise_intersections:165 - grab intersections for 293: 0:00:10.512954
2022-08-31 11:40:23.426 | INFO     | __main__:compile_pairwise_intersections:165 - grab intersections for 294: 0:00:13.442298
2022-08-31 11:40:34.667 | INFO     | __main__:compile_pairwise_intersections:165 - grab intersections for 295: 0:00:11.065915
2022-08-31 11:40:45.298 | INFO     | __main__:compile_pairwise_intersections:165 - grab intersections for 296: 0:00:10.444696
2022-08-31 11:40:55.723 | INFO     | __main__:compile_pairwise_intersections:165 - grab intersections for 298: 0:00:10.231390
2022-08-31 11:41:06.326 | INFO     | __main__:compile_pairwise_intersections:165 - grab intersections for 300: 0:00:10.414010
2022-08-31 11:41:16.426 | INFO     | __main__:compile_pairwise_intersections:165 - grab intersections for 301: 0:00:09.916159
2022-08-31 11:41:26.359 | INFO     | __main__:compile_pairwise_intersections:165 - grab intersections for 308: 0:00:09.742804
2022-08-31 11:41:36.823 | INFO     | __main__:compile_pairwise_intersections:165 - grab intersections for 310: 0:00:10.267477
2022-08-31 11:41:46.653 | INFO     | __main__:compile_pairwise_intersections:165 - grab intersections for 312: 0:00:09.643088
2022-08-31 11:41:57.824 | INFO     | __main__:compile_pairwise_intersections:165 - grab intersections for 314: 0:00:10.980954
2022-08-31 11:42:07.819 | INFO     | __main__:compile_pairwise_intersections:165 - grab intersections for 323: 0:00:09.778078
2022-08-31 11:42:20.452 | INFO     | __main__:compile_pairwise_intersections:165 - grab intersections for 324: 0:00:12.437527
2022-08-31 11:42:41.181 | INFO     | __main__:compile_pairwise_intersections:165 - grab intersections for 327: 0:00:20.122238
2022-08-31 11:42:52.340 | INFO     | __main__:compile_pairwise_intersections:165 - grab intersections for 329: 0:00:10.584834
2022-08-31 11:43:02.308 | INFO     | __main__:compile_pairwise_intersections:165 - grab intersections for 334: 0:00:09.771620
2022-08-31 11:43:12.724 | INFO     | __main__:compile_pairwise_intersections:165 - grab intersections for 336: 0:00:10.216888
2022-08-31 11:43:22.982 | INFO     | __main__:compile_pairwise_intersections:165 - grab intersections for 339: 0:00:10.062161
2022-08-31 11:43:32.995 | INFO     | __main__:compile_pairwise_intersections:165 - grab intersections for 341: 0:00:09.780363
2022-08-31 11:43:43.921 | INFO     | __main__:compile_pairwise_intersections:165 - grab intersections for 343: 0:00:10.713461
2022-08-31 11:43:53.648 | INFO     | __main__:compile_pairwise_intersections:165 - grab intersections for 349: 0:00:09.520476
2022-08-31 11:44:04.077 | INFO     | __main__:compile_pairwise_intersections:165 - grab intersections for 350: 0:00:10.209415
2022-08-31 11:44:14.366 | INFO     | __main__:compile_pairwise_intersections:165 - grab intersections for 351: 0:00:10.076488
2022-08-31 11:44:24.520 | INFO     | __main__:compile_pairwise_intersections:165 - grab intersections for 356: 0:00:09.947169
2022-08-31 11:44:35.310 | INFO     | __main__:compile_pairwise_intersections:165 - grab intersections for 360: 0:00:10.566508
2022-08-31 11:44:45.621 | INFO     | __main__:compile_pairwise_intersections:165 - grab intersections for 361: 0:00:10.101980
2022-08-31 11:44:55.371 | INFO     | __main__:compile_pairwise_intersections:165 - grab intersections for 366: 0:00:09.532494
2022-08-31 11:45:05.285 | INFO     | __main__:compile_pairwise_intersections:165 - grab intersections for 367: 0:00:09.706836
2022-08-31 11:45:16.006 | INFO     | __main__:compile_pairwise_intersections:165 - grab intersections for 368: 0:00:10.513492
2022-08-31 11:45:26.908 | INFO     | __main__:compile_pairwise_intersections:165 - grab intersections for 372: 0:00:10.683184
2022-08-31 11:45:37.571 | INFO     | __main__:compile_pairwise_intersections:165 - grab intersections for 376: 0:00:10.411301
2022-08-31 11:45:48.382 | INFO     | __main__:compile_pairwise_intersections:165 - grab intersections for 380: 0:00:10.485525
2022-08-31 11:45:59.016 | INFO     | __main__:compile_pairwise_intersections:165 - grab intersections for 381: 0:00:10.418470
2022-08-31 11:46:08.963 | INFO     | __main__:compile_pairwise_intersections:165 - grab intersections for 386: 0:00:09.709450
2022-08-31 11:46:19.874 | INFO     | __main__:compile_pairwise_intersections:165 - grab intersections for 474: 0:00:10.683404
2022-08-31 11:46:30.492 | INFO     | __main__:compile_pairwise_intersections:165 - grab intersections for 483: 0:00:10.399614
2022-08-31 11:46:41.975 | INFO     | __main__:compile_pairwise_intersections:165 - grab intersections for 484: 0:00:11.246089
2022-08-31 11:46:42.217 | INFO     | __main__:compile_pairwise_intersections:175 - execution time for compiling pairwise: 0:24:37.172438
2022-08-31 11:46:42.759 | INFO     | __main__:<module>:260 - subset corridors: 0:24:45.981417
2022-08-31 11:54:53.869 | INFO     | __main__:<module>:273 - compute for pairwise/subset_corridors: 0:08:11.109986
2022-08-31 11:54:56.367 | INFO     | __main__:<module>:283 - execution time: 0:32:59.589132
2022-08-31 12:14:13.787 | INFO     | __main__:<module>:132 - read in data, assemble valid ITP_IDS: 0:00:01.249134
2022-08-31 12:21:10.498 | INFO     | __main__:clip_by_itp_id:110 - clipping for 4: 0:06:54.987685
2022-08-31 12:36:25.703 | INFO     | __main__:clip_by_itp_id:110 - clipping for 6: 0:00:03.026602
2022-08-31 12:36:31.307 | INFO     | __main__:clip_by_itp_id:110 - clipping for 14: 0:00:03.586686
2022-08-31 12:36:38.699 | INFO     | __main__:clip_by_itp_id:110 - clipping for 16: 0:00:04.043939
2022-08-31 12:36:45.499 | INFO     | __main__:clip_by_itp_id:110 - clipping for 18: 0:00:02.648352
2022-08-31 12:36:48.153 | INFO     | __main__:clip_by_itp_id:110 - clipping for 29: 0:00:02.646663
2022-08-31 12:36:52.935 | INFO     | __main__:clip_by_itp_id:110 - clipping for 34: 0:00:02.835905
2022-08-31 12:36:57.690 | INFO     | __main__:clip_by_itp_id:110 - clipping for 42: 0:00:02.808324
2022-08-31 12:37:00.423 | INFO     | __main__:clip_by_itp_id:110 - clipping for 45: 0:00:02.724926
2022-08-31 12:37:05.979 | INFO     | __main__:clip_by_itp_id:110 - clipping for 48: 0:00:03.603831
2022-08-31 12:37:23.553 | INFO     | __main__:clip_by_itp_id:110 - clipping for 61: 0:00:14.264422
2022-08-31 12:37:52.870 | INFO     | __main__:clip_by_itp_id:110 - clipping for 70: 0:00:05.977946
2022-08-31 12:38:04.050 | INFO     | __main__:clip_by_itp_id:110 - clipping for 75: 0:00:02.881144
2022-08-31 12:38:10.485 | INFO     | __main__:clip_by_itp_id:110 - clipping for 76: 0:00:04.472294
2022-08-31 12:38:17.979 | INFO     | __main__:clip_by_itp_id:110 - clipping for 77: 0:00:02.734441
2022-08-31 12:38:23.323 | INFO     | __main__:clip_by_itp_id:110 - clipping for 82: 0:00:03.344108
2022-08-31 12:38:29.979 | INFO     | __main__:clip_by_itp_id:110 - clipping for 87: 0:00:03.569691
2022-08-31 12:38:36.466 | INFO     | __main__:clip_by_itp_id:110 - clipping for 95: 0:00:02.917168
2022-08-31 12:38:41.348 | INFO     | __main__:clip_by_itp_id:110 - clipping for 98: 0:00:02.561796
2022-08-31 12:38:44.628 | INFO     | __main__:clip_by_itp_id:110 - clipping for 99: 0:00:03.274551
2022-08-31 12:38:49.595 | INFO     | __main__:clip_by_itp_id:110 - clipping for 101: 0:00:02.816039
2022-08-31 12:38:52.426 | INFO     | __main__:clip_by_itp_id:110 - clipping for 102: 0:00:02.825061
2022-08-31 12:38:57.074 | INFO     | __main__:clip_by_itp_id:110 - clipping for 105: 0:00:04.640674
2022-08-31 12:39:06.298 | INFO     | __main__:clip_by_itp_id:110 - clipping for 106: 0:00:03.116317
2022-08-31 12:39:12.296 | INFO     | __main__:clip_by_itp_id:110 - clipping for 108: 0:00:02.826956
2022-08-31 12:39:15.758 | INFO     | __main__:clip_by_itp_id:110 - clipping for 110: 0:00:03.454570
2022-08-31 12:39:31.610 | INFO     | __main__:clip_by_itp_id:110 - clipping for 112: 0:00:12.614638
2022-08-31 12:39:58.689 | INFO     | __main__:clip_by_itp_id:110 - clipping for 116: 0:00:03.643798
2022-08-31 12:40:05.361 | INFO     | __main__:clip_by_itp_id:110 - clipping for 120: 0:00:03.100730
2022-08-31 12:40:10.651 | INFO     | __main__:clip_by_itp_id:110 - clipping for 121: 0:00:02.784498
2022-08-31 12:40:19.729 | INFO     | __main__:clip_by_itp_id:110 - clipping for 123: 0:00:07.190932
2022-08-31 12:40:34.667 | INFO     | __main__:clip_by_itp_id:110 - clipping for 126: 0:00:03.988545
2022-08-31 12:40:43.636 | INFO     | __main__:clip_by_itp_id:110 - clipping for 127: 0:00:05.155078
2022-08-31 12:40:52.597 | INFO     | __main__:clip_by_itp_id:110 - clipping for 129: 0:00:02.650775
2022-08-31 12:40:55.416 | INFO     | __main__:clip_by_itp_id:110 - clipping for 135: 0:00:02.812272
2022-08-31 12:41:42.517 | INFO     | __main__:clip_by_itp_id:110 - clipping for 142: 0:00:47.092003
2022-08-31 12:43:23.074 | INFO     | __main__:clip_by_itp_id:110 - clipping for 146: 0:00:02.924599
2022-08-31 12:43:28.374 | INFO     | __main__:clip_by_itp_id:110 - clipping for 148: 0:00:02.997895
2022-08-31 12:43:31.191 | INFO     | __main__:clip_by_itp_id:110 - clipping for 154: 0:00:02.808024
2022-08-31 12:43:34.148 | INFO     | __main__:clip_by_itp_id:110 - clipping for 159: 0:00:02.948430
2022-08-31 12:43:39.176 | INFO     | __main__:clip_by_itp_id:110 - clipping for 165: 0:00:02.781935
2022-08-31 12:43:44.454 | INFO     | __main__:clip_by_itp_id:110 - clipping for 167: 0:00:03.122966
2022-08-31 12:43:49.695 | INFO     | __main__:clip_by_itp_id:110 - clipping for 168: 0:00:02.864547
2022-08-31 12:43:54.708 | INFO     | __main__:clip_by_itp_id:110 - clipping for 169: 0:00:02.698296
2022-08-31 12:44:20.587 | INFO     | __main__:clip_by_itp_id:110 - clipping for 170: 0:00:25.871961
2022-08-31 12:45:20.917 | INFO     | __main__:clip_by_itp_id:110 - clipping for 171: 0:00:03.428112
2022-08-31 12:45:26.936 | INFO     | __main__:clip_by_itp_id:110 - clipping for 172: 0:00:03.162370
2022-08-31 12:45:32.985 | INFO     | __main__:clip_by_itp_id:110 - clipping for 173: 0:00:03.182709
2022-08-31 12:45:39.214 | INFO     | __main__:clip_by_itp_id:110 - clipping for 174: 0:00:03.322781
2022-08-31 12:45:45.229 | INFO     | __main__:clip_by_itp_id:110 - clipping for 176: 0:00:03.140035
2022-08-31 12:45:51.427 | INFO     | __main__:clip_by_itp_id:110 - clipping for 177: 0:00:03.223097
2022-08-31 12:45:57.588 | INFO     | __main__:clip_by_itp_id:110 - clipping for 178: 0:00:03.281369
2022-08-31 12:46:03.836 | INFO     | __main__:clip_by_itp_id:110 - clipping for 179: 0:00:03.178884
2022-08-31 12:46:10.081 | INFO     | __main__:clip_by_itp_id:110 - clipping for 181: 0:00:03.246233
2022-08-31 12:50:53.424 | INFO     | __main__:clip_by_itp_id:110 - clipping for 182: 0:04:40.528766
2022-08-31 13:01:49.233 | INFO     | __main__:clip_by_itp_id:110 - clipping for 183: 0:00:34.334663
2022-08-31 13:03:04.397 | INFO     | __main__:clip_by_itp_id:110 - clipping for 187: 0:00:02.968703
2022-08-31 13:03:09.454 | INFO     | __main__:clip_by_itp_id:110 - clipping for 190: 0:00:03.043651
2022-08-31 13:03:27.854 | INFO     | __main__:clip_by_itp_id:110 - clipping for 194: 0:00:16.131330
2022-08-31 13:04:02.413 | INFO     | __main__:clip_by_itp_id:110 - clipping for 198: 0:00:02.917617
2022-08-31 13:04:05.267 | INFO     | __main__:clip_by_itp_id:110 - clipping for 201: 0:00:02.847536
2022-08-31 13:04:10.708 | INFO     | __main__:clip_by_itp_id:110 - clipping for 206: 0:00:03.352681
2022-08-31 13:04:16.177 | INFO     | __main__:clip_by_itp_id:110 - clipping for 207: 0:00:02.731567
2022-08-31 13:04:22.173 | INFO     | __main__:clip_by_itp_id:110 - clipping for 208: 0:00:05.988425
2022-08-31 13:04:33.380 | INFO     | __main__:clip_by_itp_id:110 - clipping for 212: 0:00:02.851540
2022-08-31 13:04:38.207 | INFO     | __main__:clip_by_itp_id:110 - clipping for 214: 0:00:02.715270
2022-08-31 13:04:43.104 | INFO     | __main__:clip_by_itp_id:110 - clipping for 217: 0:00:04.891355
2022-08-31 13:04:52.520 | INFO     | __main__:clip_by_itp_id:110 - clipping for 218: 0:00:02.967036
2022-08-31 13:04:57.918 | INFO     | __main__:clip_by_itp_id:110 - clipping for 221: 0:00:03.024169
2022-08-31 13:05:08.701 | INFO     | __main__:clip_by_itp_id:110 - clipping for 226: 0:00:08.515027
2022-08-31 13:05:24.445 | INFO     | __main__:clip_by_itp_id:110 - clipping for 228: 0:00:02.872716
2022-08-31 13:05:39.084 | INFO     | __main__:clip_by_itp_id:110 - clipping for 231: 0:00:12.471680
2022-08-31 13:06:05.195 | INFO     | __main__:clip_by_itp_id:110 - clipping for 232: 0:00:04.487425
2022-08-31 13:06:57.303 | INFO     | __main__:clip_by_itp_id:110 - clipping for 235: 0:00:46.869713
2022-08-31 13:08:39.062 | INFO     | __main__:clip_by_itp_id:110 - clipping for 238: 0:00:02.794062
2022-08-31 13:08:44.317 | INFO     | __main__:clip_by_itp_id:110 - clipping for 243: 0:00:03.206749
2022-08-31 13:08:50.200 | INFO     | __main__:clip_by_itp_id:110 - clipping for 247: 0:00:03.140332
2022-08-31 13:08:55.549 | INFO     | __main__:clip_by_itp_id:110 - clipping for 251: 0:00:02.856998
2022-08-31 13:08:58.191 | INFO     | __main__:clip_by_itp_id:110 - clipping for 257: 0:00:02.634454
2022-08-31 13:09:01.622 | INFO     | __main__:clip_by_itp_id:110 - clipping for 259: 0:00:03.425387
2022-08-31 13:09:07.386 | INFO     | __main__:clip_by_itp_id:110 - clipping for 260: 0:00:02.699646
2022-08-31 13:09:12.232 | INFO     | __main__:clip_by_itp_id:110 - clipping for 261: 0:00:02.957809
2022-08-31 13:09:23.434 | INFO     | __main__:clip_by_itp_id:110 - clipping for 269: 0:00:08.924535
2022-08-31 13:09:42.732 | INFO     | __main__:clip_by_itp_id:110 - clipping for 271: 0:00:03.965409
2022-08-31 13:10:32.308 | INFO     | __main__:clip_by_itp_id:110 - clipping for 278: 0:00:45.642719
2022-08-31 13:12:10.487 | INFO     | __main__:clip_by_itp_id:110 - clipping for 280: 0:00:02.961677
2022-08-31 13:12:15.279 | INFO     | __main__:clip_by_itp_id:110 - clipping for 281: 0:00:02.834964
2022-08-31 13:14:41.685 | INFO     | __main__:clip_by_itp_id:110 - clipping for 282: 0:02:24.450437
2022-08-31 13:20:03.856 | INFO     | __main__:clip_by_itp_id:110 - clipping for 284: 0:00:07.904994
2022-08-31 13:20:19.049 | INFO     | __main__:clip_by_itp_id:110 - clipping for 287: 0:00:02.817495
2022-08-31 13:20:24.332 | INFO     | __main__:clip_by_itp_id:110 - clipping for 289: 0:00:03.205023
2022-08-31 13:21:09.244 | INFO     | __main__:clip_by_itp_id:110 - clipping for 290: 0:00:42.673598
2022-08-31 13:22:43.126 | INFO     | __main__:clip_by_itp_id:110 - clipping for 293: 0:00:03.728934
2022-08-31 13:23:50.980 | INFO     | __main__:clip_by_itp_id:110 - clipping for 294: 0:01:04.847907
2022-08-31 13:26:13.056 | INFO     | __main__:clip_by_itp_id:110 - clipping for 295: 0:00:09.034410
2022-08-31 13:26:32.166 | INFO     | __main__:clip_by_itp_id:110 - clipping for 296: 0:00:04.866734
2022-08-31 13:26:41.214 | INFO     | __main__:clip_by_itp_id:110 - clipping for 298: 0:00:03.251934
2022-08-31 13:26:46.296 | INFO     | __main__:clip_by_itp_id:110 - clipping for 300: 0:00:05.073376
2022-08-31 13:26:57.084 | INFO     | __main__:clip_by_itp_id:110 - clipping for 301: 0:00:03.656327
2022-08-31 13:27:03.657 | INFO     | __main__:clip_by_itp_id:110 - clipping for 308: 0:00:02.789755
2022-08-31 13:27:07.198 | INFO     | __main__:clip_by_itp_id:110 - clipping for 310: 0:00:03.534495
2022-08-31 13:27:13.527 | INFO     | __main__:clip_by_itp_id:110 - clipping for 312: 0:00:02.722024
2022-08-31 13:27:21.946 | INFO     | __main__:clip_by_itp_id:110 - clipping for 314: 0:00:08.414264
2022-08-31 13:27:38.919 | INFO     | __main__:clip_by_itp_id:110 - clipping for 323: 0:00:03.013548
2022-08-31 13:27:46.547 | INFO     | __main__:clip_by_itp_id:110 - clipping for 324: 0:00:04.725864
2022-08-31 13:27:55.993 | INFO     | __main__:clip_by_itp_id:110 - clipping for 327: 0:00:03.352779
2022-08-31 13:28:02.250 | INFO     | __main__:clip_by_itp_id:110 - clipping for 329: 0:00:03.177249
2022-08-31 13:28:07.786 | INFO     | __main__:clip_by_itp_id:110 - clipping for 334: 0:00:03.071356
2022-08-31 13:28:14.808 | INFO     | __main__:clip_by_itp_id:110 - clipping for 336: 0:00:04.448939
2022-08-31 13:28:23.062 | INFO     | __main__:clip_by_itp_id:110 - clipping for 339: 0:00:03.086625
2022-08-31 13:28:28.268 | INFO     | __main__:clip_by_itp_id:110 - clipping for 341: 0:00:02.778755
2022-08-31 13:28:32.411 | INFO     | __main__:clip_by_itp_id:110 - clipping for 343: 0:00:04.136817
2022-08-31 13:28:39.704 | INFO     | __main__:clip_by_itp_id:110 - clipping for 349: 0:00:02.945004
2022-08-31 13:28:45.554 | INFO     | __main__:clip_by_itp_id:110 - clipping for 350: 0:00:03.620317
2022-08-31 13:28:52.189 | INFO     | __main__:clip_by_itp_id:110 - clipping for 351: 0:00:03.247483
2022-08-31 13:28:57.977 | INFO     | __main__:clip_by_itp_id:110 - clipping for 356: 0:00:03.248610
2022-08-31 13:29:04.300 | INFO     | __main__:clip_by_itp_id:110 - clipping for 360: 0:00:03.607813
2022-08-31 13:29:10.654 | INFO     | __main__:clip_by_itp_id:110 - clipping for 361: 0:00:03.294735
2022-08-31 13:29:16.054 | INFO     | __main__:clip_by_itp_id:110 - clipping for 366: 0:00:02.760814
2022-08-31 13:29:20.909 | INFO     | __main__:clip_by_itp_id:110 - clipping for 367: 0:00:02.911422
2022-08-31 13:29:26.800 | INFO     | __main__:clip_by_itp_id:110 - clipping for 368: 0:00:03.863757
2022-08-31 13:29:35.020 | INFO     | __main__:clip_by_itp_id:110 - clipping for 372: 0:00:04.007833
2022-08-31 13:29:42.742 | INFO     | __main__:clip_by_itp_id:110 - clipping for 376: 0:00:03.263667
2022-08-31 13:29:48.592 | INFO     | __main__:clip_by_itp_id:110 - clipping for 380: 0:00:03.299209
2022-08-31 13:29:54.939 | INFO     | __main__:clip_by_itp_id:110 - clipping for 381: 0:00:03.584161
2022-08-31 13:30:01.292 | INFO     | __main__:clip_by_itp_id:110 - clipping for 386: 0:00:02.861428
2022-08-31 13:30:07.227 | INFO     | __main__:clip_by_itp_id:110 - clipping for 474: 0:00:03.807299
2022-08-31 13:30:13.743 | INFO     | __main__:clip_by_itp_id:110 - clipping for 483: 0:00:02.885552
2022-08-31 13:30:21.267 | INFO     | __main__:clip_by_itp_id:110 - clipping for 484: 0:00:05.128925
2022-08-31 13:53:43.053 | INFO     | __main__:<module>:155 - compute for full clipped df: 1:39:29.266643
2022-08-31 13:53:44.893 | INFO     | __main__:<module>:165 - execution time: 1:39:32.355755
2022-08-31 14:05:21.451 | INFO     | __main__:<module>:215 - grab all stops
2022-08-31 14:05:21.573 | INFO     | __main__:<module>:219 - create major stop bus
2022-08-31 14:05:22.150 | INFO     | __main__:<module>:223 - create hq corridor bus
2022-08-31 14:05:30.339 | INFO     | __main__:<module>:231 - execution time: 0:00:24.462973
2022-08-31 14:20:19.857 | INFO     | __main__:<module>:110 - filter and buffer: 0:00:17.741578
2022-08-31 14:20:28.281 | INFO     | __main__:<module>:129 - execution time: 0:00:26.165031
2022-09-08 10:41:43.285 | INFO     | __main__:<module>:247 - Analysis date: 2022-08-17
2022-09-08 10:42:11.178 | INFO     | __main__:compile_pairwise_intersections:166 - grab intersections for 4: 0:00:18.020724
2022-09-08 10:42:22.447 | INFO     | __main__:compile_pairwise_intersections:166 - grab intersections for 6: 0:00:11.176566
2022-09-08 10:42:33.973 | INFO     | __main__:compile_pairwise_intersections:166 - grab intersections for 14: 0:00:11.485554
2022-09-08 10:42:45.399 | INFO     | __main__:compile_pairwise_intersections:166 - grab intersections for 16: 0:00:11.387429
2022-09-08 10:42:56.200 | INFO     | __main__:compile_pairwise_intersections:166 - grab intersections for 18: 0:00:10.760814
2022-09-08 10:43:07.024 | INFO     | __main__:compile_pairwise_intersections:166 - grab intersections for 29: 0:00:10.780958
2022-09-08 10:43:18.410 | INFO     | __main__:compile_pairwise_intersections:166 - grab intersections for 34: 0:00:11.336984
2022-09-08 10:43:29.219 | INFO     | __main__:compile_pairwise_intersections:166 - grab intersections for 36: 0:00:10.768134
2022-09-08 10:43:39.612 | INFO     | __main__:compile_pairwise_intersections:166 - grab intersections for 42: 0:00:10.346363
2022-09-08 10:43:50.144 | INFO     | __main__:compile_pairwise_intersections:166 - grab intersections for 45: 0:00:10.484332
2022-09-08 10:44:01.514 | INFO     | __main__:compile_pairwise_intersections:166 - grab intersections for 48: 0:00:11.299875
2022-09-08 10:44:13.817 | INFO     | __main__:compile_pairwise_intersections:166 - grab intersections for 61: 0:00:12.249813
2022-09-08 10:44:26.082 | INFO     | __main__:compile_pairwise_intersections:166 - grab intersections for 70: 0:00:12.217796
2022-09-08 10:44:37.102 | INFO     | __main__:compile_pairwise_intersections:166 - grab intersections for 75: 0:00:10.959921
2022-09-08 10:44:49.448 | INFO     | __main__:compile_pairwise_intersections:166 - grab intersections for 76: 0:00:12.282131
2022-09-08 10:45:02.497 | INFO     | __main__:compile_pairwise_intersections:166 - grab intersections for 77: 0:00:12.993857
2022-09-08 10:45:14.618 | INFO     | __main__:compile_pairwise_intersections:166 - grab intersections for 82: 0:00:12.058285
2022-09-08 10:45:26.318 | INFO     | __main__:compile_pairwise_intersections:166 - grab intersections for 87: 0:00:11.639066
2022-09-08 10:45:37.549 | INFO     | __main__:compile_pairwise_intersections:166 - grab intersections for 95: 0:00:11.174394
2022-09-08 10:45:48.592 | INFO     | __main__:compile_pairwise_intersections:166 - grab intersections for 98: 0:00:10.982958
2022-09-08 10:45:59.817 | INFO     | __main__:compile_pairwise_intersections:166 - grab intersections for 99: 0:00:11.171276
2022-09-08 10:46:11.082 | INFO     | __main__:compile_pairwise_intersections:166 - grab intersections for 101: 0:00:11.207978
2022-09-08 10:46:22.473 | INFO     | __main__:compile_pairwise_intersections:166 - grab intersections for 102: 0:00:11.322330
2022-09-08 10:46:34.142 | INFO     | __main__:compile_pairwise_intersections:166 - grab intersections for 105: 0:00:11.606252
2022-09-08 10:46:45.365 | INFO     | __main__:compile_pairwise_intersections:166 - grab intersections for 106: 0:00:11.157769
2022-09-08 10:46:56.830 | INFO     | __main__:compile_pairwise_intersections:166 - grab intersections for 108: 0:00:11.391798
2022-09-08 10:47:08.851 | INFO     | __main__:compile_pairwise_intersections:166 - grab intersections for 110: 0:00:11.959799
2022-09-08 10:47:21.712 | INFO     | __main__:compile_pairwise_intersections:166 - grab intersections for 112: 0:00:12.799734
2022-09-08 10:47:34.362 | INFO     | __main__:compile_pairwise_intersections:166 - grab intersections for 116: 0:00:12.580679
2022-09-08 10:47:46.386 | INFO     | __main__:compile_pairwise_intersections:166 - grab intersections for 120: 0:00:11.946801
2022-09-08 10:47:57.679 | INFO     | __main__:compile_pairwise_intersections:166 - grab intersections for 121: 0:00:11.227629
2022-09-08 10:48:10.459 | INFO     | __main__:compile_pairwise_intersections:166 - grab intersections for 123: 0:00:12.702724
2022-09-08 10:48:22.666 | INFO     | __main__:compile_pairwise_intersections:166 - grab intersections for 126: 0:00:12.091119
2022-09-08 10:48:35.088 | INFO     | __main__:compile_pairwise_intersections:166 - grab intersections for 127: 0:00:12.344302
2022-09-08 10:48:46.279 | INFO     | __main__:compile_pairwise_intersections:166 - grab intersections for 129: 0:00:11.110641
2022-09-08 10:48:57.324 | INFO     | __main__:compile_pairwise_intersections:166 - grab intersections for 135: 0:00:10.972276
2022-09-08 10:49:12.629 | INFO     | __main__:compile_pairwise_intersections:166 - grab intersections for 142: 0:00:15.229224
2022-09-08 10:49:24.315 | INFO     | __main__:compile_pairwise_intersections:166 - grab intersections for 146: 0:00:11.606297
2022-09-08 10:49:36.473 | INFO     | __main__:compile_pairwise_intersections:166 - grab intersections for 148: 0:00:12.075987
2022-09-08 10:49:47.960 | INFO     | __main__:compile_pairwise_intersections:166 - grab intersections for 154: 0:00:11.408233
2022-09-08 10:50:00.650 | INFO     | __main__:compile_pairwise_intersections:166 - grab intersections for 159: 0:00:12.609608
2022-09-08 10:50:13.853 | INFO     | __main__:compile_pairwise_intersections:166 - grab intersections for 165: 0:00:13.109068
2022-09-08 10:50:26.735 | INFO     | __main__:compile_pairwise_intersections:166 - grab intersections for 167: 0:00:12.790810
2022-09-08 10:50:39.221 | INFO     | __main__:compile_pairwise_intersections:166 - grab intersections for 168: 0:00:12.398534
2022-09-08 10:50:51.004 | INFO     | __main__:compile_pairwise_intersections:166 - grab intersections for 169: 0:00:11.690954
2022-09-08 10:51:04.518 | INFO     | __main__:compile_pairwise_intersections:166 - grab intersections for 170: 0:00:13.422306
2022-09-08 10:51:16.012 | INFO     | __main__:compile_pairwise_intersections:166 - grab intersections for 171: 0:00:11.389189
2022-09-08 10:51:28.222 | INFO     | __main__:compile_pairwise_intersections:166 - grab intersections for 172: 0:00:12.112294
2022-09-08 10:51:40.984 | INFO     | __main__:compile_pairwise_intersections:166 - grab intersections for 173: 0:00:12.665976
2022-09-08 10:51:52.735 | INFO     | __main__:compile_pairwise_intersections:166 - grab intersections for 174: 0:00:11.642558
2022-09-08 10:52:05.521 | INFO     | __main__:compile_pairwise_intersections:166 - grab intersections for 176: 0:00:12.687697
2022-09-08 10:52:17.105 | INFO     | __main__:compile_pairwise_intersections:166 - grab intersections for 177: 0:00:11.471552
2022-09-08 10:52:29.161 | INFO     | __main__:compile_pairwise_intersections:166 - grab intersections for 178: 0:00:11.960289
2022-09-08 10:52:40.982 | INFO     | __main__:compile_pairwise_intersections:166 - grab intersections for 179: 0:00:11.727588
2022-09-08 10:52:53.143 | INFO     | __main__:compile_pairwise_intersections:166 - grab intersections for 181: 0:00:12.060816
2022-09-08 10:53:10.882 | INFO     | __main__:compile_pairwise_intersections:166 - grab intersections for 182: 0:00:17.632645
2022-09-08 10:53:25.664 | INFO     | __main__:compile_pairwise_intersections:166 - grab intersections for 183: 0:00:14.665932
2022-09-08 10:53:37.037 | INFO     | __main__:compile_pairwise_intersections:166 - grab intersections for 187: 0:00:11.249783
2022-09-08 10:53:49.289 | INFO     | __main__:compile_pairwise_intersections:166 - grab intersections for 190: 0:00:12.123323
2022-09-08 10:54:03.731 | INFO     | __main__:compile_pairwise_intersections:166 - grab intersections for 194: 0:00:14.281329
2022-09-08 10:54:16.021 | INFO     | __main__:compile_pairwise_intersections:166 - grab intersections for 198: 0:00:12.163780
2022-09-08 10:54:27.776 | INFO     | __main__:compile_pairwise_intersections:166 - grab intersections for 201: 0:00:11.627034
2022-09-08 10:54:39.541 | INFO     | __main__:compile_pairwise_intersections:166 - grab intersections for 206: 0:00:11.637520
2022-09-08 10:54:51.749 | INFO     | __main__:compile_pairwise_intersections:166 - grab intersections for 207: 0:00:12.070641
2022-09-08 10:55:05.551 | INFO     | __main__:compile_pairwise_intersections:166 - grab intersections for 208: 0:00:13.673837
2022-09-08 10:55:17.544 | INFO     | __main__:compile_pairwise_intersections:166 - grab intersections for 212: 0:00:11.848964
2022-09-08 10:55:29.463 | INFO     | __main__:compile_pairwise_intersections:166 - grab intersections for 214: 0:00:11.778358
2022-09-08 10:55:42.237 | INFO     | __main__:compile_pairwise_intersections:166 - grab intersections for 217: 0:00:12.642960
2022-09-08 10:55:54.769 | INFO     | __main__:compile_pairwise_intersections:166 - grab intersections for 218: 0:00:12.399410
2022-09-08 10:56:07.134 | INFO     | __main__:compile_pairwise_intersections:166 - grab intersections for 221: 0:00:12.231848
2022-09-08 10:56:21.161 | INFO     | __main__:compile_pairwise_intersections:166 - grab intersections for 226: 0:00:13.876727
2022-09-08 10:56:32.139 | INFO     | __main__:compile_pairwise_intersections:166 - grab intersections for 228: 0:00:10.854364
2022-09-08 10:56:44.111 | INFO     | __main__:compile_pairwise_intersections:166 - grab intersections for 231: 0:00:11.851542
2022-09-08 10:56:55.676 | INFO     | __main__:compile_pairwise_intersections:166 - grab intersections for 232: 0:00:11.447655
2022-09-08 10:57:08.622 | INFO     | __main__:compile_pairwise_intersections:166 - grab intersections for 235: 0:00:12.827640
2022-09-08 10:57:20.094 | INFO     | __main__:compile_pairwise_intersections:166 - grab intersections for 238: 0:00:11.340841
2022-09-08 10:57:31.005 | INFO     | __main__:compile_pairwise_intersections:166 - grab intersections for 243: 0:00:10.706167
2022-09-08 10:57:42.269 | INFO     | __main__:compile_pairwise_intersections:166 - grab intersections for 247: 0:00:11.142542
2022-09-08 10:57:52.951 | INFO     | __main__:compile_pairwise_intersections:166 - grab intersections for 251: 0:00:10.559766
2022-09-08 10:58:03.738 | INFO     | __main__:compile_pairwise_intersections:166 - grab intersections for 257: 0:00:10.664454
2022-09-08 10:58:14.394 | INFO     | __main__:compile_pairwise_intersections:166 - grab intersections for 259: 0:00:10.530365
2022-09-08 10:58:24.796 | INFO     | __main__:compile_pairwise_intersections:166 - grab intersections for 260: 0:00:10.279400
2022-09-08 10:58:36.278 | INFO     | __main__:compile_pairwise_intersections:166 - grab intersections for 261: 0:00:11.349945
2022-09-08 10:58:48.754 | INFO     | __main__:compile_pairwise_intersections:166 - grab intersections for 269: 0:00:12.354918
2022-09-08 10:59:01.606 | INFO     | __main__:compile_pairwise_intersections:166 - grab intersections for 271: 0:00:12.697570
2022-09-08 10:59:17.813 | INFO     | __main__:compile_pairwise_intersections:166 - grab intersections for 278: 0:00:16.041150
2022-09-08 10:59:29.877 | INFO     | __main__:compile_pairwise_intersections:166 - grab intersections for 280: 0:00:11.902412
2022-09-08 10:59:42.168 | INFO     | __main__:compile_pairwise_intersections:166 - grab intersections for 281: 0:00:12.127339
2022-09-08 10:59:59.962 | INFO     | __main__:compile_pairwise_intersections:166 - grab intersections for 282: 0:00:17.636000
2022-09-08 11:00:15.422 | INFO     | __main__:compile_pairwise_intersections:166 - grab intersections for 284: 0:00:15.232981
2022-09-08 11:00:27.515 | INFO     | __main__:compile_pairwise_intersections:166 - grab intersections for 287: 0:00:11.901360
2022-09-08 11:00:39.679 | INFO     | __main__:compile_pairwise_intersections:166 - grab intersections for 289: 0:00:12.009238
2022-09-08 11:00:55.128 | INFO     | __main__:compile_pairwise_intersections:166 - grab intersections for 290: 0:00:15.285565
2022-09-08 11:01:07.234 | INFO     | __main__:compile_pairwise_intersections:166 - grab intersections for 293: 0:00:11.899281
2022-09-08 11:01:22.696 | INFO     | __main__:compile_pairwise_intersections:166 - grab intersections for 294: 0:00:15.267440
2022-09-08 11:01:35.245 | INFO     | __main__:compile_pairwise_intersections:166 - grab intersections for 295: 0:00:12.369921
2022-09-08 11:01:47.063 | INFO     | __main__:compile_pairwise_intersections:166 - grab intersections for 296: 0:00:11.627570
2022-09-08 11:01:59.026 | INFO     | __main__:compile_pairwise_intersections:166 - grab intersections for 298: 0:00:11.729007
2022-09-08 11:02:10.178 | INFO     | __main__:compile_pairwise_intersections:166 - grab intersections for 300: 0:00:10.969075
2022-09-08 11:02:21.776 | INFO     | __main__:compile_pairwise_intersections:166 - grab intersections for 301: 0:00:11.272871
2022-09-08 11:02:35.111 | INFO     | __main__:compile_pairwise_intersections:166 - grab intersections for 308: 0:00:13.152191
2022-09-08 11:02:47.034 | INFO     | __main__:compile_pairwise_intersections:166 - grab intersections for 310: 0:00:11.662351
2022-09-08 11:02:58.452 | INFO     | __main__:compile_pairwise_intersections:166 - grab intersections for 312: 0:00:11.194943
2022-09-08 11:03:11.669 | INFO     | __main__:compile_pairwise_intersections:166 - grab intersections for 314: 0:00:12.966102
2022-09-08 11:03:23.201 | INFO     | __main__:compile_pairwise_intersections:166 - grab intersections for 323: 0:00:11.291194
2022-09-08 11:03:36.710 | INFO     | __main__:compile_pairwise_intersections:166 - grab intersections for 324: 0:00:13.267742
2022-09-08 11:03:49.414 | INFO     | __main__:compile_pairwise_intersections:166 - grab intersections for 327: 0:00:12.453027
2022-09-08 11:04:02.598 | INFO     | __main__:compile_pairwise_intersections:166 - grab intersections for 329: 0:00:12.938084
2022-09-08 11:04:16.275 | INFO     | __main__:compile_pairwise_intersections:166 - grab intersections for 334: 0:00:13.476610
2022-09-08 11:04:30.311 | INFO     | __main__:compile_pairwise_intersections:166 - grab intersections for 336: 0:00:13.776661
2022-09-08 11:04:44.762 | INFO     | __main__:compile_pairwise_intersections:166 - grab intersections for 339: 0:00:14.098588
2022-09-08 11:04:55.812 | INFO     | __main__:compile_pairwise_intersections:166 - grab intersections for 341: 0:00:10.841416
2022-09-08 11:05:08.282 | INFO     | __main__:compile_pairwise_intersections:166 - grab intersections for 343: 0:00:12.244952
2022-09-08 11:05:19.276 | INFO     | __main__:compile_pairwise_intersections:166 - grab intersections for 349: 0:00:10.779280
2022-09-08 11:05:30.817 | INFO     | __main__:compile_pairwise_intersections:166 - grab intersections for 350: 0:00:11.322415
2022-09-08 11:05:42.471 | INFO     | __main__:compile_pairwise_intersections:166 - grab intersections for 351: 0:00:11.418249
2022-09-08 11:05:53.925 | INFO     | __main__:compile_pairwise_intersections:166 - grab intersections for 356: 0:00:11.186866
2022-09-08 11:06:05.700 | INFO     | __main__:compile_pairwise_intersections:166 - grab intersections for 360: 0:00:11.504568
2022-09-08 11:06:17.350 | INFO     | __main__:compile_pairwise_intersections:166 - grab intersections for 361: 0:00:11.413379
2022-09-08 11:06:30.381 | INFO     | __main__:compile_pairwise_intersections:166 - grab intersections for 366: 0:00:12.813029
2022-09-08 11:06:42.999 | INFO     | __main__:compile_pairwise_intersections:166 - grab intersections for 367: 0:00:12.325088
2022-09-08 11:06:55.605 | INFO     | __main__:compile_pairwise_intersections:166 - grab intersections for 368: 0:00:12.321620
2022-09-08 11:07:07.080 | INFO     | __main__:compile_pairwise_intersections:166 - grab intersections for 372: 0:00:11.205728
2022-09-08 11:07:18.174 | INFO     | __main__:compile_pairwise_intersections:166 - grab intersections for 376: 0:00:10.872121
2022-09-08 11:07:28.618 | INFO     | __main__:compile_pairwise_intersections:166 - grab intersections for 380: 0:00:10.232930
2022-09-08 11:07:39.993 | INFO     | __main__:compile_pairwise_intersections:166 - grab intersections for 381: 0:00:11.156965
2022-09-08 11:07:50.063 | INFO     | __main__:compile_pairwise_intersections:166 - grab intersections for 386: 0:00:09.767451
2022-09-08 11:08:01.594 | INFO     | __main__:compile_pairwise_intersections:166 - grab intersections for 474: 0:00:11.163287
2022-09-08 11:08:12.612 | INFO     | __main__:compile_pairwise_intersections:166 - grab intersections for 483: 0:00:10.739206
2022-09-08 11:08:23.752 | INFO     | __main__:compile_pairwise_intersections:166 - grab intersections for 484: 0:00:10.909937
2022-09-08 11:08:23.970 | INFO     | __main__:compile_pairwise_intersections:176 - execution time for compiling pairwise: 0:26:30.818291
2022-09-08 11:08:24.606 | INFO     | __main__:<module>:261 - subset corridors: 0:26:41.306360
2022-09-08 11:16:52.406 | INFO     | __main__:<module>:274 - compute for pairwise/subset_corridors: 0:08:27.799637
2022-09-08 11:16:55.055 | INFO     | __main__:<module>:284 - execution time: 0:35:11.755055
2022-09-08 11:17:08.061 | INFO     | __main__:<module>:124 - Analysis date: 2022-08-17
2022-09-08 11:17:09.443 | INFO     | __main__:<module>:135 - read in data, assemble valid ITP_IDS: 0:00:01.370429
2022-09-08 11:24:14.140 | INFO     | __main__:clip_by_itp_id:111 - clipping for 4: 0:07:03.156892
2022-09-08 11:40:19.246 | INFO     | __main__:clip_by_itp_id:111 - clipping for 6: 0:00:03.363640
2022-09-08 11:40:26.090 | INFO     | __main__:clip_by_itp_id:111 - clipping for 14: 0:00:04.150855
2022-09-08 11:40:34.086 | INFO     | __main__:clip_by_itp_id:111 - clipping for 16: 0:00:04.416720
2022-09-08 11:40:41.849 | INFO     | __main__:clip_by_itp_id:111 - clipping for 18: 0:00:03.223900
2022-09-08 11:40:44.590 | INFO     | __main__:clip_by_itp_id:111 - clipping for 29: 0:00:02.733019
2022-09-08 11:40:49.884 | INFO     | __main__:clip_by_itp_id:111 - clipping for 34: 0:00:03.012895
2022-09-08 11:40:55.529 | INFO     | __main__:clip_by_itp_id:111 - clipping for 42: 0:00:03.072175
2022-09-08 11:40:58.416 | INFO     | __main__:clip_by_itp_id:111 - clipping for 45: 0:00:02.879705
2022-09-08 11:41:04.568 | INFO     | __main__:clip_by_itp_id:111 - clipping for 48: 0:00:03.901728
2022-09-08 11:41:22.930 | INFO     | __main__:clip_by_itp_id:111 - clipping for 61: 0:00:14.616856
2022-09-08 11:41:54.669 | INFO     | __main__:clip_by_itp_id:111 - clipping for 70: 0:00:06.359475
2022-09-08 11:42:06.618 | INFO     | __main__:clip_by_itp_id:111 - clipping for 75: 0:00:03.285811
2022-09-08 11:42:13.773 | INFO     | __main__:clip_by_itp_id:111 - clipping for 76: 0:00:04.813555
2022-09-08 11:42:22.285 | INFO     | __main__:clip_by_itp_id:111 - clipping for 77: 0:00:03.351045
2022-09-08 11:42:28.097 | INFO     | __main__:clip_by_itp_id:111 - clipping for 82: 0:00:03.635572
2022-09-08 11:42:35.543 | INFO     | __main__:clip_by_itp_id:111 - clipping for 87: 0:00:04.097088
2022-09-08 11:42:42.781 | INFO     | __main__:clip_by_itp_id:111 - clipping for 95: 0:00:03.153038
2022-09-08 11:42:48.370 | INFO     | __main__:clip_by_itp_id:111 - clipping for 98: 0:00:03.038208
2022-09-08 11:42:51.734 | INFO     | __main__:clip_by_itp_id:111 - clipping for 99: 0:00:03.357242
2022-09-08 11:42:58.054 | INFO     | __main__:clip_by_itp_id:111 - clipping for 101: 0:00:03.768324
2022-09-08 11:43:02.406 | INFO     | __main__:clip_by_itp_id:111 - clipping for 102: 0:00:04.345202
2022-09-08 11:43:08.264 | INFO     | __main__:clip_by_itp_id:111 - clipping for 105: 0:00:05.847710
2022-09-08 11:43:18.489 | INFO     | __main__:clip_by_itp_id:111 - clipping for 106: 0:00:03.661891
2022-09-08 11:43:25.103 | INFO     | __main__:clip_by_itp_id:111 - clipping for 108: 0:00:03.235652
2022-09-08 11:43:29.411 | INFO     | __main__:clip_by_itp_id:111 - clipping for 110: 0:00:04.300583
2022-09-08 11:43:46.572 | INFO     | __main__:clip_by_itp_id:111 - clipping for 112: 0:00:13.324689
2022-09-08 11:44:14.226 | INFO     | __main__:clip_by_itp_id:111 - clipping for 116: 0:00:03.850712
2022-09-08 11:44:21.358 | INFO     | __main__:clip_by_itp_id:111 - clipping for 120: 0:00:03.430504
2022-09-08 11:44:27.440 | INFO     | __main__:clip_by_itp_id:111 - clipping for 121: 0:00:03.312325
2022-09-08 11:44:37.010 | INFO     | __main__:clip_by_itp_id:111 - clipping for 123: 0:00:07.488869
2022-09-08 11:44:52.526 | INFO     | __main__:clip_by_itp_id:111 - clipping for 126: 0:00:04.137330
2022-09-08 11:45:02.389 | INFO     | __main__:clip_by_itp_id:111 - clipping for 127: 0:00:05.719549
2022-09-08 11:45:11.998 | INFO     | __main__:clip_by_itp_id:111 - clipping for 129: 0:00:02.851602
2022-09-08 11:45:15.037 | INFO     | __main__:clip_by_itp_id:111 - clipping for 135: 0:00:03.033450
2022-09-08 11:46:04.016 | INFO     | __main__:clip_by_itp_id:111 - clipping for 142: 0:00:48.970399
2022-09-08 11:47:47.801 | INFO     | __main__:clip_by_itp_id:111 - clipping for 146: 0:00:03.190369
2022-09-08 11:47:53.307 | INFO     | __main__:clip_by_itp_id:111 - clipping for 148: 0:00:03.258231
2022-09-08 11:47:56.404 | INFO     | __main__:clip_by_itp_id:111 - clipping for 154: 0:00:03.087134
2022-09-08 11:47:59.571 | INFO     | __main__:clip_by_itp_id:111 - clipping for 159: 0:00:03.159804
2022-09-08 11:48:05.274 | INFO     | __main__:clip_by_itp_id:111 - clipping for 165: 0:00:03.001161
2022-09-08 11:48:11.364 | INFO     | __main__:clip_by_itp_id:111 - clipping for 167: 0:00:03.400572
2022-09-08 11:48:17.625 | INFO     | __main__:clip_by_itp_id:111 - clipping for 168: 0:00:03.428120
2022-09-08 11:48:23.193 | INFO     | __main__:clip_by_itp_id:111 - clipping for 169: 0:00:03.051934
2022-09-08 11:48:50.119 | INFO     | __main__:clip_by_itp_id:111 - clipping for 170: 0:00:26.916569
2022-09-08 11:49:52.921 | INFO     | __main__:clip_by_itp_id:111 - clipping for 171: 0:00:03.670951
2022-09-08 11:49:59.809 | INFO     | __main__:clip_by_itp_id:111 - clipping for 172: 0:00:03.527685
2022-09-08 11:50:06.591 | INFO     | __main__:clip_by_itp_id:111 - clipping for 173: 0:00:03.440401
2022-09-08 11:50:13.342 | INFO     | __main__:clip_by_itp_id:111 - clipping for 174: 0:00:03.525080
2022-09-08 11:50:19.890 | INFO     | __main__:clip_by_itp_id:111 - clipping for 176: 0:00:03.514081
2022-09-08 11:50:26.623 | INFO     | __main__:clip_by_itp_id:111 - clipping for 177: 0:00:03.364914
2022-09-08 11:50:33.351 | INFO     | __main__:clip_by_itp_id:111 - clipping for 178: 0:00:03.552940
2022-09-08 11:50:40.004 | INFO     | __main__:clip_by_itp_id:111 - clipping for 179: 0:00:03.496602
2022-09-08 11:50:46.669 | INFO     | __main__:clip_by_itp_id:111 - clipping for 181: 0:00:03.373169
2022-09-08 11:55:38.828 | INFO     | __main__:clip_by_itp_id:111 - clipping for 182: 0:04:48.820136
2022-09-08 12:07:01.438 | INFO     | __main__:clip_by_itp_id:111 - clipping for 183: 0:00:35.159195
2022-09-08 12:08:18.425 | INFO     | __main__:clip_by_itp_id:111 - clipping for 187: 0:00:03.061848
2022-09-08 12:08:23.930 | INFO     | __main__:clip_by_itp_id:111 - clipping for 190: 0:00:03.220324
2022-09-08 12:08:43.716 | INFO     | __main__:clip_by_itp_id:111 - clipping for 194: 0:00:17.302192
2022-09-08 12:09:18.732 | INFO     | __main__:clip_by_itp_id:111 - clipping for 198: 0:00:02.891513
2022-09-08 12:09:21.881 | INFO     | __main__:clip_by_itp_id:111 - clipping for 201: 0:00:03.143286
2022-09-08 12:09:27.564 | INFO     | __main__:clip_by_itp_id:111 - clipping for 206: 0:00:03.322602
2022-09-08 12:09:33.475 | INFO     | __main__:clip_by_itp_id:111 - clipping for 207: 0:00:03.024882
2022-09-08 12:09:39.695 | INFO     | __main__:clip_by_itp_id:111 - clipping for 208: 0:00:06.210425
2022-09-08 12:09:51.149 | INFO     | __main__:clip_by_itp_id:111 - clipping for 212: 0:00:02.835700
2022-09-08 12:09:56.185 | INFO     | __main__:clip_by_itp_id:111 - clipping for 214: 0:00:02.901225
2022-09-08 12:10:01.331 | INFO     | __main__:clip_by_itp_id:111 - clipping for 217: 0:00:05.139630
2022-09-08 12:10:11.315 | INFO     | __main__:clip_by_itp_id:111 - clipping for 218: 0:00:03.178597
2022-09-08 12:10:16.993 | INFO     | __main__:clip_by_itp_id:111 - clipping for 221: 0:00:03.362138
2022-09-08 12:10:27.916 | INFO     | __main__:clip_by_itp_id:111 - clipping for 226: 0:00:08.688166
2022-09-08 12:10:44.525 | INFO     | __main__:clip_by_itp_id:111 - clipping for 228: 0:00:03.286802
2022-09-08 12:11:00.216 | INFO     | __main__:clip_by_itp_id:111 - clipping for 231: 0:00:12.765832
2022-09-08 12:11:28.127 | INFO     | __main__:clip_by_itp_id:111 - clipping for 232: 0:00:05.164545
2022-09-08 12:12:24.916 | INFO     | __main__:clip_by_itp_id:111 - clipping for 235: 0:00:51.271250
2022-09-08 12:14:11.634 | INFO     | __main__:clip_by_itp_id:111 - clipping for 238: 0:00:03.217627
2022-09-08 12:14:17.395 | INFO     | __main__:clip_by_itp_id:111 - clipping for 243: 0:00:03.452265
2022-09-08 12:14:24.165 | INFO     | __main__:clip_by_itp_id:111 - clipping for 247: 0:00:03.396545
2022-09-08 12:14:29.731 | INFO     | __main__:clip_by_itp_id:111 - clipping for 251: 0:00:03.008459
2022-09-08 12:14:32.605 | INFO     | __main__:clip_by_itp_id:111 - clipping for 257: 0:00:02.866692
2022-09-08 12:14:36.221 | INFO     | __main__:clip_by_itp_id:111 - clipping for 259: 0:00:03.609525
2022-09-08 12:14:42.438 | INFO     | __main__:clip_by_itp_id:111 - clipping for 260: 0:00:02.894156
2022-09-08 12:14:47.838 | INFO     | __main__:clip_by_itp_id:111 - clipping for 261: 0:00:03.338463
2022-09-08 12:14:59.907 | INFO     | __main__:clip_by_itp_id:111 - clipping for 269: 0:00:09.556617
2022-09-08 12:15:20.581 | INFO     | __main__:clip_by_itp_id:111 - clipping for 271: 0:00:04.188369
2022-09-08 12:16:12.417 | INFO     | __main__:clip_by_itp_id:111 - clipping for 278: 0:00:47.393797
2022-09-08 12:17:59.850 | INFO     | __main__:clip_by_itp_id:111 - clipping for 280: 0:00:03.878652
2022-09-08 12:18:05.688 | INFO     | __main__:clip_by_itp_id:111 - clipping for 281: 0:00:03.439294
2022-09-08 12:20:41.680 | INFO     | __main__:clip_by_itp_id:111 - clipping for 282: 0:02:33.720729
2022-09-08 12:26:30.139 | INFO     | __main__:clip_by_itp_id:111 - clipping for 284: 0:00:08.330887
2022-09-08 12:26:47.249 | INFO     | __main__:clip_by_itp_id:111 - clipping for 287: 0:00:03.245734
2022-09-08 12:26:53.283 | INFO     | __main__:clip_by_itp_id:111 - clipping for 289: 0:00:03.769715
2022-09-08 12:27:40.406 | INFO     | __main__:clip_by_itp_id:111 - clipping for 290: 0:00:44.423030
2022-09-08 12:29:18.147 | INFO     | __main__:clip_by_itp_id:111 - clipping for 293: 0:00:03.827134
2022-09-08 12:30:28.109 | INFO     | __main__:clip_by_itp_id:111 - clipping for 294: 0:01:06.666769
2022-09-08 12:32:54.518 | INFO     | __main__:clip_by_itp_id:111 - clipping for 295: 0:00:09.500772
2022-09-08 12:33:14.339 | INFO     | __main__:clip_by_itp_id:111 - clipping for 296: 0:00:05.133152
2022-09-08 12:33:23.769 | INFO     | __main__:clip_by_itp_id:111 - clipping for 298: 0:00:03.343102
2022-09-08 12:33:29.717 | INFO     | __main__:clip_by_itp_id:111 - clipping for 300: 0:00:05.939682
2022-09-08 12:33:41.288 | INFO     | __main__:clip_by_itp_id:111 - clipping for 301: 0:00:03.935600
2022-09-08 12:33:48.443 | INFO     | __main__:clip_by_itp_id:111 - clipping for 308: 0:00:03.147768
2022-09-08 12:33:53.175 | INFO     | __main__:clip_by_itp_id:111 - clipping for 310: 0:00:04.726087
2022-09-08 12:34:00.057 | INFO     | __main__:clip_by_itp_id:111 - clipping for 312: 0:00:02.947592
2022-09-08 12:34:09.188 | INFO     | __main__:clip_by_itp_id:111 - clipping for 314: 0:00:09.122851
2022-09-08 12:34:27.296 | INFO     | __main__:clip_by_itp_id:111 - clipping for 323: 0:00:03.437019
2022-09-08 12:34:35.391 | INFO     | __main__:clip_by_itp_id:111 - clipping for 324: 0:00:05.335209
2022-09-08 12:34:45.466 | INFO     | __main__:clip_by_itp_id:111 - clipping for 327: 0:00:03.654949
2022-09-08 12:34:52.603 | INFO     | __main__:clip_by_itp_id:111 - clipping for 329: 0:00:03.593185
2022-09-08 12:34:58.611 | INFO     | __main__:clip_by_itp_id:111 - clipping for 334: 0:00:03.181351
2022-09-08 12:35:06.304 | INFO     | __main__:clip_by_itp_id:111 - clipping for 336: 0:00:04.795331
2022-09-08 12:35:15.383 | INFO     | __main__:clip_by_itp_id:111 - clipping for 339: 0:00:03.300045
2022-09-08 12:35:21.115 | INFO     | __main__:clip_by_itp_id:111 - clipping for 341: 0:00:03.123822
2022-09-08 12:35:25.630 | INFO     | __main__:clip_by_itp_id:111 - clipping for 343: 0:00:04.507381
2022-09-08 12:35:33.625 | INFO     | __main__:clip_by_itp_id:111 - clipping for 349: 0:00:03.148858
2022-09-08 12:35:39.921 | INFO     | __main__:clip_by_itp_id:111 - clipping for 350: 0:00:03.801243
2022-09-08 12:35:47.147 | INFO     | __main__:clip_by_itp_id:111 - clipping for 351: 0:00:03.468841
2022-09-08 12:35:53.697 | INFO     | __main__:clip_by_itp_id:111 - clipping for 356: 0:00:03.705056
2022-09-08 12:36:00.734 | INFO     | __main__:clip_by_itp_id:111 - clipping for 360: 0:00:04.207680
2022-09-08 12:36:08.055 | INFO     | __main__:clip_by_itp_id:111 - clipping for 361: 0:00:03.885179
2022-09-08 12:36:14.113 | INFO     | __main__:clip_by_itp_id:111 - clipping for 366: 0:00:02.986566
2022-09-08 12:36:19.249 | INFO     | __main__:clip_by_itp_id:111 - clipping for 367: 0:00:02.955704
2022-09-08 12:36:25.784 | INFO     | __main__:clip_by_itp_id:111 - clipping for 368: 0:00:04.125680
2022-09-08 12:36:34.596 | INFO     | __main__:clip_by_itp_id:111 - clipping for 372: 0:00:04.343285
2022-09-08 12:36:43.298 | INFO     | __main__:clip_by_itp_id:111 - clipping for 376: 0:00:03.610823
2022-09-08 12:36:49.905 | INFO     | __main__:clip_by_itp_id:111 - clipping for 380: 0:00:03.688647
2022-09-08 12:36:56.938 | INFO     | __main__:clip_by_itp_id:111 - clipping for 381: 0:00:03.970198
2022-09-08 12:37:04.615 | INFO     | __main__:clip_by_itp_id:111 - clipping for 386: 0:00:03.471185
2022-09-08 12:37:11.054 | INFO     | __main__:clip_by_itp_id:111 - clipping for 474: 0:00:04.151719
2022-09-08 12:37:18.332 | INFO     | __main__:clip_by_itp_id:111 - clipping for 483: 0:00:03.246435
2022-09-08 12:37:26.228 | INFO     | __main__:clip_by_itp_id:111 - clipping for 484: 0:00:05.375221
2022-09-08 13:01:59.318 | INFO     | __main__:<module>:158 - compute for full clipped df: 1:44:49.874863
2022-09-08 13:02:01.706 | INFO     | __main__:<module>:168 - execution time: 1:44:53.633340
2022-09-08 13:02:15.068 | INFO     | __main__:<module>:202 - Analysis date: 2022-08-17
2022-09-08 13:16:27.152 | INFO     | __main__:<module>:202 - Analysis date: 2022-08-17
2022-09-08 13:16:43.760 | INFO     | __main__:<module>:215 - grab all stops
2022-09-08 13:16:43.886 | INFO     | __main__:<module>:219 - create major stop bus
2022-09-08 13:16:44.448 | INFO     | __main__:<module>:223 - create hq corridor bus
2022-09-08 13:16:55.883 | INFO     | __main__:<module>:240 - execution time: 0:00:28.730462
2022-09-08 13:33:52.665 | INFO     | __main__:<module>:126 - Analysis date: 2022-08-17
2022-09-08 13:34:16.982 | INFO     | __main__:<module>:137 - filter and buffer: 0:00:24.295672
2022-09-08 13:34:20.339 | INFO     | __main__:<module>:156 - execution time: 0:00:27.652159
2022-09-08 13:38:15.682 | INFO     | __main__:<module>:126 - Analysis date: 2022-08-17
2022-09-08 13:38:44.449 | INFO     | __main__:<module>:137 - filter and buffer: 0:00:28.766541
2022-09-08 13:38:46.677 | INFO     | __main__:<module>:156 - execution time: 0:00:30.994542
2022-09-08 15:19:15.912 | INFO     | __main__:<module>:131 - Analysis date: 2022-08-17
2022-09-08 15:19:41.572 | INFO     | __main__:<module>:142 - filter and buffer: 0:00:25.658137
2022-09-08 15:19:44.588 | INFO     | __main__:<module>:161 - execution time: 0:00:28.673196
2022-09-08 15:20:16.841 | INFO     | __main__:<module>:131 - Analysis date: 2022-08-17
2022-09-08 15:20:40.792 | INFO     | __main__:<module>:142 - filter and buffer: 0:00:23.949465
2022-09-08 15:20:43.818 | INFO     | __main__:<module>:161 - execution time: 0:00:26.975662
2022-09-08 15:28:12.636 | INFO     | __main__:<module>:129 - Analysis date: 2022-08-17
2022-09-08 15:28:34.655 | INFO     | __main__:<module>:140 - filter and buffer: 0:00:22.018166
2022-09-08 15:28:37.860 | INFO     | __main__:<module>:159 - execution time: 0:00:25.223267
2022-09-09 10:27:28.319 | INFO     | __main__:<module>:137 - Analysis date: 2022-08-17
2022-09-09 10:27:48.919 | INFO     | __main__:<module>:148 - filter and buffer: 0:00:20.598943
2022-09-09 10:50:16.543 | INFO     | __main__:<module>:132 - Analysis date: 2022-08-17
2022-09-09 10:50:44.793 | INFO     | __main__:<module>:143 - filter and buffer: 0:00:28.246097
2022-09-09 10:50:47.997 | INFO     | __main__:<module>:162 - execution time: 0:00:31.450036
2022-09-09 13:00:59.978 | INFO     | __main__:<module>:136 - Analysis date: 2022-08-17
2022-09-09 13:01:23.004 | INFO     | __main__:<module>:147 - filter and buffer: 0:00:23.023111
2022-09-09 13:01:25.030 | INFO     | __main__:<module>:158 - export as geoparquet in date folder
2022-09-09 13:01:26.927 | INFO     | __main__:<module>:166 - export as geoparquet
2022-09-09 13:02:12.756 | INFO     | __main__:<module>:175 - export as geojson
2022-09-09 13:03:02.363 | INFO     | __main__:<module>:183 - export as geojsonl
2022-09-09 13:03:02.366 | INFO     | __main__:<module>:186 - execution time: 0:02:02.384813
2022-09-27 12:17:21.630 | INFO     | __main__:<module>:247 - Analysis date: 2022-09-14
2022-09-27 12:17:44.469 | INFO     | __main__:compile_pairwise_intersections:166 - grab intersections for 4: 0:00:14.566554
2022-09-27 12:17:54.358 | INFO     | __main__:compile_pairwise_intersections:166 - grab intersections for 6: 0:00:09.827363
2022-09-27 12:18:04.547 | INFO     | __main__:compile_pairwise_intersections:166 - grab intersections for 14: 0:00:10.146754
2022-09-27 12:18:15.267 | INFO     | __main__:compile_pairwise_intersections:166 - grab intersections for 16: 0:00:10.677461
2022-09-27 12:18:27.370 | INFO     | __main__:compile_pairwise_intersections:166 - grab intersections for 18: 0:00:12.058606
2022-09-27 12:18:38.231 | INFO     | __main__:compile_pairwise_intersections:166 - grab intersections for 29: 0:00:10.827496
2022-09-27 12:18:49.620 | INFO     | __main__:compile_pairwise_intersections:166 - grab intersections for 34: 0:00:11.343203
2022-09-27 12:19:00.874 | INFO     | __main__:compile_pairwise_intersections:166 - grab intersections for 36: 0:00:11.221078
2022-09-27 12:19:12.309 | INFO     | __main__:compile_pairwise_intersections:166 - grab intersections for 42: 0:00:11.401375
2022-09-27 12:19:23.876 | INFO     | __main__:compile_pairwise_intersections:166 - grab intersections for 45: 0:00:11.507294
2022-09-27 12:19:34.089 | INFO     | __main__:compile_pairwise_intersections:166 - grab intersections for 48: 0:00:10.158120
2022-09-27 12:19:45.078 | INFO     | __main__:compile_pairwise_intersections:166 - grab intersections for 61: 0:00:10.939387
2022-09-27 12:19:56.451 | INFO     | __main__:compile_pairwise_intersections:166 - grab intersections for 70: 0:00:11.334961
2022-09-27 12:20:07.417 | INFO     | __main__:compile_pairwise_intersections:166 - grab intersections for 75: 0:00:10.920641
2022-09-27 12:20:19.242 | INFO     | __main__:compile_pairwise_intersections:166 - grab intersections for 76: 0:00:11.783335
2022-09-27 12:20:28.256 | INFO     | __main__:compile_pairwise_intersections:166 - grab intersections for 77: 0:00:08.961645
2022-09-27 12:20:39.295 | INFO     | __main__:compile_pairwise_intersections:166 - grab intersections for 82: 0:00:10.987178
2022-09-27 12:20:50.092 | INFO     | __main__:compile_pairwise_intersections:166 - grab intersections for 87: 0:00:10.756656
2022-09-27 12:21:00.443 | INFO     | __main__:compile_pairwise_intersections:166 - grab intersections for 95: 0:00:10.305646
2022-09-27 12:21:09.995 | INFO     | __main__:compile_pairwise_intersections:166 - grab intersections for 98: 0:00:09.481690
2022-09-27 12:21:20.741 | INFO     | __main__:compile_pairwise_intersections:166 - grab intersections for 99: 0:00:10.682774
2022-09-27 12:21:31.316 | INFO     | __main__:compile_pairwise_intersections:166 - grab intersections for 101: 0:00:10.527232
2022-09-27 12:21:42.905 | INFO     | __main__:compile_pairwise_intersections:166 - grab intersections for 102: 0:00:11.503595
2022-09-27 12:21:53.939 | INFO     | __main__:compile_pairwise_intersections:166 - grab intersections for 105: 0:00:10.971675
2022-09-27 12:22:04.639 | INFO     | __main__:compile_pairwise_intersections:166 - grab intersections for 106: 0:00:10.653342
2022-09-27 12:22:15.140 | INFO     | __main__:compile_pairwise_intersections:166 - grab intersections for 108: 0:00:10.460299
2022-09-27 12:22:25.309 | INFO     | __main__:compile_pairwise_intersections:166 - grab intersections for 110: 0:00:10.084974
2022-09-27 12:22:36.196 | INFO     | __main__:compile_pairwise_intersections:166 - grab intersections for 112: 0:00:10.841166
2022-09-27 12:22:46.773 | INFO     | __main__:compile_pairwise_intersections:166 - grab intersections for 116: 0:00:10.534299
2022-09-27 12:22:59.125 | INFO     | __main__:compile_pairwise_intersections:166 - grab intersections for 120: 0:00:12.269537
2022-09-27 12:23:09.371 | INFO     | __main__:compile_pairwise_intersections:166 - grab intersections for 121: 0:00:10.156110
2022-09-27 12:23:20.154 | INFO     | __main__:compile_pairwise_intersections:166 - grab intersections for 123: 0:00:10.733381
2022-09-27 12:23:31.458 | INFO     | __main__:compile_pairwise_intersections:166 - grab intersections for 126: 0:00:11.251986
2022-09-27 12:23:44.413 | INFO     | __main__:compile_pairwise_intersections:166 - grab intersections for 127: 0:00:12.859864
2022-09-27 12:23:56.470 | INFO     | __main__:compile_pairwise_intersections:166 - grab intersections for 129: 0:00:11.954571
2022-09-27 12:24:08.880 | INFO     | __main__:compile_pairwise_intersections:166 - grab intersections for 135: 0:00:12.331335
2022-09-27 12:24:23.382 | INFO     | __main__:compile_pairwise_intersections:166 - grab intersections for 142: 0:00:14.416859
2022-09-27 12:24:34.287 | INFO     | __main__:compile_pairwise_intersections:166 - grab intersections for 146: 0:00:10.800428
2022-09-27 12:24:43.915 | INFO     | __main__:compile_pairwise_intersections:166 - grab intersections for 148: 0:00:09.521704
2022-09-27 12:24:54.412 | INFO     | __main__:compile_pairwise_intersections:166 - grab intersections for 159: 0:00:10.427759
2022-09-27 12:25:05.596 | INFO     | __main__:compile_pairwise_intersections:166 - grab intersections for 165: 0:00:11.086369
2022-09-27 12:25:16.565 | INFO     | __main__:compile_pairwise_intersections:166 - grab intersections for 167: 0:00:10.899337
2022-09-27 12:25:28.061 | INFO     | __main__:compile_pairwise_intersections:166 - grab intersections for 168: 0:00:11.427151
2022-09-27 12:25:37.616 | INFO     | __main__:compile_pairwise_intersections:166 - grab intersections for 169: 0:00:09.460715
2022-09-27 12:25:48.935 | INFO     | __main__:compile_pairwise_intersections:166 - grab intersections for 170: 0:00:11.209065
2022-09-27 12:25:59.354 | INFO     | __main__:compile_pairwise_intersections:166 - grab intersections for 171: 0:00:10.309765
2022-09-27 12:26:09.959 | INFO     | __main__:compile_pairwise_intersections:166 - grab intersections for 172: 0:00:10.533693
2022-09-27 12:26:20.045 | INFO     | __main__:compile_pairwise_intersections:166 - grab intersections for 173: 0:00:10.008384
2022-09-27 12:26:30.373 | INFO     | __main__:compile_pairwise_intersections:166 - grab intersections for 174: 0:00:10.232933
2022-09-27 12:26:40.721 | INFO     | __main__:compile_pairwise_intersections:166 - grab intersections for 176: 0:00:10.275699
2022-09-27 12:26:51.507 | INFO     | __main__:compile_pairwise_intersections:166 - grab intersections for 177: 0:00:10.696336
2022-09-27 12:27:03.078 | INFO     | __main__:compile_pairwise_intersections:166 - grab intersections for 178: 0:00:11.469347
2022-09-27 12:27:13.512 | INFO     | __main__:compile_pairwise_intersections:166 - grab intersections for 179: 0:00:10.318908
2022-09-27 12:27:24.565 | INFO     | __main__:compile_pairwise_intersections:166 - grab intersections for 181: 0:00:10.916434
2022-09-27 12:27:40.285 | INFO     | __main__:compile_pairwise_intersections:166 - grab intersections for 182: 0:00:15.651821
2022-09-27 12:27:52.029 | INFO     | __main__:compile_pairwise_intersections:166 - grab intersections for 183: 0:00:11.657755
2022-09-27 12:28:02.066 | INFO     | __main__:compile_pairwise_intersections:166 - grab intersections for 187: 0:00:09.940277
2022-09-27 12:28:12.170 | INFO     | __main__:compile_pairwise_intersections:166 - grab intersections for 190: 0:00:10.002160
2022-09-27 12:28:24.773 | INFO     | __main__:compile_pairwise_intersections:166 - grab intersections for 194: 0:00:12.474685
2022-09-27 12:28:34.369 | INFO     | __main__:compile_pairwise_intersections:166 - grab intersections for 198: 0:00:09.492760
2022-09-27 12:28:44.272 | INFO     | __main__:compile_pairwise_intersections:166 - grab intersections for 201: 0:00:09.816999
2022-09-27 12:28:55.474 | INFO     | __main__:compile_pairwise_intersections:166 - grab intersections for 206: 0:00:11.082721
2022-09-27 12:29:06.511 | INFO     | __main__:compile_pairwise_intersections:166 - grab intersections for 207: 0:00:10.951568
2022-09-27 12:29:19.151 | INFO     | __main__:compile_pairwise_intersections:166 - grab intersections for 208: 0:00:12.556094
2022-09-27 12:29:30.547 | INFO     | __main__:compile_pairwise_intersections:166 - grab intersections for 212: 0:00:11.284585
2022-09-27 12:29:41.271 | INFO     | __main__:compile_pairwise_intersections:166 - grab intersections for 214: 0:00:10.573595
2022-09-27 12:29:52.336 | INFO     | __main__:compile_pairwise_intersections:166 - grab intersections for 217: 0:00:10.922892
2022-09-27 12:30:02.850 | INFO     | __main__:compile_pairwise_intersections:166 - grab intersections for 218: 0:00:10.427846
2022-09-27 12:30:13.502 | INFO     | __main__:compile_pairwise_intersections:166 - grab intersections for 221: 0:00:10.496919
2022-09-27 12:30:27.967 | INFO     | __main__:compile_pairwise_intersections:166 - grab intersections for 226: 0:00:14.269527
2022-09-27 12:30:39.847 | INFO     | __main__:compile_pairwise_intersections:166 - grab intersections for 228: 0:00:11.693555
2022-09-27 12:30:51.771 | INFO     | __main__:compile_pairwise_intersections:166 - grab intersections for 231: 0:00:11.784554
2022-09-27 12:31:03.958 | INFO     | __main__:compile_pairwise_intersections:166 - grab intersections for 232: 0:00:12.096775
2022-09-27 12:31:16.535 | INFO     | __main__:compile_pairwise_intersections:166 - grab intersections for 235: 0:00:12.414893
2022-09-27 12:31:29.228 | INFO     | __main__:compile_pairwise_intersections:166 - grab intersections for 238: 0:00:12.528632
2022-09-27 12:31:41.049 | INFO     | __main__:compile_pairwise_intersections:166 - grab intersections for 239: 0:00:11.626520
2022-09-27 12:31:51.468 | INFO     | __main__:compile_pairwise_intersections:166 - grab intersections for 243: 0:00:10.317205
2022-09-27 12:32:03.528 | INFO     | __main__:compile_pairwise_intersections:166 - grab intersections for 247: 0:00:11.877893
2022-09-27 12:32:14.003 | INFO     | __main__:compile_pairwise_intersections:166 - grab intersections for 251: 0:00:10.318718
2022-09-27 12:32:25.300 | INFO     | __main__:compile_pairwise_intersections:166 - grab intersections for 257: 0:00:11.125951
2022-09-27 12:32:37.032 | INFO     | __main__:compile_pairwise_intersections:166 - grab intersections for 259: 0:00:11.605902
2022-09-27 12:32:47.895 | INFO     | __main__:compile_pairwise_intersections:166 - grab intersections for 260: 0:00:10.760318
2022-09-27 12:32:59.132 | INFO     | __main__:compile_pairwise_intersections:166 - grab intersections for 261: 0:00:11.022506
2022-09-27 12:33:12.249 | INFO     | __main__:compile_pairwise_intersections:166 - grab intersections for 269: 0:00:12.947403
2022-09-27 12:33:24.515 | INFO     | __main__:compile_pairwise_intersections:166 - grab intersections for 271: 0:00:12.154926
2022-09-27 12:33:38.234 | INFO     | __main__:compile_pairwise_intersections:166 - grab intersections for 273: 0:00:13.576117
2022-09-27 12:33:54.312 | INFO     | __main__:compile_pairwise_intersections:166 - grab intersections for 278: 0:00:15.977776
2022-09-27 12:34:09.063 | INFO     | __main__:compile_pairwise_intersections:166 - grab intersections for 279: 0:00:14.626100
2022-09-27 12:34:19.939 | INFO     | __main__:compile_pairwise_intersections:166 - grab intersections for 280: 0:00:10.681478
2022-09-27 12:34:30.501 | INFO     | __main__:compile_pairwise_intersections:166 - grab intersections for 281: 0:00:10.441003
2022-09-27 12:34:47.403 | INFO     | __main__:compile_pairwise_intersections:166 - grab intersections for 282: 0:00:16.758624
2022-09-27 12:35:00.416 | INFO     | __main__:compile_pairwise_intersections:166 - grab intersections for 284: 0:00:12.890555
2022-09-27 12:35:12.657 | INFO     | __main__:compile_pairwise_intersections:166 - grab intersections for 287: 0:00:12.018304
2022-09-27 12:35:25.234 | INFO     | __main__:compile_pairwise_intersections:166 - grab intersections for 289: 0:00:12.362426
2022-09-27 12:35:40.361 | INFO     | __main__:compile_pairwise_intersections:166 - grab intersections for 290: 0:00:14.949356
2022-09-27 12:35:54.639 | INFO     | __main__:compile_pairwise_intersections:166 - grab intersections for 293: 0:00:14.038584
2022-09-27 12:36:11.301 | INFO     | __main__:compile_pairwise_intersections:166 - grab intersections for 294: 0:00:16.521767
2022-09-27 12:36:25.033 | INFO     | __main__:compile_pairwise_intersections:166 - grab intersections for 295: 0:00:13.485828
2022-09-27 12:36:38.137 | INFO     | __main__:compile_pairwise_intersections:166 - grab intersections for 296: 0:00:12.806455
2022-09-27 12:36:49.787 | INFO     | __main__:compile_pairwise_intersections:166 - grab intersections for 298: 0:00:11.379970
2022-09-27 12:37:01.514 | INFO     | __main__:compile_pairwise_intersections:166 - grab intersections for 300: 0:00:11.490511
2022-09-27 12:37:13.039 | INFO     | __main__:compile_pairwise_intersections:166 - grab intersections for 301: 0:00:11.317508
2022-09-27 12:37:24.409 | INFO     | __main__:compile_pairwise_intersections:166 - grab intersections for 308: 0:00:11.134943
2022-09-27 12:37:37.113 | INFO     | __main__:compile_pairwise_intersections:166 - grab intersections for 310: 0:00:12.539204
2022-09-27 12:37:49.726 | INFO     | __main__:compile_pairwise_intersections:166 - grab intersections for 312: 0:00:12.347521
2022-09-27 12:38:02.208 | INFO     | __main__:compile_pairwise_intersections:166 - grab intersections for 314: 0:00:12.333475
2022-09-27 12:38:12.540 | INFO     | __main__:compile_pairwise_intersections:166 - grab intersections for 323: 0:00:10.020166
2022-09-27 12:38:23.462 | INFO     | __main__:compile_pairwise_intersections:166 - grab intersections for 324: 0:00:10.707647
2022-09-27 12:38:35.642 | INFO     | __main__:compile_pairwise_intersections:166 - grab intersections for 329: 0:00:11.982980
2022-09-27 12:38:46.720 | INFO     | __main__:compile_pairwise_intersections:166 - grab intersections for 334: 0:00:10.859026
2022-09-27 12:38:59.169 | INFO     | __main__:compile_pairwise_intersections:166 - grab intersections for 336: 0:00:12.171609
2022-09-27 12:39:12.456 | INFO     | __main__:compile_pairwise_intersections:166 - grab intersections for 337: 0:00:13.056032
2022-09-27 12:39:23.072 | INFO     | __main__:compile_pairwise_intersections:166 - grab intersections for 339: 0:00:10.424734
2022-09-27 12:39:33.565 | INFO     | __main__:compile_pairwise_intersections:166 - grab intersections for 341: 0:00:10.325576
2022-09-27 12:39:46.724 | INFO     | __main__:compile_pairwise_intersections:166 - grab intersections for 343: 0:00:12.860348
2022-09-27 12:39:58.151 | INFO     | __main__:compile_pairwise_intersections:166 - grab intersections for 349: 0:00:11.191935
2022-09-27 12:40:09.879 | INFO     | __main__:compile_pairwise_intersections:166 - grab intersections for 350: 0:00:11.565360
2022-09-27 12:40:21.946 | INFO     | __main__:compile_pairwise_intersections:166 - grab intersections for 351: 0:00:11.771799
2022-09-27 12:40:33.246 | INFO     | __main__:compile_pairwise_intersections:166 - grab intersections for 356: 0:00:11.134219
2022-09-27 12:40:46.106 | INFO     | __main__:compile_pairwise_intersections:166 - grab intersections for 360: 0:00:12.689469
2022-09-27 12:41:00.467 | INFO     | __main__:compile_pairwise_intersections:166 - grab intersections for 361: 0:00:14.196615
2022-09-27 12:41:12.299 | INFO     | __main__:compile_pairwise_intersections:166 - grab intersections for 366: 0:00:11.556617
2022-09-27 12:41:23.709 | INFO     | __main__:compile_pairwise_intersections:166 - grab intersections for 367: 0:00:11.172136
2022-09-27 12:41:36.188 | INFO     | __main__:compile_pairwise_intersections:166 - grab intersections for 368: 0:00:12.262963
2022-09-27 12:41:48.356 | INFO     | __main__:compile_pairwise_intersections:166 - grab intersections for 372: 0:00:12.023370
2022-09-27 12:42:01.252 | INFO     | __main__:compile_pairwise_intersections:166 - grab intersections for 376: 0:00:12.585629
2022-09-27 12:42:14.470 | INFO     | __main__:compile_pairwise_intersections:166 - grab intersections for 380: 0:00:12.914652
2022-09-27 12:42:26.325 | INFO     | __main__:compile_pairwise_intersections:166 - grab intersections for 381: 0:00:11.557834
2022-09-27 12:42:38.251 | INFO     | __main__:compile_pairwise_intersections:166 - grab intersections for 386: 0:00:11.677268
2022-09-27 12:42:50.628 | INFO     | __main__:compile_pairwise_intersections:166 - grab intersections for 474: 0:00:12.070146
2022-09-27 12:43:04.338 | INFO     | __main__:compile_pairwise_intersections:166 - grab intersections for 483: 0:00:13.513944
2022-09-27 12:43:18.923 | INFO     | __main__:compile_pairwise_intersections:166 - grab intersections for 484: 0:00:14.306644
2022-09-27 12:43:19.203 | INFO     | __main__:compile_pairwise_intersections:176 - execution time for compiling pairwise: 0:25:49.303648
2022-09-27 12:43:19.910 | INFO     | __main__:<module>:261 - subset corridors: 0:25:58.254951
2022-09-27 12:51:29.945 | INFO     | __main__:<module>:274 - compute for pairwise/subset_corridors: 0:08:10.035113
2022-09-27 12:51:32.779 | INFO     | __main__:<module>:284 - execution time: 0:34:11.124220
2022-09-27 12:51:44.901 | INFO     | __main__:<module>:124 - Analysis date: 2022-09-14
2022-09-27 12:51:46.192 | INFO     | __main__:<module>:135 - read in data, assemble valid ITP_IDS: 0:00:01.274687
2022-09-27 13:00:16.830 | INFO     | __main__:clip_by_itp_id:111 - clipping for 4: 0:08:29.415558
2022-09-27 13:19:44.578 | INFO     | __main__:clip_by_itp_id:111 - clipping for 6: 0:00:03.567699
2022-09-27 13:19:51.121 | INFO     | __main__:clip_by_itp_id:111 - clipping for 14: 0:00:04.207428
2022-09-27 13:19:59.422 | INFO     | __main__:clip_by_itp_id:111 - clipping for 16: 0:00:04.413691
2022-09-27 13:20:06.829 | INFO     | __main__:clip_by_itp_id:111 - clipping for 18: 0:00:03.039544
2022-09-27 13:20:12.183 | INFO     | __main__:clip_by_itp_id:111 - clipping for 29: 0:00:03.077298
2022-09-27 13:20:17.302 | INFO     | __main__:clip_by_itp_id:111 - clipping for 34: 0:00:02.950542
2022-09-27 13:20:23.184 | INFO     | __main__:clip_by_itp_id:111 - clipping for 42: 0:00:03.777722
2022-09-27 13:20:28.568 | INFO     | __main__:clip_by_itp_id:111 - clipping for 45: 0:00:02.895972
2022-09-27 13:20:34.419 | INFO     | __main__:clip_by_itp_id:111 - clipping for 48: 0:00:03.772214
2022-09-27 13:20:50.159 | INFO     | __main__:clip_by_itp_id:111 - clipping for 61: 0:00:12.483624
2022-09-27 13:21:17.497 | INFO     | __main__:clip_by_itp_id:111 - clipping for 70: 0:00:06.109718
2022-09-27 13:21:28.812 | INFO     | __main__:clip_by_itp_id:111 - clipping for 75: 0:00:03.120020
2022-09-27 13:21:36.956 | INFO     | __main__:clip_by_itp_id:111 - clipping for 76: 0:00:05.659587
2022-09-27 13:21:44.811 | INFO     | __main__:clip_by_itp_id:111 - clipping for 77: 0:00:03.505559
2022-09-27 13:21:50.641 | INFO     | __main__:clip_by_itp_id:111 - clipping for 82: 0:00:03.972934
2022-09-27 13:21:58.390 | INFO     | __main__:clip_by_itp_id:111 - clipping for 87: 0:00:04.337366
2022-09-27 13:22:06.430 | INFO     | __main__:clip_by_itp_id:111 - clipping for 95: 0:00:02.888219
2022-09-27 13:22:11.537 | INFO     | __main__:clip_by_itp_id:111 - clipping for 98: 0:00:02.634993
2022-09-27 13:22:14.372 | INFO     | __main__:clip_by_itp_id:111 - clipping for 99: 0:00:02.829473
2022-09-27 13:22:19.950 | INFO     | __main__:clip_by_itp_id:111 - clipping for 101: 0:00:03.198070
2022-09-27 13:22:23.210 | INFO     | __main__:clip_by_itp_id:111 - clipping for 102: 0:00:03.252197
2022-09-27 13:22:29.283 | INFO     | __main__:clip_by_itp_id:111 - clipping for 105: 0:00:06.059738
2022-09-27 13:22:44.943 | INFO     | __main__:clip_by_itp_id:111 - clipping for 106: 0:00:03.874278
2022-09-27 13:22:53.166 | INFO     | __main__:clip_by_itp_id:111 - clipping for 108: 0:00:03.668657
2022-09-27 13:22:59.910 | INFO     | __main__:clip_by_itp_id:111 - clipping for 110: 0:00:03.925712
2022-09-27 13:23:14.506 | INFO     | __main__:clip_by_itp_id:111 - clipping for 112: 0:00:10.861447
2022-09-27 13:23:42.399 | INFO     | __main__:clip_by_itp_id:111 - clipping for 116: 0:00:04.594009
2022-09-27 13:23:49.725 | INFO     | __main__:clip_by_itp_id:111 - clipping for 120: 0:00:03.718201
2022-09-27 13:23:56.053 | INFO     | __main__:clip_by_itp_id:111 - clipping for 121: 0:00:02.748772
2022-09-27 13:24:04.738 | INFO     | __main__:clip_by_itp_id:111 - clipping for 123: 0:00:06.569293
2022-09-27 13:24:23.131 | INFO     | __main__:clip_by_itp_id:111 - clipping for 126: 0:00:04.286028
2022-09-27 13:24:32.356 | INFO     | __main__:clip_by_itp_id:111 - clipping for 127: 0:00:05.053788
2022-09-27 13:24:42.366 | INFO     | __main__:clip_by_itp_id:111 - clipping for 129: 0:00:03.012514
2022-09-27 13:24:45.953 | INFO     | __main__:clip_by_itp_id:111 - clipping for 135: 0:00:03.580115
2022-09-27 13:25:28.377 | INFO     | __main__:clip_by_itp_id:111 - clipping for 142: 0:00:39.918765
2022-09-27 13:27:10.971 | INFO     | __main__:clip_by_itp_id:111 - clipping for 146: 0:00:03.677275
2022-09-27 13:27:16.885 | INFO     | __main__:clip_by_itp_id:111 - clipping for 148: 0:00:03.628245
2022-09-27 13:27:20.422 | INFO     | __main__:clip_by_itp_id:111 - clipping for 159: 0:00:03.526762
2022-09-27 13:27:26.214 | INFO     | __main__:clip_by_itp_id:111 - clipping for 165: 0:00:03.057825
2022-09-27 13:27:32.313 | INFO     | __main__:clip_by_itp_id:111 - clipping for 167: 0:00:03.334667
2022-09-27 13:27:38.456 | INFO     | __main__:clip_by_itp_id:111 - clipping for 168: 0:00:03.254556
2022-09-27 13:27:44.261 | INFO     | __main__:clip_by_itp_id:111 - clipping for 169: 0:00:03.223595
2022-09-27 13:28:17.031 | INFO     | __main__:clip_by_itp_id:111 - clipping for 170: 0:00:32.762524
2022-09-27 13:29:22.644 | INFO     | __main__:clip_by_itp_id:111 - clipping for 171: 0:00:04.529472
2022-09-27 13:29:29.730 | INFO     | __main__:clip_by_itp_id:111 - clipping for 172: 0:00:03.716269
2022-09-27 13:29:36.344 | INFO     | __main__:clip_by_itp_id:111 - clipping for 173: 0:00:03.780859
2022-09-27 13:29:43.014 | INFO     | __main__:clip_by_itp_id:111 - clipping for 174: 0:00:03.489098
2022-09-27 13:29:49.770 | INFO     | __main__:clip_by_itp_id:111 - clipping for 176: 0:00:03.498326
2022-09-27 13:29:57.225 | INFO     | __main__:clip_by_itp_id:111 - clipping for 177: 0:00:03.825291
2022-09-27 13:30:04.674 | INFO     | __main__:clip_by_itp_id:111 - clipping for 178: 0:00:03.853694
2022-09-27 13:30:11.669 | INFO     | __main__:clip_by_itp_id:111 - clipping for 179: 0:00:03.490271
2022-09-27 13:30:18.331 | INFO     | __main__:clip_by_itp_id:111 - clipping for 181: 0:00:03.297747
2022-09-27 13:36:49.289 | INFO     | __main__:clip_by_itp_id:111 - clipping for 182: 0:06:28.029254
2022-09-27 13:48:13.130 | INFO     | __main__:clip_by_itp_id:111 - clipping for 183: 0:00:48.894026
2022-09-27 13:49:24.375 | INFO     | __main__:clip_by_itp_id:111 - clipping for 187: 0:00:02.931936
2022-09-27 13:49:29.261 | INFO     | __main__:clip_by_itp_id:111 - clipping for 190: 0:00:03.015827
2022-09-27 13:49:44.335 | INFO     | __main__:clip_by_itp_id:111 - clipping for 194: 0:00:12.840212
2022-09-27 13:50:16.562 | INFO     | __main__:clip_by_itp_id:111 - clipping for 198: 0:00:02.797283
2022-09-27 13:50:19.584 | INFO     | __main__:clip_by_itp_id:111 - clipping for 201: 0:00:03.016304
2022-09-27 13:50:25.740 | INFO     | __main__:clip_by_itp_id:111 - clipping for 206: 0:00:03.377593
2022-09-27 13:50:31.618 | INFO     | __main__:clip_by_itp_id:111 - clipping for 207: 0:00:03.100487
2022-09-27 13:50:39.679 | INFO     | __main__:clip_by_itp_id:111 - clipping for 208: 0:00:08.054619
2022-09-27 13:50:55.553 | INFO     | __main__:clip_by_itp_id:111 - clipping for 212: 0:00:03.124021
2022-09-27 13:51:00.500 | INFO     | __main__:clip_by_itp_id:111 - clipping for 214: 0:00:02.916362
2022-09-27 13:51:04.028 | INFO     | __main__:clip_by_itp_id:111 - clipping for 217: 0:00:03.520531
2022-09-27 13:51:10.966 | INFO     | __main__:clip_by_itp_id:111 - clipping for 218: 0:00:03.287321
2022-09-27 13:51:16.253 | INFO     | __main__:clip_by_itp_id:111 - clipping for 221: 0:00:03.027509
2022-09-27 13:51:26.094 | INFO     | __main__:clip_by_itp_id:111 - clipping for 226: 0:00:07.602600
2022-09-27 13:51:42.908 | INFO     | __main__:clip_by_itp_id:111 - clipping for 228: 0:00:03.221860
2022-09-27 13:51:59.873 | INFO     | __main__:clip_by_itp_id:111 - clipping for 231: 0:00:14.894402
2022-09-27 13:52:32.287 | INFO     | __main__:clip_by_itp_id:111 - clipping for 232: 0:00:04.384729
2022-09-27 13:53:19.243 | INFO     | __main__:clip_by_itp_id:111 - clipping for 235: 0:00:40.565191
2022-09-27 13:54:49.054 | INFO     | __main__:clip_by_itp_id:111 - clipping for 238: 0:00:02.817922
2022-09-27 13:54:53.730 | INFO     | __main__:clip_by_itp_id:111 - clipping for 239: 0:00:02.815833
2022-09-27 13:54:59.098 | INFO     | __main__:clip_by_itp_id:111 - clipping for 243: 0:00:03.482164
2022-09-27 13:55:05.607 | INFO     | __main__:clip_by_itp_id:111 - clipping for 247: 0:00:03.165213
2022-09-27 13:55:10.786 | INFO     | __main__:clip_by_itp_id:111 - clipping for 251: 0:00:02.736839
2022-09-27 13:55:13.572 | INFO     | __main__:clip_by_itp_id:111 - clipping for 257: 0:00:02.778934
2022-09-27 13:55:17.295 | INFO     | __main__:clip_by_itp_id:111 - clipping for 259: 0:00:03.716265
2022-09-27 13:55:25.258 | INFO     | __main__:clip_by_itp_id:111 - clipping for 260: 0:00:03.983687
2022-09-27 13:55:32.209 | INFO     | __main__:clip_by_itp_id:111 - clipping for 261: 0:00:04.734964
2022-09-27 13:55:42.732 | INFO     | __main__:clip_by_itp_id:111 - clipping for 269: 0:00:07.930942
2022-09-27 13:55:59.551 | INFO     | __main__:clip_by_itp_id:111 - clipping for 271: 0:00:04.387449
2022-09-27 13:56:25.040 | INFO     | __main__:clip_by_itp_id:111 - clipping for 273: 0:00:20.580519
2022-09-27 13:58:07.481 | INFO     | __main__:clip_by_itp_id:111 - clipping for 278: 0:00:37.792351
2022-09-27 13:59:59.546 | INFO     | __main__:clip_by_itp_id:111 - clipping for 279: 0:00:18.829144
2022-09-27 14:00:47.266 | INFO     | __main__:clip_by_itp_id:111 - clipping for 280: 0:00:03.145869
2022-09-27 14:00:52.700 | INFO     | __main__:clip_by_itp_id:111 - clipping for 281: 0:00:03.443189
2022-09-27 14:03:00.282 | INFO     | __main__:clip_by_itp_id:111 - clipping for 282: 0:02:07.572825
2022-09-27 14:10:22.281 | INFO     | __main__:clip_by_itp_id:111 - clipping for 284: 0:00:09.223385
2022-09-27 14:10:38.864 | INFO     | __main__:clip_by_itp_id:111 - clipping for 287: 0:00:03.325252
2022-09-27 14:10:44.242 | INFO     | __main__:clip_by_itp_id:111 - clipping for 289: 0:00:03.051417
2022-09-27 14:11:22.829 | INFO     | __main__:clip_by_itp_id:111 - clipping for 290: 0:00:36.117583
2022-09-27 14:13:12.598 | INFO     | __main__:clip_by_itp_id:111 - clipping for 293: 0:00:06.734010
2022-09-27 14:14:13.169 | INFO     | __main__:clip_by_itp_id:111 - clipping for 294: 0:00:49.205755
2022-09-27 14:17:00.998 | INFO     | __main__:clip_by_itp_id:111 - clipping for 295: 0:00:12.573318
2022-09-27 14:17:19.737 | INFO     | __main__:clip_by_itp_id:111 - clipping for 296: 0:00:05.768338
2022-09-27 14:17:36.362 | INFO     | __main__:clip_by_itp_id:111 - clipping for 298: 0:00:04.630622
2022-09-27 14:17:44.612 | INFO     | __main__:clip_by_itp_id:111 - clipping for 300: 0:00:08.240166
2022-09-27 14:18:13.001 | INFO     | __main__:clip_by_itp_id:111 - clipping for 301: 0:00:06.690133
2022-09-27 14:18:20.372 | INFO     | __main__:clip_by_itp_id:111 - clipping for 308: 0:00:03.498806
2022-09-27 14:18:24.208 | INFO     | __main__:clip_by_itp_id:111 - clipping for 310: 0:00:03.829152
2022-09-27 14:18:31.137 | INFO     | __main__:clip_by_itp_id:111 - clipping for 312: 0:00:02.684335
2022-09-27 14:18:42.725 | INFO     | __main__:clip_by_itp_id:111 - clipping for 314: 0:00:11.579585
2022-09-27 14:19:02.495 | INFO     | __main__:clip_by_itp_id:111 - clipping for 323: 0:00:03.574663
2022-09-27 14:19:10.287 | INFO     | __main__:clip_by_itp_id:111 - clipping for 324: 0:00:05.000411
2022-09-27 14:19:21.534 | INFO     | __main__:clip_by_itp_id:111 - clipping for 329: 0:00:03.182930
2022-09-27 14:19:27.737 | INFO     | __main__:clip_by_itp_id:111 - clipping for 334: 0:00:03.027298
2022-09-27 14:19:36.900 | INFO     | __main__:clip_by_itp_id:111 - clipping for 336: 0:00:06.007635
2022-09-27 14:19:49.483 | INFO     | __main__:clip_by_itp_id:111 - clipping for 337: 0:00:03.362759
2022-09-27 14:19:54.777 | INFO     | __main__:clip_by_itp_id:111 - clipping for 339: 0:00:03.456137
2022-09-27 14:19:59.616 | INFO     | __main__:clip_by_itp_id:111 - clipping for 341: 0:00:02.749214
2022-09-27 14:20:04.404 | INFO     | __main__:clip_by_itp_id:111 - clipping for 343: 0:00:04.780866
2022-09-27 14:20:12.633 | INFO     | __main__:clip_by_itp_id:111 - clipping for 349: 0:00:02.668844
2022-09-27 14:20:18.208 | INFO     | __main__:clip_by_itp_id:111 - clipping for 350: 0:00:03.447692
2022-09-27 14:20:25.244 | INFO     | __main__:clip_by_itp_id:111 - clipping for 351: 0:00:03.120312
2022-09-27 14:20:31.025 | INFO     | __main__:clip_by_itp_id:111 - clipping for 356: 0:00:03.392557
2022-09-27 14:20:38.010 | INFO     | __main__:clip_by_itp_id:111 - clipping for 360: 0:00:04.115439
2022-09-27 14:20:45.102 | INFO     | __main__:clip_by_itp_id:111 - clipping for 361: 0:00:03.433535
2022-09-27 14:20:51.309 | INFO     | __main__:clip_by_itp_id:111 - clipping for 366: 0:00:03.134088
2022-09-27 14:20:56.480 | INFO     | __main__:clip_by_itp_id:111 - clipping for 367: 0:00:02.756431
2022-09-27 14:21:03.264 | INFO     | __main__:clip_by_itp_id:111 - clipping for 368: 0:00:04.713138
2022-09-27 14:21:13.367 | INFO     | __main__:clip_by_itp_id:111 - clipping for 372: 0:00:05.306017
2022-09-27 14:21:24.054 | INFO     | __main__:clip_by_itp_id:111 - clipping for 376: 0:00:03.529145
2022-09-27 14:21:31.286 | INFO     | __main__:clip_by_itp_id:111 - clipping for 380: 0:00:04.326154
2022-09-27 14:21:39.158 | INFO     | __main__:clip_by_itp_id:111 - clipping for 381: 0:00:03.577167
2022-09-27 14:21:46.101 | INFO     | __main__:clip_by_itp_id:111 - clipping for 386: 0:00:03.184870
2022-09-27 14:21:51.629 | INFO     | __main__:clip_by_itp_id:111 - clipping for 474: 0:00:03.362760
2022-09-27 14:21:58.357 | INFO     | __main__:clip_by_itp_id:111 - clipping for 483: 0:00:03.533001
2022-09-27 14:22:05.934 | INFO     | __main__:clip_by_itp_id:111 - clipping for 484: 0:00:05.223844
2022-09-27 14:51:12.923 | INFO     | __main__:<module>:158 - compute for full clipped df: 1:59:26.731099
2022-09-27 14:51:15.335 | INFO     | __main__:<module>:168 - execution time: 1:59:30.417765
2022-09-27 14:51:28.651 | INFO     | __main__:<module>:202 - Analysis date: 2022-09-14
2022-09-27 14:51:43.144 | INFO     | __main__:<module>:215 - grab all stops
2022-09-27 14:51:43.241 | INFO     | __main__:<module>:219 - create major stop bus
2022-09-27 14:51:43.743 | INFO     | __main__:<module>:223 - create hq corridor bus
2022-09-27 14:51:53.448 | INFO     | __main__:<module>:240 - execution time: 0:00:24.795167
2022-09-27 14:58:59.286 | INFO     | __main__:<module>:136 - Analysis date: 2022-09-14
2022-09-27 14:59:16.665 | INFO     | __main__:<module>:147 - filter and buffer: 0:00:17.354884
2022-09-27 14:59:18.054 | INFO     | __main__:<module>:158 - export as geoparquet in date folder
2022-09-27 14:59:19.357 | INFO     | __main__:<module>:166 - export as geoparquet
2022-09-27 14:59:59.225 | INFO     | __main__:<module>:175 - export as geojson
2022-09-27 15:00:29.044 | INFO     | __main__:<module>:183 - export as geojsonl
2022-09-27 15:00:29.047 | INFO     | __main__:<module>:186 - execution time: 0:01:29.736540
