2022-08-31 12:14:13.787 | INFO     | __main__:<module>:132 - read in data, assemble valid ITP_IDS: 0:00:01.249134
2022-08-31 12:21:10.498 | INFO     | __main__:clip_by_itp_id:110 - clipping for 4: 0:06:54.987685
2022-08-31 12:36:25.703 | INFO     | __main__:clip_by_itp_id:110 - clipping for 6: 0:00:03.026602
2022-08-31 12:36:31.307 | INFO     | __main__:clip_by_itp_id:110 - clipping for 14: 0:00:03.586686
2022-08-31 12:36:38.699 | INFO     | __main__:clip_by_itp_id:110 - clipping for 16: 0:00:04.043939
2022-08-31 12:36:45.499 | INFO     | __main__:clip_by_itp_id:110 - clipping for 18: 0:00:02.648352
2022-08-31 12:36:48.153 | INFO     | __main__:clip_by_itp_id:110 - clipping for 29: 0:00:02.646663
2022-08-31 12:36:52.935 | INFO     | __main__:clip_by_itp_id:110 - clipping for 34: 0:00:02.835905
2022-08-31 12:36:57.690 | INFO     | __main__:clip_by_itp_id:110 - clipping for 42: 0:00:02.808324
2022-08-31 12:37:00.423 | INFO     | __main__:clip_by_itp_id:110 - clipping for 45: 0:00:02.724926
2022-08-31 12:37:05.979 | INFO     | __main__:clip_by_itp_id:110 - clipping for 48: 0:00:03.603831
2022-08-31 12:37:23.553 | INFO     | __main__:clip_by_itp_id:110 - clipping for 61: 0:00:14.264422
2022-08-31 12:37:52.870 | INFO     | __main__:clip_by_itp_id:110 - clipping for 70: 0:00:05.977946
2022-08-31 12:38:04.050 | INFO     | __main__:clip_by_itp_id:110 - clipping for 75: 0:00:02.881144
2022-08-31 12:38:10.485 | INFO     | __main__:clip_by_itp_id:110 - clipping for 76: 0:00:04.472294
2022-08-31 12:38:17.979 | INFO     | __main__:clip_by_itp_id:110 - clipping for 77: 0:00:02.734441
2022-08-31 12:38:23.323 | INFO     | __main__:clip_by_itp_id:110 - clipping for 82: 0:00:03.344108
2022-08-31 12:38:29.979 | INFO     | __main__:clip_by_itp_id:110 - clipping for 87: 0:00:03.569691
2022-08-31 12:38:36.466 | INFO     | __main__:clip_by_itp_id:110 - clipping for 95: 0:00:02.917168
2022-08-31 12:38:41.348 | INFO     | __main__:clip_by_itp_id:110 - clipping for 98: 0:00:02.561796
2022-08-31 12:38:44.628 | INFO     | __main__:clip_by_itp_id:110 - clipping for 99: 0:00:03.274551
2022-08-31 12:38:49.595 | INFO     | __main__:clip_by_itp_id:110 - clipping for 101: 0:00:02.816039
2022-08-31 12:38:52.426 | INFO     | __main__:clip_by_itp_id:110 - clipping for 102: 0:00:02.825061
2022-08-31 12:38:57.074 | INFO     | __main__:clip_by_itp_id:110 - clipping for 105: 0:00:04.640674
2022-08-31 12:39:06.298 | INFO     | __main__:clip_by_itp_id:110 - clipping for 106: 0:00:03.116317
2022-08-31 12:39:12.296 | INFO     | __main__:clip_by_itp_id:110 - clipping for 108: 0:00:02.826956
2022-08-31 12:39:15.758 | INFO     | __main__:clip_by_itp_id:110 - clipping for 110: 0:00:03.454570
2022-08-31 12:39:31.610 | INFO     | __main__:clip_by_itp_id:110 - clipping for 112: 0:00:12.614638
2022-08-31 12:39:58.689 | INFO     | __main__:clip_by_itp_id:110 - clipping for 116: 0:00:03.643798
2022-08-31 12:40:05.361 | INFO     | __main__:clip_by_itp_id:110 - clipping for 120: 0:00:03.100730
2022-08-31 12:40:10.651 | INFO     | __main__:clip_by_itp_id:110 - clipping for 121: 0:00:02.784498
2022-08-31 12:40:19.729 | INFO     | __main__:clip_by_itp_id:110 - clipping for 123: 0:00:07.190932
2022-08-31 12:40:34.667 | INFO     | __main__:clip_by_itp_id:110 - clipping for 126: 0:00:03.988545
2022-08-31 12:40:43.636 | INFO     | __main__:clip_by_itp_id:110 - clipping for 127: 0:00:05.155078
2022-08-31 12:40:52.597 | INFO     | __main__:clip_by_itp_id:110 - clipping for 129: 0:00:02.650775
2022-08-31 12:40:55.416 | INFO     | __main__:clip_by_itp_id:110 - clipping for 135: 0:00:02.812272
2022-08-31 12:41:42.517 | INFO     | __main__:clip_by_itp_id:110 - clipping for 142: 0:00:47.092003
2022-08-31 12:43:23.074 | INFO     | __main__:clip_by_itp_id:110 - clipping for 146: 0:00:02.924599
2022-08-31 12:43:28.374 | INFO     | __main__:clip_by_itp_id:110 - clipping for 148: 0:00:02.997895
2022-08-31 12:43:31.191 | INFO     | __main__:clip_by_itp_id:110 - clipping for 154: 0:00:02.808024
2022-08-31 12:43:34.148 | INFO     | __main__:clip_by_itp_id:110 - clipping for 159: 0:00:02.948430
2022-08-31 12:43:39.176 | INFO     | __main__:clip_by_itp_id:110 - clipping for 165: 0:00:02.781935
2022-08-31 12:43:44.454 | INFO     | __main__:clip_by_itp_id:110 - clipping for 167: 0:00:03.122966
2022-08-31 12:43:49.695 | INFO     | __main__:clip_by_itp_id:110 - clipping for 168: 0:00:02.864547
2022-08-31 12:43:54.708 | INFO     | __main__:clip_by_itp_id:110 - clipping for 169: 0:00:02.698296
2022-08-31 12:44:20.587 | INFO     | __main__:clip_by_itp_id:110 - clipping for 170: 0:00:25.871961
2022-08-31 12:45:20.917 | INFO     | __main__:clip_by_itp_id:110 - clipping for 171: 0:00:03.428112
2022-08-31 12:45:26.936 | INFO     | __main__:clip_by_itp_id:110 - clipping for 172: 0:00:03.162370
2022-08-31 12:45:32.985 | INFO     | __main__:clip_by_itp_id:110 - clipping for 173: 0:00:03.182709
2022-08-31 12:45:39.214 | INFO     | __main__:clip_by_itp_id:110 - clipping for 174: 0:00:03.322781
2022-08-31 12:45:45.229 | INFO     | __main__:clip_by_itp_id:110 - clipping for 176: 0:00:03.140035
2022-08-31 12:45:51.427 | INFO     | __main__:clip_by_itp_id:110 - clipping for 177: 0:00:03.223097
2022-08-31 12:45:57.588 | INFO     | __main__:clip_by_itp_id:110 - clipping for 178: 0:00:03.281369
2022-08-31 12:46:03.836 | INFO     | __main__:clip_by_itp_id:110 - clipping for 179: 0:00:03.178884
2022-08-31 12:46:10.081 | INFO     | __main__:clip_by_itp_id:110 - clipping for 181: 0:00:03.246233
2022-08-31 12:50:53.424 | INFO     | __main__:clip_by_itp_id:110 - clipping for 182: 0:04:40.528766
2022-08-31 13:01:49.233 | INFO     | __main__:clip_by_itp_id:110 - clipping for 183: 0:00:34.334663
2022-08-31 13:03:04.397 | INFO     | __main__:clip_by_itp_id:110 - clipping for 187: 0:00:02.968703
2022-08-31 13:03:09.454 | INFO     | __main__:clip_by_itp_id:110 - clipping for 190: 0:00:03.043651
2022-08-31 13:03:27.854 | INFO     | __main__:clip_by_itp_id:110 - clipping for 194: 0:00:16.131330
2022-08-31 13:04:02.413 | INFO     | __main__:clip_by_itp_id:110 - clipping for 198: 0:00:02.917617
2022-08-31 13:04:05.267 | INFO     | __main__:clip_by_itp_id:110 - clipping for 201: 0:00:02.847536
2022-08-31 13:04:10.708 | INFO     | __main__:clip_by_itp_id:110 - clipping for 206: 0:00:03.352681
2022-08-31 13:04:16.177 | INFO     | __main__:clip_by_itp_id:110 - clipping for 207: 0:00:02.731567
2022-08-31 13:04:22.173 | INFO     | __main__:clip_by_itp_id:110 - clipping for 208: 0:00:05.988425
2022-08-31 13:04:33.380 | INFO     | __main__:clip_by_itp_id:110 - clipping for 212: 0:00:02.851540
2022-08-31 13:04:38.207 | INFO     | __main__:clip_by_itp_id:110 - clipping for 214: 0:00:02.715270
2022-08-31 13:04:43.104 | INFO     | __main__:clip_by_itp_id:110 - clipping for 217: 0:00:04.891355
2022-08-31 13:04:52.520 | INFO     | __main__:clip_by_itp_id:110 - clipping for 218: 0:00:02.967036
2022-08-31 13:04:57.918 | INFO     | __main__:clip_by_itp_id:110 - clipping for 221: 0:00:03.024169
2022-08-31 13:05:08.701 | INFO     | __main__:clip_by_itp_id:110 - clipping for 226: 0:00:08.515027
2022-08-31 13:05:24.445 | INFO     | __main__:clip_by_itp_id:110 - clipping for 228: 0:00:02.872716
2022-08-31 13:05:39.084 | INFO     | __main__:clip_by_itp_id:110 - clipping for 231: 0:00:12.471680
2022-08-31 13:06:05.195 | INFO     | __main__:clip_by_itp_id:110 - clipping for 232: 0:00:04.487425
2022-08-31 13:06:57.303 | INFO     | __main__:clip_by_itp_id:110 - clipping for 235: 0:00:46.869713
2022-08-31 13:08:39.062 | INFO     | __main__:clip_by_itp_id:110 - clipping for 238: 0:00:02.794062
2022-08-31 13:08:44.317 | INFO     | __main__:clip_by_itp_id:110 - clipping for 243: 0:00:03.206749
2022-08-31 13:08:50.200 | INFO     | __main__:clip_by_itp_id:110 - clipping for 247: 0:00:03.140332
2022-08-31 13:08:55.549 | INFO     | __main__:clip_by_itp_id:110 - clipping for 251: 0:00:02.856998
2022-08-31 13:08:58.191 | INFO     | __main__:clip_by_itp_id:110 - clipping for 257: 0:00:02.634454
2022-08-31 13:09:01.622 | INFO     | __main__:clip_by_itp_id:110 - clipping for 259: 0:00:03.425387
2022-08-31 13:09:07.386 | INFO     | __main__:clip_by_itp_id:110 - clipping for 260: 0:00:02.699646
2022-08-31 13:09:12.232 | INFO     | __main__:clip_by_itp_id:110 - clipping for 261: 0:00:02.957809
2022-08-31 13:09:23.434 | INFO     | __main__:clip_by_itp_id:110 - clipping for 269: 0:00:08.924535
2022-08-31 13:09:42.732 | INFO     | __main__:clip_by_itp_id:110 - clipping for 271: 0:00:03.965409
2022-08-31 13:10:32.308 | INFO     | __main__:clip_by_itp_id:110 - clipping for 278: 0:00:45.642719
2022-08-31 13:12:10.487 | INFO     | __main__:clip_by_itp_id:110 - clipping for 280: 0:00:02.961677
2022-08-31 13:12:15.279 | INFO     | __main__:clip_by_itp_id:110 - clipping for 281: 0:00:02.834964
2022-08-31 13:14:41.685 | INFO     | __main__:clip_by_itp_id:110 - clipping for 282: 0:02:24.450437
2022-08-31 13:20:03.856 | INFO     | __main__:clip_by_itp_id:110 - clipping for 284: 0:00:07.904994
2022-08-31 13:20:19.049 | INFO     | __main__:clip_by_itp_id:110 - clipping for 287: 0:00:02.817495
2022-08-31 13:20:24.332 | INFO     | __main__:clip_by_itp_id:110 - clipping for 289: 0:00:03.205023
2022-08-31 13:21:09.244 | INFO     | __main__:clip_by_itp_id:110 - clipping for 290: 0:00:42.673598
2022-08-31 13:22:43.126 | INFO     | __main__:clip_by_itp_id:110 - clipping for 293: 0:00:03.728934
2022-08-31 13:23:50.980 | INFO     | __main__:clip_by_itp_id:110 - clipping for 294: 0:01:04.847907
2022-08-31 13:26:13.056 | INFO     | __main__:clip_by_itp_id:110 - clipping for 295: 0:00:09.034410
2022-08-31 13:26:32.166 | INFO     | __main__:clip_by_itp_id:110 - clipping for 296: 0:00:04.866734
2022-08-31 13:26:41.214 | INFO     | __main__:clip_by_itp_id:110 - clipping for 298: 0:00:03.251934
2022-08-31 13:26:46.296 | INFO     | __main__:clip_by_itp_id:110 - clipping for 300: 0:00:05.073376
2022-08-31 13:26:57.084 | INFO     | __main__:clip_by_itp_id:110 - clipping for 301: 0:00:03.656327
2022-08-31 13:27:03.657 | INFO     | __main__:clip_by_itp_id:110 - clipping for 308: 0:00:02.789755
2022-08-31 13:27:07.198 | INFO     | __main__:clip_by_itp_id:110 - clipping for 310: 0:00:03.534495
2022-08-31 13:27:13.527 | INFO     | __main__:clip_by_itp_id:110 - clipping for 312: 0:00:02.722024
2022-08-31 13:27:21.946 | INFO     | __main__:clip_by_itp_id:110 - clipping for 314: 0:00:08.414264
2022-08-31 13:27:38.919 | INFO     | __main__:clip_by_itp_id:110 - clipping for 323: 0:00:03.013548
2022-08-31 13:27:46.547 | INFO     | __main__:clip_by_itp_id:110 - clipping for 324: 0:00:04.725864
2022-08-31 13:27:55.993 | INFO     | __main__:clip_by_itp_id:110 - clipping for 327: 0:00:03.352779
2022-08-31 13:28:02.250 | INFO     | __main__:clip_by_itp_id:110 - clipping for 329: 0:00:03.177249
2022-08-31 13:28:07.786 | INFO     | __main__:clip_by_itp_id:110 - clipping for 334: 0:00:03.071356
2022-08-31 13:28:14.808 | INFO     | __main__:clip_by_itp_id:110 - clipping for 336: 0:00:04.448939
2022-08-31 13:28:23.062 | INFO     | __main__:clip_by_itp_id:110 - clipping for 339: 0:00:03.086625
2022-08-31 13:28:28.268 | INFO     | __main__:clip_by_itp_id:110 - clipping for 341: 0:00:02.778755
2022-08-31 13:28:32.411 | INFO     | __main__:clip_by_itp_id:110 - clipping for 343: 0:00:04.136817
2022-08-31 13:28:39.704 | INFO     | __main__:clip_by_itp_id:110 - clipping for 349: 0:00:02.945004
2022-08-31 13:28:45.554 | INFO     | __main__:clip_by_itp_id:110 - clipping for 350: 0:00:03.620317
2022-08-31 13:28:52.189 | INFO     | __main__:clip_by_itp_id:110 - clipping for 351: 0:00:03.247483
2022-08-31 13:28:57.977 | INFO     | __main__:clip_by_itp_id:110 - clipping for 356: 0:00:03.248610
2022-08-31 13:29:04.300 | INFO     | __main__:clip_by_itp_id:110 - clipping for 360: 0:00:03.607813
2022-08-31 13:29:10.654 | INFO     | __main__:clip_by_itp_id:110 - clipping for 361: 0:00:03.294735
2022-08-31 13:29:16.054 | INFO     | __main__:clip_by_itp_id:110 - clipping for 366: 0:00:02.760814
2022-08-31 13:29:20.909 | INFO     | __main__:clip_by_itp_id:110 - clipping for 367: 0:00:02.911422
2022-08-31 13:29:26.800 | INFO     | __main__:clip_by_itp_id:110 - clipping for 368: 0:00:03.863757
2022-08-31 13:29:35.020 | INFO     | __main__:clip_by_itp_id:110 - clipping for 372: 0:00:04.007833
2022-08-31 13:29:42.742 | INFO     | __main__:clip_by_itp_id:110 - clipping for 376: 0:00:03.263667
2022-08-31 13:29:48.592 | INFO     | __main__:clip_by_itp_id:110 - clipping for 380: 0:00:03.299209
2022-08-31 13:29:54.939 | INFO     | __main__:clip_by_itp_id:110 - clipping for 381: 0:00:03.584161
2022-08-31 13:30:01.292 | INFO     | __main__:clip_by_itp_id:110 - clipping for 386: 0:00:02.861428
2022-08-31 13:30:07.227 | INFO     | __main__:clip_by_itp_id:110 - clipping for 474: 0:00:03.807299
2022-08-31 13:30:13.743 | INFO     | __main__:clip_by_itp_id:110 - clipping for 483: 0:00:02.885552
2022-08-31 13:30:21.267 | INFO     | __main__:clip_by_itp_id:110 - clipping for 484: 0:00:05.128925
2022-08-31 13:53:43.053 | INFO     | __main__:<module>:155 - compute for full clipped df: 1:39:29.266643
2022-08-31 13:53:44.893 | INFO     | __main__:<module>:165 - execution time: 1:39:32.355755
2022-09-08 11:17:08.061 | INFO     | __main__:<module>:124 - Analysis date: 2022-08-17
2022-09-08 11:17:09.443 | INFO     | __main__:<module>:135 - read in data, assemble valid ITP_IDS: 0:00:01.370429
2022-09-08 11:24:14.140 | INFO     | __main__:clip_by_itp_id:111 - clipping for 4: 0:07:03.156892
2022-09-08 11:40:19.246 | INFO     | __main__:clip_by_itp_id:111 - clipping for 6: 0:00:03.363640
2022-09-08 11:40:26.090 | INFO     | __main__:clip_by_itp_id:111 - clipping for 14: 0:00:04.150855
2022-09-08 11:40:34.086 | INFO     | __main__:clip_by_itp_id:111 - clipping for 16: 0:00:04.416720
2022-09-08 11:40:41.849 | INFO     | __main__:clip_by_itp_id:111 - clipping for 18: 0:00:03.223900
2022-09-08 11:40:44.590 | INFO     | __main__:clip_by_itp_id:111 - clipping for 29: 0:00:02.733019
2022-09-08 11:40:49.884 | INFO     | __main__:clip_by_itp_id:111 - clipping for 34: 0:00:03.012895
2022-09-08 11:40:55.529 | INFO     | __main__:clip_by_itp_id:111 - clipping for 42: 0:00:03.072175
2022-09-08 11:40:58.416 | INFO     | __main__:clip_by_itp_id:111 - clipping for 45: 0:00:02.879705
2022-09-08 11:41:04.568 | INFO     | __main__:clip_by_itp_id:111 - clipping for 48: 0:00:03.901728
2022-09-08 11:41:22.930 | INFO     | __main__:clip_by_itp_id:111 - clipping for 61: 0:00:14.616856
2022-09-08 11:41:54.669 | INFO     | __main__:clip_by_itp_id:111 - clipping for 70: 0:00:06.359475
2022-09-08 11:42:06.618 | INFO     | __main__:clip_by_itp_id:111 - clipping for 75: 0:00:03.285811
2022-09-08 11:42:13.773 | INFO     | __main__:clip_by_itp_id:111 - clipping for 76: 0:00:04.813555
2022-09-08 11:42:22.285 | INFO     | __main__:clip_by_itp_id:111 - clipping for 77: 0:00:03.351045
2022-09-08 11:42:28.097 | INFO     | __main__:clip_by_itp_id:111 - clipping for 82: 0:00:03.635572
2022-09-08 11:42:35.543 | INFO     | __main__:clip_by_itp_id:111 - clipping for 87: 0:00:04.097088
2022-09-08 11:42:42.781 | INFO     | __main__:clip_by_itp_id:111 - clipping for 95: 0:00:03.153038
2022-09-08 11:42:48.370 | INFO     | __main__:clip_by_itp_id:111 - clipping for 98: 0:00:03.038208
2022-09-08 11:42:51.734 | INFO     | __main__:clip_by_itp_id:111 - clipping for 99: 0:00:03.357242
2022-09-08 11:42:58.054 | INFO     | __main__:clip_by_itp_id:111 - clipping for 101: 0:00:03.768324
2022-09-08 11:43:02.406 | INFO     | __main__:clip_by_itp_id:111 - clipping for 102: 0:00:04.345202
2022-09-08 11:43:08.264 | INFO     | __main__:clip_by_itp_id:111 - clipping for 105: 0:00:05.847710
2022-09-08 11:43:18.489 | INFO     | __main__:clip_by_itp_id:111 - clipping for 106: 0:00:03.661891
2022-09-08 11:43:25.103 | INFO     | __main__:clip_by_itp_id:111 - clipping for 108: 0:00:03.235652
2022-09-08 11:43:29.411 | INFO     | __main__:clip_by_itp_id:111 - clipping for 110: 0:00:04.300583
2022-09-08 11:43:46.572 | INFO     | __main__:clip_by_itp_id:111 - clipping for 112: 0:00:13.324689
2022-09-08 11:44:14.226 | INFO     | __main__:clip_by_itp_id:111 - clipping for 116: 0:00:03.850712
2022-09-08 11:44:21.358 | INFO     | __main__:clip_by_itp_id:111 - clipping for 120: 0:00:03.430504
2022-09-08 11:44:27.440 | INFO     | __main__:clip_by_itp_id:111 - clipping for 121: 0:00:03.312325
2022-09-08 11:44:37.010 | INFO     | __main__:clip_by_itp_id:111 - clipping for 123: 0:00:07.488869
2022-09-08 11:44:52.526 | INFO     | __main__:clip_by_itp_id:111 - clipping for 126: 0:00:04.137330
2022-09-08 11:45:02.389 | INFO     | __main__:clip_by_itp_id:111 - clipping for 127: 0:00:05.719549
2022-09-08 11:45:11.998 | INFO     | __main__:clip_by_itp_id:111 - clipping for 129: 0:00:02.851602
2022-09-08 11:45:15.037 | INFO     | __main__:clip_by_itp_id:111 - clipping for 135: 0:00:03.033450
2022-09-08 11:46:04.016 | INFO     | __main__:clip_by_itp_id:111 - clipping for 142: 0:00:48.970399
2022-09-08 11:47:47.801 | INFO     | __main__:clip_by_itp_id:111 - clipping for 146: 0:00:03.190369
2022-09-08 11:47:53.307 | INFO     | __main__:clip_by_itp_id:111 - clipping for 148: 0:00:03.258231
2022-09-08 11:47:56.404 | INFO     | __main__:clip_by_itp_id:111 - clipping for 154: 0:00:03.087134
2022-09-08 11:47:59.571 | INFO     | __main__:clip_by_itp_id:111 - clipping for 159: 0:00:03.159804
2022-09-08 11:48:05.274 | INFO     | __main__:clip_by_itp_id:111 - clipping for 165: 0:00:03.001161
2022-09-08 11:48:11.364 | INFO     | __main__:clip_by_itp_id:111 - clipping for 167: 0:00:03.400572
2022-09-08 11:48:17.625 | INFO     | __main__:clip_by_itp_id:111 - clipping for 168: 0:00:03.428120
2022-09-08 11:48:23.193 | INFO     | __main__:clip_by_itp_id:111 - clipping for 169: 0:00:03.051934
2022-09-08 11:48:50.119 | INFO     | __main__:clip_by_itp_id:111 - clipping for 170: 0:00:26.916569
2022-09-08 11:49:52.921 | INFO     | __main__:clip_by_itp_id:111 - clipping for 171: 0:00:03.670951
2022-09-08 11:49:59.809 | INFO     | __main__:clip_by_itp_id:111 - clipping for 172: 0:00:03.527685
2022-09-08 11:50:06.591 | INFO     | __main__:clip_by_itp_id:111 - clipping for 173: 0:00:03.440401
2022-09-08 11:50:13.342 | INFO     | __main__:clip_by_itp_id:111 - clipping for 174: 0:00:03.525080
2022-09-08 11:50:19.890 | INFO     | __main__:clip_by_itp_id:111 - clipping for 176: 0:00:03.514081
2022-09-08 11:50:26.623 | INFO     | __main__:clip_by_itp_id:111 - clipping for 177: 0:00:03.364914
2022-09-08 11:50:33.351 | INFO     | __main__:clip_by_itp_id:111 - clipping for 178: 0:00:03.552940
2022-09-08 11:50:40.004 | INFO     | __main__:clip_by_itp_id:111 - clipping for 179: 0:00:03.496602
2022-09-08 11:50:46.669 | INFO     | __main__:clip_by_itp_id:111 - clipping for 181: 0:00:03.373169
2022-09-08 11:55:38.828 | INFO     | __main__:clip_by_itp_id:111 - clipping for 182: 0:04:48.820136
2022-09-08 12:07:01.438 | INFO     | __main__:clip_by_itp_id:111 - clipping for 183: 0:00:35.159195
2022-09-08 12:08:18.425 | INFO     | __main__:clip_by_itp_id:111 - clipping for 187: 0:00:03.061848
2022-09-08 12:08:23.930 | INFO     | __main__:clip_by_itp_id:111 - clipping for 190: 0:00:03.220324
2022-09-08 12:08:43.716 | INFO     | __main__:clip_by_itp_id:111 - clipping for 194: 0:00:17.302192
2022-09-08 12:09:18.732 | INFO     | __main__:clip_by_itp_id:111 - clipping for 198: 0:00:02.891513
2022-09-08 12:09:21.881 | INFO     | __main__:clip_by_itp_id:111 - clipping for 201: 0:00:03.143286
2022-09-08 12:09:27.564 | INFO     | __main__:clip_by_itp_id:111 - clipping for 206: 0:00:03.322602
2022-09-08 12:09:33.475 | INFO     | __main__:clip_by_itp_id:111 - clipping for 207: 0:00:03.024882
2022-09-08 12:09:39.695 | INFO     | __main__:clip_by_itp_id:111 - clipping for 208: 0:00:06.210425
2022-09-08 12:09:51.149 | INFO     | __main__:clip_by_itp_id:111 - clipping for 212: 0:00:02.835700
2022-09-08 12:09:56.185 | INFO     | __main__:clip_by_itp_id:111 - clipping for 214: 0:00:02.901225
2022-09-08 12:10:01.331 | INFO     | __main__:clip_by_itp_id:111 - clipping for 217: 0:00:05.139630
2022-09-08 12:10:11.315 | INFO     | __main__:clip_by_itp_id:111 - clipping for 218: 0:00:03.178597
2022-09-08 12:10:16.993 | INFO     | __main__:clip_by_itp_id:111 - clipping for 221: 0:00:03.362138
2022-09-08 12:10:27.916 | INFO     | __main__:clip_by_itp_id:111 - clipping for 226: 0:00:08.688166
2022-09-08 12:10:44.525 | INFO     | __main__:clip_by_itp_id:111 - clipping for 228: 0:00:03.286802
2022-09-08 12:11:00.216 | INFO     | __main__:clip_by_itp_id:111 - clipping for 231: 0:00:12.765832
2022-09-08 12:11:28.127 | INFO     | __main__:clip_by_itp_id:111 - clipping for 232: 0:00:05.164545
2022-09-08 12:12:24.916 | INFO     | __main__:clip_by_itp_id:111 - clipping for 235: 0:00:51.271250
2022-09-08 12:14:11.634 | INFO     | __main__:clip_by_itp_id:111 - clipping for 238: 0:00:03.217627
2022-09-08 12:14:17.395 | INFO     | __main__:clip_by_itp_id:111 - clipping for 243: 0:00:03.452265
2022-09-08 12:14:24.165 | INFO     | __main__:clip_by_itp_id:111 - clipping for 247: 0:00:03.396545
2022-09-08 12:14:29.731 | INFO     | __main__:clip_by_itp_id:111 - clipping for 251: 0:00:03.008459
2022-09-08 12:14:32.605 | INFO     | __main__:clip_by_itp_id:111 - clipping for 257: 0:00:02.866692
2022-09-08 12:14:36.221 | INFO     | __main__:clip_by_itp_id:111 - clipping for 259: 0:00:03.609525
2022-09-08 12:14:42.438 | INFO     | __main__:clip_by_itp_id:111 - clipping for 260: 0:00:02.894156
2022-09-08 12:14:47.838 | INFO     | __main__:clip_by_itp_id:111 - clipping for 261: 0:00:03.338463
2022-09-08 12:14:59.907 | INFO     | __main__:clip_by_itp_id:111 - clipping for 269: 0:00:09.556617
2022-09-08 12:15:20.581 | INFO     | __main__:clip_by_itp_id:111 - clipping for 271: 0:00:04.188369
2022-09-08 12:16:12.417 | INFO     | __main__:clip_by_itp_id:111 - clipping for 278: 0:00:47.393797
2022-09-08 12:17:59.850 | INFO     | __main__:clip_by_itp_id:111 - clipping for 280: 0:00:03.878652
2022-09-08 12:18:05.688 | INFO     | __main__:clip_by_itp_id:111 - clipping for 281: 0:00:03.439294
2022-09-08 12:20:41.680 | INFO     | __main__:clip_by_itp_id:111 - clipping for 282: 0:02:33.720729
2022-09-08 12:26:30.139 | INFO     | __main__:clip_by_itp_id:111 - clipping for 284: 0:00:08.330887
2022-09-08 12:26:47.249 | INFO     | __main__:clip_by_itp_id:111 - clipping for 287: 0:00:03.245734
2022-09-08 12:26:53.283 | INFO     | __main__:clip_by_itp_id:111 - clipping for 289: 0:00:03.769715
2022-09-08 12:27:40.406 | INFO     | __main__:clip_by_itp_id:111 - clipping for 290: 0:00:44.423030
2022-09-08 12:29:18.147 | INFO     | __main__:clip_by_itp_id:111 - clipping for 293: 0:00:03.827134
2022-09-08 12:30:28.109 | INFO     | __main__:clip_by_itp_id:111 - clipping for 294: 0:01:06.666769
2022-09-08 12:32:54.518 | INFO     | __main__:clip_by_itp_id:111 - clipping for 295: 0:00:09.500772
2022-09-08 12:33:14.339 | INFO     | __main__:clip_by_itp_id:111 - clipping for 296: 0:00:05.133152
2022-09-08 12:33:23.769 | INFO     | __main__:clip_by_itp_id:111 - clipping for 298: 0:00:03.343102
2022-09-08 12:33:29.717 | INFO     | __main__:clip_by_itp_id:111 - clipping for 300: 0:00:05.939682
2022-09-08 12:33:41.288 | INFO     | __main__:clip_by_itp_id:111 - clipping for 301: 0:00:03.935600
2022-09-08 12:33:48.443 | INFO     | __main__:clip_by_itp_id:111 - clipping for 308: 0:00:03.147768
2022-09-08 12:33:53.175 | INFO     | __main__:clip_by_itp_id:111 - clipping for 310: 0:00:04.726087
2022-09-08 12:34:00.057 | INFO     | __main__:clip_by_itp_id:111 - clipping for 312: 0:00:02.947592
2022-09-08 12:34:09.188 | INFO     | __main__:clip_by_itp_id:111 - clipping for 314: 0:00:09.122851
2022-09-08 12:34:27.296 | INFO     | __main__:clip_by_itp_id:111 - clipping for 323: 0:00:03.437019
2022-09-08 12:34:35.391 | INFO     | __main__:clip_by_itp_id:111 - clipping for 324: 0:00:05.335209
2022-09-08 12:34:45.466 | INFO     | __main__:clip_by_itp_id:111 - clipping for 327: 0:00:03.654949
2022-09-08 12:34:52.603 | INFO     | __main__:clip_by_itp_id:111 - clipping for 329: 0:00:03.593185
2022-09-08 12:34:58.611 | INFO     | __main__:clip_by_itp_id:111 - clipping for 334: 0:00:03.181351
2022-09-08 12:35:06.304 | INFO     | __main__:clip_by_itp_id:111 - clipping for 336: 0:00:04.795331
2022-09-08 12:35:15.383 | INFO     | __main__:clip_by_itp_id:111 - clipping for 339: 0:00:03.300045
2022-09-08 12:35:21.115 | INFO     | __main__:clip_by_itp_id:111 - clipping for 341: 0:00:03.123822
2022-09-08 12:35:25.630 | INFO     | __main__:clip_by_itp_id:111 - clipping for 343: 0:00:04.507381
2022-09-08 12:35:33.625 | INFO     | __main__:clip_by_itp_id:111 - clipping for 349: 0:00:03.148858
2022-09-08 12:35:39.921 | INFO     | __main__:clip_by_itp_id:111 - clipping for 350: 0:00:03.801243
2022-09-08 12:35:47.147 | INFO     | __main__:clip_by_itp_id:111 - clipping for 351: 0:00:03.468841
2022-09-08 12:35:53.697 | INFO     | __main__:clip_by_itp_id:111 - clipping for 356: 0:00:03.705056
2022-09-08 12:36:00.734 | INFO     | __main__:clip_by_itp_id:111 - clipping for 360: 0:00:04.207680
2022-09-08 12:36:08.055 | INFO     | __main__:clip_by_itp_id:111 - clipping for 361: 0:00:03.885179
2022-09-08 12:36:14.113 | INFO     | __main__:clip_by_itp_id:111 - clipping for 366: 0:00:02.986566
2022-09-08 12:36:19.249 | INFO     | __main__:clip_by_itp_id:111 - clipping for 367: 0:00:02.955704
2022-09-08 12:36:25.784 | INFO     | __main__:clip_by_itp_id:111 - clipping for 368: 0:00:04.125680
2022-09-08 12:36:34.596 | INFO     | __main__:clip_by_itp_id:111 - clipping for 372: 0:00:04.343285
2022-09-08 12:36:43.298 | INFO     | __main__:clip_by_itp_id:111 - clipping for 376: 0:00:03.610823
2022-09-08 12:36:49.905 | INFO     | __main__:clip_by_itp_id:111 - clipping for 380: 0:00:03.688647
2022-09-08 12:36:56.938 | INFO     | __main__:clip_by_itp_id:111 - clipping for 381: 0:00:03.970198
2022-09-08 12:37:04.615 | INFO     | __main__:clip_by_itp_id:111 - clipping for 386: 0:00:03.471185
2022-09-08 12:37:11.054 | INFO     | __main__:clip_by_itp_id:111 - clipping for 474: 0:00:04.151719
2022-09-08 12:37:18.332 | INFO     | __main__:clip_by_itp_id:111 - clipping for 483: 0:00:03.246435
2022-09-08 12:37:26.228 | INFO     | __main__:clip_by_itp_id:111 - clipping for 484: 0:00:05.375221
2022-09-08 13:01:59.318 | INFO     | __main__:<module>:158 - compute for full clipped df: 1:44:49.874863
2022-09-08 13:02:01.706 | INFO     | __main__:<module>:168 - execution time: 1:44:53.633340
2022-09-27 12:51:44.901 | INFO     | __main__:<module>:124 - Analysis date: 2022-09-14
2022-09-27 12:51:46.192 | INFO     | __main__:<module>:135 - read in data, assemble valid ITP_IDS: 0:00:01.274687
2022-09-27 13:00:16.830 | INFO     | __main__:clip_by_itp_id:111 - clipping for 4: 0:08:29.415558
2022-09-27 13:19:44.578 | INFO     | __main__:clip_by_itp_id:111 - clipping for 6: 0:00:03.567699
2022-09-27 13:19:51.121 | INFO     | __main__:clip_by_itp_id:111 - clipping for 14: 0:00:04.207428
2022-09-27 13:19:59.422 | INFO     | __main__:clip_by_itp_id:111 - clipping for 16: 0:00:04.413691
2022-09-27 13:20:06.829 | INFO     | __main__:clip_by_itp_id:111 - clipping for 18: 0:00:03.039544
2022-09-27 13:20:12.183 | INFO     | __main__:clip_by_itp_id:111 - clipping for 29: 0:00:03.077298
2022-09-27 13:20:17.302 | INFO     | __main__:clip_by_itp_id:111 - clipping for 34: 0:00:02.950542
2022-09-27 13:20:23.184 | INFO     | __main__:clip_by_itp_id:111 - clipping for 42: 0:00:03.777722
2022-09-27 13:20:28.568 | INFO     | __main__:clip_by_itp_id:111 - clipping for 45: 0:00:02.895972
2022-09-27 13:20:34.419 | INFO     | __main__:clip_by_itp_id:111 - clipping for 48: 0:00:03.772214
2022-09-27 13:20:50.159 | INFO     | __main__:clip_by_itp_id:111 - clipping for 61: 0:00:12.483624
2022-09-27 13:21:17.497 | INFO     | __main__:clip_by_itp_id:111 - clipping for 70: 0:00:06.109718
2022-09-27 13:21:28.812 | INFO     | __main__:clip_by_itp_id:111 - clipping for 75: 0:00:03.120020
2022-09-27 13:21:36.956 | INFO     | __main__:clip_by_itp_id:111 - clipping for 76: 0:00:05.659587
2022-09-27 13:21:44.811 | INFO     | __main__:clip_by_itp_id:111 - clipping for 77: 0:00:03.505559
2022-09-27 13:21:50.641 | INFO     | __main__:clip_by_itp_id:111 - clipping for 82: 0:00:03.972934
2022-09-27 13:21:58.390 | INFO     | __main__:clip_by_itp_id:111 - clipping for 87: 0:00:04.337366
2022-09-27 13:22:06.430 | INFO     | __main__:clip_by_itp_id:111 - clipping for 95: 0:00:02.888219
2022-09-27 13:22:11.537 | INFO     | __main__:clip_by_itp_id:111 - clipping for 98: 0:00:02.634993
2022-09-27 13:22:14.372 | INFO     | __main__:clip_by_itp_id:111 - clipping for 99: 0:00:02.829473
2022-09-27 13:22:19.950 | INFO     | __main__:clip_by_itp_id:111 - clipping for 101: 0:00:03.198070
2022-09-27 13:22:23.210 | INFO     | __main__:clip_by_itp_id:111 - clipping for 102: 0:00:03.252197
2022-09-27 13:22:29.283 | INFO     | __main__:clip_by_itp_id:111 - clipping for 105: 0:00:06.059738
2022-09-27 13:22:44.943 | INFO     | __main__:clip_by_itp_id:111 - clipping for 106: 0:00:03.874278
2022-09-27 13:22:53.166 | INFO     | __main__:clip_by_itp_id:111 - clipping for 108: 0:00:03.668657
2022-09-27 13:22:59.910 | INFO     | __main__:clip_by_itp_id:111 - clipping for 110: 0:00:03.925712
2022-09-27 13:23:14.506 | INFO     | __main__:clip_by_itp_id:111 - clipping for 112: 0:00:10.861447
2022-09-27 13:23:42.399 | INFO     | __main__:clip_by_itp_id:111 - clipping for 116: 0:00:04.594009
2022-09-27 13:23:49.725 | INFO     | __main__:clip_by_itp_id:111 - clipping for 120: 0:00:03.718201
2022-09-27 13:23:56.053 | INFO     | __main__:clip_by_itp_id:111 - clipping for 121: 0:00:02.748772
2022-09-27 13:24:04.738 | INFO     | __main__:clip_by_itp_id:111 - clipping for 123: 0:00:06.569293
2022-09-27 13:24:23.131 | INFO     | __main__:clip_by_itp_id:111 - clipping for 126: 0:00:04.286028
2022-09-27 13:24:32.356 | INFO     | __main__:clip_by_itp_id:111 - clipping for 127: 0:00:05.053788
2022-09-27 13:24:42.366 | INFO     | __main__:clip_by_itp_id:111 - clipping for 129: 0:00:03.012514
2022-09-27 13:24:45.953 | INFO     | __main__:clip_by_itp_id:111 - clipping for 135: 0:00:03.580115
2022-09-27 13:25:28.377 | INFO     | __main__:clip_by_itp_id:111 - clipping for 142: 0:00:39.918765
2022-09-27 13:27:10.971 | INFO     | __main__:clip_by_itp_id:111 - clipping for 146: 0:00:03.677275
2022-09-27 13:27:16.885 | INFO     | __main__:clip_by_itp_id:111 - clipping for 148: 0:00:03.628245
2022-09-27 13:27:20.422 | INFO     | __main__:clip_by_itp_id:111 - clipping for 159: 0:00:03.526762
2022-09-27 13:27:26.214 | INFO     | __main__:clip_by_itp_id:111 - clipping for 165: 0:00:03.057825
2022-09-27 13:27:32.313 | INFO     | __main__:clip_by_itp_id:111 - clipping for 167: 0:00:03.334667
2022-09-27 13:27:38.456 | INFO     | __main__:clip_by_itp_id:111 - clipping for 168: 0:00:03.254556
2022-09-27 13:27:44.261 | INFO     | __main__:clip_by_itp_id:111 - clipping for 169: 0:00:03.223595
2022-09-27 13:28:17.031 | INFO     | __main__:clip_by_itp_id:111 - clipping for 170: 0:00:32.762524
2022-09-27 13:29:22.644 | INFO     | __main__:clip_by_itp_id:111 - clipping for 171: 0:00:04.529472
2022-09-27 13:29:29.730 | INFO     | __main__:clip_by_itp_id:111 - clipping for 172: 0:00:03.716269
2022-09-27 13:29:36.344 | INFO     | __main__:clip_by_itp_id:111 - clipping for 173: 0:00:03.780859
2022-09-27 13:29:43.014 | INFO     | __main__:clip_by_itp_id:111 - clipping for 174: 0:00:03.489098
2022-09-27 13:29:49.770 | INFO     | __main__:clip_by_itp_id:111 - clipping for 176: 0:00:03.498326
2022-09-27 13:29:57.225 | INFO     | __main__:clip_by_itp_id:111 - clipping for 177: 0:00:03.825291
2022-09-27 13:30:04.674 | INFO     | __main__:clip_by_itp_id:111 - clipping for 178: 0:00:03.853694
2022-09-27 13:30:11.669 | INFO     | __main__:clip_by_itp_id:111 - clipping for 179: 0:00:03.490271
2022-09-27 13:30:18.331 | INFO     | __main__:clip_by_itp_id:111 - clipping for 181: 0:00:03.297747
2022-09-27 13:36:49.289 | INFO     | __main__:clip_by_itp_id:111 - clipping for 182: 0:06:28.029254
2022-09-27 13:48:13.130 | INFO     | __main__:clip_by_itp_id:111 - clipping for 183: 0:00:48.894026
2022-09-27 13:49:24.375 | INFO     | __main__:clip_by_itp_id:111 - clipping for 187: 0:00:02.931936
2022-09-27 13:49:29.261 | INFO     | __main__:clip_by_itp_id:111 - clipping for 190: 0:00:03.015827
2022-09-27 13:49:44.335 | INFO     | __main__:clip_by_itp_id:111 - clipping for 194: 0:00:12.840212
2022-09-27 13:50:16.562 | INFO     | __main__:clip_by_itp_id:111 - clipping for 198: 0:00:02.797283
2022-09-27 13:50:19.584 | INFO     | __main__:clip_by_itp_id:111 - clipping for 201: 0:00:03.016304
2022-09-27 13:50:25.740 | INFO     | __main__:clip_by_itp_id:111 - clipping for 206: 0:00:03.377593
2022-09-27 13:50:31.618 | INFO     | __main__:clip_by_itp_id:111 - clipping for 207: 0:00:03.100487
2022-09-27 13:50:39.679 | INFO     | __main__:clip_by_itp_id:111 - clipping for 208: 0:00:08.054619
2022-09-27 13:50:55.553 | INFO     | __main__:clip_by_itp_id:111 - clipping for 212: 0:00:03.124021
2022-09-27 13:51:00.500 | INFO     | __main__:clip_by_itp_id:111 - clipping for 214: 0:00:02.916362
2022-09-27 13:51:04.028 | INFO     | __main__:clip_by_itp_id:111 - clipping for 217: 0:00:03.520531
2022-09-27 13:51:10.966 | INFO     | __main__:clip_by_itp_id:111 - clipping for 218: 0:00:03.287321
2022-09-27 13:51:16.253 | INFO     | __main__:clip_by_itp_id:111 - clipping for 221: 0:00:03.027509
2022-09-27 13:51:26.094 | INFO     | __main__:clip_by_itp_id:111 - clipping for 226: 0:00:07.602600
2022-09-27 13:51:42.908 | INFO     | __main__:clip_by_itp_id:111 - clipping for 228: 0:00:03.221860
2022-09-27 13:51:59.873 | INFO     | __main__:clip_by_itp_id:111 - clipping for 231: 0:00:14.894402
2022-09-27 13:52:32.287 | INFO     | __main__:clip_by_itp_id:111 - clipping for 232: 0:00:04.384729
2022-09-27 13:53:19.243 | INFO     | __main__:clip_by_itp_id:111 - clipping for 235: 0:00:40.565191
2022-09-27 13:54:49.054 | INFO     | __main__:clip_by_itp_id:111 - clipping for 238: 0:00:02.817922
2022-09-27 13:54:53.730 | INFO     | __main__:clip_by_itp_id:111 - clipping for 239: 0:00:02.815833
2022-09-27 13:54:59.098 | INFO     | __main__:clip_by_itp_id:111 - clipping for 243: 0:00:03.482164
2022-09-27 13:55:05.607 | INFO     | __main__:clip_by_itp_id:111 - clipping for 247: 0:00:03.165213
2022-09-27 13:55:10.786 | INFO     | __main__:clip_by_itp_id:111 - clipping for 251: 0:00:02.736839
2022-09-27 13:55:13.572 | INFO     | __main__:clip_by_itp_id:111 - clipping for 257: 0:00:02.778934
2022-09-27 13:55:17.295 | INFO     | __main__:clip_by_itp_id:111 - clipping for 259: 0:00:03.716265
2022-09-27 13:55:25.258 | INFO     | __main__:clip_by_itp_id:111 - clipping for 260: 0:00:03.983687
2022-09-27 13:55:32.209 | INFO     | __main__:clip_by_itp_id:111 - clipping for 261: 0:00:04.734964
2022-09-27 13:55:42.732 | INFO     | __main__:clip_by_itp_id:111 - clipping for 269: 0:00:07.930942
2022-09-27 13:55:59.551 | INFO     | __main__:clip_by_itp_id:111 - clipping for 271: 0:00:04.387449
2022-09-27 13:56:25.040 | INFO     | __main__:clip_by_itp_id:111 - clipping for 273: 0:00:20.580519
2022-09-27 13:58:07.481 | INFO     | __main__:clip_by_itp_id:111 - clipping for 278: 0:00:37.792351
2022-09-27 13:59:59.546 | INFO     | __main__:clip_by_itp_id:111 - clipping for 279: 0:00:18.829144
2022-09-27 14:00:47.266 | INFO     | __main__:clip_by_itp_id:111 - clipping for 280: 0:00:03.145869
2022-09-27 14:00:52.700 | INFO     | __main__:clip_by_itp_id:111 - clipping for 281: 0:00:03.443189
2022-09-27 14:03:00.282 | INFO     | __main__:clip_by_itp_id:111 - clipping for 282: 0:02:07.572825
2022-09-27 14:10:22.281 | INFO     | __main__:clip_by_itp_id:111 - clipping for 284: 0:00:09.223385
2022-09-27 14:10:38.864 | INFO     | __main__:clip_by_itp_id:111 - clipping for 287: 0:00:03.325252
2022-09-27 14:10:44.242 | INFO     | __main__:clip_by_itp_id:111 - clipping for 289: 0:00:03.051417
2022-09-27 14:11:22.829 | INFO     | __main__:clip_by_itp_id:111 - clipping for 290: 0:00:36.117583
2022-09-27 14:13:12.598 | INFO     | __main__:clip_by_itp_id:111 - clipping for 293: 0:00:06.734010
2022-09-27 14:14:13.169 | INFO     | __main__:clip_by_itp_id:111 - clipping for 294: 0:00:49.205755
2022-09-27 14:17:00.998 | INFO     | __main__:clip_by_itp_id:111 - clipping for 295: 0:00:12.573318
2022-09-27 14:17:19.737 | INFO     | __main__:clip_by_itp_id:111 - clipping for 296: 0:00:05.768338
2022-09-27 14:17:36.362 | INFO     | __main__:clip_by_itp_id:111 - clipping for 298: 0:00:04.630622
2022-09-27 14:17:44.612 | INFO     | __main__:clip_by_itp_id:111 - clipping for 300: 0:00:08.240166
2022-09-27 14:18:13.001 | INFO     | __main__:clip_by_itp_id:111 - clipping for 301: 0:00:06.690133
2022-09-27 14:18:20.372 | INFO     | __main__:clip_by_itp_id:111 - clipping for 308: 0:00:03.498806
2022-09-27 14:18:24.208 | INFO     | __main__:clip_by_itp_id:111 - clipping for 310: 0:00:03.829152
2022-09-27 14:18:31.137 | INFO     | __main__:clip_by_itp_id:111 - clipping for 312: 0:00:02.684335
2022-09-27 14:18:42.725 | INFO     | __main__:clip_by_itp_id:111 - clipping for 314: 0:00:11.579585
2022-09-27 14:19:02.495 | INFO     | __main__:clip_by_itp_id:111 - clipping for 323: 0:00:03.574663
2022-09-27 14:19:10.287 | INFO     | __main__:clip_by_itp_id:111 - clipping for 324: 0:00:05.000411
2022-09-27 14:19:21.534 | INFO     | __main__:clip_by_itp_id:111 - clipping for 329: 0:00:03.182930
2022-09-27 14:19:27.737 | INFO     | __main__:clip_by_itp_id:111 - clipping for 334: 0:00:03.027298
2022-09-27 14:19:36.900 | INFO     | __main__:clip_by_itp_id:111 - clipping for 336: 0:00:06.007635
2022-09-27 14:19:49.483 | INFO     | __main__:clip_by_itp_id:111 - clipping for 337: 0:00:03.362759
2022-09-27 14:19:54.777 | INFO     | __main__:clip_by_itp_id:111 - clipping for 339: 0:00:03.456137
2022-09-27 14:19:59.616 | INFO     | __main__:clip_by_itp_id:111 - clipping for 341: 0:00:02.749214
2022-09-27 14:20:04.404 | INFO     | __main__:clip_by_itp_id:111 - clipping for 343: 0:00:04.780866
2022-09-27 14:20:12.633 | INFO     | __main__:clip_by_itp_id:111 - clipping for 349: 0:00:02.668844
2022-09-27 14:20:18.208 | INFO     | __main__:clip_by_itp_id:111 - clipping for 350: 0:00:03.447692
2022-09-27 14:20:25.244 | INFO     | __main__:clip_by_itp_id:111 - clipping for 351: 0:00:03.120312
2022-09-27 14:20:31.025 | INFO     | __main__:clip_by_itp_id:111 - clipping for 356: 0:00:03.392557
2022-09-27 14:20:38.010 | INFO     | __main__:clip_by_itp_id:111 - clipping for 360: 0:00:04.115439
2022-09-27 14:20:45.102 | INFO     | __main__:clip_by_itp_id:111 - clipping for 361: 0:00:03.433535
2022-09-27 14:20:51.309 | INFO     | __main__:clip_by_itp_id:111 - clipping for 366: 0:00:03.134088
2022-09-27 14:20:56.480 | INFO     | __main__:clip_by_itp_id:111 - clipping for 367: 0:00:02.756431
2022-09-27 14:21:03.264 | INFO     | __main__:clip_by_itp_id:111 - clipping for 368: 0:00:04.713138
2022-09-27 14:21:13.367 | INFO     | __main__:clip_by_itp_id:111 - clipping for 372: 0:00:05.306017
2022-09-27 14:21:24.054 | INFO     | __main__:clip_by_itp_id:111 - clipping for 376: 0:00:03.529145
2022-09-27 14:21:31.286 | INFO     | __main__:clip_by_itp_id:111 - clipping for 380: 0:00:04.326154
2022-09-27 14:21:39.158 | INFO     | __main__:clip_by_itp_id:111 - clipping for 381: 0:00:03.577167
2022-09-27 14:21:46.101 | INFO     | __main__:clip_by_itp_id:111 - clipping for 386: 0:00:03.184870
2022-09-27 14:21:51.629 | INFO     | __main__:clip_by_itp_id:111 - clipping for 474: 0:00:03.362760
2022-09-27 14:21:58.357 | INFO     | __main__:clip_by_itp_id:111 - clipping for 483: 0:00:03.533001
2022-09-27 14:22:05.934 | INFO     | __main__:clip_by_itp_id:111 - clipping for 484: 0:00:05.223844
2022-09-27 14:51:12.923 | INFO     | __main__:<module>:158 - compute for full clipped df: 1:59:26.731099
2022-09-27 14:51:15.335 | INFO     | __main__:<module>:168 - execution time: 1:59:30.417765
2022-10-15 17:01:05.705 | INFO     | __main__:<module>:124 - Analysis date: 2022-10-12
2022-10-15 17:01:07.276 | INFO     | __main__:<module>:135 - read in data, assemble valid ITP_IDS: 0:00:01.545688
2022-10-15 17:08:37.997 | INFO     | __main__:clip_by_itp_id:111 - clipping for 4: 0:07:29.105886
2022-10-17 09:34:47.917 | INFO     | C2_clip_bus_intersections:clip_by_itp_id:111 - clipping for 183: 0:00:39.509886
2022-10-17 09:37:21.194 | INFO     | __main__:<module>:124 - Analysis date: 2022-10-12
2022-10-17 09:37:22.765 | INFO     | __main__:<module>:135 - read in data, assemble valid ITP_IDS: 0:00:01.570274
2022-10-17 09:45:16.116 | INFO     | __main__:clip_by_itp_id:111 - clipping for 4: 0:07:51.436501
2022-10-17 10:05:22.530 | INFO     | __main__:clip_by_itp_id:111 - clipping for 6: 0:00:04.354960
2022-10-17 10:05:32.021 | INFO     | __main__:clip_by_itp_id:111 - clipping for 14: 0:00:06.628451
2022-10-17 10:05:43.752 | INFO     | __main__:clip_by_itp_id:111 - clipping for 16: 0:00:05.472249
2022-10-17 10:05:54.880 | INFO     | __main__:clip_by_itp_id:111 - clipping for 18: 0:00:04.927581
2022-10-17 10:06:04.815 | INFO     | __main__:clip_by_itp_id:111 - clipping for 29: 0:00:05.517959
2022-10-17 10:06:13.591 | INFO     | __main__:clip_by_itp_id:111 - clipping for 34: 0:00:05.354827
2022-10-17 10:06:22.887 | INFO     | __main__:clip_by_itp_id:111 - clipping for 42: 0:00:05.798868
2022-10-17 10:06:30.088 | INFO     | __main__:clip_by_itp_id:111 - clipping for 45: 0:00:03.832242
2022-10-17 10:06:38.522 | INFO     | __main__:clip_by_itp_id:111 - clipping for 48: 0:00:05.149895
2022-10-17 10:07:01.685 | INFO     | __main__:clip_by_itp_id:111 - clipping for 61: 0:00:17.391117
2022-10-17 10:07:40.617 | INFO     | __main__:clip_by_itp_id:111 - clipping for 70: 0:00:07.508413
2022-10-17 10:07:55.313 | INFO     | __main__:clip_by_itp_id:111 - clipping for 75: 0:00:04.053884
2022-10-17 10:08:05.230 | INFO     | __main__:clip_by_itp_id:111 - clipping for 76: 0:00:06.803416
2022-10-17 10:08:17.462 | INFO     | __main__:clip_by_itp_id:111 - clipping for 77: 0:00:04.057978
2022-10-17 10:08:24.814 | INFO     | __main__:clip_by_itp_id:111 - clipping for 82: 0:00:04.486325
2022-10-17 10:08:34.386 | INFO     | __main__:clip_by_itp_id:111 - clipping for 87: 0:00:05.260901
2022-10-17 10:08:44.841 | INFO     | __main__:clip_by_itp_id:111 - clipping for 95: 0:00:04.346976
2022-10-17 10:08:53.272 | INFO     | __main__:clip_by_itp_id:111 - clipping for 98: 0:00:04.231964
2022-10-17 10:08:57.552 | INFO     | __main__:clip_by_itp_id:111 - clipping for 99: 0:00:04.273216
2022-10-17 10:09:05.697 | INFO     | __main__:clip_by_itp_id:111 - clipping for 101: 0:00:04.626444
2022-10-17 10:09:09.714 | INFO     | __main__:clip_by_itp_id:111 - clipping for 102: 0:00:04.009095
2022-10-17 10:09:16.406 | INFO     | __main__:clip_by_itp_id:111 - clipping for 105: 0:00:06.681595
2022-10-17 10:09:29.930 | INFO     | __main__:clip_by_itp_id:111 - clipping for 106: 0:00:04.631850
2022-10-17 10:09:39.310 | INFO     | __main__:clip_by_itp_id:111 - clipping for 108: 0:00:04.371339
2022-10-17 10:09:47.771 | INFO     | __main__:clip_by_itp_id:111 - clipping for 110: 0:00:04.962780
2022-10-17 10:10:08.338 | INFO     | __main__:clip_by_itp_id:111 - clipping for 112: 0:00:14.757077
2022-10-17 10:10:42.576 | INFO     | __main__:clip_by_itp_id:111 - clipping for 116: 0:00:04.995082
2022-10-17 10:10:51.431 | INFO     | __main__:clip_by_itp_id:111 - clipping for 120: 0:00:04.006412
2022-10-17 10:10:58.496 | INFO     | __main__:clip_by_itp_id:111 - clipping for 121: 0:00:03.606891
2022-10-17 10:11:17.673 | INFO     | __main__:clip_by_itp_id:111 - clipping for 123: 0:00:15.831636
2022-10-17 10:11:53.077 | INFO     | __main__:clip_by_itp_id:111 - clipping for 126: 0:00:05.785341
2022-10-17 10:12:06.276 | INFO     | __main__:clip_by_itp_id:111 - clipping for 127: 0:00:06.838647
2022-10-17 10:12:18.519 | INFO     | __main__:clip_by_itp_id:111 - clipping for 129: 0:00:03.704641
2022-10-17 10:12:22.993 | INFO     | __main__:clip_by_itp_id:111 - clipping for 135: 0:00:04.467708
2022-10-17 10:13:20.877 | INFO     | __main__:clip_by_itp_id:111 - clipping for 142: 0:00:54.583834
2022-10-17 10:15:29.791 | INFO     | __main__:clip_by_itp_id:111 - clipping for 146: 0:00:07.518455
2022-10-17 10:16:04.733 | INFO     | __main__:clip_by_itp_id:111 - clipping for 148: 0:00:25.175181
2022-10-17 10:16:15.105 | INFO     | __main__:clip_by_itp_id:111 - clipping for 159: 0:00:10.353138
2022-10-17 10:16:34.537 | INFO     | __main__:clip_by_itp_id:111 - clipping for 165: 0:00:08.654301
2022-10-17 10:16:47.246 | INFO     | __main__:clip_by_itp_id:111 - clipping for 167: 0:00:07.461391
2022-10-17 10:17:00.996 | INFO     | __main__:clip_by_itp_id:111 - clipping for 168: 0:00:06.098836
2022-10-17 10:17:12.786 | INFO     | __main__:clip_by_itp_id:111 - clipping for 169: 0:00:06.697043
2022-10-17 10:18:06.164 | INFO     | __main__:clip_by_itp_id:111 - clipping for 170: 0:00:53.364957
2022-10-17 10:21:21.373 | INFO     | __main__:clip_by_itp_id:111 - clipping for 171: 0:00:11.483412
2022-10-17 10:21:42.489 | INFO     | __main__:clip_by_itp_id:111 - clipping for 172: 0:00:10.167298
2022-10-17 10:22:04.172 | INFO     | __main__:clip_by_itp_id:111 - clipping for 173: 0:00:09.132198
2022-10-17 10:22:28.374 | INFO     | __main__:clip_by_itp_id:111 - clipping for 174: 0:00:13.302326
2022-10-17 10:22:49.857 | INFO     | __main__:clip_by_itp_id:111 - clipping for 176: 0:00:09.077952
2022-10-17 10:23:08.357 | INFO     | __main__:clip_by_itp_id:111 - clipping for 177: 0:00:08.242869
2022-10-17 10:23:28.384 | INFO     | __main__:clip_by_itp_id:111 - clipping for 178: 0:00:09.249598
2022-10-17 10:23:46.557 | INFO     | __main__:clip_by_itp_id:111 - clipping for 179: 0:00:09.171531
2022-10-17 10:24:04.533 | INFO     | __main__:clip_by_itp_id:111 - clipping for 181: 0:00:07.751021
2022-10-17 10:31:46.838 | INFO     | __main__:clip_by_itp_id:111 - clipping for 182: 0:07:33.563874
2022-10-17 10:48:29.867 | INFO     | __main__:clip_by_itp_id:111 - clipping for 183: 0:00:44.802769
2022-10-17 10:50:26.344 | INFO     | __main__:clip_by_itp_id:111 - clipping for 187: 0:00:06.847581
2022-10-17 10:50:36.401 | INFO     | __main__:clip_by_itp_id:111 - clipping for 190: 0:00:05.464149
2022-10-17 10:51:06.640 | INFO     | __main__:clip_by_itp_id:111 - clipping for 194: 0:00:23.029630
2022-10-17 10:52:00.348 | INFO     | __main__:clip_by_itp_id:111 - clipping for 198: 0:00:05.328874
2022-10-17 10:52:04.543 | INFO     | __main__:clip_by_itp_id:111 - clipping for 201: 0:00:04.182166
2022-10-17 10:52:12.617 | INFO     | __main__:clip_by_itp_id:111 - clipping for 206: 0:00:04.831371
2022-10-17 10:52:21.428 | INFO     | __main__:clip_by_itp_id:111 - clipping for 207: 0:00:04.775539
2022-10-17 10:52:41.297 | INFO     | __main__:clip_by_itp_id:111 - clipping for 208: 0:00:19.862508
2022-10-17 10:53:20.766 | INFO     | __main__:clip_by_itp_id:111 - clipping for 214: 0:00:11.885387
2022-10-17 10:53:31.685 | INFO     | __main__:clip_by_itp_id:111 - clipping for 217: 0:00:10.909360
2022-10-17 10:53:58.426 | INFO     | __main__:clip_by_itp_id:111 - clipping for 218: 0:00:10.553178
2022-10-17 10:54:19.485 | INFO     | __main__:clip_by_itp_id:111 - clipping for 221: 0:00:12.444279
2022-10-17 10:54:41.700 | INFO     | __main__:clip_by_itp_id:111 - clipping for 226: 0:00:13.754681
2022-10-17 10:55:10.812 | INFO     | __main__:clip_by_itp_id:111 - clipping for 228: 0:00:07.082889
2022-10-17 10:55:50.254 | INFO     | __main__:clip_by_itp_id:111 - clipping for 231: 0:00:33.560011
2022-10-17 10:57:16.803 | INFO     | __main__:clip_by_itp_id:111 - clipping for 232: 0:00:20.361643
2022-10-17 10:58:27.774 | INFO     | __main__:clip_by_itp_id:111 - clipping for 235: 0:01:00.671448
2022-10-17 11:00:56.024 | INFO     | __main__:clip_by_itp_id:111 - clipping for 238: 0:00:04.295885
2022-10-17 11:01:03.380 | INFO     | __main__:clip_by_itp_id:111 - clipping for 239: 0:00:04.234590
2022-10-17 11:01:11.586 | INFO     | __main__:clip_by_itp_id:111 - clipping for 243: 0:00:05.090689
2022-10-17 11:01:22.716 | INFO     | __main__:clip_by_itp_id:111 - clipping for 247: 0:00:06.724096
2022-10-17 11:01:41.435 | INFO     | __main__:clip_by_itp_id:111 - clipping for 251: 0:00:11.880345
2022-10-17 11:01:50.947 | INFO     | __main__:clip_by_itp_id:111 - clipping for 257: 0:00:09.503567
2022-10-17 11:02:01.746 | INFO     | __main__:clip_by_itp_id:111 - clipping for 259: 0:00:10.781446
2022-10-17 11:02:19.333 | INFO     | __main__:clip_by_itp_id:111 - clipping for 260: 0:00:07.903497
2022-10-17 11:02:30.629 | INFO     | __main__:clip_by_itp_id:111 - clipping for 261: 0:00:05.519826
2022-10-17 11:02:46.878 | INFO     | __main__:clip_by_itp_id:111 - clipping for 269: 0:00:12.735838
2022-10-17 11:03:17.422 | INFO     | __main__:clip_by_itp_id:111 - clipping for 271: 0:00:05.389230
2022-10-17 11:03:53.977 | INFO     | __main__:clip_by_itp_id:111 - clipping for 273: 0:00:30.100437
2022-10-17 11:06:07.131 | INFO     | __main__:clip_by_itp_id:111 - clipping for 278: 0:01:03.043574
2022-10-17 11:09:30.558 | INFO     | __main__:clip_by_itp_id:111 - clipping for 279: 0:01:08.443337
2022-10-17 11:11:04.671 | INFO     | __main__:clip_by_itp_id:111 - clipping for 280: 0:00:45.774135
2022-10-17 11:12:06.498 | INFO     | __main__:clip_by_itp_id:111 - clipping for 281: 0:00:32.059930
2022-10-17 11:14:12.019 | INFO     | __main__:clip_by_itp_id:111 - clipping for 282: 0:01:36.996681
2022-10-17 11:18:26.643 | INFO     | __main__:clip_by_itp_id:111 - clipping for 284: 0:01:30.872842
2022-10-17 11:19:24.332 | INFO     | __main__:clip_by_itp_id:111 - clipping for 287: 0:00:08.449729
2022-10-17 11:19:43.274 | INFO     | __main__:clip_by_itp_id:111 - clipping for 289: 0:00:09.991287
2022-10-17 11:23:52.311 | INFO     | __main__:clip_by_itp_id:111 - clipping for 290: 0:04:01.546206
2022-10-17 11:34:09.646 | INFO     | __main__:clip_by_itp_id:111 - clipping for 293: 0:00:11.428576
2022-10-17 11:35:47.443 | INFO     | __main__:clip_by_itp_id:111 - clipping for 294: 0:01:21.592900
2022-10-17 11:39:07.999 | INFO     | __main__:clip_by_itp_id:111 - clipping for 295: 0:00:11.649888
2022-10-17 11:39:35.774 | INFO     | __main__:clip_by_itp_id:111 - clipping for 296: 0:00:06.603428
2022-10-17 11:39:48.762 | INFO     | __main__:clip_by_itp_id:111 - clipping for 298: 0:00:03.965449
2022-10-17 11:39:55.722 | INFO     | __main__:clip_by_itp_id:111 - clipping for 300: 0:00:06.949784
2022-10-17 11:40:12.478 | INFO     | __main__:clip_by_itp_id:111 - clipping for 301: 0:00:05.361649
2022-10-17 11:40:21.931 | INFO     | __main__:clip_by_itp_id:111 - clipping for 308: 0:00:03.795354
2022-10-17 11:40:26.574 | INFO     | __main__:clip_by_itp_id:111 - clipping for 310: 0:00:04.635837
2022-10-17 11:40:36.075 | INFO     | __main__:clip_by_itp_id:111 - clipping for 312: 0:00:03.773529
2022-10-17 11:40:47.839 | INFO     | __main__:clip_by_itp_id:111 - clipping for 314: 0:00:11.757321
2022-10-17 11:41:16.075 | INFO     | __main__:clip_by_itp_id:111 - clipping for 323: 0:00:04.599207
2022-10-17 11:41:28.682 | INFO     | __main__:clip_by_itp_id:111 - clipping for 324: 0:00:07.334616
2022-10-17 11:41:46.498 | INFO     | __main__:clip_by_itp_id:111 - clipping for 327: 0:00:05.056358
2022-10-17 11:41:56.381 | INFO     | __main__:clip_by_itp_id:111 - clipping for 329: 0:00:04.260265
2022-10-17 11:42:05.685 | INFO     | __main__:clip_by_itp_id:111 - clipping for 331: 0:00:04.575216
2022-10-17 11:42:13.474 | INFO     | __main__:clip_by_itp_id:111 - clipping for 334: 0:00:04.232689
2022-10-17 11:42:24.888 | INFO     | __main__:clip_by_itp_id:111 - clipping for 336: 0:00:07.211099
2022-10-17 11:42:40.372 | INFO     | __main__:clip_by_itp_id:111 - clipping for 337: 0:00:04.566615
2022-10-17 11:42:48.453 | INFO     | __main__:clip_by_itp_id:111 - clipping for 339: 0:00:04.642223
2022-10-17 11:42:59.179 | INFO     | __main__:clip_by_itp_id:111 - clipping for 343: 0:00:06.138514
2022-10-17 11:43:10.937 | INFO     | __main__:clip_by_itp_id:111 - clipping for 349: 0:00:04.627223
2022-10-17 11:43:20.035 | INFO     | __main__:clip_by_itp_id:111 - clipping for 350: 0:00:05.670534
2022-10-17 11:43:31.436 | INFO     | __main__:clip_by_itp_id:111 - clipping for 351: 0:00:05.191661
2022-10-17 11:43:40.878 | INFO     | __main__:clip_by_itp_id:111 - clipping for 356: 0:00:05.077436
2022-10-17 11:44:07.773 | INFO     | __main__:clip_by_itp_id:111 - clipping for 360: 0:00:22.745719
2022-10-17 11:45:04.791 | INFO     | __main__:clip_by_itp_id:111 - clipping for 361: 0:00:05.814654
2022-10-17 11:45:12.684 | INFO     | __main__:clip_by_itp_id:111 - clipping for 366: 0:00:04.221909
2022-10-17 11:45:19.724 | INFO     | __main__:clip_by_itp_id:111 - clipping for 367: 0:00:04.005446
2022-10-17 11:45:29.348 | INFO     | __main__:clip_by_itp_id:111 - clipping for 368: 0:00:05.526013
2022-10-17 11:45:43.119 | INFO     | __main__:clip_by_itp_id:111 - clipping for 372: 0:00:06.921442
2022-10-17 11:45:57.542 | INFO     | __main__:clip_by_itp_id:111 - clipping for 376: 0:00:05.391278
2022-10-17 11:47:07.940 | INFO     | __main__:clip_by_itp_id:111 - clipping for 380: 0:01:06.211807
2022-10-17 11:50:51.195 | INFO     | __main__:clip_by_itp_id:111 - clipping for 381: 0:00:07.606290
2022-10-17 11:51:03.679 | INFO     | __main__:clip_by_itp_id:111 - clipping for 386: 0:00:05.656026
2022-10-17 11:51:13.892 | INFO     | __main__:clip_by_itp_id:111 - clipping for 474: 0:00:06.096748
2022-10-17 11:51:24.964 | INFO     | __main__:clip_by_itp_id:111 - clipping for 483: 0:00:05.165428
2022-10-17 11:51:36.566 | INFO     | __main__:clip_by_itp_id:111 - clipping for 484: 0:00:08.049951
2022-10-17 12:28:13.667 | INFO     | __main__:<module>:158 - compute for full clipped df: 2:50:50.902230
2022-10-17 12:28:17.181 | INFO     | __main__:<module>:168 - execution time: 2:50:55.985915
