2023-01-19 16:27:12.593 | INFO     | __main__:<module>:126 - Analysis date: 2023-01-18
2023-01-19 16:27:26.810 | INFO     | __main__:<module>:136 - grab all stops
2023-01-19 16:27:36.761 | INFO     | __main__:<module>:140 - create major stop bus
2023-01-19 16:27:44.549 | INFO     | __main__:<module>:144 - create hq corridor bus
2023-01-19 16:27:45.587 | INFO     | __main__:<module>:160 - execution time: 0:00:32.950515
2023-02-16 13:37:56.991 | INFO     | __main__:<module>:126 - Analysis date: 2023-02-15
2023-02-16 13:38:12.423 | INFO     | __main__:<module>:136 - grab all stops
2023-02-16 13:38:22.312 | INFO     | __main__:<module>:140 - create major stop bus
2023-02-16 13:38:30.932 | INFO     | __main__:<module>:144 - create hq corridor bus
2023-02-16 13:38:32.031 | INFO     | __main__:<module>:160 - execution time: 0:00:35.026523
2023-03-16 09:46:26.076 | INFO     | __main__:<module>:126 - Analysis date: 2023-03-15
2023-03-16 09:46:37.417 | INFO     | __main__:<module>:136 - grab all stops
2023-03-16 09:46:43.458 | INFO     | __main__:<module>:140 - create major stop bus
2023-03-16 09:46:49.954 | INFO     | __main__:<module>:144 - create hq corridor bus
2023-03-16 09:46:50.981 | INFO     | __main__:<module>:160 - execution time: 0:00:24.857302
2023-04-13 09:57:46.395 | INFO     | __main__:<module>:126 - Analysis date: 2023-04-12
2023-04-13 09:57:58.401 | INFO     | __main__:<module>:136 - grab all stops
2023-04-13 09:58:01.032 | INFO     | __main__:<module>:140 - create major stop bus
2023-04-13 09:58:06.222 | INFO     | __main__:<module>:144 - create hq corridor bus
2023-04-13 09:58:07.230 | INFO     | __main__:<module>:160 - execution time: 0:00:20.806463
2023-05-18 12:20:23.724 | INFO     | __main__:<module>:126 - Analysis date: 2023-05-17
2023-05-18 12:20:41.275 | INFO     | __main__:<module>:136 - grab all stops
2023-05-18 12:20:46.658 | INFO     | __main__:<module>:140 - create major stop bus
2023-05-18 12:20:53.286 | INFO     | __main__:<module>:144 - create hq corridor bus
2023-05-18 12:20:54.437 | INFO     | __main__:<module>:160 - execution time: 0:00:30.661528
2023-06-15 14:44:04.844 | INFO     | __main__:<module>:126 - Analysis date: 2023-06-14
2023-06-15 14:44:24.772 | INFO     | __main__:<module>:136 - grab all stops
2023-06-15 14:44:30.094 | INFO     | __main__:<module>:140 - create major stop bus
2023-06-15 14:44:36.859 | INFO     | __main__:<module>:144 - create hq corridor bus
2023-06-15 14:44:38.026 | INFO     | __main__:<module>:160 - execution time: 0:00:33.136940
2023-07-13 14:26:02.979 | INFO     | __main__:<module>:126 - Analysis date: 2023-07-12
2023-07-13 14:26:18.672 | INFO     | __main__:<module>:136 - grab all stops
2023-07-13 14:26:23.643 | INFO     | __main__:<module>:140 - create major stop bus
2023-07-13 14:26:29.371 | INFO     | __main__:<module>:144 - create hq corridor bus
2023-07-13 14:26:30.528 | INFO     | __main__:<module>:160 - execution time: 0:00:27.548297
