2022-08-31 14:05:21.451 | INFO     | __main__:<module>:215 - grab all stops
2022-08-31 14:05:21.573 | INFO     | __main__:<module>:219 - create major stop bus
2022-08-31 14:05:22.150 | INFO     | __main__:<module>:223 - create hq corridor bus
2022-08-31 14:05:30.339 | INFO     | __main__:<module>:231 - execution time: 0:00:24.462973
2022-09-08 13:02:15.068 | INFO     | __main__:<module>:202 - Analysis date: 2022-08-17
2022-09-08 13:16:27.152 | INFO     | __main__:<module>:202 - Analysis date: 2022-08-17
2022-09-08 13:16:43.760 | INFO     | __main__:<module>:215 - grab all stops
2022-09-08 13:16:43.886 | INFO     | __main__:<module>:219 - create major stop bus
2022-09-08 13:16:44.448 | INFO     | __main__:<module>:223 - create hq corridor bus
2022-09-08 13:16:55.883 | INFO     | __main__:<module>:240 - execution time: 0:00:28.730462
2022-09-27 14:51:28.651 | INFO     | __main__:<module>:202 - Analysis date: 2022-09-14
2022-09-27 14:51:43.144 | INFO     | __main__:<module>:215 - grab all stops
2022-09-27 14:51:43.241 | INFO     | __main__:<module>:219 - create major stop bus
2022-09-27 14:51:43.743 | INFO     | __main__:<module>:223 - create hq corridor bus
2022-09-27 14:51:53.448 | INFO     | __main__:<module>:240 - execution time: 0:00:24.795167
2022-10-17 14:03:23.692 | INFO     | __main__:<module>:202 - Analysis date: 2022-10-12
2022-10-17 14:03:46.071 | INFO     | __main__:<module>:215 - grab all stops
2022-10-17 14:03:46.274 | INFO     | __main__:<module>:219 - create major stop bus
2022-10-17 14:03:47.129 | INFO     | __main__:<module>:223 - create hq corridor bus
2022-10-17 14:04:02.813 | INFO     | __main__:<module>:240 - execution time: 0:00:39.106271
2022-11-07 15:37:30.468 | INFO     | __main__:<module>:123 - Analysis date: 2022-10-12
2022-11-07 15:37:32.456 | INFO     | __main__:<module>:132 - grab all stops
2022-11-07 15:38:42.855 | INFO     | __main__:<module>:136 - create major stop bus
2022-11-07 15:38:43.914 | INFO     | __main__:<module>:140 - create hq corridor bus
2022-11-07 15:39:34.195 | INFO     | __main__:<module>:157 - execution time: 0:02:03.701663
2022-11-07 15:46:00.825 | INFO     | __main__:<module>:126 - Analysis date: 2022-10-12
2022-11-07 15:46:41.781 | INFO     | __main__:<module>:135 - grab all stops
2022-11-07 15:46:47.495 | INFO     | __main__:<module>:139 - create major stop bus
2022-11-07 15:46:58.694 | INFO     | __main__:<module>:143 - create hq corridor bus
2022-11-07 15:46:59.863 | INFO     | __main__:<module>:160 - execution time: 0:00:59.037045
