2023-01-20 08:30:27.197 | INFO     | __main__:<module>:132 - Analysis date: 2023-01-18
2023-01-20 08:30:29.664 | INFO     | __main__:<module>:150 - combined points: 0:00:02.432354
2023-01-20 08:30:38.130 | INFO     | __main__:<module>:156 - add route info: 0:00:08.465269
2023-01-20 08:30:43.172 | INFO     | __main__:<module>:163 - add agency names: 0:00:05.042080
2023-01-20 08:30:43.809 | INFO     | __main__:<module>:173 - export as geoparquet in date folder
2023-01-20 08:30:44.286 | INFO     | __main__:<module>:182 - export as geoparquet
2023-01-20 08:30:52.845 | INFO     | __main__:<module>:192 - export as geojson
2023-01-20 08:30:59.816 | INFO     | __main__:<module>:201 - export as geojsonl
2023-01-20 08:30:59.816 | INFO     | __main__:<module>:204 - execution time: 0:00:32.584346
2023-02-16 15:47:03.880 | INFO     | __main__:<module>:132 - Analysis date: 2023-02-15
2023-02-16 15:47:06.428 | INFO     | __main__:<module>:150 - combined points: 0:00:02.539448
2023-02-16 15:47:17.116 | INFO     | __main__:<module>:156 - add route info: 0:00:10.687789
2023-02-16 15:47:24.657 | INFO     | __main__:<module>:163 - add agency names: 0:00:07.541228
2023-02-16 15:47:25.442 | INFO     | __main__:<module>:173 - export as geoparquet in date folder
2023-02-16 15:47:25.958 | INFO     | __main__:<module>:182 - export as geoparquet
2023-02-16 15:47:38.766 | INFO     | __main__:<module>:192 - export as geojson
2023-02-16 15:47:49.512 | INFO     | __main__:<module>:201 - export as geojsonl
2023-02-16 15:47:49.512 | INFO     | __main__:<module>:204 - execution time: 0:00:45.623602
2023-02-17 11:51:33.875 | INFO     | __main__:<module>:169 - Analysis date: 2023-02-15
2023-02-17 11:51:36.344 | INFO     | __main__:<module>:187 - combined points: 0:00:02.468175
2023-02-17 11:51:43.772 | INFO     | __main__:<module>:193 - add route info: 0:00:07.428730
2023-02-17 11:51:51.114 | INFO     | __main__:<module>:200 - add agency names: 0:00:07.341330
2023-02-17 11:51:51.770 | INFO     | __main__:<module>:210 - export as geoparquet in date folder
2023-02-17 11:51:52.259 | INFO     | __main__:<module>:219 - export as geoparquet
2023-02-17 11:52:03.189 | INFO     | __main__:<module>:229 - export as geojson
2023-02-17 11:52:12.147 | INFO     | __main__:<module>:238 - export as geojsonl
2023-02-17 11:52:12.148 | INFO     | __main__:<module>:241 - execution time: 0:00:38.272712
2023-03-16 09:47:11.298 | INFO     | __main__:<module>:169 - Analysis date: 2023-03-15
2023-03-16 09:47:13.601 | INFO     | __main__:<module>:187 - combined points: 0:00:02.291898
2023-03-16 09:47:20.765 | INFO     | __main__:<module>:193 - add route info: 0:00:07.164008
2023-03-16 09:47:26.891 | INFO     | __main__:<module>:200 - add agency names: 0:00:06.125435
2023-03-16 09:47:27.673 | INFO     | __main__:<module>:210 - export as geoparquet in date folder
2023-03-16 09:47:28.145 | INFO     | __main__:<module>:219 - export as geoparquet
2023-03-16 09:47:38.005 | INFO     | __main__:<module>:229 - export as geojson
2023-03-16 09:47:45.857 | INFO     | __main__:<module>:238 - export as geojsonl
2023-03-16 09:47:45.859 | INFO     | __main__:<module>:241 - execution time: 0:00:34.549298
2023-03-16 09:51:20.971 | INFO     | __main__:<module>:169 - Analysis date: 2023-03-15
2023-03-16 09:51:23.285 | INFO     | __main__:<module>:187 - combined points: 0:00:02.312454
2023-03-16 09:51:30.537 | INFO     | __main__:<module>:193 - add route info: 0:00:07.252028
2023-03-16 09:51:37.070 | INFO     | __main__:<module>:200 - add agency names: 0:00:06.533528
2023-03-16 09:51:37.698 | INFO     | __main__:<module>:210 - export as geoparquet in date folder
2023-03-16 09:51:38.165 | INFO     | __main__:<module>:219 - export as geoparquet
2023-03-16 09:51:46.231 | INFO     | __main__:<module>:229 - export as geojson
2023-03-16 09:51:54.425 | INFO     | __main__:<module>:238 - export as geojsonl
2023-03-16 09:51:54.425 | INFO     | __main__:<module>:241 - execution time: 0:00:33.453193
2023-04-13 10:08:30.027 | INFO     | __main__:<module>:166 - Analysis date: 2023-04-12
2023-04-13 10:08:34.421 | INFO     | __main__:<module>:184 - combined points: 0:00:04.355893
2023-04-13 10:09:14.352 | INFO     | __main__:<module>:190 - add route info: 0:00:39.930469
2023-04-13 10:09:21.991 | INFO     | __main__:<module>:197 - add agency names: 0:00:07.638916
2023-04-13 10:09:22.793 | INFO     | __main__:<module>:207 - export as geoparquet in date folder
2023-04-13 10:09:23.292 | INFO     | __main__:<module>:216 - export as geoparquet
2023-04-13 10:09:31.511 | INFO     | __main__:<module>:226 - export as geojson
2023-04-13 10:09:39.100 | INFO     | __main__:<module>:235 - export as geojsonl
2023-04-13 10:09:39.101 | INFO     | __main__:<module>:238 - execution time: 0:01:09.036013
2023-05-18 12:46:54.702 | INFO     | __main__:<module>:207 - Analysis date: 2023-05-17
2023-05-18 12:47:00.103 | INFO     | __main__:<module>:232 - combined points: 0:00:05.399819
2023-05-18 12:48:11.465 | INFO     | __main__:<module>:238 - add route info: 0:01:11.361858
2023-05-18 12:48:33.550 | INFO     | __main__:<module>:246 - add agency names: 0:00:22.085937
2023-05-18 12:48:34.365 | INFO     | __main__:<module>:256 - export as geoparquet in date folder
2023-05-18 12:48:35.015 | INFO     | __main__:<module>:265 - export as geoparquet
2023-05-18 12:48:35.016 | INFO     | __main__:<module>:268 - execution time: 0:01:40.313278
2023-06-15 15:11:02.140 | INFO     | __main__:<module>:189 - Analysis date: 2023-06-14
2023-06-15 15:11:07.484 | INFO     | __main__:<module>:213 - combined points: 0:00:05.295363
2023-06-15 15:12:36.502 | INFO     | __main__:<module>:219 - add route info: 0:01:29.018130
2023-06-15 15:13:04.019 | INFO     | __main__:<module>:227 - add agency names: 0:00:27.516847
2023-06-15 15:13:05.036 | INFO     | __main__:<module>:237 - export as geoparquet in date folder
2023-06-15 15:13:05.706 | INFO     | __main__:<module>:246 - export as geoparquet
2023-06-15 15:13:05.708 | INFO     | __main__:<module>:249 - execution time: 0:02:03.519691
2023-07-13 14:26:46.784 | INFO     | __main__:<module>:195 - Analysis date: 2023-07-12
2023-07-13 14:26:51.759 | INFO     | __main__:<module>:219 - combined points: 0:00:04.974912
2023-07-13 14:27:47.076 | INFO     | __main__:<module>:225 - add route info: 0:00:55.317230
2023-07-13 14:28:07.962 | INFO     | __main__:<module>:233 - add agency names: 0:00:20.886000
2023-07-13 14:28:08.641 | INFO     | __main__:<module>:243 - export as geoparquet in date folder
2023-07-13 14:28:09.201 | INFO     | __main__:<module>:252 - export as geoparquet
2023-07-13 14:28:09.202 | INFO     | __main__:<module>:255 - execution time: 0:01:22.417787
