2023-01-20 08:31:19.614 | INFO     | __main__:<module>:128 - Analysis date: 2023-01-18
2023-01-20 08:31:35.605 | INFO     | __main__:<module>:139 - filter and buffer: 0:00:15.980361
2023-01-20 08:31:37.709 | INFO     | __main__:<module>:152 - export as geoparquet in date folder
2023-01-20 08:31:39.250 | INFO     | __main__:<module>:161 - export as geoparquet
2023-01-20 08:32:01.440 | INFO     | __main__:<module>:171 - export as geojson
2023-01-20 08:32:21.945 | INFO     | __main__:<module>:180 - export as geojsonl
2023-01-20 08:32:21.948 | INFO     | __main__:<module>:183 - execution time: 0:01:02.323396
2023-02-17 12:51:07.600 | INFO     | __main__:<module>:143 - Analysis date: 2023-02-15
2023-02-17 13:00:13.044 | INFO     | __main__:<module>:144 - Analysis date: 2023-02-15
2023-02-17 13:00:31.831 | INFO     | __main__:<module>:155 - filter and buffer: 0:00:18.786606
2023-02-17 13:00:33.958 | INFO     | __main__:<module>:168 - export as geoparquet in date folder
2023-02-17 13:00:35.210 | INFO     | __main__:<module>:177 - export as geoparquet
2023-02-17 13:01:00.337 | INFO     | __main__:<module>:187 - export as geojson
2023-02-17 13:01:26.292 | INFO     | __main__:<module>:196 - export as geojsonl
2023-02-17 13:01:26.296 | INFO     | __main__:<module>:199 - execution time: 0:01:13.251532
2023-03-16 09:54:07.072 | INFO     | __main__:<module>:145 - Analysis date: 2023-03-15
2023-03-16 09:54:26.464 | INFO     | __main__:<module>:156 - filter and buffer: 0:00:19.357839
2023-03-16 09:54:28.614 | INFO     | __main__:<module>:169 - export as geoparquet in date folder
2023-03-16 09:54:30.419 | INFO     | __main__:<module>:178 - export as geoparquet
2023-03-16 09:54:53.237 | INFO     | __main__:<module>:188 - export as geojson
2023-03-16 09:55:13.797 | INFO     | __main__:<module>:197 - export as geojsonl
2023-03-16 09:55:13.798 | INFO     | __main__:<module>:200 - execution time: 0:01:06.692246
2023-04-13 10:09:54.290 | INFO     | __main__:<module>:145 - Analysis date: 2023-04-12
2023-04-13 10:12:44.986 | INFO     | __main__:<module>:156 - filter and buffer: 0:02:50.679840
2023-04-13 10:12:47.149 | INFO     | __main__:<module>:169 - export as geoparquet in date folder
2023-04-13 10:12:48.512 | INFO     | __main__:<module>:178 - export as geoparquet
2023-04-13 10:13:09.417 | INFO     | __main__:<module>:188 - export as geojson
2023-04-13 10:13:28.338 | INFO     | __main__:<module>:197 - export as geojsonl
2023-04-13 10:13:28.340 | INFO     | __main__:<module>:200 - execution time: 0:03:34.033517
2023-05-18 12:48:56.401 | INFO     | __main__:<module>:145 - Analysis date: 2023-05-17
2023-05-18 12:54:13.554 | INFO     | __main__:<module>:156 - filter and buffer: 0:05:17.152409
2023-05-18 12:54:17.039 | INFO     | __main__:<module>:169 - export as geoparquet in date folder
2023-05-18 12:54:19.270 | INFO     | __main__:<module>:178 - export as geoparquet
2023-05-18 12:54:19.271 | INFO     | __main__:<module>:181 - execution time: 0:05:22.868896
2023-06-15 15:19:47.746 | INFO     | __main__:<module>:145 - Analysis date: 2023-06-14
2023-06-15 15:26:10.250 | INFO     | __main__:<module>:156 - filter and buffer: 0:06:22.502592
2023-06-15 15:26:13.447 | INFO     | __main__:<module>:169 - export as geoparquet in date folder
2023-06-15 15:26:15.401 | INFO     | __main__:<module>:178 - export as geoparquet
2023-06-15 15:26:15.404 | INFO     | __main__:<module>:181 - execution time: 0:06:27.656044
2023-07-13 14:28:25.036 | INFO     | __main__:<module>:145 - Analysis date: 2023-07-12
2023-07-13 14:33:00.915 | INFO     | __main__:<module>:156 - filter and buffer: 0:04:35.878206
2023-07-13 14:33:03.440 | INFO     | __main__:<module>:169 - export as geoparquet in date folder
2023-07-13 14:33:05.285 | INFO     | __main__:<module>:178 - export as geoparquet
2023-07-13 14:33:05.289 | INFO     | __main__:<module>:181 - execution time: 0:04:40.252416
