2024-07-18 12:57:28.027 | INFO     | __main__:<module>:354 - A1_rail_ferry_brt_stops 2024-07-17 execution time: 0:01:01.056099
2024-07-18 13:01:59.287 | INFO     | __main__:<module>:249 - B1_create_hqta_segments execution time: 0:04:10.669481
2024-07-18 13:03:04.077 | INFO     | __main__:<module>:256 - B2_sjoin_stops_to_segments 2024-07-17 execution time: 0:00:44.167777
2024-07-18 13:03:32.916 | INFO     | __main__:<module>:142 - C1_prep_pairwise_intersections 2024-07-17 execution time: 0:00:07.316823
2024-07-18 13:04:19.939 | INFO     | __main__:<module>:125 - C2_find_intersections 2024-07-17 execution time: 0:00:26.952159
2024-07-18 13:05:06.867 | INFO     | __main__:<module>:163 - C3_create_bus_hqta_types 2024-07-17 execution time: 0:00:25.327769
2024-07-18 13:05:55.111 | INFO     | __main__:<module>:296 - D1_assemble_hqta_points 2024-07-17 execution time: 0:00:25.544126
2024-07-18 13:06:45.283 | INFO     | __main__:<module>:167 - D2_assemble_hqta_polygons 2024-07-17 execution time: 0:00:25.195439
2024-08-15 10:01:20.432 | INFO     | __main__:<module>:354 - A1_rail_ferry_brt_stops 2024-08-14 execution time: 0:01:27.617119
2024-08-15 10:08:26.978 | INFO     | __main__:<module>:249 - B1_create_hqta_segments execution time: 0:06:42.400623
2024-08-15 10:10:13.248 | INFO     | __main__:<module>:256 - B2_sjoin_stops_to_segments 2024-08-14 execution time: 0:01:23.309914
2024-08-15 10:10:50.839 | INFO     | __main__:<module>:142 - C1_prep_pairwise_intersections 2024-08-14 execution time: 0:00:10.237930
2024-08-15 10:12:06.780 | INFO     | __main__:<module>:125 - C2_find_intersections 2024-08-14 execution time: 0:00:45.798357
2024-08-15 10:13:09.237 | INFO     | __main__:<module>:163 - C3_create_bus_hqta_types 2024-08-14 execution time: 0:00:39.499192
2024-08-15 10:14:06.867 | INFO     | __main__:<module>:297 - D1_assemble_hqta_points 2024-08-14 execution time: 0:00:34.144908
2024-08-15 10:15:08.381 | INFO     | __main__:<module>:167 - D2_assemble_hqta_polygons 2024-08-14 execution time: 0:00:37.945649
2024-09-19 09:22:34.969 | INFO     | __main__:<module>:354 - A1_rail_ferry_brt_stops 2024-09-18 execution time: 0:01:17.399227
2024-09-19 09:28:56.027 | INFO     | __main__:<module>:249 - B1_create_hqta_segments execution time: 0:05:58.743890
2024-09-19 09:30:06.095 | INFO     | __main__:<module>:256 - B2_sjoin_stops_to_segments 2024-09-18 execution time: 0:00:49.770142
2024-09-19 09:30:32.509 | INFO     | __main__:<module>:142 - C1_prep_pairwise_intersections 2024-09-18 execution time: 0:00:08.451303
2024-09-19 09:31:37.803 | INFO     | __main__:<module>:125 - C2_find_intersections 2024-09-18 execution time: 0:00:37.681126
2024-09-19 09:32:36.082 | INFO     | __main__:<module>:163 - C3_create_bus_hqta_types 2024-09-18 execution time: 0:00:37.486499
2024-09-19 09:33:22.863 | INFO     | __main__:<module>:307 - D1_assemble_hqta_points 2024-09-18 execution time: 0:00:27.668799
2024-09-19 09:36:35.489 | INFO     | __main__:<module>:167 - D2_assemble_hqta_polygons 2024-09-18 execution time: 0:00:26.678607
2024-09-19 14:07:11.844 | INFO     | __main__:<module>:269 - A1_rail_ferry_brt_stops 2024-09-18 execution time: 0:00:16.390254
2024-09-19 14:10:48.407 | INFO     | __main__:<module>:276 - A1_rail_ferry_brt_stops 2024-09-18 execution time: 0:00:17.570946
2024-09-19 14:51:15.926 | INFO     | __main__:<module>:248 - B1_create_hqta_segments execution time: 0:04:11.305371
2024-09-19 14:55:50.079 | INFO     | __main__:<module>:268 - B2_sjoin_stops_to_segments 2024-09-18 execution time: 0:00:50.195775
2024-09-19 14:56:18.048 | INFO     | __main__:<module>:140 - C1_prep_pairwise_intersections 2024-09-18 execution time: 0:00:09.222281
2024-09-19 14:57:06.861 | INFO     | __main__:<module>:124 - C2_find_intersections 2024-09-18 execution time: 0:00:32.170864
2024-09-19 15:04:46.269 | INFO     | __main__:<module>:176 - C3_create_bus_hqta_types 2024-09-18 execution time: 0:00:28.423966
2024-09-25 10:10:35.837 | INFO     | __main__:<module>:275 - A1_rail_ferry_brt_stops 2024-09-18 execution time: 0:00:16.979217
2024-09-25 10:18:42.737 | INFO     | __main__:<module>:248 - B1_create_hqta_segments execution time: 0:07:48.832296
2024-09-25 10:20:17.796 | INFO     | __main__:<module>:267 - B2_sjoin_stops_to_segments 2024-09-18 execution time: 0:01:12.987290
2024-09-25 10:20:52.130 | INFO     | __main__:<module>:140 - C1_prep_pairwise_intersections 2024-09-18 execution time: 0:00:10.962771
2024-09-25 10:22:04.117 | INFO     | __main__:<module>:124 - C2_find_intersections 2024-09-18 execution time: 0:00:49.634882
2024-09-25 10:25:48.480 | INFO     | __main__:<module>:175 - C3_create_bus_hqta_types 2024-09-18 execution time: 0:00:26.100650
2024-09-25 10:27:51.226 | INFO     | __main__:<module>:219 - D1_assemble_hqta_points 2024-09-18 execution time: 0:00:18.606053
2024-09-25 10:30:59.443 | INFO     | __main__:<module>:168 - D2_assemble_hqta_polygons 2024-09-18 execution time: 0:00:30.215506
2024-10-09 10:58:41.588 | INFO     | __main__:<module>:275 - A1_rail_ferry_brt_stops 2024-09-18 execution time: 0:00:19.051895
2024-10-09 11:03:32.388 | INFO     | __main__:<module>:248 - B1_create_hqta_segments execution time: 0:04:32.849858
2024-10-09 11:04:45.205 | INFO     | __main__:<module>:301 - B2_sjoin_stops_to_segments 2024-09-18 execution time: 0:00:53.314014
2024-10-09 11:05:12.682 | INFO     | __main__:<module>:140 - C1_prep_pairwise_intersections 2024-09-18 execution time: 0:00:08.100040
2024-10-10 09:43:19.078 | INFO     | __main__:<module>:275 - A1_rail_ferry_brt_stops 2024-09-18 execution time: 0:00:28.597295
2024-10-10 09:48:33.530 | INFO     | __main__:<module>:248 - B1_create_hqta_segments execution time: 0:04:48.617534
2024-10-10 09:49:52.721 | INFO     | __main__:<module>:301 - B2_sjoin_stops_to_segments 2024-09-18 execution time: 0:00:59.880352
2024-10-10 09:50:22.959 | INFO     | __main__:<module>:140 - C1_prep_pairwise_intersections 2024-09-18 execution time: 0:00:09.107672
2024-10-10 09:51:12.460 | INFO     | __main__:<module>:124 - C2_find_intersections 2024-09-18 execution time: 0:00:29.617306
2024-10-10 10:02:25.556 | INFO     | __main__:<module>:175 - C3_create_bus_hqta_types 2024-09-18 execution time: 0:00:30.074431
2024-10-10 10:03:17.217 | INFO     | __main__:<module>:219 - D1_assemble_hqta_points 2024-09-18 execution time: 0:00:21.338133
2024-10-10 10:04:22.212 | INFO     | __main__:<module>:168 - D2_assemble_hqta_polygons 2024-09-18 execution time: 0:00:27.841877
2024-10-22 10:35:12.916 | INFO     | __main__:<module>:277 - A1_rail_ferry_brt_stops 2024-10-21 execution time: 0:00:18.595461
2024-10-22 11:01:08.306 | INFO     | __main__:<module>:248 - B1_create_hqta_segments execution time: 0:25:38.950990
2024-10-22 11:02:28.314 | INFO     | __main__:<module>:301 - B2_sjoin_stops_to_segments 2024-10-21 execution time: 0:01:03.123860
2024-10-22 11:02:54.194 | INFO     | __main__:<module>:147 - C1_prep_pairwise_intersections 2024-10-21 execution time: 0:00:07.911675
2024-10-22 11:03:38.190 | INFO     | __main__:<module>:124 - C2_find_intersections 2024-10-21 execution time: 0:00:27.606185
2024-10-22 11:04:23.355 | INFO     | __main__:<module>:175 - C3_create_bus_hqta_types 2024-10-21 execution time: 0:00:28.143350
2024-10-22 11:05:01.542 | INFO     | __main__:<module>:219 - D1_assemble_hqta_points 2024-10-21 execution time: 0:00:19.728061
2024-10-22 11:05:44.215 | INFO     | __main__:<module>:168 - D2_assemble_hqta_polygons 2024-10-21 execution time: 0:00:25.999522
2024-12-12 16:47:26.757 | INFO     | __main__:<module>:277 - A1_rail_ferry_brt_stops 2024-10-21 execution time: 0:00:18.872683
2024-12-12 17:12:30.180 | INFO     | __main__:<module>:248 - B1_create_hqta_segments execution time: 0:24:45.443867
2024-12-13 10:18:57.764 | INFO     | __main__:<module>:309 - B2_sjoin_stops_to_segments 2024-10-21 execution time: 0:00:47.718032
2024-12-13 10:19:23.594 | INFO     | __main__:<module>:147 - C1_prep_pairwise_intersections 2024-10-21 execution time: 0:00:06.418968
2024-12-13 10:20:09.524 | INFO     | __main__:<module>:124 - C2_find_intersections 2024-10-21 execution time: 0:00:26.010689
2024-12-13 10:20:51.317 | INFO     | __main__:<module>:175 - C3_create_bus_hqta_types 2024-10-21 execution time: 0:00:22.777068
2024-12-13 10:21:31.926 | INFO     | __main__:<module>:219 - D1_assemble_hqta_points 2024-10-21 execution time: 0:00:21.842912
2024-12-13 10:22:09.622 | INFO     | __main__:<module>:168 - D2_assemble_hqta_polygons 2024-10-21 execution time: 0:00:19.468992
2024-12-13 10:55:54.405 | INFO     | __main__:<module>:309 - B2_sjoin_stops_to_segments 2024-10-21 execution time: 0:00:46.353523
2024-12-13 10:56:20.168 | INFO     | __main__:<module>:147 - C1_prep_pairwise_intersections 2024-10-21 execution time: 0:00:06.499986
2024-12-13 10:57:00.377 | INFO     | __main__:<module>:124 - C2_find_intersections 2024-10-21 execution time: 0:00:20.644833
2024-12-13 10:57:41.425 | INFO     | __main__:<module>:175 - C3_create_bus_hqta_types 2024-10-21 execution time: 0:00:22.287287
2024-12-13 10:58:22.304 | INFO     | __main__:<module>:219 - D1_assemble_hqta_points 2024-10-21 execution time: 0:00:22.018224
2024-12-13 10:59:00.824 | INFO     | __main__:<module>:168 - D2_assemble_hqta_polygons 2024-10-21 execution time: 0:00:19.198694
2024-12-13 11:29:41.820 | INFO     | __main__:<module>:309 - B2_sjoin_stops_to_segments 2024-10-21 execution time: 0:00:44.139854
2024-12-13 11:30:07.220 | INFO     | __main__:<module>:147 - C1_prep_pairwise_intersections 2024-10-21 execution time: 0:00:06.567972
2024-12-13 11:30:44.176 | INFO     | __main__:<module>:124 - C2_find_intersections 2024-10-21 execution time: 0:00:18.665460
2024-12-13 11:31:22.746 | INFO     | __main__:<module>:175 - C3_create_bus_hqta_types 2024-10-21 execution time: 0:00:20.396299
2024-12-13 11:32:02.933 | INFO     | __main__:<module>:219 - D1_assemble_hqta_points 2024-10-21 execution time: 0:00:21.877206
2024-12-13 11:32:39.694 | INFO     | __main__:<module>:168 - D2_assemble_hqta_polygons 2024-10-21 execution time: 0:00:18.424974
2024-12-13 11:55:48.649 | INFO     | __main__:<module>:309 - B2_sjoin_stops_to_segments 2024-10-21 execution time: 0:00:44.101742
2024-12-13 11:56:12.576 | INFO     | __main__:<module>:147 - C1_prep_pairwise_intersections 2024-10-21 execution time: 0:00:06.184147
2024-12-13 11:56:47.404 | INFO     | __main__:<module>:124 - C2_find_intersections 2024-10-21 execution time: 0:00:17.150945
2024-12-13 11:57:23.415 | INFO     | __main__:<module>:175 - C3_create_bus_hqta_types 2024-10-21 execution time: 0:00:18.277817
2024-12-13 11:58:00.304 | INFO     | __main__:<module>:219 - D1_assemble_hqta_points 2024-10-21 execution time: 0:00:19.643261
2024-12-13 11:58:35.391 | INFO     | __main__:<module>:168 - D2_assemble_hqta_polygons 2024-10-21 execution time: 0:00:17.158636
2024-12-13 13:00:08.789 | INFO     | __main__:<module>:300 - B2_sjoin_stops_to_segments 2024-10-21 execution time: 0:00:14.130307
2024-12-13 13:07:31.794 | INFO     | __main__:<module>:301 - B2_sjoin_stops_to_segments 2024-10-21 execution time: 0:00:13.237527
2024-12-13 13:07:54.987 | INFO     | __main__:<module>:147 - C1_prep_pairwise_intersections 2024-10-21 execution time: 0:00:04.741102
2024-12-13 13:08:22.103 | INFO     | __main__:<module>:124 - C2_find_intersections 2024-10-21 execution time: 0:00:09.561966
2024-12-13 13:08:53.745 | INFO     | __main__:<module>:175 - C3_create_bus_hqta_types 2024-10-21 execution time: 0:00:13.602800
2024-12-13 13:09:30.997 | INFO     | __main__:<module>:219 - D1_assemble_hqta_points 2024-10-21 execution time: 0:00:19.646276
2024-12-13 13:10:04.076 | INFO     | __main__:<module>:168 - D2_assemble_hqta_polygons 2024-10-21 execution time: 0:00:14.769622
2024-12-13 13:35:37.412 | INFO     | __main__:<module>:302 - B2_sjoin_stops_to_segments 2024-10-21 execution time: 0:00:13.446776
2024-12-13 13:36:44.557 | INFO     | __main__:<module>:301 - B2_sjoin_stops_to_segments 2024-10-21 execution time: 0:00:12.039450
2024-12-13 13:41:50.347 | INFO     | __main__:<module>:301 - B2_sjoin_stops_to_segments 2024-10-21 execution time: 0:00:12.691516
2024-12-13 13:42:12.391 | INFO     | __main__:<module>:147 - C1_prep_pairwise_intersections 2024-10-21 execution time: 0:00:04.804543
2024-12-13 13:42:38.996 | INFO     | __main__:<module>:124 - C2_find_intersections 2024-10-21 execution time: 0:00:09.349679
2024-12-13 13:43:10.018 | INFO     | __main__:<module>:175 - C3_create_bus_hqta_types 2024-10-21 execution time: 0:00:12.967725
2024-12-13 13:43:48.097 | INFO     | __main__:<module>:219 - D1_assemble_hqta_points 2024-10-21 execution time: 0:00:19.708957
2024-12-13 13:44:20.201 | INFO     | __main__:<module>:168 - D2_assemble_hqta_polygons 2024-10-21 execution time: 0:00:15.203018
2024-12-13 14:33:01.805 | INFO     | __main__:<module>:326 - B2_sjoin_stops_to_segments 2024-10-21 execution time: 0:00:14.181668
2024-12-13 14:33:23.474 | INFO     | __main__:<module>:147 - C1_prep_pairwise_intersections 2024-10-21 execution time: 0:00:04.576992
2024-12-13 14:33:50.423 | INFO     | __main__:<module>:124 - C2_find_intersections 2024-10-21 execution time: 0:00:09.325691
2024-12-13 14:34:21.885 | INFO     | __main__:<module>:175 - C3_create_bus_hqta_types 2024-10-21 execution time: 0:00:12.960027
2024-12-13 14:34:59.154 | INFO     | __main__:<module>:219 - D1_assemble_hqta_points 2024-10-21 execution time: 0:00:19.578227
2024-12-13 14:35:32.414 | INFO     | __main__:<module>:168 - D2_assemble_hqta_polygons 2024-10-21 execution time: 0:00:14.906216
2024-12-13 15:09:26.400 | INFO     | __main__:<module>:326 - B2_sjoin_stops_to_segments 2024-10-21 execution time: 0:00:14.579218
2024-12-13 15:09:51.521 | INFO     | __main__:<module>:147 - C1_prep_pairwise_intersections 2024-10-21 execution time: 0:00:04.461899
2024-12-13 15:10:16.883 | INFO     | __main__:<module>:124 - C2_find_intersections 2024-10-21 execution time: 0:00:07.830454
2024-12-13 15:10:47.425 | INFO     | __main__:<module>:175 - C3_create_bus_hqta_types 2024-10-21 execution time: 0:00:11.914511
2024-12-13 15:11:23.514 | INFO     | __main__:<module>:219 - D1_assemble_hqta_points 2024-10-21 execution time: 0:00:18.371460
2024-12-13 15:11:54.767 | INFO     | __main__:<module>:168 - D2_assemble_hqta_polygons 2024-10-21 execution time: 0:00:13.257745
