2023-08-18 12:35:51.526 | INFO     | __main__:<module>:98 - Analysis date: 2023-08-16
2023-08-18 12:35:59.688 | INFO     | __main__:<module>:106 - concat and filter batched data: 0:00:08.138077
2023-08-18 12:38:33.595 | INFO     | __main__:<module>:113 - export concatenated vp: 0:02:33.907752
2023-08-18 12:45:34.782 | INFO     | __main__:<module>:129 - remove batched parquets
2023-08-18 12:45:34.789 | INFO     | __main__:<module>:132 - execution time: 0:09:43.239478
2023-08-24 14:10:23.662 | INFO     | __main__:<module>:98 - Analysis date: 2023-08-23
2023-08-24 14:10:32.196 | INFO     | __main__:<module>:106 - concat and filter batched data: 0:00:08.533148
2023-08-24 14:14:38.296 | INFO     | __main__:<module>:113 - export concatenated vp: 0:04:06.100150
2023-08-24 14:37:29.617 | INFO     | __main__:<module>:98 - Analysis date: 2023-08-23
2023-08-24 14:37:40.184 | INFO     | __main__:<module>:106 - concat and filter batched data: 0:00:10.543419
2023-08-24 14:41:34.673 | INFO     | __main__:<module>:113 - export concatenated vp: 0:03:54.489263
2023-08-24 14:51:22.135 | INFO     | __main__:<module>:129 - remove batched parquets
2023-08-24 14:51:22.136 | INFO     | __main__:<module>:132 - execution time: 0:13:52.495882
2023-08-24 13:24:47.961 | INFO     | __main__:<module>:98 - Analysis date: 2023-08-15
2023-08-24 13:24:55.060 | INFO     | __main__:<module>:106 - concat and filter batched data: 0:00:07.082117
2023-08-24 13:27:22.061 | INFO     | __main__:<module>:113 - export concatenated vp: 0:02:27.001654
2023-08-24 13:34:21.482 | INFO     | __main__:<module>:129 - remove batched parquets
2023-08-24 13:34:21.494 | INFO     | __main__:<module>:132 - execution time: 0:09:33.5161252023-08-30 16:48:06.962 | INFO     | __main__:<module>:90 - Analysis date: 2023-04-10
2023-08-30 16:48:12.586 | INFO     | __main__:<module>:98 - concat and filter batched data: 0:00:05.623632
2023-08-30 16:50:36.573 | INFO     | __main__:<module>:105 - export concatenated vp: 0:02:23.986990
2023-08-30 16:57:01.854 | INFO     | __main__:<module>:121 - remove batched parquets
2023-08-30 16:57:01.855 | INFO     | __main__:<module>:124 - execution time: 0:08:54.892352
2023-08-30 19:11:44.597 | INFO     | __main__:<module>:90 - Analysis date: 2023-04-11
2023-08-30 19:11:50.418 | INFO     | __main__:<module>:98 - concat and filter batched data: 0:00:05.820807
2023-08-30 19:13:47.528 | INFO     | __main__:<module>:105 - export concatenated vp: 0:01:57.109743
2023-08-30 19:20:13.344 | INFO     | __main__:<module>:121 - remove batched parquets
2023-08-30 19:20:13.345 | INFO     | __main__:<module>:124 - execution time: 0:08:28.747816
2023-08-31 08:05:30.236 | INFO     | __main__:<module>:90 - Analysis date: 2023-04-13
2023-08-31 08:05:36.467 | INFO     | __main__:<module>:98 - concat and filter batched data: 0:00:06.204863
2023-08-31 08:08:19.365 | INFO     | __main__:<module>:105 - export concatenated vp: 0:02:42.898068
2023-08-31 08:15:26.632 | INFO     | __main__:<module>:121 - remove batched parquets
2023-08-31 08:15:26.633 | INFO     | __main__:<module>:124 - execution time: 0:09:56.371059
2023-09-12 12:44:52.304 | INFO     | __main__:<module>:90 - Analysis date: 2022-08-17
2023-09-12 12:44:54.667 | INFO     | __main__:<module>:98 - concat and filter batched data: 0:00:02.318655
2023-09-12 12:53:46.662 | INFO     | __main__:<module>:90 - Analysis date: 2022-08-17
2023-09-12 12:53:48.792 | INFO     | __main__:<module>:98 - concat and filter batched data: 0:00:02.129146
2023-09-12 13:03:45.647 | INFO     | __main__:<module>:90 - Analysis date: 2022-09-21
2023-09-12 13:03:50.018 | INFO     | __main__:<module>:98 - concat and filter batched data: 0:00:04.369936
2023-09-12 13:05:35.111 | INFO     | __main__:<module>:105 - export concatenated vp: 0:01:45.093159
2023-09-12 13:10:50.983 | INFO     | __main__:<module>:121 - remove batched parquets
2023-09-12 13:10:50.985 | INFO     | __main__:<module>:124 - execution time: 0:07:05.336866
2023-09-12 13:39:50.239 | INFO     | __main__:<module>:90 - Analysis date: 2022-10-12
2023-09-12 13:39:59.432 | INFO     | __main__:<module>:98 - concat and filter batched data: 0:00:09.189793
2023-09-12 13:43:09.472 | INFO     | __main__:<module>:105 - export concatenated vp: 0:03:10.040565
2023-09-12 13:54:16.230 | INFO     | __main__:<module>:121 - remove batched parquets
2023-09-12 13:54:16.231 | INFO     | __main__:<module>:124 - execution time: 0:14:25.989089
2023-09-12 14:04:25.971 | INFO     | __main__:<module>:90 - Analysis date: 2022-11-16
2023-09-12 14:04:32.144 | INFO     | __main__:<module>:98 - concat and filter batched data: 0:00:06.171920
2023-09-12 14:06:32.761 | INFO     | __main__:<module>:105 - export concatenated vp: 0:02:00.616483
2023-09-12 14:12:42.068 | INFO     | __main__:<module>:121 - remove batched parquets
2023-09-12 14:12:42.069 | INFO     | __main__:<module>:124 - execution time: 0:08:16.096005
2023-09-12 14:36:02.288 | INFO     | __main__:<module>:90 - Analysis date: 2022-12-14
2023-09-12 14:36:09.588 | INFO     | __main__:<module>:98 - concat and filter batched data: 0:00:07.287529
2023-09-12 14:39:11.752 | INFO     | __main__:<module>:105 - export concatenated vp: 0:03:02.163900
2023-09-12 14:45:46.459 | INFO     | __main__:<module>:121 - remove batched parquets
2023-09-12 14:45:46.461 | INFO     | __main__:<module>:124 - execution time: 0:09:44.160336
2023-09-13 13:36:49.274 | INFO     | __main__:<module>:90 - Analysis date: 2023-01-18
2023-09-13 13:36:56.809 | INFO     | __main__:<module>:98 - concat and filter batched data: 0:00:07.512212
2023-09-13 13:39:45.861 | INFO     | __main__:<module>:105 - export concatenated vp: 0:02:49.052118
2023-09-13 13:56:07.248 | INFO     | __main__:<module>:90 - Analysis date: 2023-01-18
2023-09-13 13:56:13.936 | INFO     | __main__:<module>:98 - concat and filter batched data: 0:00:06.679299
2023-09-13 13:59:00.456 | INFO     | __main__:<module>:105 - export concatenated vp: 0:02:46.519673
2023-09-13 14:05:44.328 | INFO     | __main__:<module>:121 - remove batched parquets
2023-09-13 14:05:44.329 | INFO     | __main__:<module>:124 - execution time: 0:09:37.071817
2023-09-14 10:09:54.087 | INFO     | __main__:<module>:123 - Analysis date: 2023-09-13
2023-09-14 10:09:55.592 | INFO     | __main__:loop_through_batches_and_download_vp:100 - batch 0: ['LA Metro Bus Vehicle Positions', 'LA Metro Rail Vehicle Positions']
2023-09-14 10:12:09.716 | INFO     | __main__:loop_through_batches_and_download_vp:108 - exported batch 0 to GCS: 0:02:14.124656
2023-09-14 10:12:09.717 | INFO     | __main__:loop_through_batches_and_download_vp:100 - batch 1: ['Bay Area 511 Tri Delta VehiclePositions', 'Bay Area 511 Commute.org VehiclePositions', 'Bay Area 511 County Connection VehiclePositions', 'Bay Area 511 ACE VehiclePositions', 'Bay Area 511 Caltrain VehiclePositions', 'Bay Area 511 Capitol Corridor VehiclePositions', 'Bay Area 511 Angel Island-Tiburon Ferry VehiclePositions', 'Bay Area 511 BART VehiclePositions', 'Bay Area 511 Dumbarton Express VehiclePositions', 'Bay Area 511 Emery Go-Round VehiclePositions', 'Bay Area 511 Fairfield and Suisun Transit Vehicle Positions', 'Bay Area 511 Marin VehiclePositions', 'Bay Area 511 MVGO VehiclePositions', 'Bay Area 511 SamTrans VehiclePositions', 'Bay Area 511 Sonoma County Transit Vehicle Positions', 'Bay Area 511 Sonoma-Marin Area Rail Transit VehiclePositions', 'Bay Area 511 San Francisco Bay Ferry VehiclePositions', 'Bay Area 511 Santa Clara Transit VehiclePositions', 'Bay Area 511 SFO AirTrain VehiclePositions', 'Bay Area 511 San Francisco International Airport VehiclePositions', 'Bay Area 511 Santa Rosa CityBus VehiclePositions', 'Bay Area 511 South San Francisco Shuttle VehiclePositions', 'Bay Area 511 SolTrans VehiclePositions', 'Bay Area 511 Petaluma VehiclePositions', 'Bay Area 511 VehiclePositions', 'Bay Area 511 Rio Vista Delta Breeze VehiclePositions', 'Bay Area 511 WestCAT VehiclePositions', 'Bay Area 511 Tri-Valley Wheels VehiclePositions', 'Bay Area 511 Tideline VehiclePositions', 'Bay Area 511 Treasure Island Ferry VehiclePositions', 'Bay Area 511 Union City Transit VehiclePositions', 'Bay Area 511 Vine Transit VehiclePositions', 'Bay Area 511 Vacaville City Coach VehiclePositions', 'Bay Area 511 Golden Gate Ferry Vehicle Positions', 'Bay Area 511 Golden Gate Transit Vehicle Positions', 'Bay Area 511 Mission Bay Vehicle Positions']
2023-09-14 10:13:18.775 | INFO     | __main__:loop_through_batches_and_download_vp:108 - exported batch 1 to GCS: 0:01:09.057797
2023-09-14 10:13:18.776 | INFO     | __main__:loop_through_batches_and_download_vp:100 - batch 2: ['Avalon Vehicle Positions', 'Riverside VehiclePositions', 'Culver City VehiclePositions', 'Santa Cruz Vehicle Positions', 'Torrance Vehicle Positions', 'Sacramento Vehicle Positions', 'SBMTD VehiclePositions', 'VCTC Vehicle Positions', 'LA DOT VehiclePositions', 'MVGO VehiclePositions', 'Big Blue Bus VehiclePositions', 'Merced VehiclePositions', 'Union City Vehicle Positions', 'Commerce VehiclePositions', 'Emery Go-Round VehiclePositions', 'SMART Vehicle Positions', 'Victor Valley Vehicle Position', 'PresidiGo VehiclePositions', 'Desert Roadrunner Vehicle Positions', 'TIME Vehicle Positions', 'Marin VehiclePositions', 'Burbank VehiclePositions', 'Yolobus Vehicle Positions', 'Visalia VehiclePositions', 'Elk Grove VehiclePositions', 'Beach Cities VehiclePositions', 'Lawndale Beat Vehicle Positions', 'TCRTA Vehicle Positions GRaaS', 'Eastern Sierra Vehicle Positions', 'OCTA VehiclePositions', 'North County Vehicle Positions', 'Bear Vehicle Positions', 'Banning Pass Vehicle Positions', 'Tahoe Transportation Vehicle Positions', 'Madera County Connection Vehicle Positions', 'Redding Vehicle Positions', 'Humboldt Vehicle Positions', 'Turlock Vehicle Positions', 'Beaumont Pass Vehicle Positions', 'Mendocino Vehicle Positions', 'Torrance Swiftly Vehicle Positions', 'eTrans VehiclePositions', 'OmniTrans Vehicle Positions', 'Unitrans Vehicle Positions', 'Glenn Vehicle Positions', 'Lake Vehicle Positions', 'San Joaquin Vehicle Positions', 'San Francisco Bay Ferry Vehicle Positions', 'Antelope Valley Transit Authority Vehicle Positions', 'Monterey Salinas VehiclePositions', 'StanRTA Vehicle Positions', 'Modesto VehiclePositions', 'StanRTA VehiclePositions', 'GET VehiclePositions', 'WeHo Vehicle Positions', 'Nevada County Vehicle Positions', 'Redwood Coast Vehicle Positions', 'Anaheim Resort VehiclePositions', 'Fresno Vehicle Positions', 'Montebello Vehicle Positions', 'Norwalk Vehicle Positions', 'Kings Vehicle Positions', 'SunLine Vehicle Positions', 'Santa Maria Vehicle Positions', 'Pasadena VehiclePositions', 'Santa Ynez Vehicle Positions', 'Long Beach VehiclePositions', 'Petaluma Vehicle Positions', 'San Diego Vehicle Positions', 'Santa Rosa CityBus Vehicle Positions', 'SolTrans Vehicle Positions', 'Foothill Vehicle Positions', 'Santa Clarita VehiclePositions', 'TCRTA Vehicle Positions', 'B-Line Vehicle Positions', 'BruinBus Vehicle Positions']
2023-09-14 10:17:03.130 | INFO     | __main__:loop_through_batches_and_download_vp:108 - exported batch 2 to GCS: 0:03:44.354076
2023-09-14 10:17:03.131 | INFO     | __main__:loop_through_batches_and_download_vp:100 - batch 3: ['AC Transit VehiclePositions', 'Bay Area 511 AC Transit Vehicle Position', 'Bay Area 511 Muni VehiclePositions']
2023-09-14 10:19:06.256 | INFO     | __main__:loop_through_batches_and_download_vp:108 - exported batch 3 to GCS: 0:02:03.125568
2023-09-14 10:19:07.940 | INFO     | __main__:<module>:147 - execution time: 0:09:13.852232

2023-09-14 10:19:23.951 | INFO     | __main__:<module>:90 - Analysis date: 2023-09-13
2023-09-14 10:19:32.294 | INFO     | __main__:<module>:98 - concat and filter batched data: 0:00:08.303284
2023-09-14 10:22:52.185 | INFO     | __main__:<module>:105 - export concatenated vp: 0:03:19.890106
2023-09-14 10:32:54.115 | INFO     | __main__:<module>:121 - remove batched parquets
2023-09-14 10:32:54.115 | INFO     | __main__:<module>:124 - execution time: 0:13:30.124333
>>>>>>> 78cea134 (sep download, hqta, traffic_ops)
2023-09-27 17:12:14.143 | INFO     | __main__:<module>:123 - Analysis date: 2022-11-07
2023-09-27 17:12:15.643 | INFO     | __main__:loop_through_batches_and_download_vp:100 - batch 0: ['LA Metro Bus Vehicle Positions', 'LA Metro Rail Vehicle Positions']
2023-09-27 17:13:59.854 | INFO     | __main__:loop_through_batches_and_download_vp:108 - exported batch 0 to GCS: 0:01:44.211271
2023-09-27 17:13:59.855 | INFO     | __main__:loop_through_batches_and_download_vp:100 - batch 1: ['Bay Area 511 Tri Delta VehiclePositions', 'Bay Area 511 Commute.org VehiclePositions', 'Bay Area 511 County Connection VehiclePositions', 'Bay Area 511 ACE VehiclePositions', 'Bay Area 511 Caltrain VehiclePositions', 'Bay Area 511 Capitol Corridor VehiclePositions', 'Bay Area 511 Angel Island-Tiburon Ferry VehiclePositions', 'Bay Area 511 BART VehiclePositions', 'Bay Area 511 Dumbarton Express VehiclePositions', 'Bay Area 511 Emery Go-Round VehiclePositions', 'Bay Area 511 Fairfield and Suisun Transit Vehicle Positions', 'Bay Area 511 Marin VehiclePositions', 'Bay Area 511 MVGO VehiclePositions', 'Bay Area 511 SamTrans VehiclePositions', 'Bay Area 511 Sonoma County Transit Vehicle Positions', 'Bay Area 511 Sonoma-Marin Area Rail Transit VehiclePositions', 'Bay Area 511 San Francisco Bay Ferry VehiclePositions', 'Bay Area 511 Santa Clara Transit VehiclePositions', 'Bay Area 511 San Francisco International Airport VehiclePositions', 'Bay Area 511 SFO AirTrain VehiclePositions', 'Bay Area 511 Santa Rosa CityBus VehiclePositions', 'Bay Area 511 South San Francisco Shuttle VehiclePositions', 'Bay Area 511 SolTrans VehiclePositions', 'Bay Area 511 Petaluma VehiclePositions', 'Bay Area 511 VehiclePositions', 'Bay Area 511 Rio Vista Delta Breeze VehiclePositions', 'Bay Area 511 WestCAT VehiclePositions', 'Bay Area 511 Tri-Valley Wheels VehiclePositions', 'Bay Area 511 Tideline VehiclePositions', 'Bay Area 511 Treasure Island Ferry VehiclePositions', 'Bay Area 511 Union City Transit VehiclePositions', 'Bay Area 511 Vine Transit VehiclePositions', 'Bay Area 511 Vacaville City Coach VehiclePositions', 'Bay Area 511 Golden Gate Ferry Vehicle Positions', 'Bay Area 511 Golden Gate Transit Vehicle Positions', 'Bay Area 511 Mission Bay Vehicle Positions']
2023-09-27 17:14:53.531 | INFO     | __main__:loop_through_batches_and_download_vp:108 - exported batch 1 to GCS: 0:00:53.676094
2023-09-27 17:14:53.531 | INFO     | __main__:loop_through_batches_and_download_vp:100 - batch 2: ['Avalon Vehicle Positions', 'Riverside VehiclePositions', 'Culver City VehiclePositions', 'Santa Cruz Vehicle Positions', 'Torrance Vehicle Positions', 'Sacramento Vehicle Positions', 'SBMTD VehiclePositions', 'VCTC Vehicle Positions', 'LA DOT VehiclePositions', 'MVGO VehiclePositions', 'Big Blue Bus VehiclePositions', 'Merced VehiclePositions', 'Union City Vehicle Positions', 'Commerce VehiclePositions', 'Emery Go-Round VehiclePositions', 'SMART Vehicle Positions', 'Victor Valley Vehicle Position', 'PresidiGo VehiclePositions', 'Desert Roadrunner Vehicle Positions', 'TIME Vehicle Positions', 'Marin VehiclePositions', 'Burbank VehiclePositions', 'Yolobus Vehicle Positions', 'Visalia VehiclePositions', 'Elk Grove VehiclePositions', 'Beach Cities VehiclePositions', 'Lawndale Beat Vehicle Positions', 'TCRTA Vehicle Positions GRaaS', 'Eastern Sierra Vehicle Positions', 'OCTA VehiclePositions', 'North County Vehicle Positions', 'Bear Vehicle Positions', 'Banning Pass Vehicle Positions', 'Tahoe Transportation Vehicle Positions', 'Madera County Connection Vehicle Positions', 'Redding Vehicle Positions', 'Humboldt Vehicle Positions', 'Turlock Vehicle Positions', 'Beaumont Pass Vehicle Positions', 'Mendocino Vehicle Positions', 'Torrance Swiftly Vehicle Positions', 'eTrans VehiclePositions', 'OmniTrans Vehicle Positions', 'Unitrans Vehicle Positions', 'Glenn Vehicle Positions', 'Lake Vehicle Positions', 'San Joaquin Vehicle Positions', 'San Francisco Bay Ferry Vehicle Positions', 'Antelope Valley Transit Authority Vehicle Positions', 'Monterey Salinas VehiclePositions', 'StanRTA VehiclePositions', 'Modesto VehiclePositions', 'StanRTA Vehicle Positions', 'B-Line Vehicle Positions', 'GET VehiclePositions', 'SLORTA VehiclePositions', 'WeHo Vehicle Positions', 'Nevada County Vehicle Positions', 'Redwood Coast Vehicle Positions', 'Anaheim Resort VehiclePositions', 'Fresno Vehicle Positions', 'Montebello Vehicle Positions', 'Norwalk Vehicle Positions', 'Kings Vehicle Positions', 'SunLine Vehicle Positions', 'Santa Maria Vehicle Positions', 'Pasadena VehiclePositions', 'Santa Ynez Vehicle Positions', 'Long Beach VehiclePositions', 'Petaluma Vehicle Positions', 'San Diego Vehicle Positions', 'Santa Rosa CityBus Vehicle Positions', 'SolTrans Vehicle Positions', 'Foothill Vehicle Positions', 'Santa Clarita VehiclePositions', 'TCRTA Vehicle Positions', 'BruinBus Vehicle Positions']
2023-09-27 17:17:19.320 | INFO     | __main__:loop_through_batches_and_download_vp:108 - exported batch 2 to GCS: 0:02:25.788859
2023-09-27 17:17:19.321 | INFO     | __main__:loop_through_batches_and_download_vp:100 - batch 3: ['AC Transit VehiclePositions', 'Bay Area 511 AC Transit Vehicle Position', 'Bay Area 511 Muni VehiclePositions']
2023-09-27 17:18:50.802 | INFO     | __main__:loop_through_batches_and_download_vp:108 - exported batch 3 to GCS: 0:01:31.480931
2023-09-27 17:18:51.887 | INFO     | __main__:<module>:147 - execution time: 0:06:37.743123
2023-09-27 17:19:07.011 | INFO     | __main__:<module>:90 - Analysis date: 2022-11-07
2023-09-27 17:19:12.883 | INFO     | __main__:<module>:98 - concat and filter batched data: 0:00:05.871830
2023-09-27 17:21:42.512 | INFO     | __main__:<module>:105 - export concatenated vp: 0:02:29.629206
2023-09-27 17:23:56.781 | INFO     | __main__:<module>:121 - remove batched parquets
2023-09-27 17:23:56.796 | INFO     | __main__:<module>:124 - execution time: 0:04:49.784878
