2023-05-31 16:19:00.351 | INFO     | __main__:<module>:59 - *********** Download trips data ***********
2023-05-31 16:19:26.201 | INFO     | __main__:<module>:87 - execution time: 0:00:27.714166
2023-06-15 09:19:20.202 | INFO     | __main__:<module>:49 - Analysis date: 2023-06-14
2023-06-15 09:19:22.081 | INFO     | __main__:<module>:56 - # operators to run: 203
2023-06-15 09:19:22.082 | INFO     | __main__:<module>:59 - *********** Download trips data ***********
2023-06-15 09:19:45.463 | INFO     | __main__:<module>:87 - execution time: 0:00:25.245031
2023-06-15 09:20:00.459 | INFO     | __main__:<module>:24 - Analysis date: 2023-06-14
2023-06-15 09:20:02.195 | INFO     | __main__:<module>:31 - # operators to run: 203
2023-06-15 09:20:02.195 | INFO     | __main__:<module>:34 - *********** Download stops data ***********
2023-06-15 09:20:24.009 | INFO     | __main__:<module>:66 - execution time: 0:00:23.548903
2023-06-15 09:21:01.659 | INFO     | __main__:<module>:24 - Analysis date: 2023-06-14
2023-06-15 09:21:03.413 | INFO     | __main__:<module>:31 - # operators to run: 203
2023-06-15 09:21:03.414 | INFO     | __main__:<module>:35 - *********** Download routelines data ***********
2023-06-15 09:27:48.594 | INFO     | __main__:<module>:65 - execution time: 0:06:46.933896
2023-06-15 09:28:04.716 | INFO     | __main__:<module>:25 - Analysis date: 2023-06-14
2023-06-15 09:28:06.960 | INFO     | __main__:<module>:33 - # operators to run: 166
2023-06-15 09:28:06.961 | INFO     | __main__:<module>:37 - *********** Download st data ***********
2023-06-15 09:29:37.228 | INFO     | __main__:<module>:60 - execution time: 0:01:32.510767
2023-06-15 10:22:38.014 | INFO     | __main__:<module>:59 - *********** Download trips data ***********
2023-06-15 10:23:03.570 | INFO     | __main__:<module>:87 - execution time: 0:00:27.442476
2023-06-23 12:13:06.484 | INFO     | __main__:<module>:24 - Analysis date: 2023-06-14
2023-06-23 12:13:08.443 | INFO     | __main__:<module>:31 - # operators to run: 203
2023-06-23 12:13:08.443 | INFO     | __main__:<module>:35 - *********** Download routelines data ***********
2023-06-23 12:25:07.216 | INFO     | __main__:<module>:65 - execution time: 0:12:00.690905
2023-06-23 13:02:04.303 | INFO     | __main__:<module>:24 - Analysis date: 2023-06-14
2023-06-23 13:02:06.530 | INFO     | __main__:<module>:31 - # operators to run: 203
2023-06-23 13:02:06.532 | INFO     | __main__:<module>:35 - *********** Download routelines data ***********
2023-06-23 13:06:07.144 | INFO     | __main__:<module>:65 - execution time: 0:04:02.810387
2023-07-13 10:12:38.799 | INFO     | __main__:<module>:49 - Analysis date: 2023-07-12
2023-07-13 10:12:41.595 | INFO     | __main__:<module>:56 - # operators to run: 203
2023-07-13 10:12:41.596 | INFO     | __main__:<module>:59 - *********** Download trips data ***********
2023-07-13 10:14:06.883 | INFO     | __main__:<module>:24 - Analysis date: 2023-07-12
2023-07-13 10:14:08.804 | INFO     | __main__:<module>:31 - # operators to run: 203
2023-07-13 10:14:08.805 | INFO     | __main__:<module>:34 - *********** Download stops data ***********
2023-07-13 10:14:28.662 | INFO     | __main__:<module>:66 - execution time: 0:00:21.778023
2023-07-13 10:14:44.916 | INFO     | __main__:<module>:24 - Analysis date: 2023-07-12
2023-07-13 10:14:46.410 | INFO     | __main__:<module>:31 - # operators to run: 203
2023-07-13 10:14:46.411 | INFO     | __main__:<module>:35 - *********** Download routelines data ***********
2023-07-13 10:17:26.524 | INFO     | __main__:<module>:65 - execution time: 0:02:41.607516
2023-07-13 12:08:32.427 | INFO     | __main__:<module>:49 - Analysis date: 2023-07-12
2023-07-13 12:08:34.263 | INFO     | __main__:<module>:56 - # operators to run: 203
2023-07-13 12:08:34.264 | INFO     | __main__:<module>:59 - *********** Download trips data ***********
2023-07-13 12:08:59.386 | INFO     | __main__:<module>:89 - execution time: 0:00:26.926539
2023-07-13 12:10:33.946 | INFO     | __main__:<module>:25 - Analysis date: 2023-07-12
2023-07-13 12:10:35.732 | INFO     | __main__:<module>:33 - # operators to run: 176
2023-07-13 12:10:35.733 | INFO     | __main__:<module>:37 - *********** Download st data ***********
2023-07-13 12:12:24.693 | INFO     | __main__:<module>:60 - execution time: 0:01:50.746267
202
