2023-01-07 22:14:52.673 | INFO     | __main__:<module>:251 - Analysis date: 2022-10-12
2023-01-07 22:14:57.705 | INFO     | __main__:<module>:258 - get unique operators to loop over: 0:00:05.031497
2023-01-07 22:15:31.672 | INFO     | __main__:compute_and_export:235 - exported 110: 0:00:27.040670
2023-01-07 22:15:31.673 | INFO     | __main__:<module>:292 - 110: 0:00:33.966363
2023-01-07 22:16:02.395 | INFO     | __main__:compute_and_export:235 - exported 126: 0:00:25.841691
2023-01-07 22:16:02.395 | INFO     | __main__:<module>:292 - 126: 0:00:30.722149
2023-01-07 22:16:33.622 | INFO     | __main__:compute_and_export:235 - exported 127: 0:00:26.240636
2023-01-07 22:16:33.624 | INFO     | __main__:<module>:292 - 127: 0:00:31.227949
2023-01-07 22:17:00.374 | INFO     | __main__:compute_and_export:235 - exported 135: 0:00:22.950260
2023-01-07 22:17:00.375 | INFO     | __main__:<module>:292 - 135: 0:00:26.750682
2023-01-07 22:17:26.021 | INFO     | __main__:compute_and_export:235 - exported 148: 0:00:22.732718
2023-01-07 22:17:26.023 | INFO     | __main__:<module>:292 - 148: 0:00:25.648206
2023-01-07 22:17:52.582 | INFO     | __main__:compute_and_export:235 - exported 159: 0:00:23.417255
2023-01-07 22:17:52.584 | INFO     | __main__:<module>:292 - 159: 0:00:26.560043
2023-01-07 22:18:30.041 | INFO     | __main__:compute_and_export:235 - exported 167: 0:00:31.303068
2023-01-07 22:18:30.042 | INFO     | __main__:<module>:292 - 167: 0:00:37.457113
2023-01-07 22:23:54.286 | INFO     | __main__:compute_and_export:235 - exported 182: 0:04:57.849919
2023-01-07 22:23:54.288 | INFO     | __main__:<module>:292 - 182: 0:05:24.245255
2023-01-07 22:24:17.465 | INFO     | __main__:compute_and_export:235 - exported 188: 0:00:20.489675
2023-01-07 22:24:17.466 | INFO     | __main__:<module>:292 - 188: 0:00:23.177308
2023-01-07 22:25:11.279 | INFO     | __main__:compute_and_export:235 - exported 194: 0:00:44.031151
2023-01-07 22:25:11.280 | INFO     | __main__:<module>:292 - 194: 0:00:53.813076
2023-01-07 22:25:38.200 | INFO     | __main__:compute_and_export:235 - exported 218: 0:00:23.555035
2023-01-07 22:25:38.202 | INFO     | __main__:<module>:292 - 218: 0:00:26.922387
2023-01-07 22:26:02.470 | INFO     | __main__:compute_and_export:235 - exported 221: 0:00:21.340338
2023-01-07 22:26:02.471 | INFO     | __main__:<module>:292 - 221: 0:00:24.267763
2023-01-07 22:26:53.492 | INFO     | __main__:compute_and_export:235 - exported 226: 0:00:41.300930
2023-01-07 22:26:53.494 | INFO     | __main__:<module>:292 - 226: 0:00:51.022958
2023-01-07 22:28:24.871 | INFO     | __main__:compute_and_export:235 - exported 235: 0:01:18.532265
2023-01-07 22:28:24.871 | INFO     | __main__:<module>:292 - 235: 0:01:31.377099
2023-01-07 22:28:53.004 | INFO     | __main__:compute_and_export:235 - exported 243: 0:00:24.742501
2023-01-07 22:28:53.005 | INFO     | __main__:<module>:292 - 243: 0:00:28.132996
2023-01-07 22:29:20.868 | INFO     | __main__:compute_and_export:235 - exported 246: 0:00:24.365094
2023-01-07 22:29:20.869 | INFO     | __main__:<module>:292 - 246: 0:00:27.864177
2023-01-07 22:29:49.289 | INFO     | __main__:compute_and_export:235 - exported 247: 0:00:24.303036
2023-01-07 22:29:49.289 | INFO     | __main__:<module>:292 - 247: 0:00:28.419194
2023-01-07 22:30:27.756 | INFO     | __main__:compute_and_export:235 - exported 259: 0:00:32.998218
2023-01-07 22:30:27.757 | INFO     | __main__:<module>:292 - 259: 0:00:38.467366
2023-01-07 22:31:16.668 | INFO     | __main__:compute_and_export:235 - exported 269: 0:00:38.477077
2023-01-07 22:31:16.669 | INFO     | __main__:<module>:292 - 269: 0:00:48.911548
2023-01-07 22:33:00.886 | INFO     | __main__:compute_and_export:235 - exported 282: 0:01:30.101210
2023-01-07 22:33:00.887 | INFO     | __main__:<module>:292 - 282: 0:01:44.218062
2023-01-07 22:33:46.855 | INFO     | __main__:compute_and_export:235 - exported 284: 0:00:36.818696
2023-01-07 22:33:46.857 | INFO     | __main__:<module>:292 - 284: 0:00:45.968922
2023-01-07 22:35:09.202 | INFO     | __main__:compute_and_export:235 - exported 290: 0:01:02.020413
2023-01-07 22:35:09.204 | INFO     | __main__:<module>:292 - 290: 0:01:22.346059
2023-01-07 22:35:49.085 | INFO     | __main__:compute_and_export:235 - exported 293: 0:00:31.973294
2023-01-07 22:35:49.086 | INFO     | __main__:<module>:292 - 293: 0:00:39.882077
2023-01-07 22:37:38.493 | INFO     | __main__:compute_and_export:235 - exported 294: 0:01:27.801394
2023-01-07 22:37:38.494 | INFO     | __main__:<module>:292 - 294: 0:01:49.407541
2023-01-07 22:38:18.846 | INFO     | __main__:compute_and_export:235 - exported 295: 0:00:32.832070
2023-01-07 22:38:18.847 | INFO     | __main__:<module>:292 - 295: 0:00:40.353178
2023-01-07 22:38:56.841 | INFO     | __main__:compute_and_export:235 - exported 300: 0:00:32.687109
2023-01-07 22:38:56.843 | INFO     | __main__:<module>:292 - 300: 0:00:37.994643
2023-01-07 22:39:23.916 | INFO     | __main__:compute_and_export:235 - exported 301: 0:00:23.768876
2023-01-07 22:39:23.917 | INFO     | __main__:<module>:292 - 301: 0:00:27.073104
2023-01-07 22:39:46.341 | INFO     | __main__:compute_and_export:235 - exported 30: 0:00:19.837180
2023-01-07 22:39:46.342 | INFO     | __main__:<module>:292 - 30: 0:00:22.424765
2023-01-07 22:40:20.290 | INFO     | __main__:compute_and_export:235 - exported 310: 0:00:29.052329
2023-01-07 22:40:20.290 | INFO     | __main__:<module>:292 - 310: 0:00:33.948416
2023-01-07 22:40:59.304 | INFO     | __main__:compute_and_export:235 - exported 314: 0:00:30.466857
2023-01-07 22:40:59.305 | INFO     | __main__:<module>:292 - 314: 0:00:39.014498
2023-01-07 22:41:21.937 | INFO     | __main__:compute_and_export:235 - exported 315: 0:00:20.381318
2023-01-07 22:41:21.937 | INFO     | __main__:<module>:292 - 315: 0:00:22.631693
2023-01-07 22:41:53.752 | INFO     | __main__:compute_and_export:235 - exported 336: 0:00:26.976434
2023-01-07 22:41:53.753 | INFO     | __main__:<module>:292 - 336: 0:00:31.815357
2023-01-07 22:42:18.626 | INFO     | __main__:compute_and_export:235 - exported 349: 0:00:22.005686
2023-01-07 22:42:18.627 | INFO     | __main__:<module>:292 - 349: 0:00:24.873862
2023-01-07 22:42:59.886 | INFO     | __main__:compute_and_export:235 - exported 350: 0:00:36.496100
2023-01-07 22:42:59.887 | INFO     | __main__:<module>:292 - 350: 0:00:41.258994
2023-01-07 22:43:31.780 | INFO     | __main__:compute_and_export:235 - exported 361: 0:00:27.291951
2023-01-07 22:43:31.781 | INFO     | __main__:<module>:292 - 361: 0:00:31.893904
2023-01-07 22:44:01.682 | INFO     | __main__:compute_and_export:235 - exported 372: 0:00:25.886334
2023-01-07 22:44:01.684 | INFO     | __main__:<module>:292 - 372: 0:00:29.902839
2023-01-07 22:44:24.482 | INFO     | __main__:compute_and_export:235 - exported 45: 0:00:20.515926
2023-01-07 22:44:24.483 | INFO     | __main__:<module>:292 - 45: 0:00:22.798768
2023-01-07 22:47:15.806 | INFO     | __main__:compute_and_export:235 - exported 4: 0:02:23.734048
2023-01-07 22:47:15.808 | INFO     | __main__:<module>:292 - 4: 0:02:51.324381
2023-01-07 22:47:39.441 | INFO     | __main__:compute_and_export:235 - exported 75: 0:00:21.239106
2023-01-07 22:47:39.442 | INFO     | __main__:<module>:292 - 75: 0:00:23.633449
2023-01-07 22:47:39.442 | INFO     | __main__:<module>:295 - execution time: 0:32:46.768594
