2022-12-28 17:38:39.980 | INFO     | __main__:<module>:237 - Analysis date: 2022-10-12
2022-12-28 17:38:41.314 | INFO     | __main__:<module>:262 - ITP ID: 110: 0:00:00.220983
2022-12-28 17:38:41.518 | INFO     | __main__:<module>:262 - ITP ID: 126: 0:00:00.203624
2022-12-28 17:38:41.737 | INFO     | __main__:<module>:262 - ITP ID: 127: 0:00:00.218147
2022-12-28 17:38:41.960 | INFO     | __main__:<module>:262 - ITP ID: 135: 0:00:00.222715
2022-12-28 17:38:42.186 | INFO     | __main__:<module>:262 - ITP ID: 148: 0:00:00.225069
2022-12-28 17:38:42.390 | INFO     | __main__:<module>:262 - ITP ID: 159: 0:00:00.203297
2022-12-28 17:38:42.636 | INFO     | __main__:<module>:262 - ITP ID: 167: 0:00:00.243802
2022-12-28 17:38:42.880 | INFO     | __main__:<module>:262 - ITP ID: 182: 0:00:00.242451
2022-12-28 17:38:43.213 | INFO     | __main__:<module>:262 - ITP ID: 188: 0:00:00.331495
2022-12-28 17:38:43.440 | INFO     | __main__:<module>:262 - ITP ID: 194: 0:00:00.226708
2022-12-28 17:38:43.672 | INFO     | __main__:<module>:262 - ITP ID: 218: 0:00:00.230166
2022-12-28 17:38:43.900 | INFO     | __main__:<module>:262 - ITP ID: 221: 0:00:00.227202
2022-12-28 17:38:44.188 | INFO     | __main__:<module>:262 - ITP ID: 226: 0:00:00.286715
2022-12-28 17:38:44.413 | INFO     | __main__:<module>:262 - ITP ID: 235: 0:00:00.223456
2022-12-28 17:38:44.644 | INFO     | __main__:<module>:262 - ITP ID: 243: 0:00:00.230383
2022-12-28 17:38:44.845 | INFO     | __main__:<module>:262 - ITP ID: 246: 0:00:00.200340
2022-12-28 17:38:45.063 | INFO     | __main__:<module>:262 - ITP ID: 247: 0:00:00.217119
2022-12-28 17:38:45.292 | INFO     | __main__:<module>:262 - ITP ID: 259: 0:00:00.226564
2022-12-28 17:38:45.513 | INFO     | __main__:<module>:262 - ITP ID: 269: 0:00:00.220483
2022-12-28 17:38:45.711 | INFO     | __main__:<module>:262 - ITP ID: 273: 0:00:00.196900
2022-12-28 17:38:45.941 | INFO     | __main__:<module>:262 - ITP ID: 282: 0:00:00.229065
2022-12-28 17:38:46.162 | INFO     | __main__:<module>:262 - ITP ID: 284: 0:00:00.219068
2022-12-28 17:38:46.386 | INFO     | __main__:<module>:262 - ITP ID: 290: 0:00:00.221634
2022-12-28 17:38:46.602 | INFO     | __main__:<module>:262 - ITP ID: 293: 0:00:00.215272
2022-12-28 17:38:46.827 | INFO     | __main__:<module>:262 - ITP ID: 294: 0:00:00.224372
2022-12-28 17:38:47.070 | INFO     | __main__:<module>:262 - ITP ID: 295: 0:00:00.242335
2022-12-28 17:38:47.277 | INFO     | __main__:<module>:262 - ITP ID: 300: 0:00:00.205409
2022-12-28 17:38:47.487 | INFO     | __main__:<module>:262 - ITP ID: 301: 0:00:00.208277
2022-12-28 17:38:47.694 | INFO     | __main__:<module>:262 - ITP ID: 30: 0:00:00.204988
2022-12-28 17:38:47.909 | INFO     | __main__:<module>:262 - ITP ID: 310: 0:00:00.214346
2022-12-28 17:38:48.138 | INFO     | __main__:<module>:262 - ITP ID: 314: 0:00:00.227854
2022-12-28 17:38:48.360 | INFO     | __main__:<module>:262 - ITP ID: 315: 0:00:00.221218
2022-12-28 17:38:48.598 | INFO     | __main__:<module>:262 - ITP ID: 336: 0:00:00.237900
2022-12-28 17:38:48.824 | INFO     | __main__:<module>:262 - ITP ID: 349: 0:00:00.225461
2022-12-28 17:38:49.029 | INFO     | __main__:<module>:262 - ITP ID: 350: 0:00:00.204406
2022-12-28 17:38:49.252 | INFO     | __main__:<module>:262 - ITP ID: 361: 0:00:00.222657
2022-12-28 17:38:49.473 | INFO     | __main__:<module>:262 - ITP ID: 372: 0:00:00.219764
2022-12-28 17:38:49.713 | INFO     | __main__:<module>:262 - ITP ID: 45: 0:00:00.240143
2022-12-28 17:38:49.938 | INFO     | __main__:<module>:262 - ITP ID: 4: 0:00:00.224303
2022-12-28 17:38:50.172 | INFO     | __main__:<module>:262 - ITP ID: 75: 0:00:00.233800
2022-12-28 17:39:12.396 | INFO     | __main__:compute_and_export:228 - exported: 45: 0:00:05.817731
2022-12-28 17:44:52.709 | INFO     | __main__:compute_and_export:228 - exported: 126: 0:01:11.545977
2022-12-28 17:49:00.281 | INFO     | __main__:compute_and_export:228 - exported: 246: 0:02:12.727629
2022-12-28 17:53:33.627 | INFO     | __main__:compute_and_export:228 - exported: 310: 0:00:46.237860
2022-12-28 17:57:21.636 | INFO     | __main__:compute_and_export:228 - exported: 300: 0:02:34.434642
2022-12-28 17:59:35.991 | INFO     | __main__:compute_and_export:228 - exported: 135: 0:00:30.133175
2022-12-28 17:59:56.487 | INFO     | __main__:compute_and_export:228 - exported: 30: 0:00:02.591718
2022-12-28 18:00:27.762 | INFO     | __main__:compute_and_export:228 - exported: 188: 0:00:04.249288
2022-12-28 18:01:35.883 | INFO     | __main__:compute_and_export:228 - exported: 336: 0:01:38.980646
2022-12-28 18:32:41.291 | INFO     | __main__:<module>:237 - Analysis date: 2022-10-12
2022-12-28 18:32:42.945 | INFO     | __main__:<module>:267 - ITP ID: 110: 0:00:00.231570
2022-12-28 18:32:43.193 | INFO     | __main__:<module>:267 - ITP ID: 127: 0:00:00.247250
2022-12-28 18:32:43.417 | INFO     | __main__:<module>:267 - ITP ID: 148: 0:00:00.224260
2022-12-28 18:32:43.673 | INFO     | __main__:<module>:267 - ITP ID: 159: 0:00:00.254881
2022-12-28 18:32:43.883 | INFO     | __main__:<module>:267 - ITP ID: 167: 0:00:00.208791
2022-12-28 18:32:44.121 | INFO     | __main__:<module>:267 - ITP ID: 194: 0:00:00.237081
2022-12-28 18:32:44.345 | INFO     | __main__:<module>:267 - ITP ID: 218: 0:00:00.223220
2022-12-28 18:32:44.565 | INFO     | __main__:<module>:267 - ITP ID: 221: 0:00:00.211871
2022-12-28 18:32:44.784 | INFO     | __main__:<module>:267 - ITP ID: 226: 0:00:00.217132
2022-12-28 18:32:45.057 | INFO     | __main__:<module>:267 - ITP ID: 235: 0:00:00.271311
2022-12-28 18:32:45.250 | INFO     | __main__:<module>:267 - ITP ID: 243: 0:00:00.191712
2022-12-28 18:32:45.525 | INFO     | __main__:<module>:267 - ITP ID: 247: 0:00:00.274057
2022-12-28 18:32:45.735 | INFO     | __main__:<module>:267 - ITP ID: 259: 0:00:00.208832
2022-12-28 18:32:45.965 | INFO     | __main__:<module>:267 - ITP ID: 269: 0:00:00.230089
2022-12-28 18:32:46.171 | INFO     | __main__:<module>:267 - ITP ID: 273: 0:00:00.203463
2022-12-28 18:32:46.384 | INFO     | __main__:<module>:267 - ITP ID: 282: 0:00:00.210928
2022-12-28 18:32:46.577 | INFO     | __main__:<module>:267 - ITP ID: 284: 0:00:00.191719
2022-12-28 18:32:46.786 | INFO     | __main__:<module>:267 - ITP ID: 290: 0:00:00.208222
2022-12-28 18:32:47.071 | INFO     | __main__:<module>:267 - ITP ID: 293: 0:00:00.284688
2022-12-28 18:32:47.279 | INFO     | __main__:<module>:267 - ITP ID: 294: 0:00:00.206706
2022-12-28 18:32:47.495 | INFO     | __main__:<module>:267 - ITP ID: 295: 0:00:00.214575
2022-12-28 18:32:47.761 | INFO     | __main__:<module>:267 - ITP ID: 301: 0:00:00.262430
2022-12-28 18:32:48.037 | INFO     | __main__:<module>:267 - ITP ID: 314: 0:00:00.276170
2022-12-28 18:32:48.218 | INFO     | __main__:<module>:267 - ITP ID: 315: 0:00:00.179685
2022-12-28 18:32:48.413 | INFO     | __main__:<module>:267 - ITP ID: 349: 0:00:00.194841
2022-12-28 18:32:48.634 | INFO     | __main__:<module>:267 - ITP ID: 350: 0:00:00.219078
2022-12-28 18:32:48.862 | INFO     | __main__:<module>:267 - ITP ID: 361: 0:00:00.227721
2022-12-28 18:32:49.054 | INFO     | __main__:<module>:267 - ITP ID: 372: 0:00:00.191872
2022-12-28 18:32:49.237 | INFO     | __main__:<module>:267 - ITP ID: 4: 0:00:00.181957
2022-12-28 18:32:49.415 | INFO     | __main__:<module>:267 - ITP ID: 75: 0:00:00.177655
2022-12-28 18:33:42.383 | INFO     | __main__:compute_and_export:228 - exported: 221: 0:00:11.248353
2022-12-28 19:04:31.646 | INFO     | __main__:<module>:241 - Analysis date: 2022-10-12
2022-12-28 19:04:33.094 | INFO     | __main__:<module>:271 - ITP ID: 110: 0:00:00.221659
2022-12-28 19:04:33.324 | INFO     | __main__:<module>:271 - ITP ID: 127: 0:00:00.228055
2022-12-28 19:04:33.560 | INFO     | __main__:<module>:271 - ITP ID: 148: 0:00:00.236071
2022-12-28 19:04:33.763 | INFO     | __main__:<module>:271 - ITP ID: 159: 0:00:00.201403
2022-12-28 19:04:33.984 | INFO     | __main__:<module>:271 - ITP ID: 167: 0:00:00.219733
2022-12-28 19:04:34.189 | INFO     | __main__:<module>:271 - ITP ID: 194: 0:00:00.203388
2022-12-28 19:04:34.419 | INFO     | __main__:<module>:271 - ITP ID: 218: 0:00:00.228150
2022-12-28 19:04:34.623 | INFO     | __main__:<module>:271 - ITP ID: 226: 0:00:00.202866
2022-12-28 19:04:34.851 | INFO     | __main__:<module>:271 - ITP ID: 235: 0:00:00.226246
2022-12-28 19:04:35.117 | INFO     | __main__:<module>:271 - ITP ID: 243: 0:00:00.264457
2022-12-28 19:04:35.327 | INFO     | __main__:<module>:271 - ITP ID: 247: 0:00:00.209995
2022-12-28 19:04:35.562 | INFO     | __main__:<module>:271 - ITP ID: 259: 0:00:00.234002
2022-12-28 19:04:35.797 | INFO     | __main__:<module>:271 - ITP ID: 269: 0:00:00.234495
2022-12-28 19:04:36.003 | INFO     | __main__:<module>:271 - ITP ID: 273: 0:00:00.205638
2022-12-28 19:04:36.221 | INFO     | __main__:<module>:271 - ITP ID: 282: 0:00:00.215997
2022-12-28 19:04:36.427 | INFO     | __main__:<module>:271 - ITP ID: 284: 0:00:00.204128
2022-12-28 19:04:36.643 | INFO     | __main__:<module>:271 - ITP ID: 290: 0:00:00.212245
2022-12-28 19:04:36.884 | INFO     | __main__:<module>:271 - ITP ID: 293: 0:00:00.238997
2022-12-28 19:04:37.112 | INFO     | __main__:<module>:271 - ITP ID: 294: 0:00:00.226198
2022-12-28 19:04:37.327 | INFO     | __main__:<module>:271 - ITP ID: 295: 0:00:00.214436
2022-12-28 19:04:37.545 | INFO     | __main__:<module>:271 - ITP ID: 301: 0:00:00.217404
2022-12-28 19:04:37.786 | INFO     | __main__:<module>:271 - ITP ID: 314: 0:00:00.241188
2022-12-28 19:04:38.009 | INFO     | __main__:<module>:271 - ITP ID: 315: 0:00:00.222443
2022-12-28 19:04:38.231 | INFO     | __main__:<module>:271 - ITP ID: 349: 0:00:00.220754
2022-12-28 19:04:38.456 | INFO     | __main__:<module>:271 - ITP ID: 350: 0:00:00.224844
2022-12-28 19:04:38.682 | INFO     | __main__:<module>:271 - ITP ID: 361: 0:00:00.224691
2022-12-28 19:04:38.937 | INFO     | __main__:<module>:271 - ITP ID: 372: 0:00:00.253262
2022-12-28 19:04:39.193 | INFO     | __main__:<module>:271 - ITP ID: 4: 0:00:00.254563
2022-12-28 19:04:39.408 | INFO     | __main__:<module>:271 - ITP ID: 75: 0:00:00.214634
2022-12-28 19:06:48.509 | INFO     | __main__:<module>:241 - Analysis date: 2022-10-12
2022-12-28 19:06:49.736 | INFO     | __main__:<module>:271 - ITP ID: 110: 0:00:00.220936
2022-12-28 19:06:49.953 | INFO     | __main__:<module>:271 - ITP ID: 127: 0:00:00.215183
2022-12-28 19:06:50.161 | INFO     | __main__:<module>:271 - ITP ID: 148: 0:00:00.206986
2022-12-28 19:06:50.365 | INFO     | __main__:<module>:271 - ITP ID: 159: 0:00:00.202789
2022-12-28 19:06:50.576 | INFO     | __main__:<module>:271 - ITP ID: 167: 0:00:00.209632
2022-12-28 19:06:50.779 | INFO     | __main__:<module>:271 - ITP ID: 194: 0:00:00.202080
2022-12-28 19:06:51.000 | INFO     | __main__:<module>:271 - ITP ID: 218: 0:00:00.219493
2022-12-28 19:06:51.214 | INFO     | __main__:<module>:271 - ITP ID: 226: 0:00:00.213182
2022-12-28 19:06:51.421 | INFO     | __main__:<module>:271 - ITP ID: 235: 0:00:00.206453
2022-12-28 19:06:51.627 | INFO     | __main__:<module>:271 - ITP ID: 243: 0:00:00.205395
2022-12-28 19:06:51.830 | INFO     | __main__:<module>:271 - ITP ID: 247: 0:00:00.201866
2022-12-28 19:06:52.034 | INFO     | __main__:<module>:271 - ITP ID: 259: 0:00:00.203903
2022-12-28 19:06:52.240 | INFO     | __main__:<module>:271 - ITP ID: 269: 0:00:00.204650
2022-12-28 19:06:52.445 | INFO     | __main__:<module>:271 - ITP ID: 273: 0:00:00.205252
2022-12-28 19:06:52.656 | INFO     | __main__:<module>:271 - ITP ID: 282: 0:00:00.210326
2022-12-28 19:06:52.867 | INFO     | __main__:<module>:271 - ITP ID: 284: 0:00:00.209046
2022-12-28 19:06:53.080 | INFO     | __main__:<module>:271 - ITP ID: 290: 0:00:00.210170
2022-12-28 19:06:53.423 | INFO     | __main__:<module>:271 - ITP ID: 293: 0:00:00.341036
2022-12-28 19:06:53.630 | INFO     | __main__:<module>:271 - ITP ID: 294: 0:00:00.205914
2022-12-28 19:06:53.834 | INFO     | __main__:<module>:271 - ITP ID: 295: 0:00:00.202972
2022-12-28 19:06:54.038 | INFO     | __main__:<module>:271 - ITP ID: 301: 0:00:00.202257
2022-12-28 19:06:54.243 | INFO     | __main__:<module>:271 - ITP ID: 314: 0:00:00.203987
2022-12-28 19:06:54.448 | INFO     | __main__:<module>:271 - ITP ID: 315: 0:00:00.204478
2022-12-28 19:06:54.656 | INFO     | __main__:<module>:271 - ITP ID: 349: 0:00:00.207130
2022-12-28 19:06:54.862 | INFO     | __main__:<module>:271 - ITP ID: 350: 0:00:00.204393
2022-12-28 19:06:55.069 | INFO     | __main__:<module>:271 - ITP ID: 361: 0:00:00.203323
2022-12-28 19:06:55.273 | INFO     | __main__:<module>:271 - ITP ID: 372: 0:00:00.203434
2022-12-28 19:06:55.480 | INFO     | __main__:<module>:271 - ITP ID: 4: 0:00:00.206359
2022-12-28 19:06:55.681 | INFO     | __main__:<module>:271 - ITP ID: 75: 0:00:00.200962
2022-12-28 19:08:18.026 | INFO     | __main__:<module>:241 - Analysis date: 2022-10-12
2022-12-28 19:08:19.343 | INFO     | __main__:<module>:271 - ITP ID: 110: 0:00:00.222071
2022-12-28 19:08:19.554 | INFO     | __main__:<module>:271 - ITP ID: 127: 0:00:00.207644
2022-12-28 19:08:19.765 | INFO     | __main__:<module>:271 - ITP ID: 148: 0:00:00.209735
2022-12-28 19:08:19.971 | INFO     | __main__:<module>:271 - ITP ID: 159: 0:00:00.205701
2022-12-28 19:08:20.178 | INFO     | __main__:<module>:271 - ITP ID: 167: 0:00:00.205963
2022-12-28 19:08:20.382 | INFO     | __main__:<module>:271 - ITP ID: 194: 0:00:00.203142
2022-12-28 19:08:20.591 | INFO     | __main__:<module>:271 - ITP ID: 218: 0:00:00.208664
2022-12-28 19:08:20.798 | INFO     | __main__:<module>:271 - ITP ID: 226: 0:00:00.205780
2022-12-28 19:08:21.006 | INFO     | __main__:<module>:271 - ITP ID: 235: 0:00:00.206901
2022-12-28 19:08:21.217 | INFO     | __main__:<module>:271 - ITP ID: 243: 0:00:00.209705
2022-12-28 19:08:21.423 | INFO     | __main__:<module>:271 - ITP ID: 247: 0:00:00.204609
2022-12-28 19:08:21.626 | INFO     | __main__:<module>:271 - ITP ID: 259: 0:00:00.201262
2022-12-28 19:08:21.831 | INFO     | __main__:<module>:271 - ITP ID: 269: 0:00:00.203929
2022-12-28 19:08:22.035 | INFO     | __main__:<module>:271 - ITP ID: 273: 0:00:00.202459
2022-12-28 19:08:22.237 | INFO     | __main__:<module>:271 - ITP ID: 282: 0:00:00.201060
2022-12-28 19:08:22.446 | INFO     | __main__:<module>:271 - ITP ID: 284: 0:00:00.207413
2022-12-28 19:08:22.649 | INFO     | __main__:<module>:271 - ITP ID: 290: 0:00:00.202696
2022-12-28 19:08:22.849 | INFO     | __main__:<module>:271 - ITP ID: 293: 0:00:00.199583
2022-12-28 19:08:23.055 | INFO     | __main__:<module>:271 - ITP ID: 294: 0:00:00.203794
2022-12-28 19:08:23.262 | INFO     | __main__:<module>:271 - ITP ID: 295: 0:00:00.205770
2022-12-28 19:08:23.468 | INFO     | __main__:<module>:271 - ITP ID: 301: 0:00:00.204274
2022-12-28 19:08:23.679 | INFO     | __main__:<module>:271 - ITP ID: 314: 0:00:00.211031
2022-12-28 19:08:23.885 | INFO     | __main__:<module>:271 - ITP ID: 315: 0:00:00.204847
2022-12-28 19:08:24.095 | INFO     | __main__:<module>:271 - ITP ID: 349: 0:00:00.207784
2022-12-28 19:08:24.299 | INFO     | __main__:<module>:271 - ITP ID: 350: 0:00:00.202197
2022-12-28 19:08:24.500 | INFO     | __main__:<module>:271 - ITP ID: 361: 0:00:00.199961
2022-12-28 19:08:24.700 | INFO     | __main__:<module>:271 - ITP ID: 372: 0:00:00.199547
2022-12-28 19:08:24.905 | INFO     | __main__:<module>:271 - ITP ID: 4: 0:00:00.204558
2022-12-28 19:08:25.111 | INFO     | __main__:<module>:271 - ITP ID: 75: 0:00:00.204664
2022-12-28 19:09:36.549 | INFO     | __main__:compute_and_export:228 - exported: 110: 0:01:11.436374
2022-12-28 19:19:20.856 | INFO     | __main__:compute_and_export:228 - exported: 127: 0:09:44.304418
2022-12-28 19:20:01.009 | INFO     | __main__:compute_and_export:228 - exported: 148: 0:00:40.140998
2022-12-28 19:20:20.220 | INFO     | __main__:compute_and_export:228 - exported: 159: 0:00:19.209014
2022-12-28 19:21:47.086 | INFO     | __main__:compute_and_export:228 - exported: 167: 0:01:26.864241
2022-12-28 19:28:57.022 | INFO     | __main__:compute_and_export:228 - exported: 194: 0:07:09.934431
2022-12-28 19:29:40.395 | INFO     | __main__:compute_and_export:228 - exported: 218: 0:00:43.349808
2022-12-28 19:35:04.289 | INFO     | __main__:compute_and_export:228 - exported: 226: 0:05:23.890443
2022-12-28 19:49:31.799 | INFO     | __main__:compute_and_export:228 - exported: 235: 0:14:27.508843
2022-12-28 19:50:07.239 | INFO     | __main__:compute_and_export:228 - exported: 243: 0:00:35.409415
2022-12-28 19:50:55.468 | INFO     | __main__:compute_and_export:228 - exported: 247: 0:00:48.228214
2022-12-28 19:51:32.704 | INFO     | __main__:compute_and_export:228 - exported: 259: 0:00:37.235980
2022-12-28 19:57:36.788 | INFO     | __main__:compute_and_export:228 - exported: 269: 0:06:04.080579
2022-12-28 20:04:18.652 | INFO     | __main__:compute_and_export:228 - exported: 273: 0:06:41.854618
2022-12-28 20:18:15.594 | INFO     | __main__:<module>:241 - Analysis date: 2022-10-12
2022-12-28 20:18:17.096 | INFO     | __main__:<module>:274 - ITP ID: 282: 0:00:00.342436
2022-12-28 20:18:17.316 | INFO     | __main__:<module>:274 - ITP ID: 284: 0:00:00.219398
2022-12-28 20:18:17.547 | INFO     | __main__:<module>:274 - ITP ID: 290: 0:00:00.230039
2022-12-28 20:18:17.774 | INFO     | __main__:<module>:274 - ITP ID: 293: 0:00:00.227008
2022-12-28 20:18:17.981 | INFO     | __main__:<module>:274 - ITP ID: 294: 0:00:00.205900
2022-12-28 20:18:18.193 | INFO     | __main__:<module>:274 - ITP ID: 295: 0:00:00.211418
2022-12-28 20:18:18.400 | INFO     | __main__:<module>:274 - ITP ID: 301: 0:00:00.206892
2022-12-28 20:18:18.609 | INFO     | __main__:<module>:274 - ITP ID: 314: 0:00:00.208247
2022-12-28 20:18:18.830 | INFO     | __main__:<module>:274 - ITP ID: 315: 0:00:00.220664
2022-12-28 20:18:19.047 | INFO     | __main__:<module>:274 - ITP ID: 349: 0:00:00.216240
2022-12-28 20:18:19.264 | INFO     | __main__:<module>:274 - ITP ID: 350: 0:00:00.215887
2022-12-28 20:18:19.474 | INFO     | __main__:<module>:274 - ITP ID: 361: 0:00:00.209284
2022-12-28 20:18:19.688 | INFO     | __main__:<module>:274 - ITP ID: 372: 0:00:00.213493
2022-12-28 20:18:19.913 | INFO     | __main__:<module>:274 - ITP ID: 4: 0:00:00.224540
2022-12-28 20:18:20.129 | INFO     | __main__:<module>:274 - ITP ID: 75: 0:00:00.215765
2022-12-28 20:58:48.688 | INFO     | __main__:compute_and_export:228 - exported: 282: 0:40:28.557348
2022-12-28 21:02:10.074 | INFO     | __main__:compute_and_export:228 - exported: 284: 0:03:21.217226
2022-12-28 21:16:22.973 | INFO     | __main__:compute_and_export:228 - exported: 290: 0:14:12.891955
2022-12-28 21:20:06.032 | INFO     | __main__:compute_and_export:228 - exported: 293: 0:03:43.034752
2022-12-28 21:44:00.723 | INFO     | __main__:compute_and_export:228 - exported: 294: 0:23:54.671075
2022-12-28 21:47:49.350 | INFO     | __main__:compute_and_export:228 - exported: 295: 0:03:48.565903
2022-12-28 21:48:25.788 | INFO     | __main__:compute_and_export:228 - exported: 301: 0:00:36.437706
2022-12-28 21:49:33.831 | INFO     | __main__:compute_and_export:228 - exported: 314: 0:01:08.043098
2022-12-28 21:49:58.644 | INFO     | __main__:compute_and_export:228 - exported: 315: 0:00:24.801617
2022-12-28 21:50:26.568 | INFO     | __main__:compute_and_export:228 - exported: 349: 0:00:27.922641
2022-12-28 21:51:48.627 | INFO     | __main__:compute_and_export:228 - exported: 350: 0:01:22.058970
2022-12-28 21:53:05.586 | INFO     | __main__:compute_and_export:228 - exported: 361: 0:01:16.954939
2022-12-28 21:54:17.712 | INFO     | __main__:compute_and_export:228 - exported: 372: 0:01:12.125028
2022-12-28 23:39:17.073 | INFO     | __main__:<module>:251 - Analysis date: 2022-10-12
2022-12-28 23:39:18.488 | INFO     | __main__:<module>:293 - ITP ID: 182: 0:00:00.267233
2022-12-28 23:39:18.722 | INFO     | __main__:<module>:293 - ITP ID: 4: 0:00:00.233790
2022-12-28 23:39:18.952 | INFO     | __main__:<module>:293 - ITP ID: 75: 0:00:00.228345
2022-12-28 23:43:11.363 | INFO     | __main__:<module>:251 - Analysis date: 2022-10-12
2022-12-28 23:43:12.737 | INFO     | __main__:<module>:293 - ITP ID: 4: 0:00:00.236939
2022-12-28 23:43:12.959 | INFO     | __main__:<module>:293 - ITP ID: 75: 0:00:00.220011
2022-12-29 00:22:46.885 | INFO     | __main__:<module>:268 - Analysis date: 2022-10-12
2022-12-29 00:22:47.968 | INFO     | __main__:<module>:313 - ITP ID: 4: 0:00:00.078153
2022-12-29 00:22:47.970 | INFO     | __main__:<module>:313 - ITP ID: 75: 0:00:00.001729
2022-12-29 00:35:45.719 | INFO     | __main__:<module>:268 - Analysis date: 2022-10-12
2022-12-29 00:35:47.007 | INFO     | __main__:<module>:313 - ITP ID: 4: 0:00:00.088348
2022-12-29 00:35:47.014 | INFO     | __main__:<module>:313 - ITP ID: 75: 0:00:00.004942
2022-12-29 00:36:14.556 | INFO     | __main__:<module>:268 - Analysis date: 2022-10-12
2022-12-29 00:36:15.659 | INFO     | __main__:<module>:313 - ITP ID: 4: 0:00:00.000472
2022-12-29 00:36:15.661 | INFO     | __main__:<module>:313 - ITP ID: 75: 0:00:00.000558
2022-12-29 00:37:16.034 | INFO     | __main__:<module>:272 - Analysis date: 2022-10-12
2022-12-29 00:37:17.162 | INFO     | __main__:<module>:317 - ITP ID: 4: 0:00:00.000639
2022-12-29 00:37:17.163 | INFO     | __main__:<module>:317 - ITP ID: 75: 0:00:00.000278
2022-12-29 00:37:56.495 | INFO     | __main__:<module>:272 - Analysis date: 2022-10-12
2022-12-29 00:37:57.617 | INFO     | __main__:<module>:317 - ITP ID: 4: 0:00:00.000477
2022-12-29 00:37:57.618 | INFO     | __main__:<module>:317 - ITP ID: 75: 0:00:00.000246
2022-12-29 01:32:17.876 | INFO     | __main__:<module>:280 - Analysis date: 2022-10-12
2022-12-29 01:32:19.116 | INFO     | __main__:<module>:325 - ITP ID: 182: 0:00:00.000484
2022-12-29 01:32:19.117 | INFO     | __main__:<module>:325 - ITP ID: 4: 0:00:00.000284
2022-12-29 01:32:19.117 | INFO     | __main__:<module>:325 - ITP ID: 75: 0:00:00.000232
2022-12-29 01:37:01.292 | INFO     | __main__:<module>:278 - Analysis date: 2022-10-12
2022-12-29 01:37:01.570 | INFO     | __main__:<module>:323 - ITP ID: 182: 0:00:00.080954
2022-12-29 01:37:01.573 | INFO     | __main__:<module>:323 - ITP ID: 4: 0:00:00.002028
2022-12-29 01:37:01.574 | INFO     | __main__:<module>:323 - ITP ID: 75: 0:00:00.001447
2022-12-29 01:52:34.143 | INFO     | __main__:<module>:278 - Analysis date: 2022-10-12
2022-12-29 01:52:34.605 | INFO     | __main__:<module>:324 - ITP ID: 182: 0:00:00.128676
2022-12-29 01:52:34.611 | INFO     | __main__:<module>:324 - ITP ID: 4: 0:00:00.003633
2022-12-29 01:52:34.614 | INFO     | __main__:<module>:324 - ITP ID: 75: 0:00:00.002255
2022-12-29 01:54:22.949 | INFO     | __main__:<module>:278 - Analysis date: 2022-10-12
2022-12-29 01:54:23.456 | INFO     | __main__:<module>:323 - ITP ID: 75: 0:00:00.154449
2022-12-29 01:54:57.040 | INFO     | __main__:compute_and_export:246 - exported: 75: 0:00:33.581482
2022-12-29 01:54:57.041 | INFO     | __main__:<module>:332 - compute delayed objects, turn into 1 ddf: 0:00:33.582312
2022-12-29 01:54:57.041 | INFO     | __main__:<module>:337 - execution time: 0:00:34.088428
2022-12-29 02:00:13.075 | INFO     | __main__:<module>:278 - Analysis date: 2022-10-12
2022-12-29 02:00:13.503 | INFO     | __main__:<module>:323 - ITP ID: 182: 0:00:00.093745
2022-12-31 00:40:30.213 | INFO     | __main__:<module>:275 - Analysis date: 2022-10-12
2022-12-31 00:40:31.049 | INFO     | __main__:<module>:309 - ITP ID: 182: 0:00:00.452138
2022-12-31 00:40:31.070 | INFO     | __main__:<module>:309 - ITP ID: 4: 0:00:00.018245
2022-12-31 00:40:31.070 | INFO     | __main__:<module>:315 - execution time: 0:00:00.813969
2022-12-31 00:42:40.812 | INFO     | __main__:<module>:274 - Analysis date: 2022-10-12
2022-12-31 00:42:41.542 | INFO     | __main__:<module>:308 - ITP ID: 182: 0:00:00.266072
2022-12-31 00:42:41.553 | INFO     | __main__:<module>:308 - ITP ID: 4: 0:00:00.006234
2022-12-31 00:45:22.017 | INFO     | __main__:<module>:274 - Analysis date: 2022-10-12
2022-12-31 00:45:22.700 | INFO     | __main__:<module>:308 - ITP ID: 182: 0:00:00.253055
2022-12-31 00:45:22.723 | INFO     | __main__:<module>:308 - ITP ID: 4: 0:00:00.016854
2022-12-31 02:34:33.051 | INFO     | __main__:compute_and_export:234 - exported: 182: 1:49:10.325359
2023-01-05 14:58:27.710 | INFO     | __main__:<module>:200 - Analysis date: 2022-10-12
